Using pre-set license
Built from '2021.3/staging' branch; Version is '2021.3.0f1 (6eacc8284459) revision 7253192'; Using compiler version '192829333'; Build Type 'Release'
OS: 'Windows 11  (10.0.22000) 64bit Core' Language: 'en' Physical Memory: 32682 MB
BatchMode: 1, IsHumanControllingUs: 0, StartBugReporterOnCrash: 0, Is64bit: 1, IsPro: 1

COMMAND LINE ARGUMENTS:
C:\Program Files\Unity\Hub\Editor\2021.3.0f1\Editor\Unity.exe
-adb2
-batchMode
-noUpm
-name
AssetImportWorker14
-projectPath
C:/Users/justi/OneDrive/Games/RageQuit/Office
-logFile
Logs/AssetImportWorker14.log
-srvPort
57341
Successfully changed project path to: C:/Users/justi/OneDrive/Games/RageQuit/Office
C:/Users/justi/OneDrive/Games/RageQuit/Office
[UnityMemory] Configuration Parameters - Can be set up in boot.config
    "memorysetup-bucket-allocator-granularity=16"
    "memorysetup-bucket-allocator-bucket-count=8"
    "memorysetup-bucket-allocator-block-size=33554432"
    "memorysetup-bucket-allocator-block-count=8"
    "memorysetup-main-allocator-block-size=16777216"
    "memorysetup-thread-allocator-block-size=16777216"
    "memorysetup-gfx-main-allocator-block-size=16777216"
    "memorysetup-gfx-thread-allocator-block-size=16777216"
    "memorysetup-cache-allocator-block-size=4194304"
    "memorysetup-typetree-allocator-block-size=2097152"
    "memorysetup-profiler-bucket-allocator-granularity=16"
    "memorysetup-profiler-bucket-allocator-bucket-count=8"
    "memorysetup-profiler-bucket-allocator-block-size=33554432"
    "memorysetup-profiler-bucket-allocator-block-count=8"
    "memorysetup-profiler-allocator-block-size=16777216"
    "memorysetup-profiler-editor-allocator-block-size=1048576"
    "memorysetup-temp-allocator-size-main=16777216"
    "memorysetup-job-temp-allocator-block-size=2097152"
    "memorysetup-job-temp-allocator-block-size-background=1048576"
    "memorysetup-job-temp-allocator-reduction-small-platforms=262144"
    "memorysetup-temp-allocator-size-background-worker=32768"
    "memorysetup-temp-allocator-size-job-worker=262144"
    "memorysetup-temp-allocator-size-preload-manager=33554432"
    "memorysetup-temp-allocator-size-nav-mesh-worker=65536"
    "memorysetup-temp-allocator-size-audio-worker=65536"
    "memorysetup-temp-allocator-size-cloud-worker=32768"
    "memorysetup-temp-allocator-size-gi-baking-worker=262144"
    "memorysetup-temp-allocator-size-gfx=262144"
Refreshing native plugins compatible for Editor in 116.79 ms, found 6 plugins.
Preloading 0 native plugins for Editor in 0.00 ms.
Initialize engine version: 2021.3.0f1 (6eacc8284459)
[Subsystems] Discovering subsystems at path C:/Program Files/Unity/Hub/Editor/2021.3.0f1/Editor/Data/Resources/UnitySubsystems
[Subsystems] Discovering subsystems at path C:/Users/justi/OneDrive/Games/RageQuit/Office/Assets
GfxDevice: creating device client; threaded=0; jobified=0
Direct3D:
    Version:  Direct3D 11.0 [level 11.1]
    Renderer: NVIDIA GeForce GTX 1080 Ti (ID=0x1b06)
    Vendor:   NVIDIA
    VRAM:     11128 MB
    Driver:   30.0.15.1215
Initialize mono
Mono path[0] = 'C:/Program Files/Unity/Hub/Editor/2021.3.0f1/Editor/Data/Managed'
Mono path[1] = 'C:/Program Files/Unity/Hub/Editor/2021.3.0f1/Editor/Data/MonoBleedingEdge/lib/mono/unityjit-win32'
Mono config path = 'C:/Program Files/Unity/Hub/Editor/2021.3.0f1/Editor/Data/MonoBleedingEdge/etc'
Using monoOptions --debugger-agent=transport=dt_socket,embedding=1,server=y,suspend=n,address=127.0.0.1:56340
Begin MonoManager ReloadAssembly
Registering precompiled unity dll's ...
Register platform support module: C:/Program Files/Unity/Hub/Editor/2021.3.0f1/Editor/Data/PlaybackEngines/WindowsStandaloneSupport/UnityEditor.WindowsStandalone.Extensions.dll
Registered in 0.005914 seconds.
Native extension for WindowsStandalone target not found
Refreshing native plugins compatible for Editor in 94.61 ms, found 6 plugins.
Preloading 0 native plugins for Editor in 0.00 ms.
Mono: successfully reloaded assembly
- Completed reload, in  0.590 seconds
Domain Reload Profiling:
	ReloadAssembly (590ms)
		BeginReloadAssembly (68ms)
			ExecutionOrderSort (0ms)
			DisableScriptedObjects (0ms)
			BackupInstance (0ms)
			ReleaseScriptingObjects (0ms)
			CreateAndSetChildDomain (1ms)
		EndReloadAssembly (414ms)
			LoadAssemblies (65ms)
			RebuildTransferFunctionScriptingTraits (0ms)
			SetupTypeCache (91ms)
			ReleaseScriptCaches (0ms)
			RebuildScriptCaches (24ms)
			SetupLoadedEditorAssemblies (255ms)
				LogAssemblyErrors (0ms)
				InitializePlatformSupportModulesInManaged (6ms)
				SetLoadedEditorAssemblies (0ms)
				RefreshPlugins (95ms)
				BeforeProcessingInitializeOnLoad (1ms)
				ProcessInitializeOnLoadAttributes (116ms)
				ProcessInitializeOnLoadMethodAttributes (37ms)
				AfterProcessingInitializeOnLoad (0ms)
				EditorAssembliesLoaded (0ms)
			ExecutionOrderSort2 (0ms)
			AwakeInstancesAfterBackupRestoration (0ms)
Platform modules already initialized, skipping
Registering precompiled user dll's ...
Registered in 0.005488 seconds.
Begin MonoManager ReloadAssembly
Symbol file LoadedFromMemory is not a mono symbol file
Native extension for WindowsStandalone target not found
Refreshing native plugins compatible for Editor in 93.58 ms, found 6 plugins.
Preloading 0 native plugins for Editor in 0.00 ms.
Mono: successfully reloaded assembly
- Completed reload, in  1.315 seconds
Domain Reload Profiling:
	ReloadAssembly (1315ms)
		BeginReloadAssembly (103ms)
			ExecutionOrderSort (0ms)
			DisableScriptedObjects (5ms)
			BackupInstance (0ms)
			ReleaseScriptingObjects (0ms)
			CreateAndSetChildDomain (20ms)
		EndReloadAssembly (1109ms)
			LoadAssemblies (97ms)
			RebuildTransferFunctionScriptingTraits (0ms)
			SetupTypeCache (197ms)
			ReleaseScriptCaches (1ms)
			RebuildScriptCaches (50ms)
			SetupLoadedEditorAssemblies (733ms)
				LogAssemblyErrors (0ms)
				InitializePlatformSupportModulesInManaged (3ms)
				SetLoadedEditorAssemblies (0ms)
				RefreshPlugins (94ms)
				BeforeProcessingInitializeOnLoad (80ms)
				ProcessInitializeOnLoadAttributes (486ms)
				ProcessInitializeOnLoadMethodAttributes (65ms)
				AfterProcessingInitializeOnLoad (6ms)
				EditorAssembliesLoaded (0ms)
			ExecutionOrderSort2 (0ms)
			AwakeInstancesAfterBackupRestoration (5ms)
Platform modules already initialized, skipping
========================================================================
Worker process is ready to serve import requests
Launched and connected shader compiler UnityShaderCompiler.exe after 0.06 seconds
Refreshing native plugins compatible for Editor in 1.66 ms, found 6 plugins.
Preloading 0 native plugins for Editor in 0.00 ms.
Unloading 4202 Unused Serialized files (Serialized files now loaded: 0)
Unloading 142 unused Assets / (0.7 MB). Loaded Objects now: 4637.
Memory consumption went from 201.0 MB to 200.3 MB.
Total: 4.708300 ms (FindLiveObjects: 0.494900 ms CreateObjectMapping: 0.102400 ms MarkObjects: 3.542200 ms  DeleteObjects: 0.567400 ms)

AssetImportParameters requested are different than current active one (requested -> active):
  custom:video-decoder-ogg-theora: a1e56fd34408186e4bbccfd4996cb3dc -> 
  custom:container-muxer-webm: aa71ff27fc2769a1b78a27578f13a17b -> 
  custom:container-demuxer-webm: 4f35f7cbe854078d1ac9338744f61a02 -> 
  custom:video-encoder-webm-vp8: eb34c28f22e8b96e1ab97ce403110664 -> 
  custom:audio-encoder-webm-vorbis: bf7c407c2cedff20999df2af8eb42d56 -> 
  custom:framework-win-MediaFoundation: 216162199b28c13a410421893ffa2e32 -> 
  custom:container-demuxer-ogg: 62fdf1f143b41e24485cea50d1cbac27 -> 
  custom:video-decoder-webm-vp8: 9c59270c3fd7afecdb556c50c9e8de78 -> 
  custom:audio-decoder-ogg-vorbis: bf7c407c2cedff20999df2af8eb42d56 -> 
========================================================================
Received Import Request.
  Time since last request: 6399.847976 seconds.
  path: Assets/PolygonCity/Models/Collisions/SM_Bld_Apartment_02_Convex.asset
  artifactKey: Guid(b7023bc803db03b48aab9e69180ce36a) Importer(815301076,1909f56bfc062723c751e8b465ee728b)
Start importing Assets/PolygonCity/Models/Collisions/SM_Bld_Apartment_02_Convex.asset using Guid(b7023bc803db03b48aab9e69180ce36a) Importer(815301076,1909f56bfc062723c751e8b465ee728b)  -> (artifact id: '6f789713e80bb9dd8c586cdf37b9ae48') in 0.111975 seconds 
========================================================================
Received Import Request.
  Time since last request: 0.000031 seconds.
  path: Assets/PolygonCity/Models/Collisions/SM_Bld_Apartment_Door_02_Convex.asset
  artifactKey: Guid(89bca5b37fa482d438c80fb6831c11cf) Importer(815301076,1909f56bfc062723c751e8b465ee728b)
Start importing Assets/PolygonCity/Models/Collisions/SM_Bld_Apartment_Door_02_Convex.asset using Guid(89bca5b37fa482d438c80fb6831c11cf) Importer(815301076,1909f56bfc062723c751e8b465ee728b)  -> (artifact id: '4831a1031cb66d21a57ee42142471a6a') in 0.013885 seconds 
========================================================================
Received Import Request.
  Time since last request: 0.000052 seconds.
  path: Assets/PolygonCity/Models/Collisions/SM_Bld_Apartment_Stack_03_Convex 1.asset
  artifactKey: Guid(f7ebcb5df351b844baced24fa97e2e89) Importer(815301076,1909f56bfc062723c751e8b465ee728b)
Start importing Assets/PolygonCity/Models/Collisions/SM_Bld_Apartment_Stack_03_Convex 1.asset using Guid(f7ebcb5df351b844baced24fa97e2e89) Importer(815301076,1909f56bfc062723c751e8b465ee728b)  -> (artifact id: '2e970e98c33ae977c8672dc85207d4f1') in 0.015987 seconds 
========================================================================
Received Import Request.
  Time since last request: 0.000035 seconds.
  path: Assets/PolygonCity/Models/Collisions/SM_Bld_Apartment_Stairs_Corner_01_Convex.asset
  artifactKey: Guid(affefda31f709344d97ea8717cab7a23) Importer(815301076,1909f56bfc062723c751e8b465ee728b)
Start importing Assets/PolygonCity/Models/Collisions/SM_Bld_Apartment_Stairs_Corner_01_Convex.asset using Guid(affefda31f709344d97ea8717cab7a23) Importer(815301076,1909f56bfc062723c751e8b465ee728b)  -> (artifact id: '9d41b497b02774cbf0146ae529c2051d') in 0.013777 seconds 
========================================================================
Received Import Request.
  Time since last request: 0.000041 seconds.
  path: Assets/PolygonCity/Models/Collisions/SM_Bld_Apartment_Stack_02_Convex 1.asset
  artifactKey: Guid(07f940b3a524bbb40a4065162d5e777d) Importer(815301076,1909f56bfc062723c751e8b465ee728b)
Start importing Assets/PolygonCity/Models/Collisions/SM_Bld_Apartment_Stack_02_Convex 1.asset using Guid(07f940b3a524bbb40a4065162d5e777d) Importer(815301076,1909f56bfc062723c751e8b465ee728b)  -> (artifact id: 'daf7f5d18c19779ff97cd0a28e68b5d9') in 0.014638 seconds 
========================================================================
Received Import Request.
  Time since last request: 0.000058 seconds.
  path: Assets/PolygonCity/Models/Collisions/SM_Bld_Apartment_Stack_01_Convex.asset
  artifactKey: Guid(d76295c88f56f854399b68a329972c49) Importer(815301076,1909f56bfc062723c751e8b465ee728b)
Start importing Assets/PolygonCity/Models/Collisions/SM_Bld_Apartment_Stack_01_Convex.asset using Guid(d76295c88f56f854399b68a329972c49) Importer(815301076,1909f56bfc062723c751e8b465ee728b)  -> (artifact id: '0fe2c8969a6fdaeff74118e36f18e47b') in 0.013122 seconds 
========================================================================
Received Import Request.
  Time since last request: 0.000023 seconds.
  path: Assets/PolygonCity/Models/Collisions/SM_Bld_Apartment_Stairs_01_Convex 3.asset
  artifactKey: Guid(5655c53b25a5dce42a51a9730466d50a) Importer(815301076,1909f56bfc062723c751e8b465ee728b)
Start importing Assets/PolygonCity/Models/Collisions/SM_Bld_Apartment_Stairs_01_Convex 3.asset using Guid(5655c53b25a5dce42a51a9730466d50a) Importer(815301076,1909f56bfc062723c751e8b465ee728b)  -> (artifact id: '0e4dbe18305001eb1b2bbedc09d51131') in 0.059369 seconds 
========================================================================
Received Import Request.
  Time since last request: 0.000045 seconds.
  path: Assets/PolygonCity/Models/Collisions/SM_Bld_Apartment_Stairs_03_Convex 1.asset
  artifactKey: Guid(dc188e31371c5804691e05fa38f84e43) Importer(815301076,1909f56bfc062723c751e8b465ee728b)
Start importing Assets/PolygonCity/Models/Collisions/SM_Bld_Apartment_Stairs_03_Convex 1.asset using Guid(dc188e31371c5804691e05fa38f84e43) Importer(815301076,1909f56bfc062723c751e8b465ee728b)  -> (artifact id: '160638beab69bf64de777ca4749cd616') in 0.043717 seconds 
========================================================================
Received Import Request.
  Time since last request: 0.000053 seconds.
  path: Assets/PolygonCity/Models/Collisions/SM_Bld_Apartment_Corner_02_Convex.asset
  artifactKey: Guid(24ebe41c46f3ec0458189b6d9fbd8c02) Importer(815301076,1909f56bfc062723c751e8b465ee728b)
Start importing Assets/PolygonCity/Models/Collisions/SM_Bld_Apartment_Corner_02_Convex.asset using Guid(24ebe41c46f3ec0458189b6d9fbd8c02) Importer(815301076,1909f56bfc062723c751e8b465ee728b)  -> (artifact id: '9311f938abb76da70bd0cf70a64a10ee') in 0.015258 seconds 
========================================================================
Received Import Request.
  Time since last request: 14.334984 seconds.
  path: Assets/PolygonCity/Models/Collisions/SM_Bld_FireEscape_03_Convex 1.asset
  artifactKey: Guid(bd1b089805fe58543936dca5e51e2494) Importer(815301076,1909f56bfc062723c751e8b465ee728b)
Start importing Assets/PolygonCity/Models/Collisions/SM_Bld_FireEscape_03_Convex 1.asset using Guid(bd1b089805fe58543936dca5e51e2494) Importer(815301076,1909f56bfc062723c751e8b465ee728b)  -> (artifact id: '6939c9ddf80b50efef7fbdda562575aa') in 0.042488 seconds 
========================================================================
Received Import Request.
  Time since last request: 0.000020 seconds.
  path: Assets/PolygonCity/Models/Collisions/SM_Bld_OfficeOctagon_Roof_01_Convex.asset
  artifactKey: Guid(6dace2e505ddb4949aa8ca5e75f488c0) Importer(815301076,1909f56bfc062723c751e8b465ee728b)
Start importing Assets/PolygonCity/Models/Collisions/SM_Bld_OfficeOctagon_Roof_01_Convex.asset using Guid(6dace2e505ddb4949aa8ca5e75f488c0) Importer(815301076,1909f56bfc062723c751e8b465ee728b)  -> (artifact id: '7a4dafc462504a5416d4e232fb48b15c') in 0.014198 seconds 
========================================================================
Received Import Request.
  Time since last request: 0.044350 seconds.
  path: Assets/PolygonCity/Models/Collisions/SM_Bld_OfficeOld_Large_Floor_01_Convex 1.asset
  artifactKey: Guid(d23320a9fc5da0244b9c2f2a9447926b) Importer(815301076,1909f56bfc062723c751e8b465ee728b)
Start importing Assets/PolygonCity/Models/Collisions/SM_Bld_OfficeOld_Large_Floor_01_Convex 1.asset using Guid(d23320a9fc5da0244b9c2f2a9447926b) Importer(815301076,1909f56bfc062723c751e8b465ee728b)  -> (artifact id: 'da53479f37b7753bcfa51ea3f86a2fd6') in 0.019751 seconds 
========================================================================
Received Import Request.
  Time since last request: 0.000026 seconds.
  path: Assets/PolygonCity/Models/Collisions/SM_Bld_OfficeOld_Small_01_Convex 4.asset
  artifactKey: Guid(11864b02630df014ca3608c64e986829) Importer(815301076,1909f56bfc062723c751e8b465ee728b)
Start importing Assets/PolygonCity/Models/Collisions/SM_Bld_OfficeOld_Small_01_Convex 4.asset using Guid(11864b02630df014ca3608c64e986829) Importer(815301076,1909f56bfc062723c751e8b465ee728b)  -> (artifact id: 'a6c0e03cc8aa6e3800d1b83d02d3e7de') in 0.045886 seconds 
========================================================================
Received Import Request.
  Time since last request: 0.000027 seconds.
  path: Assets/PolygonCity/Models/Collisions/SM_Bld_OfficeOld_Small_Base_01_Convex 1.asset
  artifactKey: Guid(b86cca9e28f0fc84fa9e0cef843289c1) Importer(815301076,1909f56bfc062723c751e8b465ee728b)
Start importing Assets/PolygonCity/Models/Collisions/SM_Bld_OfficeOld_Small_Base_01_Convex 1.asset using Guid(b86cca9e28f0fc84fa9e0cef843289c1) Importer(815301076,1909f56bfc062723c751e8b465ee728b)  -> (artifact id: '8c2b785b570fdd26f325f1acbd19edb9') in 0.021473 seconds 
========================================================================
Received Import Request.
  Time since last request: 0.000038 seconds.
  path: Assets/PolygonCity/Models/Collisions/SM_Bld_OfficeOld_Small_Floor_01_Convex.asset
  artifactKey: Guid(7858c6e518889e3468d44506d385fc4c) Importer(815301076,1909f56bfc062723c751e8b465ee728b)
Start importing Assets/PolygonCity/Models/Collisions/SM_Bld_OfficeOld_Small_Floor_01_Convex.asset using Guid(7858c6e518889e3468d44506d385fc4c) Importer(815301076,1909f56bfc062723c751e8b465ee728b)  -> (artifact id: '8fa8564abed2e077a40ab7b3782af712') in 0.014611 seconds 
========================================================================
Received Import Request.
  Time since last request: 0.000030 seconds.
  path: Assets/PolygonCity/Models/Collisions/SM_Bld_OfficeRound_01_Convex.asset
  artifactKey: Guid(4e11a635cd0c024409d7adbbc388ee04) Importer(815301076,1909f56bfc062723c751e8b465ee728b)
Start importing Assets/PolygonCity/Models/Collisions/SM_Bld_OfficeRound_01_Convex.asset using Guid(4e11a635cd0c024409d7adbbc388ee04) Importer(815301076,1909f56bfc062723c751e8b465ee728b)  -> (artifact id: 'dcc0dfa7e9b926be29e2ff5caa3bd526') in 0.014560 seconds 
========================================================================
Received Import Request.
  Time since last request: 50.158849 seconds.
  path: Assets/PolygonCity/Models/Collisions/SM_Bld_OfficeRound_04_Convex.asset
  artifactKey: Guid(05758338e9c585142b00b3a2ee013f81) Importer(815301076,1909f56bfc062723c751e8b465ee728b)
Start importing Assets/PolygonCity/Models/Collisions/SM_Bld_OfficeRound_04_Convex.asset using Guid(05758338e9c585142b00b3a2ee013f81) Importer(815301076,1909f56bfc062723c751e8b465ee728b)  -> (artifact id: 'a0eac4abba02f09717ddefc5cae73e91') in 0.013343 seconds 
========================================================================
Received Import Request.
  Time since last request: 0.000038 seconds.
  path: Assets/PolygonCity/Models/Collisions/SM_Bld_OfficeRound_Roof_01_Convex.asset
  artifactKey: Guid(cb24ac5cab5bf544d898730dcdb95572) Importer(815301076,1909f56bfc062723c751e8b465ee728b)
Start importing Assets/PolygonCity/Models/Collisions/SM_Bld_OfficeRound_Roof_01_Convex.asset using Guid(cb24ac5cab5bf544d898730dcdb95572) Importer(815301076,1909f56bfc062723c751e8b465ee728b)  -> (artifact id: '1b9faf7f0545a8c555d3ff66c3ca9819') in 0.016230 seconds 
========================================================================
Received Import Request.
  Time since last request: 0.000025 seconds.
  path: Assets/PolygonCity/Models/Collisions/SM_Bld_OfficeRound_Roof_01_Convex 2.asset
  artifactKey: Guid(23c4964fa2b832e4f8aa616b29ae0ef9) Importer(815301076,1909f56bfc062723c751e8b465ee728b)
Start importing Assets/PolygonCity/Models/Collisions/SM_Bld_OfficeRound_Roof_01_Convex 2.asset using Guid(23c4964fa2b832e4f8aa616b29ae0ef9) Importer(815301076,1909f56bfc062723c751e8b465ee728b)  -> (artifact id: '1f977ce963a0a1054c1d9656abb6a5a4') in 0.019662 seconds 
========================================================================
Received Import Request.
  Time since last request: 0.041992 seconds.
  path: Assets/PolygonCity/Models/Collisions/SM_Bld_Roof_Access_01_Convex.asset
  artifactKey: Guid(655f0bffe07293142ab2ca2648ad5ed1) Importer(815301076,1909f56bfc062723c751e8b465ee728b)
Start importing Assets/PolygonCity/Models/Collisions/SM_Bld_Roof_Access_01_Convex.asset using Guid(655f0bffe07293142ab2ca2648ad5ed1) Importer(815301076,1909f56bfc062723c751e8b465ee728b)  -> (artifact id: 'f940cd34bd6b1e6656a842728dcca5fb') in 0.040672 seconds 
========================================================================
Received Import Request.
  Time since last request: 0.000030 seconds.
  path: Assets/PolygonCity/Models/Collisions/SM_Bld_Shop_05_Convex 1.asset
  artifactKey: Guid(d271d6c4400c6da4dada6a065dbfe3f6) Importer(815301076,1909f56bfc062723c751e8b465ee728b)
Start importing Assets/PolygonCity/Models/Collisions/SM_Bld_Shop_05_Convex 1.asset using Guid(d271d6c4400c6da4dada6a065dbfe3f6) Importer(815301076,1909f56bfc062723c751e8b465ee728b)  -> (artifact id: 'da28fcd01a10e2f3bc983dc0a8a76ea4') in 0.020998 seconds 
========================================================================
Received Import Request.
  Time since last request: 0.060144 seconds.
  path: Assets/PolygonCity/Models/Collisions/SM_Bld_Shop_Corner_02_Convex 1.asset
  artifactKey: Guid(ca39e32191f9a5c42a316c1f9fa08588) Importer(815301076,1909f56bfc062723c751e8b465ee728b)
Start importing Assets/PolygonCity/Models/Collisions/SM_Bld_Shop_Corner_02_Convex 1.asset using Guid(ca39e32191f9a5c42a316c1f9fa08588) Importer(815301076,1909f56bfc062723c751e8b465ee728b)  -> (artifact id: '4747d6e54a8a58292dc12ca452cb7445') in 0.018005 seconds 
========================================================================
Received Import Request.
  Time since last request: 0.000020 seconds.
  path: Assets/PolygonCity/Models/Collisions/SM_Bld_Shop_Cover_05_Convex 1.asset
  artifactKey: Guid(595ad080303b27441b6e69cac26d0125) Importer(815301076,1909f56bfc062723c751e8b465ee728b)
Start importing Assets/PolygonCity/Models/Collisions/SM_Bld_Shop_Cover_05_Convex 1.asset using Guid(595ad080303b27441b6e69cac26d0125) Importer(815301076,1909f56bfc062723c751e8b465ee728b)  -> (artifact id: '780e78c1a171fe53e5a60e0d670fd2c2') in 0.029008 seconds 
========================================================================
Received Import Request.
  Time since last request: 0.053027 seconds.
  path: Assets/PolygonCity/Models/Collisions/SM_Bld_Station_01_Convex.asset
  artifactKey: Guid(25aacbeb9da527b45b3826cd0a515ca7) Importer(815301076,1909f56bfc062723c751e8b465ee728b)
Start importing Assets/PolygonCity/Models/Collisions/SM_Bld_Station_01_Convex.asset using Guid(25aacbeb9da527b45b3826cd0a515ca7) Importer(815301076,1909f56bfc062723c751e8b465ee728b)  -> (artifact id: 'c8778f0d644664c2f921e9b9c636cd57') in 0.016177 seconds 
========================================================================
Received Import Request.
  Time since last request: 0.000029 seconds.
  path: Assets/PolygonCity/Models/Collisions/SM_Bld_Station_03_Convex 2.asset
  artifactKey: Guid(3c972dd5e611cbc439aa8d1e3f78443a) Importer(815301076,1909f56bfc062723c751e8b465ee728b)
Start importing Assets/PolygonCity/Models/Collisions/SM_Bld_Station_03_Convex 2.asset using Guid(3c972dd5e611cbc439aa8d1e3f78443a) Importer(815301076,1909f56bfc062723c751e8b465ee728b)  -> (artifact id: '76a22d22b7fffcf52f45ebb64742d57d') in 0.021571 seconds 
========================================================================
Received Import Request.
  Time since last request: 0.000039 seconds.
  path: Assets/PolygonCity/Models/Collisions/SM_Env_Cloud_01_Convex 1.asset
  artifactKey: Guid(bdfb2cd57127f7a49b8e248c4f592391) Importer(815301076,1909f56bfc062723c751e8b465ee728b)
Start importing Assets/PolygonCity/Models/Collisions/SM_Env_Cloud_01_Convex 1.asset using Guid(bdfb2cd57127f7a49b8e248c4f592391) Importer(815301076,1909f56bfc062723c751e8b465ee728b)  -> (artifact id: '635332212f5beee89e921cc2202d609c') in 0.016851 seconds 
========================================================================
Received Import Request.
  Time since last request: 0.189722 seconds.
  path: Assets/PolygonCity/Models/Collisions/SM_Env_Fence_End_01_Convex 1.asset
  artifactKey: Guid(48a45c6fc26afb044aa8c203da5ca6a1) Importer(815301076,1909f56bfc062723c751e8b465ee728b)
Start importing Assets/PolygonCity/Models/Collisions/SM_Env_Fence_End_01_Convex 1.asset using Guid(48a45c6fc26afb044aa8c203da5ca6a1) Importer(815301076,1909f56bfc062723c751e8b465ee728b)  -> (artifact id: 'bcda2d1e1c39b37d6935fbcad7c27b51') in 0.027565 seconds 
========================================================================
Received Import Request.
  Time since last request: 0.000024 seconds.
  path: Assets/PolygonCity/Models/Collisions/SM_Env_GrassPath_Straight_01_Convex.asset
  artifactKey: Guid(67533c2384c3e934bbaaf14ea1211b0b) Importer(815301076,1909f56bfc062723c751e8b465ee728b)
Start importing Assets/PolygonCity/Models/Collisions/SM_Env_GrassPath_Straight_01_Convex.asset using Guid(67533c2384c3e934bbaaf14ea1211b0b) Importer(815301076,1909f56bfc062723c751e8b465ee728b)  -> (artifact id: '355fdcfb820451b5ce10e90b6bdfb611') in 0.016722 seconds 
========================================================================
Received Import Request.
  Time since last request: 0.012278 seconds.
  path: Assets/PolygonCity/Models/Collisions/SM_Env_Road_Arrow_01_Convex.asset
  artifactKey: Guid(9af803fe89f99e54a89bc074b24305b3) Importer(815301076,1909f56bfc062723c751e8b465ee728b)
Start importing Assets/PolygonCity/Models/Collisions/SM_Env_Road_Arrow_01_Convex.asset using Guid(9af803fe89f99e54a89bc074b24305b3) Importer(815301076,1909f56bfc062723c751e8b465ee728b)  -> (artifact id: 'efc6a81f4905d99354350765d3be480a') in 0.012234 seconds 
========================================================================
Received Import Request.
  Time since last request: 0.000025 seconds.
  path: Assets/PolygonCity/Models/Collisions/SM_Env_Sidewalk_Grate_01_Convex 1.asset
  artifactKey: Guid(524e32ed7e0181d48aeb3c9593520257) Importer(815301076,1909f56bfc062723c751e8b465ee728b)
Start importing Assets/PolygonCity/Models/Collisions/SM_Env_Sidewalk_Grate_01_Convex 1.asset using Guid(524e32ed7e0181d48aeb3c9593520257) Importer(815301076,1909f56bfc062723c751e8b465ee728b)  -> (artifact id: 'ce89ddef1c411c8af0881876da4dfad6') in 0.032547 seconds 
========================================================================
Received Import Request.
  Time since last request: 0.000050 seconds.
  path: Assets/PolygonCity/Models/Collisions/SM_Env_Road_Lines_01_Convex.asset
  artifactKey: Guid(e9671fa13669de84daa608f964bba112) Importer(815301076,1909f56bfc062723c751e8b465ee728b)
Start importing Assets/PolygonCity/Models/Collisions/SM_Env_Road_Lines_01_Convex.asset using Guid(e9671fa13669de84daa608f964bba112) Importer(815301076,1909f56bfc062723c751e8b465ee728b)  -> (artifact id: '35c9b3b555df8b4e1cb669d9ac03b0e9') in 0.012867 seconds 
========================================================================
Received Import Request.
  Time since last request: 0.000023 seconds.
  path: Assets/PolygonCity/Models/Collisions/SM_Env_Sidewalk_Gutter_01_Convex.asset
  artifactKey: Guid(d940d3c0c2f73e3468b8f85b6982d0d8) Importer(815301076,1909f56bfc062723c751e8b465ee728b)
Start importing Assets/PolygonCity/Models/Collisions/SM_Env_Sidewalk_Gutter_01_Convex.asset using Guid(d940d3c0c2f73e3468b8f85b6982d0d8) Importer(815301076,1909f56bfc062723c751e8b465ee728b)  -> (artifact id: '9ecd8990ebe24cef7056bf3755b520b1') in 0.013239 seconds 
========================================================================
Received Import Request.
  Time since last request: 0.000026 seconds.
  path: Assets/PolygonCity/Models/Collisions/SM_Env_WaterEdge_Rock_01_Convex.asset
  artifactKey: Guid(aeb47ecd22cf1d449a5c136e8e228720) Importer(815301076,1909f56bfc062723c751e8b465ee728b)
Start importing Assets/PolygonCity/Models/Collisions/SM_Env_WaterEdge_Rock_01_Convex.asset using Guid(aeb47ecd22cf1d449a5c136e8e228720) Importer(815301076,1909f56bfc062723c751e8b465ee728b)  -> (artifact id: 'd72eef3270b84d46275ded8a07e6d936') in 0.012762 seconds 
========================================================================
Received Import Request.
  Time since last request: 0.000036 seconds.
  path: Assets/PolygonCity/Models/Collisions/SM_Env_WaterEdge_Straight_01_Convex 1.asset
  artifactKey: Guid(67bf5f140894289489c2666f950d7c3d) Importer(815301076,1909f56bfc062723c751e8b465ee728b)
Start importing Assets/PolygonCity/Models/Collisions/SM_Env_WaterEdge_Straight_01_Convex 1.asset using Guid(67bf5f140894289489c2666f950d7c3d) Importer(815301076,1909f56bfc062723c751e8b465ee728b)  -> (artifact id: '5827ce3154642ae078a521e8fb67fbe2') in 0.030737 seconds 
========================================================================
Received Import Request.
  Time since last request: 0.000024 seconds.
  path: Assets/PolygonCity/Models/Collisions/SM_Env_SubwayEntrance_02_Convex 3.asset
  artifactKey: Guid(7a9794fe1a8ab454bb3b008a1c51cab5) Importer(815301076,1909f56bfc062723c751e8b465ee728b)
Start importing Assets/PolygonCity/Models/Collisions/SM_Env_SubwayEntrance_02_Convex 3.asset using Guid(7a9794fe1a8ab454bb3b008a1c51cab5) Importer(815301076,1909f56bfc062723c751e8b465ee728b)  -> (artifact id: 'a4961eebbcdf3b30b4923e41e2b599e5') in 0.019428 seconds 
========================================================================
Received Import Request.
  Time since last request: 0.000030 seconds.
  path: Assets/PolygonCity/Models/Collisions/SM_Prop_BusStop_01_Convex.asset
  artifactKey: Guid(40ef1ab2fa9968349a4ff61add2a35e6) Importer(815301076,1909f56bfc062723c751e8b465ee728b)
Start importing Assets/PolygonCity/Models/Collisions/SM_Prop_BusStop_01_Convex.asset using Guid(40ef1ab2fa9968349a4ff61add2a35e6) Importer(815301076,1909f56bfc062723c751e8b465ee728b)  -> (artifact id: '02fb444f4d528488b8d36e3c9e5768ff') in 0.013960 seconds 
========================================================================
Received Import Request.
  Time since last request: 0.000034 seconds.
  path: Assets/PolygonCity/Models/Collisions/SM_Prop_Deckchair_01_Convex.asset
  artifactKey: Guid(effec76228d285d418a45271c8b6536a) Importer(815301076,1909f56bfc062723c751e8b465ee728b)
Start importing Assets/PolygonCity/Models/Collisions/SM_Prop_Deckchair_01_Convex.asset using Guid(effec76228d285d418a45271c8b6536a) Importer(815301076,1909f56bfc062723c751e8b465ee728b)  -> (artifact id: 'efd6969f8fbfd33f910c55b4acc8db31') in 0.012603 seconds 
========================================================================
Received Import Request.
  Time since last request: 0.000020 seconds.
  path: Assets/PolygonCity/Models/Collisions/SM_Env_Road_Arrow_02_Convex.asset
  artifactKey: Guid(e1969df9adfff2f40816f7445423e4ac) Importer(815301076,1909f56bfc062723c751e8b465ee728b)
Start importing Assets/PolygonCity/Models/Collisions/SM_Env_Road_Arrow_02_Convex.asset using Guid(e1969df9adfff2f40816f7445423e4ac) Importer(815301076,1909f56bfc062723c751e8b465ee728b)  -> (artifact id: '27a1fb1770031c82a618f977ac814333') in 0.015490 seconds 
========================================================================
Received Import Request.
  Time since last request: 0.000031 seconds.
  path: Assets/PolygonCity/Models/Collisions/SM_Env_Sidewalk_Construction_01_Convex 4.asset
  artifactKey: Guid(95e7e987ce44c304db6568442a2f1dcd) Importer(815301076,1909f56bfc062723c751e8b465ee728b)
Start importing Assets/PolygonCity/Models/Collisions/SM_Env_Sidewalk_Construction_01_Convex 4.asset using Guid(95e7e987ce44c304db6568442a2f1dcd) Importer(815301076,1909f56bfc062723c751e8b465ee728b)  -> (artifact id: 'e2e8af02212eb60cbe2e0a55d5cfe97a') in 0.015134 seconds 
========================================================================
Received Import Request.
  Time since last request: 0.000031 seconds.
  path: Assets/PolygonCity/Models/Collisions/SM_Env_WaterEdge_Corner_02_Convex 1.asset
  artifactKey: Guid(7ecd21011b742804aa0892c63b1fa2dc) Importer(815301076,1909f56bfc062723c751e8b465ee728b)
Start importing Assets/PolygonCity/Models/Collisions/SM_Env_WaterEdge_Corner_02_Convex 1.asset using Guid(7ecd21011b742804aa0892c63b1fa2dc) Importer(815301076,1909f56bfc062723c751e8b465ee728b)  -> (artifact id: 'd7a1712d4fe7f06728d860ab05301b57') in 0.030640 seconds 
========================================================================
Received Import Request.
  Time since last request: 0.000057 seconds.
  path: Assets/PolygonCity/Models/Collisions/SM_Env_Sidewalk_Dip_Corner_01_Convex.asset
  artifactKey: Guid(01bc7890bbf7756479b32a6c06a01dde) Importer(815301076,1909f56bfc062723c751e8b465ee728b)
Start importing Assets/PolygonCity/Models/Collisions/SM_Env_Sidewalk_Dip_Corner_01_Convex.asset using Guid(01bc7890bbf7756479b32a6c06a01dde) Importer(815301076,1909f56bfc062723c751e8b465ee728b)  -> (artifact id: 'aaf23293ea5d942431d3b156cebdbfc3') in 0.013440 seconds 
========================================================================
Received Import Request.
  Time since last request: 0.000044 seconds.
  path: Assets/PolygonCity/Models/Collisions/SM_Env_SubwayEntrance_01_Convex.asset
  artifactKey: Guid(e01b88c76e4ab73478efaef7030b0cf4) Importer(815301076,1909f56bfc062723c751e8b465ee728b)
Start importing Assets/PolygonCity/Models/Collisions/SM_Env_SubwayEntrance_01_Convex.asset using Guid(e01b88c76e4ab73478efaef7030b0cf4) Importer(815301076,1909f56bfc062723c751e8b465ee728b)  -> (artifact id: '85d826a9e1445e89cf4423e8eb94532d') in 0.014116 seconds 
========================================================================
Received Import Request.
  Time since last request: 0.000018 seconds.
  path: Assets/PolygonCity/Models/Collisions/SM_Prop_Deckchair_01_Convex 1.asset
  artifactKey: Guid(a5b0405fbf2da7341aa401bffee849aa) Importer(815301076,1909f56bfc062723c751e8b465ee728b)
Start importing Assets/PolygonCity/Models/Collisions/SM_Prop_Deckchair_01_Convex 1.asset using Guid(a5b0405fbf2da7341aa401bffee849aa) Importer(815301076,1909f56bfc062723c751e8b465ee728b)  -> (artifact id: '4606dcbbc9460f76bbe3fc4f2b78d6d9') in 0.035830 seconds 
========================================================================
Received Import Request.
  Time since last request: 0.000053 seconds.
  path: Assets/PolygonCity/Models/Collisions/SM_Prop_LargeSign_Milkshake_01_Convex.asset
  artifactKey: Guid(06cc8d0d43cd6f74fae5399ceeff2be8) Importer(815301076,1909f56bfc062723c751e8b465ee728b)
Start importing Assets/PolygonCity/Models/Collisions/SM_Prop_LargeSign_Milkshake_01_Convex.asset using Guid(06cc8d0d43cd6f74fae5399ceeff2be8) Importer(815301076,1909f56bfc062723c751e8b465ee728b)  -> (artifact id: 'e0747710f05d851842336218c81de2b4') in 0.014433 seconds 
========================================================================
Received Import Request.
  Time since last request: 0.000029 seconds.
  path: Assets/PolygonCity/Models/Collisions/SM_Prop_LargeSign_BowlingBall_01_Convex.asset
  artifactKey: Guid(a622cb99b9b9d9d4f90980f197b67e3f) Importer(815301076,1909f56bfc062723c751e8b465ee728b)
Start importing Assets/PolygonCity/Models/Collisions/SM_Prop_LargeSign_BowlingBall_01_Convex.asset using Guid(a622cb99b9b9d9d4f90980f197b67e3f) Importer(815301076,1909f56bfc062723c751e8b465ee728b)  -> (artifact id: 'a33ebb63fbfad013e17acbdd7a5f5b51') in 0.012337 seconds 
========================================================================
Received Import Request.
  Time since last request: 0.000031 seconds.
  path: Assets/PolygonCity/Models/Collisions/SM_Prop_Manhole_02_Convex.asset
  artifactKey: Guid(edd48df2643778c4eba730fdb643c09e) Importer(815301076,1909f56bfc062723c751e8b465ee728b)
Start importing Assets/PolygonCity/Models/Collisions/SM_Prop_Manhole_02_Convex.asset using Guid(edd48df2643778c4eba730fdb643c09e) Importer(815301076,1909f56bfc062723c751e8b465ee728b)  -> (artifact id: '30f85b231ceaa7fa391a74753ac2f297') in 0.013682 seconds 
========================================================================
Received Import Request.
  Time since last request: 0.000031 seconds.
  path: Assets/PolygonCity/Models/Collisions/SM_Prop_PlanterWindow_01_Convex.asset
  artifactKey: Guid(786be5caff249b14cbfca0177a74f755) Importer(815301076,1909f56bfc062723c751e8b465ee728b)
Start importing Assets/PolygonCity/Models/Collisions/SM_Prop_PlanterWindow_01_Convex.asset using Guid(786be5caff249b14cbfca0177a74f755) Importer(815301076,1909f56bfc062723c751e8b465ee728b)  -> (artifact id: 'e2187b0b882bc4ed0d5adce1745fcf89') in 0.013176 seconds 
========================================================================
Received Import Request.
  Time since last request: 0.000027 seconds.
  path: Assets/PolygonCity/Models/Collisions/SM_Prop_Mailbox_01_Convex.asset
  artifactKey: Guid(cc8a6a76302252b4d88ba76caa1f1cfd) Importer(815301076,1909f56bfc062723c751e8b465ee728b)
Start importing Assets/PolygonCity/Models/Collisions/SM_Prop_Mailbox_01_Convex.asset using Guid(cc8a6a76302252b4d88ba76caa1f1cfd) Importer(815301076,1909f56bfc062723c751e8b465ee728b)  -> (artifact id: '59d5e8385bd504a760222ab6c2ba1e94') in 0.016018 seconds 
========================================================================
Received Import Request.
  Time since last request: 0.000024 seconds.
  path: Assets/PolygonCity/Models/Collisions/SM_Prop_Paper_05_Convex.asset
  artifactKey: Guid(2df10f956f6fb744e8221e1c0f0a4542) Importer(815301076,1909f56bfc062723c751e8b465ee728b)
Start importing Assets/PolygonCity/Models/Collisions/SM_Prop_Paper_05_Convex.asset using Guid(2df10f956f6fb744e8221e1c0f0a4542) Importer(815301076,1909f56bfc062723c751e8b465ee728b)  -> (artifact id: 'c4af398fb6ab1eb9ac0fb44e42ebfe29') in 0.014555 seconds 
========================================================================
Received Import Request.
  Time since last request: 0.000039 seconds.
  path: Assets/PolygonCity/Models/Collisions/SM_Prop_Pipe_Part_Straight_01_Convex.asset
  artifactKey: Guid(817361a92ddf7804dabe749036f498e8) Importer(815301076,1909f56bfc062723c751e8b465ee728b)
Start importing Assets/PolygonCity/Models/Collisions/SM_Prop_Pipe_Part_Straight_01_Convex.asset using Guid(817361a92ddf7804dabe749036f498e8) Importer(815301076,1909f56bfc062723c751e8b465ee728b)  -> (artifact id: '3c89f335600f32df372b901f1a086cbd') in 0.015472 seconds 
========================================================================
Received Import Request.
  Time since last request: 0.000070 seconds.
  path: Assets/PolygonCity/Models/Collisions/SM_Prop_LightPole_Arm_01_Convex.asset
  artifactKey: Guid(5a6c0f10c721f81489bd841bf2664558) Importer(815301076,1909f56bfc062723c751e8b465ee728b)
Start importing Assets/PolygonCity/Models/Collisions/SM_Prop_LightPole_Arm_01_Convex.asset using Guid(5a6c0f10c721f81489bd841bf2664558) Importer(815301076,1909f56bfc062723c751e8b465ee728b)  -> (artifact id: '008105add7aa03eb1a3190f39042db2f') in 0.015246 seconds 
========================================================================
Received Import Request.
  Time since last request: 0.000024 seconds.
  path: Assets/PolygonCity/Models/Collisions/SM_Prop_Manhole_01_Convex.asset
  artifactKey: Guid(a6e97b66daa2b15408d96c34f3f20699) Importer(815301076,1909f56bfc062723c751e8b465ee728b)
Start importing Assets/PolygonCity/Models/Collisions/SM_Prop_Manhole_01_Convex.asset using Guid(a6e97b66daa2b15408d96c34f3f20699) Importer(815301076,1909f56bfc062723c751e8b465ee728b)  -> (artifact id: '92a41a5612c7bdaaedf73abf8906a3c9') in 0.015412 seconds 
========================================================================
Received Import Request.
  Time since last request: 0.000024 seconds.
  path: Assets/PolygonCity/Models/Collisions/SM_Prop_Pipe_Present_03_Convex.asset
  artifactKey: Guid(4cb6ad6f85aedec478458675e4a98fbf) Importer(815301076,1909f56bfc062723c751e8b465ee728b)
Start importing Assets/PolygonCity/Models/Collisions/SM_Prop_Pipe_Present_03_Convex.asset using Guid(4cb6ad6f85aedec478458675e4a98fbf) Importer(815301076,1909f56bfc062723c751e8b465ee728b)  -> (artifact id: '8a9eb1d5d8c5a14f0b437c9416e5a39b') in 0.015528 seconds 
========================================================================
Received Import Request.
  Time since last request: 0.000039 seconds.
  path: Assets/PolygonCity/Models/Collisions/SM_Prop_LightPole_Lights_02_Convex 1.asset
  artifactKey: Guid(7d0053a626f73df4cb48c41b3706e46f) Importer(815301076,1909f56bfc062723c751e8b465ee728b)
Start importing Assets/PolygonCity/Models/Collisions/SM_Prop_LightPole_Lights_02_Convex 1.asset using Guid(7d0053a626f73df4cb48c41b3706e46f) Importer(815301076,1909f56bfc062723c751e8b465ee728b)  -> (artifact id: '03d938e2edf5ed830d3ac96c67097d6c') in 0.032036 seconds 
========================================================================
Received Import Request.
  Time since last request: 18.577099 seconds.
  path: Assets/PolygonCity/Prefabs/Vehicles/SM_Veh_Car_Small_01.prefab
  artifactKey: Guid(0383b854a926f1643b20f9c7cdb2e4de) Importer(815301076,1909f56bfc062723c751e8b465ee728b)
Start importing Assets/PolygonCity/Prefabs/Vehicles/SM_Veh_Car_Small_01.prefab using Guid(0383b854a926f1643b20f9c7cdb2e4de) Importer(815301076,1909f56bfc062723c751e8b465ee728b)  -> (artifact id: '46ac2471207793d330948bb328fe4619') in 0.188347 seconds 
========================================================================
Received Import Request.
  Time since last request: 6.331620 seconds.
  path: Assets/PolygonCity/Prefabs/Vehicles/SM_Veh_Car_Taxi_01.prefab
  artifactKey: Guid(a916a44328d322240bd1aaaca22fc8a7) Importer(815301076,1909f56bfc062723c751e8b465ee728b)
Start importing Assets/PolygonCity/Prefabs/Vehicles/SM_Veh_Car_Taxi_01.prefab using Guid(a916a44328d322240bd1aaaca22fc8a7) Importer(815301076,1909f56bfc062723c751e8b465ee728b)  -> (artifact id: '1aad4bed351649bd927154bf41cdf5bc') in 0.027372 seconds 
========================================================================
Received Import Request.
  Time since last request: 8.162475 seconds.
  path: Assets/PolygonCity/Prefabs/Props/SM_Prop_Billboard_Roof_01.prefab
  artifactKey: Guid(046554645d66bc8439c25da40928ded1) Importer(815301076,1909f56bfc062723c751e8b465ee728b)
Start importing Assets/PolygonCity/Prefabs/Props/SM_Prop_Billboard_Roof_01.prefab using Guid(046554645d66bc8439c25da40928ded1) Importer(815301076,1909f56bfc062723c751e8b465ee728b)  -> (artifact id: 'aee3c8fd9baced5dbf63ae38bf5c7c2f') in 0.030430 seconds 
========================================================================
Received Import Request.
  Time since last request: 0.000026 seconds.
  path: Assets/PolygonCity/Prefabs/Props/SM_Prop_LargeSign_Taco_01.prefab
  artifactKey: Guid(fe6f11fc019ec62418161c178bc03c9b) Importer(815301076,1909f56bfc062723c751e8b465ee728b)
Start importing Assets/PolygonCity/Prefabs/Props/SM_Prop_LargeSign_Taco_01.prefab using Guid(fe6f11fc019ec62418161c178bc03c9b) Importer(815301076,1909f56bfc062723c751e8b465ee728b)  -> (artifact id: '9195dd797d76c6d58c1780b8e8bdbfc7') in 0.030952 seconds 
========================================================================
Received Import Request.
  Time since last request: 0.000029 seconds.
  path: Assets/PolygonCity/Prefabs/Props/SM_Prop_LightPole_Box_01.prefab
  artifactKey: Guid(bf8c887ce2a3f8f41be86bb54fa20b60) Importer(815301076,1909f56bfc062723c751e8b465ee728b)
Start importing Assets/PolygonCity/Prefabs/Props/SM_Prop_LightPole_Box_01.prefab using Guid(bf8c887ce2a3f8f41be86bb54fa20b60) Importer(815301076,1909f56bfc062723c751e8b465ee728b)  -> (artifact id: '100af4cff1ea417cf7d1663033d526a2') in 0.030577 seconds 
========================================================================
Received Import Request.
  Time since last request: 0.000031 seconds.
  path: Assets/PolygonCity/Prefabs/Props/SM_Prop_LargeSign_Soda_01.prefab
  artifactKey: Guid(94ee31a3d58997f4788e26bcab5a03dc) Importer(815301076,1909f56bfc062723c751e8b465ee728b)
Start importing Assets/PolygonCity/Prefabs/Props/SM_Prop_LargeSign_Soda_01.prefab using Guid(94ee31a3d58997f4788e26bcab5a03dc) Importer(815301076,1909f56bfc062723c751e8b465ee728b)  -> (artifact id: '58dd4a6c7950835ffde95db51f349602') in 0.026202 seconds 
========================================================================
Received Import Request.
  Time since last request: 0.000035 seconds.
  path: Assets/PolygonCity/Prefabs/Props/SM_Prop_LargeSign_BowlingPin_01.prefab
  artifactKey: Guid(94147211148ab5a449bb861d39bd169f) Importer(815301076,1909f56bfc062723c751e8b465ee728b)
Start importing Assets/PolygonCity/Prefabs/Props/SM_Prop_LargeSign_BowlingPin_01.prefab using Guid(94147211148ab5a449bb861d39bd169f) Importer(815301076,1909f56bfc062723c751e8b465ee728b)  -> (artifact id: '09974e59a442ac5ae033640ef859cbb9') in 0.030653 seconds 
========================================================================
Received Import Request.
  Time since last request: 0.000185 seconds.
  path: Assets/PolygonCity/Prefabs/Props/SM_Prop_CardboardBox_02.prefab
  artifactKey: Guid(e4e5d2f7f155681449aca26cbdb2b635) Importer(815301076,1909f56bfc062723c751e8b465ee728b)
Start importing Assets/PolygonCity/Prefabs/Props/SM_Prop_CardboardBox_02.prefab using Guid(e4e5d2f7f155681449aca26cbdb2b635) Importer(815301076,1909f56bfc062723c751e8b465ee728b)  -> (artifact id: 'b024da6f2218a09ccf858c389efa15bc') in 0.028360 seconds 
========================================================================
Received Import Request.
  Time since last request: 0.000037 seconds.
  path: Assets/PolygonCity/Prefabs/Props/SM_Prop_LargeSign_Guitar_01.prefab
  artifactKey: Guid(e853eadc5f7696b45a865c55959f923b) Importer(815301076,1909f56bfc062723c751e8b465ee728b)
Start importing Assets/PolygonCity/Prefabs/Props/SM_Prop_LargeSign_Guitar_01.prefab using Guid(e853eadc5f7696b45a865c55959f923b) Importer(815301076,1909f56bfc062723c751e8b465ee728b)  -> (artifact id: '8fd16c23ebe5c68b095394a373338aa7') in 0.031936 seconds 
========================================================================
Received Import Request.
  Time since last request: 0.000038 seconds.
  path: Assets/PolygonCity/Prefabs/Props/SM_Prop_LargeSign_Pizza_01.prefab
  artifactKey: Guid(eba1f7ece2536204bb30cc7ab64ae8bf) Importer(815301076,1909f56bfc062723c751e8b465ee728b)
Start importing Assets/PolygonCity/Prefabs/Props/SM_Prop_LargeSign_Pizza_01.prefab using Guid(eba1f7ece2536204bb30cc7ab64ae8bf) Importer(815301076,1909f56bfc062723c751e8b465ee728b)  -> (artifact id: 'da533e08500c03b472df47635911df18') in 0.031780 seconds 
========================================================================
Received Import Request.
  Time since last request: 0.000048 seconds.
  path: Assets/PolygonCity/Prefabs/Props/SM_Prop_LargeSign_BowlingBall_01.prefab
  artifactKey: Guid(d01d785db09ea5f43a99f45228e63817) Importer(815301076,1909f56bfc062723c751e8b465ee728b)
Start importing Assets/PolygonCity/Prefabs/Props/SM_Prop_LargeSign_BowlingBall_01.prefab using Guid(d01d785db09ea5f43a99f45228e63817) Importer(815301076,1909f56bfc062723c751e8b465ee728b)  -> (artifact id: '6e4a70c13cea9ce6c352a1309f742237') in 0.027135 seconds 
========================================================================
Received Import Request.
  Time since last request: 0.000031 seconds.
  path: Assets/PolygonCity/Prefabs/Props/SM_Prop_LightPole_Lights_01.prefab
  artifactKey: Guid(13026bf5e083f114ba55f67e99392514) Importer(815301076,1909f56bfc062723c751e8b465ee728b)
Start importing Assets/PolygonCity/Prefabs/Props/SM_Prop_LightPole_Lights_01.prefab using Guid(13026bf5e083f114ba55f67e99392514) Importer(815301076,1909f56bfc062723c751e8b465ee728b)  -> (artifact id: 'b2bbadecd90f38ab106f3c5b269d63d4') in 0.028089 seconds 
========================================================================
Received Import Request.
  Time since last request: 5.564020 seconds.
  path: Assets/PolygonCity/Prefabs/Props/SM_Prop_Billboard_Sign_01.prefab
  artifactKey: Guid(2af99c846574e2e4e96b75f3c3c9d784) Importer(815301076,1909f56bfc062723c751e8b465ee728b)
Start importing Assets/PolygonCity/Prefabs/Props/SM_Prop_Billboard_Sign_01.prefab using Guid(2af99c846574e2e4e96b75f3c3c9d784) Importer(815301076,1909f56bfc062723c751e8b465ee728b)  -> (artifact id: '447a10c68b8029471d59ee26ede1f16b') in 0.022577 seconds 
========================================================================
Received Import Request.
  Time since last request: 0.000030 seconds.
  path: Assets/PolygonCity/Prefabs/Props/SM_Prop_Billboard_Sign_05.prefab
  artifactKey: Guid(7d206ba72eb6a4b44bb884bc010bd2d8) Importer(815301076,1909f56bfc062723c751e8b465ee728b)
Start importing Assets/PolygonCity/Prefabs/Props/SM_Prop_Billboard_Sign_05.prefab using Guid(7d206ba72eb6a4b44bb884bc010bd2d8) Importer(815301076,1909f56bfc062723c751e8b465ee728b)  -> (artifact id: '38372757fe0d137df9ffad623b12679b') in 0.016809 seconds 
========================================================================
Received Import Request.
  Time since last request: 0.000023 seconds.
  path: Assets/PolygonCity/Prefabs/Props/SM_Prop_BusStop_01.prefab
  artifactKey: Guid(02569c08ab29ca94481dbec225d65225) Importer(815301076,1909f56bfc062723c751e8b465ee728b)
Start importing Assets/PolygonCity/Prefabs/Props/SM_Prop_BusStop_01.prefab using Guid(02569c08ab29ca94481dbec225d65225) Importer(815301076,1909f56bfc062723c751e8b465ee728b)  -> (artifact id: '1fb9e9434a1cf3fd11ff48d5ec7a1567') in 0.018471 seconds 
========================================================================
Received Import Request.
  Time since last request: 19.535334 seconds.
  path: Assets/PolygonCity/Materials/PolygonCity_Mat_02_B.mat
  artifactKey: Guid(ee26ded8aeae32044836748251f93891) Importer(815301076,1909f56bfc062723c751e8b465ee728b)
Start importing Assets/PolygonCity/Materials/PolygonCity_Mat_02_B.mat using Guid(ee26ded8aeae32044836748251f93891) Importer(815301076,1909f56bfc062723c751e8b465ee728b)  -> (artifact id: '7a9f2d1d0a6be41d20f271aae7472f4b') in 0.049280 seconds 
========================================================================
Received Import Request.
  Time since last request: 0.000026 seconds.
  path: Assets/PolygonCity/Materials/PolygonCity_Mat_Road_01.mat
  artifactKey: Guid(9415d5fbf987e4d47b3c90bea3a0d824) Importer(815301076,1909f56bfc062723c751e8b465ee728b)
Start importing Assets/PolygonCity/Materials/PolygonCity_Mat_Road_01.mat using Guid(9415d5fbf987e4d47b3c90bea3a0d824) Importer(815301076,1909f56bfc062723c751e8b465ee728b)  -> (artifact id: 'c784ef4fae49059101f713818b248b8d') in 0.020159 seconds 
========================================================================
Received Import Request.
  Time since last request: 0.000044 seconds.
  path: Assets/PolygonCity/Materials/PolygonCity_Mat_Road_02.mat
  artifactKey: Guid(f37ce3b4817ff064eb43413b670f0fa1) Importer(815301076,1909f56bfc062723c751e8b465ee728b)
Start importing Assets/PolygonCity/Materials/PolygonCity_Mat_Road_02.mat using Guid(f37ce3b4817ff064eb43413b670f0fa1) Importer(815301076,1909f56bfc062723c751e8b465ee728b)  -> (artifact id: 'd2ef3e34d13bd720563014393e26422e') in 0.017568 seconds 
