Using pre-set license
Built from '2021.3/staging' branch; Version is '2021.3.0f1 (6eacc8284459) revision 7253192'; Using compiler version '192829333'; Build Type 'Release'
OS: 'Windows 11  (10.0.22000) 64bit Core' Language: 'en' Physical Memory: 32682 MB
BatchMode: 1, IsHumanControllingUs: 0, StartBugReporterOnCrash: 0, Is64bit: 1, IsPro: 1

COMMAND LINE ARGUMENTS:
C:\Program Files\Unity\Hub\Editor\2021.3.0f1\Editor\Unity.exe
-adb2
-batchMode
-noUpm
-name
AssetImportWorker11
-projectPath
C:/Users/justi/OneDrive/Games/RageQuit/Office
-logFile
Logs/AssetImportWorker11.log
-srvPort
56640
Successfully changed project path to: C:/Users/justi/OneDrive/Games/RageQuit/Office
C:/Users/justi/OneDrive/Games/RageQuit/Office
[UnityMemory] Configuration Parameters - Can be set up in boot.config
    "memorysetup-bucket-allocator-granularity=16"
    "memorysetup-bucket-allocator-bucket-count=8"
    "memorysetup-bucket-allocator-block-size=33554432"
    "memorysetup-bucket-allocator-block-count=8"
    "memorysetup-main-allocator-block-size=16777216"
    "memorysetup-thread-allocator-block-size=16777216"
    "memorysetup-gfx-main-allocator-block-size=16777216"
    "memorysetup-gfx-thread-allocator-block-size=16777216"
    "memorysetup-cache-allocator-block-size=4194304"
    "memorysetup-typetree-allocator-block-size=2097152"
    "memorysetup-profiler-bucket-allocator-granularity=16"
    "memorysetup-profiler-bucket-allocator-bucket-count=8"
    "memorysetup-profiler-bucket-allocator-block-size=33554432"
    "memorysetup-profiler-bucket-allocator-block-count=8"
    "memorysetup-profiler-allocator-block-size=16777216"
    "memorysetup-profiler-editor-allocator-block-size=1048576"
    "memorysetup-temp-allocator-size-main=16777216"
    "memorysetup-job-temp-allocator-block-size=2097152"
    "memorysetup-job-temp-allocator-block-size-background=1048576"
    "memorysetup-job-temp-allocator-reduction-small-platforms=262144"
    "memorysetup-temp-allocator-size-background-worker=32768"
    "memorysetup-temp-allocator-size-job-worker=262144"
    "memorysetup-temp-allocator-size-preload-manager=33554432"
    "memorysetup-temp-allocator-size-nav-mesh-worker=65536"
    "memorysetup-temp-allocator-size-audio-worker=65536"
    "memorysetup-temp-allocator-size-cloud-worker=32768"
    "memorysetup-temp-allocator-size-gi-baking-worker=262144"
    "memorysetup-temp-allocator-size-gfx=262144"
Refreshing native plugins compatible for Editor in 113.87 ms, found 6 plugins.
Preloading 0 native plugins for Editor in 0.00 ms.
Initialize engine version: 2021.3.0f1 (6eacc8284459)
[Subsystems] Discovering subsystems at path C:/Program Files/Unity/Hub/Editor/2021.3.0f1/Editor/Data/Resources/UnitySubsystems
[Subsystems] Discovering subsystems at path C:/Users/justi/OneDrive/Games/RageQuit/Office/Assets
GfxDevice: creating device client; threaded=0; jobified=0
Direct3D:
    Version:  Direct3D 11.0 [level 11.1]
    Renderer: NVIDIA GeForce GTX 1080 Ti (ID=0x1b06)
    Vendor:   NVIDIA
    VRAM:     11128 MB
    Driver:   30.0.15.1215
Initialize mono
Mono path[0] = 'C:/Program Files/Unity/Hub/Editor/2021.3.0f1/Editor/Data/Managed'
Mono path[1] = 'C:/Program Files/Unity/Hub/Editor/2021.3.0f1/Editor/Data/MonoBleedingEdge/lib/mono/unityjit-win32'
Mono config path = 'C:/Program Files/Unity/Hub/Editor/2021.3.0f1/Editor/Data/MonoBleedingEdge/etc'
Using monoOptions --debugger-agent=transport=dt_socket,embedding=1,server=y,suspend=n,address=127.0.0.1:56996
Begin MonoManager ReloadAssembly
Registering precompiled unity dll's ...
Register platform support module: C:/Program Files/Unity/Hub/Editor/2021.3.0f1/Editor/Data/PlaybackEngines/WindowsStandaloneSupport/UnityEditor.WindowsStandalone.Extensions.dll
Registered in 0.005634 seconds.
Native extension for WindowsStandalone target not found
Refreshing native plugins compatible for Editor in 94.08 ms, found 6 plugins.
Preloading 0 native plugins for Editor in 0.00 ms.
Mono: successfully reloaded assembly
- Completed reload, in  0.570 seconds
Domain Reload Profiling:
	ReloadAssembly (571ms)
		BeginReloadAssembly (58ms)
			ExecutionOrderSort (0ms)
			DisableScriptedObjects (0ms)
			BackupInstance (0ms)
			ReleaseScriptingObjects (0ms)
			CreateAndSetChildDomain (1ms)
		EndReloadAssembly (418ms)
			LoadAssemblies (56ms)
			RebuildTransferFunctionScriptingTraits (0ms)
			SetupTypeCache (88ms)
			ReleaseScriptCaches (0ms)
			RebuildScriptCaches (23ms)
			SetupLoadedEditorAssemblies (263ms)
				LogAssemblyErrors (0ms)
				InitializePlatformSupportModulesInManaged (6ms)
				SetLoadedEditorAssemblies (0ms)
				RefreshPlugins (94ms)
				BeforeProcessingInitializeOnLoad (1ms)
				ProcessInitializeOnLoadAttributes (120ms)
				ProcessInitializeOnLoadMethodAttributes (41ms)
				AfterProcessingInitializeOnLoad (0ms)
				EditorAssembliesLoaded (0ms)
			ExecutionOrderSort2 (0ms)
			AwakeInstancesAfterBackupRestoration (0ms)
Platform modules already initialized, skipping
Registering precompiled user dll's ...
Registered in 0.005074 seconds.
Begin MonoManager ReloadAssembly
Symbol file LoadedFromMemory is not a mono symbol file
Native extension for WindowsStandalone target not found
Refreshing native plugins compatible for Editor in 99.93 ms, found 6 plugins.
Preloading 0 native plugins for Editor in 0.00 ms.
Mono: successfully reloaded assembly
- Completed reload, in  1.293 seconds
Domain Reload Profiling:
	ReloadAssembly (1294ms)
		BeginReloadAssembly (95ms)
			ExecutionOrderSort (0ms)
			DisableScriptedObjects (5ms)
			BackupInstance (0ms)
			ReleaseScriptingObjects (0ms)
			CreateAndSetChildDomain (21ms)
		EndReloadAssembly (1099ms)
			LoadAssemblies (79ms)
			RebuildTransferFunctionScriptingTraits (0ms)
			SetupTypeCache (201ms)
			ReleaseScriptCaches (1ms)
			RebuildScriptCaches (56ms)
			SetupLoadedEditorAssemblies (724ms)
				LogAssemblyErrors (0ms)
				InitializePlatformSupportModulesInManaged (3ms)
				SetLoadedEditorAssemblies (0ms)
				RefreshPlugins (100ms)
				BeforeProcessingInitializeOnLoad (78ms)
				ProcessInitializeOnLoadAttributes (475ms)
				ProcessInitializeOnLoadMethodAttributes (62ms)
				AfterProcessingInitializeOnLoad (6ms)
				EditorAssembliesLoaded (0ms)
			ExecutionOrderSort2 (0ms)
			AwakeInstancesAfterBackupRestoration (5ms)
Platform modules already initialized, skipping
========================================================================
Worker process is ready to serve import requests
Launched and connected shader compiler UnityShaderCompiler.exe after 0.05 seconds
Refreshing native plugins compatible for Editor in 3.61 ms, found 6 plugins.
Preloading 0 native plugins for Editor in 0.00 ms.
Unloading 4208 Unused Serialized files (Serialized files now loaded: 0)
Unloading 139 unused Assets / (404.7 KB). Loaded Objects now: 4660.
Memory consumption went from 216.2 MB to 215.8 MB.
Total: 5.144700 ms (FindLiveObjects: 0.558300 ms CreateObjectMapping: 0.133700 ms MarkObjects: 3.947500 ms  DeleteObjects: 0.502800 ms)

AssetImportParameters requested are different than current active one (requested -> active):
  custom:video-decoder-ogg-theora: a1e56fd34408186e4bbccfd4996cb3dc -> 
  custom:container-muxer-webm: aa71ff27fc2769a1b78a27578f13a17b -> 
  custom:container-demuxer-webm: 4f35f7cbe854078d1ac9338744f61a02 -> 
  custom:video-encoder-webm-vp8: eb34c28f22e8b96e1ab97ce403110664 -> 
  custom:audio-encoder-webm-vorbis: bf7c407c2cedff20999df2af8eb42d56 -> 
  custom:framework-win-MediaFoundation: 216162199b28c13a410421893ffa2e32 -> 
  custom:container-demuxer-ogg: 62fdf1f143b41e24485cea50d1cbac27 -> 
  custom:video-decoder-webm-vp8: 9c59270c3fd7afecdb556c50c9e8de78 -> 
  custom:audio-decoder-ogg-vorbis: bf7c407c2cedff20999df2af8eb42d56 -> 
========================================================================
Received Import Request.
  Time since last request: 7051.408073 seconds.
  path: Assets/PolygonNature/Materials/Alternates/PolygonNature_03.mat
  artifactKey: Guid(61c3662a5606f6a4f8dbb613cb348f7f) Importer(815301076,1909f56bfc062723c751e8b465ee728b)
Start importing Assets/PolygonNature/Materials/Alternates/PolygonNature_03.mat using Guid(61c3662a5606f6a4f8dbb613cb348f7f) Importer(815301076,1909f56bfc062723c751e8b465ee728b)  -> (artifact id: '9d7a8728610d3588ea7b2420835631b7') in 1.228111 seconds 
========================================================================
Received Import Request.
  Time since last request: 0.000029 seconds.
  path: Assets/PolygonNature/Materials/Leaves/PolygonNature_Leaves_Base_Yellow.mat
  artifactKey: Guid(bdbf110afd2c6d04ea3e3640d8758063) Importer(815301076,1909f56bfc062723c751e8b465ee728b)
Start importing Assets/PolygonNature/Materials/Leaves/PolygonNature_Leaves_Base_Yellow.mat using Guid(bdbf110afd2c6d04ea3e3640d8758063) Importer(815301076,1909f56bfc062723c751e8b465ee728b)  -> (artifact id: '440dec92933c4740c9119c0bd88e2f98') in 1.846141 seconds 
========================================================================
Received Import Request.
  Time since last request: 2.694072 seconds.
  path: Assets/PolygonNature/Prefabs/Props/SM_Prop_Brick_01.prefab
  artifactKey: Guid(30082ab235864f646add22eb6cdc11a3) Importer(815301076,1909f56bfc062723c751e8b465ee728b)
Start importing Assets/PolygonNature/Prefabs/Props/SM_Prop_Brick_01.prefab using Guid(30082ab235864f646add22eb6cdc11a3) Importer(815301076,1909f56bfc062723c751e8b465ee728b)  -> (artifact id: '3389f07b5d521c85c350dc7bc85ad5f6') in 1.106849 seconds 
========================================================================
Received Import Request.
  Time since last request: 0.000056 seconds.
  path: Assets/PolygonNature/Prefabs/Props/SM_Prop_Skull_01.prefab
  artifactKey: Guid(4005b9a03d8625b4990b7a567bf6faa1) Importer(815301076,1909f56bfc062723c751e8b465ee728b)
Start importing Assets/PolygonNature/Prefabs/Props/SM_Prop_Skull_01.prefab using Guid(4005b9a03d8625b4990b7a567bf6faa1) Importer(815301076,1909f56bfc062723c751e8b465ee728b)  -> (artifact id: '815f6f61de1601f7b336a321a03ff746') in 0.075023 seconds 
========================================================================
Received Import Request.
  Time since last request: 0.000044 seconds.
  path: Assets/PolygonNature/Prefabs/Props/SM_Prop_Pillar_Arch_Moss_01.prefab
  artifactKey: Guid(4342163624475ef408cb710d8a9db2e1) Importer(815301076,1909f56bfc062723c751e8b465ee728b)
Start importing Assets/PolygonNature/Prefabs/Props/SM_Prop_Pillar_Arch_Moss_01.prefab using Guid(4342163624475ef408cb710d8a9db2e1) Importer(815301076,1909f56bfc062723c751e8b465ee728b)  -> (artifact id: '6a7a013d329c4425604eb0d0025e1223') in 0.026468 seconds 
========================================================================
Received Import Request.
  Time since last request: 0.000038 seconds.
  path: Assets/PolygonNature/Prefabs/Props/SM_Prop_Pillar_01.prefab
  artifactKey: Guid(f7f09b21fd4e66c4ea0b559552e27ec6) Importer(815301076,1909f56bfc062723c751e8b465ee728b)
Start importing Assets/PolygonNature/Prefabs/Props/SM_Prop_Pillar_01.prefab using Guid(f7f09b21fd4e66c4ea0b559552e27ec6) Importer(815301076,1909f56bfc062723c751e8b465ee728b)  -> (artifact id: '43d29b03f9c2cc88981cede5d0974dfe') in 0.021471 seconds 
========================================================================
Received Import Request.
  Time since last request: 22.195816 seconds.
  path: Assets/PolygonNature/FX/FX_Materials/FX_Snow.mat
  artifactKey: Guid(8e7cca841ca60da4cb7eace3fa73bfe8) Importer(815301076,1909f56bfc062723c751e8b465ee728b)
Start importing Assets/PolygonNature/FX/FX_Materials/FX_Snow.mat using Guid(8e7cca841ca60da4cb7eace3fa73bfe8) Importer(815301076,1909f56bfc062723c751e8b465ee728b)  -> (artifact id: '5d49514c79a26c9b36ac78f02a16b983') in 0.025607 seconds 
========================================================================
Received Import Request.
  Time since last request: 0.979431 seconds.
  path: Assets/PolygonNature/FX/FX_Models/ParticlePlane.fbx
  artifactKey: Guid(4fb8904612b819c4da1a4736db615103) Importer(815301076,1909f56bfc062723c751e8b465ee728b)
Start importing Assets/PolygonNature/FX/FX_Models/ParticlePlane.fbx using Guid(4fb8904612b819c4da1a4736db615103) Importer(815301076,1909f56bfc062723c751e8b465ee728b)  -> (artifact id: '37dc257081fe12358cbf9bffb7a0b81e') in 0.033809 seconds 
