Using pre-set license
Built from '2021.3/staging' branch; Version is '2021.3.0f1 (6eacc8284459) revision 7253192'; Using compiler version '192829333'; Build Type 'Release'
OS: 'Windows 11  (10.0.22000) 64bit Core' Language: 'en' Physical Memory: 32682 MB
BatchMode: 1, IsHumanControllingUs: 0, StartBugReporterOnCrash: 0, Is64bit: 1, IsPro: 1

COMMAND LINE ARGUMENTS:
C:\Program Files\Unity\Hub\Editor\2021.3.0f1\Editor\Unity.exe
-adb2
-batchMode
-noUpm
-name
AssetImportWorker6
-projectPath
C:/Users/justi/OneDrive/Games/RageQuit/Office
-logFile
Logs/AssetImportWorker6.log
-srvPort
56640
Successfully changed project path to: C:/Users/justi/OneDrive/Games/RageQuit/Office
C:/Users/justi/OneDrive/Games/RageQuit/Office
[UnityMemory] Configuration Parameters - Can be set up in boot.config
    "memorysetup-bucket-allocator-granularity=16"
    "memorysetup-bucket-allocator-bucket-count=8"
    "memorysetup-bucket-allocator-block-size=33554432"
    "memorysetup-bucket-allocator-block-count=8"
    "memorysetup-main-allocator-block-size=16777216"
    "memorysetup-thread-allocator-block-size=16777216"
    "memorysetup-gfx-main-allocator-block-size=16777216"
    "memorysetup-gfx-thread-allocator-block-size=16777216"
    "memorysetup-cache-allocator-block-size=4194304"
    "memorysetup-typetree-allocator-block-size=2097152"
    "memorysetup-profiler-bucket-allocator-granularity=16"
    "memorysetup-profiler-bucket-allocator-bucket-count=8"
    "memorysetup-profiler-bucket-allocator-block-size=33554432"
    "memorysetup-profiler-bucket-allocator-block-count=8"
    "memorysetup-profiler-allocator-block-size=16777216"
    "memorysetup-profiler-editor-allocator-block-size=1048576"
    "memorysetup-temp-allocator-size-main=16777216"
    "memorysetup-job-temp-allocator-block-size=2097152"
    "memorysetup-job-temp-allocator-block-size-background=1048576"
    "memorysetup-job-temp-allocator-reduction-small-platforms=262144"
    "memorysetup-temp-allocator-size-background-worker=32768"
    "memorysetup-temp-allocator-size-job-worker=262144"
    "memorysetup-temp-allocator-size-preload-manager=33554432"
    "memorysetup-temp-allocator-size-nav-mesh-worker=65536"
    "memorysetup-temp-allocator-size-audio-worker=65536"
    "memorysetup-temp-allocator-size-cloud-worker=32768"
    "memorysetup-temp-allocator-size-gi-baking-worker=262144"
    "memorysetup-temp-allocator-size-gfx=262144"
Refreshing native plugins compatible for Editor in 115.43 ms, found 6 plugins.
Preloading 0 native plugins for Editor in 0.00 ms.
Initialize engine version: 2021.3.0f1 (6eacc8284459)
[Subsystems] Discovering subsystems at path C:/Program Files/Unity/Hub/Editor/2021.3.0f1/Editor/Data/Resources/UnitySubsystems
[Subsystems] Discovering subsystems at path C:/Users/justi/OneDrive/Games/RageQuit/Office/Assets
GfxDevice: creating device client; threaded=0; jobified=0
Direct3D:
    Version:  Direct3D 11.0 [level 11.1]
    Renderer: NVIDIA GeForce GTX 1080 Ti (ID=0x1b06)
    Vendor:   NVIDIA
    VRAM:     11128 MB
    Driver:   30.0.15.1215
Initialize mono
Mono path[0] = 'C:/Program Files/Unity/Hub/Editor/2021.3.0f1/Editor/Data/Managed'
Mono path[1] = 'C:/Program Files/Unity/Hub/Editor/2021.3.0f1/Editor/Data/MonoBleedingEdge/lib/mono/unityjit-win32'
Mono config path = 'C:/Program Files/Unity/Hub/Editor/2021.3.0f1/Editor/Data/MonoBleedingEdge/etc'
Using monoOptions --debugger-agent=transport=dt_socket,embedding=1,server=y,suspend=n,address=127.0.0.1:56672
Begin MonoManager ReloadAssembly
Registering precompiled unity dll's ...
Register platform support module: C:/Program Files/Unity/Hub/Editor/2021.3.0f1/Editor/Data/PlaybackEngines/WindowsStandaloneSupport/UnityEditor.WindowsStandalone.Extensions.dll
Registered in 0.004840 seconds.
Native extension for WindowsStandalone target not found
Refreshing native plugins compatible for Editor in 95.24 ms, found 6 plugins.
Preloading 0 native plugins for Editor in 0.00 ms.
Mono: successfully reloaded assembly
- Completed reload, in  0.554 seconds
Domain Reload Profiling:
	ReloadAssembly (554ms)
		BeginReloadAssembly (53ms)
			ExecutionOrderSort (0ms)
			DisableScriptedObjects (0ms)
			BackupInstance (0ms)
			ReleaseScriptingObjects (0ms)
			CreateAndSetChildDomain (1ms)
		EndReloadAssembly (409ms)
			LoadAssemblies (51ms)
			RebuildTransferFunctionScriptingTraits (0ms)
			SetupTypeCache (91ms)
			ReleaseScriptCaches (0ms)
			RebuildScriptCaches (22ms)
			SetupLoadedEditorAssemblies (253ms)
				LogAssemblyErrors (0ms)
				InitializePlatformSupportModulesInManaged (6ms)
				SetLoadedEditorAssemblies (0ms)
				RefreshPlugins (95ms)
				BeforeProcessingInitializeOnLoad (1ms)
				ProcessInitializeOnLoadAttributes (114ms)
				ProcessInitializeOnLoadMethodAttributes (36ms)
				AfterProcessingInitializeOnLoad (0ms)
				EditorAssembliesLoaded (0ms)
			ExecutionOrderSort2 (0ms)
			AwakeInstancesAfterBackupRestoration (0ms)
Platform modules already initialized, skipping
Registering precompiled user dll's ...
Registered in 0.005165 seconds.
Begin MonoManager ReloadAssembly
Symbol file LoadedFromMemory is not a mono symbol file
Native extension for WindowsStandalone target not found
Refreshing native plugins compatible for Editor in 96.45 ms, found 6 plugins.
Preloading 0 native plugins for Editor in 0.00 ms.
Mono: successfully reloaded assembly
- Completed reload, in  1.355 seconds
Domain Reload Profiling:
	ReloadAssembly (1355ms)
		BeginReloadAssembly (100ms)
			ExecutionOrderSort (0ms)
			DisableScriptedObjects (4ms)
			BackupInstance (0ms)
			ReleaseScriptingObjects (0ms)
			CreateAndSetChildDomain (25ms)
		EndReloadAssembly (1153ms)
			LoadAssemblies (83ms)
			RebuildTransferFunctionScriptingTraits (0ms)
			SetupTypeCache (209ms)
			ReleaseScriptCaches (1ms)
			RebuildScriptCaches (54ms)
			SetupLoadedEditorAssemblies (765ms)
				LogAssemblyErrors (0ms)
				InitializePlatformSupportModulesInManaged (5ms)
				SetLoadedEditorAssemblies (0ms)
				RefreshPlugins (97ms)
				BeforeProcessingInitializeOnLoad (77ms)
				ProcessInitializeOnLoadAttributes (512ms)
				ProcessInitializeOnLoadMethodAttributes (69ms)
				AfterProcessingInitializeOnLoad (6ms)
				EditorAssembliesLoaded (0ms)
			ExecutionOrderSort2 (0ms)
			AwakeInstancesAfterBackupRestoration (5ms)
Platform modules already initialized, skipping
========================================================================
Worker process is ready to serve import requests
Launched and connected shader compiler UnityShaderCompiler.exe after 0.06 seconds
Refreshing native plugins compatible for Editor in 4.68 ms, found 6 plugins.
Preloading 0 native plugins for Editor in 0.00 ms.
Unloading 4208 Unused Serialized files (Serialized files now loaded: 0)
Unloading 142 unused Assets / (0.7 MB). Loaded Objects now: 4643.
Memory consumption went from 204.6 MB to 203.9 MB.
Total: 10.491300 ms (FindLiveObjects: 1.231900 ms CreateObjectMapping: 0.184700 ms MarkObjects: 7.577600 ms  DeleteObjects: 1.493700 ms)

AssetImportParameters requested are different than current active one (requested -> active):
  custom:video-decoder-ogg-theora: a1e56fd34408186e4bbccfd4996cb3dc -> 
  custom:container-muxer-webm: aa71ff27fc2769a1b78a27578f13a17b -> 
  custom:container-demuxer-webm: 4f35f7cbe854078d1ac9338744f61a02 -> 
  custom:video-encoder-webm-vp8: eb34c28f22e8b96e1ab97ce403110664 -> 
  custom:audio-encoder-webm-vorbis: bf7c407c2cedff20999df2af8eb42d56 -> 
  custom:framework-win-MediaFoundation: 216162199b28c13a410421893ffa2e32 -> 
  custom:container-demuxer-ogg: 62fdf1f143b41e24485cea50d1cbac27 -> 
  custom:video-decoder-webm-vp8: 9c59270c3fd7afecdb556c50c9e8de78 -> 
  custom:audio-decoder-ogg-vorbis: bf7c407c2cedff20999df2af8eb42d56 -> 
========================================================================
Received Import Request.
  Time since last request: 6876.133131 seconds.
  path: Assets/PolygonNature/FX/FX_Materials/StreamLine.png
  artifactKey: Guid(0ef3196c45f488046a4f01d9e9b469ac) Importer(815301076,1909f56bfc062723c751e8b465ee728b)
Start importing Assets/PolygonNature/FX/FX_Materials/StreamLine.png using Guid(0ef3196c45f488046a4f01d9e9b469ac) Importer(815301076,1909f56bfc062723c751e8b465ee728b)  -> (artifact id: 'd083bc3729af759bc38c3ac05488b075') in 0.076647 seconds 
========================================================================
Received Import Request.
  Time since last request: 0.000040 seconds.
  path: Assets/PolygonNature/FX/FX_Materials/Grass_Particle.mat
  artifactKey: Guid(82c0d669e4bbcce44a6ba92f089a6537) Importer(815301076,1909f56bfc062723c751e8b465ee728b)
Start importing Assets/PolygonNature/FX/FX_Materials/Grass_Particle.mat using Guid(82c0d669e4bbcce44a6ba92f089a6537) Importer(815301076,1909f56bfc062723c751e8b465ee728b)  -> (artifact id: '3c8f4bc9a744454b48abacef1f1b1b39') in 0.268466 seconds 
========================================================================
Received Import Request.
  Time since last request: 1.773040 seconds.
  path: Assets/PolygonNature/FX/FX_Models/Plane_Particle.obj
  artifactKey: Guid(30479c000e383a745bd05d57364b1f61) Importer(815301076,1909f56bfc062723c751e8b465ee728b)
Start importing Assets/PolygonNature/FX/FX_Models/Plane_Particle.obj using Guid(30479c000e383a745bd05d57364b1f61) Importer(815301076,1909f56bfc062723c751e8b465ee728b)  -> (artifact id: 'f3f44c679fc8e67a457f4b08360bc0f8') in 0.081293 seconds 
========================================================================
Received Import Request.
  Time since last request: 24.721369 seconds.
  path: Assets/PolygonNature/Models/River_Plane_Dip_01.fbx
  artifactKey: Guid(79a1eec8d97587e4e859269563933c18) Importer(815301076,1909f56bfc062723c751e8b465ee728b)
Start importing Assets/PolygonNature/Models/River_Plane_Dip_01.fbx using Guid(79a1eec8d97587e4e859269563933c18) Importer(815301076,1909f56bfc062723c751e8b465ee728b)  -> (artifact id: '69fa4eb4d74d5ca3ef4f3bbe982c06ca') in 0.031357 seconds 
========================================================================
Received Import Request.
  Time since last request: 0.000036 seconds.
  path: Assets/PolygonNature/Models/SM_Plant_Bush_03.fbx
  artifactKey: Guid(e85775cd669ca8a45946e8ef5ea61db1) Importer(815301076,1909f56bfc062723c751e8b465ee728b)
Start importing Assets/PolygonNature/Models/SM_Plant_Bush_03.fbx using Guid(e85775cd669ca8a45946e8ef5ea61db1) Importer(815301076,1909f56bfc062723c751e8b465ee728b)  -> (artifact id: '569f2a07655ac0e0cc8cd3378047ff9d') in 0.023886 seconds 
========================================================================
Received Import Request.
  Time since last request: 0.000036 seconds.
  path: Assets/PolygonNature/Models/SM_Plant_02.fbx
  artifactKey: Guid(26bfe0f4a06de514b96048409dc5f4de) Importer(815301076,1909f56bfc062723c751e8b465ee728b)
Start importing Assets/PolygonNature/Models/SM_Plant_02.fbx using Guid(26bfe0f4a06de514b96048409dc5f4de) Importer(815301076,1909f56bfc062723c751e8b465ee728b)  -> (artifact id: 'a363f2c85855773b431e0dd0ddb88eac') in 0.028232 seconds 
========================================================================
Received Import Request.
  Time since last request: 0.000053 seconds.
  path: Assets/PolygonNature/Models/SM_Plant_Fern_02.fbx
  artifactKey: Guid(9ae88b30194f7ce4898f0b0a245427f4) Importer(815301076,1909f56bfc062723c751e8b465ee728b)
Start importing Assets/PolygonNature/Models/SM_Plant_Fern_02.fbx using Guid(9ae88b30194f7ce4898f0b0a245427f4) Importer(815301076,1909f56bfc062723c751e8b465ee728b)  -> (artifact id: '6853de0d968de957368a856fdc06487c') in 0.030511 seconds 
========================================================================
Received Import Request.
  Time since last request: 0.000050 seconds.
  path: Assets/PolygonNature/Models/SM_Plant_Reeds_02.fbx
  artifactKey: Guid(388085a160ccf1b4ea3be6b5e73b02c2) Importer(815301076,1909f56bfc062723c751e8b465ee728b)
Start importing Assets/PolygonNature/Models/SM_Plant_Reeds_02.fbx using Guid(388085a160ccf1b4ea3be6b5e73b02c2) Importer(815301076,1909f56bfc062723c751e8b465ee728b)  -> (artifact id: 'c216d5b2006054eefec79def31a1594a') in 0.026267 seconds 
========================================================================
Received Import Request.
  Time since last request: 0.000049 seconds.
  path: Assets/PolygonNature/Models/SM_Prop_Brick_01.fbx
  artifactKey: Guid(a27c942c1b099cd489a868376cef00b1) Importer(815301076,1909f56bfc062723c751e8b465ee728b)
Start importing Assets/PolygonNature/Models/SM_Prop_Brick_01.fbx using Guid(a27c942c1b099cd489a868376cef00b1) Importer(815301076,1909f56bfc062723c751e8b465ee728b)  -> (artifact id: '58b9cd6f85225a65f3f8984aaae8e0f1') in 0.027444 seconds 
========================================================================
Received Import Request.
  Time since last request: 0.000042 seconds.
  path: Assets/PolygonNature/Models/SM_Plant_Fern_Leaves_01.fbx
  artifactKey: Guid(669ca1a8e48508b45a6874cf41fc5704) Importer(815301076,1909f56bfc062723c751e8b465ee728b)
Start importing Assets/PolygonNature/Models/SM_Plant_Fern_Leaves_01.fbx using Guid(669ca1a8e48508b45a6874cf41fc5704) Importer(815301076,1909f56bfc062723c751e8b465ee728b)  -> (artifact id: '0b685e497bf877bf6ac7013281c65383') in 0.025194 seconds 
========================================================================
Received Import Request.
  Time since last request: 0.000027 seconds.
  path: Assets/PolygonNature/Models/SM_Plant_Mushrooms_03.fbx
  artifactKey: Guid(16c350b4bed11da4d86696ad6563cbac) Importer(815301076,1909f56bfc062723c751e8b465ee728b)
Start importing Assets/PolygonNature/Models/SM_Plant_Mushrooms_03.fbx using Guid(16c350b4bed11da4d86696ad6563cbac) Importer(815301076,1909f56bfc062723c751e8b465ee728b)  -> (artifact id: '9257ea80946e44bf8cb59a4b4c636cee') in 0.025784 seconds 
========================================================================
Received Import Request.
  Time since last request: 0.000033 seconds.
  path: Assets/PolygonNature/Models/SM_Plant_Grass_01.fbx
  artifactKey: Guid(7d71c6eff99c32a47a618358f38c3f53) Importer(815301076,1909f56bfc062723c751e8b465ee728b)
Start importing Assets/PolygonNature/Models/SM_Plant_Grass_01.fbx using Guid(7d71c6eff99c32a47a618358f38c3f53) Importer(815301076,1909f56bfc062723c751e8b465ee728b)  -> (artifact id: 'b20046d3b2ec7274ae97dd6407d3b976') in 0.021938 seconds 
========================================================================
Received Import Request.
  Time since last request: 0.000026 seconds.
  path: Assets/PolygonNature/Models/SM_Plant_Hedge_Bush_01.fbx
  artifactKey: Guid(ee546736cc786ad4296c2af1a106cef8) Importer(815301076,1909f56bfc062723c751e8b465ee728b)
Start importing Assets/PolygonNature/Models/SM_Plant_Hedge_Bush_01.fbx using Guid(ee546736cc786ad4296c2af1a106cef8) Importer(815301076,1909f56bfc062723c751e8b465ee728b)  -> (artifact id: '95860ff4a18db67d1d62e76e358d1fb4') in 0.020198 seconds 
========================================================================
Received Import Request.
  Time since last request: 0.027430 seconds.
  path: Assets/PolygonNature/Materials/PolygonNature_Tree.mat
  artifactKey: Guid(f717718d04aa0e74f81e601a75507faa) Importer(815301076,1909f56bfc062723c751e8b465ee728b)
Start importing Assets/PolygonNature/Materials/PolygonNature_Tree.mat using Guid(f717718d04aa0e74f81e601a75507faa) Importer(815301076,1909f56bfc062723c751e8b465ee728b)  -> (artifact id: '26470168353713aad2729116ecb91ec6') in 0.072397 seconds 
========================================================================
Received Import Request.
  Time since last request: 0.626539 seconds.
  path: Assets/PolygonNature/Textures/PolygonNature_03.png
  artifactKey: Guid(ddf3366577458704d9e47cb411121f12) Importer(815301076,1909f56bfc062723c751e8b465ee728b)
Start importing Assets/PolygonNature/Textures/PolygonNature_03.png using Guid(ddf3366577458704d9e47cb411121f12) Importer(815301076,1909f56bfc062723c751e8b465ee728b)  -> (artifact id: '55dc582b4880a6a2193d940aa41cde30') in 0.013858 seconds 
========================================================================
Received Import Request.
  Time since last request: 13.153833 seconds.
  path: Assets/PolygonNature/FX/FX_Models/Materials/pCube1Mat.mat
  artifactKey: Guid(9e2037b85d9c6b14482bac6ac7c51cc7) Importer(815301076,1909f56bfc062723c751e8b465ee728b)
Start importing Assets/PolygonNature/FX/FX_Models/Materials/pCube1Mat.mat using Guid(9e2037b85d9c6b14482bac6ac7c51cc7) Importer(815301076,1909f56bfc062723c751e8b465ee728b)  -> (artifact id: 'f268987d8c821e1321076dc7265cb643') in 0.012199 seconds 
========================================================================
Received Import Request.
  Time since last request: 28.820599 seconds.
  path: Assets/PolygonNature/FX/FX_Prefabs/Butterlies_Particle_01_Orange.prefab
  artifactKey: Guid(5085f126b86c13f46937a2143b8935a7) Importer(815301076,1909f56bfc062723c751e8b465ee728b)
Start importing Assets/PolygonNature/FX/FX_Prefabs/Butterlies_Particle_01_Orange.prefab using Guid(5085f126b86c13f46937a2143b8935a7) Importer(815301076,1909f56bfc062723c751e8b465ee728b)  -> (artifact id: 'dbb1540a2ba722444b95a3ec52a683ab') in 0.036596 seconds 
========================================================================
Received Import Request.
  Time since last request: 0.000026 seconds.
  path: Assets/PolygonNature/FX/FX_Prefabs/SM_StreamParticle_Wide.prefab
  artifactKey: Guid(0d418d39d811ace4895bcbd985fd909f) Importer(815301076,1909f56bfc062723c751e8b465ee728b)
Start importing Assets/PolygonNature/FX/FX_Prefabs/SM_StreamParticle_Wide.prefab using Guid(0d418d39d811ace4895bcbd985fd909f) Importer(815301076,1909f56bfc062723c751e8b465ee728b)  -> (artifact id: '8d7eab138bb690f236f01518ddc4cb6a') in 0.017276 seconds 
========================================================================
Received Import Request.
  Time since last request: 0.000025 seconds.
  path: Assets/PolygonNature/FX/FX_Prefabs/Leaves_Solo_Pink_01.prefab
  artifactKey: Guid(67608fffc9570ca4d8944023f9b8c9a0) Importer(815301076,1909f56bfc062723c751e8b465ee728b)
Start importing Assets/PolygonNature/FX/FX_Prefabs/Leaves_Solo_Pink_01.prefab using Guid(67608fffc9570ca4d8944023f9b8c9a0) Importer(815301076,1909f56bfc062723c751e8b465ee728b)  -> (artifact id: 'a98b56425c40eedc9efaa1a465c00220') in 0.016030 seconds 
========================================================================
Received Import Request.
  Time since last request: 0.000030 seconds.
  path: Assets/PolygonNature/FX/FX_Prefabs/Leaves_Green_01.prefab
  artifactKey: Guid(1b09a7fc50f421946b2eda7e5f09e698) Importer(815301076,1909f56bfc062723c751e8b465ee728b)
Start importing Assets/PolygonNature/FX/FX_Prefabs/Leaves_Green_01.prefab using Guid(1b09a7fc50f421946b2eda7e5f09e698) Importer(815301076,1909f56bfc062723c751e8b465ee728b)  -> (artifact id: 'd659fe4c792efc3696d8d49f06eecc5c') in 0.016780 seconds 
Editor requested this worker to shutdown with reason: Scaling down because of idle timeout
AssetImportWorker is now disconnected from the server
Process exiting
Exiting without the bug reporter. Application will terminate with return code 0