Using pre-set license
Built from '2021.3/staging' branch; Version is '2021.3.0f1 (6eacc8284459) revision 7253192'; Using compiler version '192829333'; Build Type 'Release'
OS: 'Windows 11  (10.0.22000) 64bit Core' Language: 'en' Physical Memory: 32682 MB
BatchMode: 1, IsHumanControllingUs: 0, StartBugReporterOnCrash: 0, Is64bit: 1, IsPro: 1

COMMAND LINE ARGUMENTS:
C:\Program Files\Unity\Hub\Editor\2021.3.0f1\Editor\Unity.exe
-adb2
-batchMode
-noUpm
-name
AssetImportWorker18
-projectPath
C:/Users/justi/OneDrive/Games/RageQuit/Office
-logFile
Logs/AssetImportWorker18.log
-srvPort
60267
Successfully changed project path to: C:/Users/justi/OneDrive/Games/RageQuit/Office
C:/Users/justi/OneDrive/Games/RageQuit/Office
[UnityMemory] Configuration Parameters - Can be set up in boot.config
    "memorysetup-bucket-allocator-granularity=16"
    "memorysetup-bucket-allocator-bucket-count=8"
    "memorysetup-bucket-allocator-block-size=33554432"
    "memorysetup-bucket-allocator-block-count=8"
    "memorysetup-main-allocator-block-size=16777216"
    "memorysetup-thread-allocator-block-size=16777216"
    "memorysetup-gfx-main-allocator-block-size=16777216"
    "memorysetup-gfx-thread-allocator-block-size=16777216"
    "memorysetup-cache-allocator-block-size=4194304"
    "memorysetup-typetree-allocator-block-size=2097152"
    "memorysetup-profiler-bucket-allocator-granularity=16"
    "memorysetup-profiler-bucket-allocator-bucket-count=8"
    "memorysetup-profiler-bucket-allocator-block-size=33554432"
    "memorysetup-profiler-bucket-allocator-block-count=8"
    "memorysetup-profiler-allocator-block-size=16777216"
    "memorysetup-profiler-editor-allocator-block-size=1048576"
    "memorysetup-temp-allocator-size-main=16777216"
    "memorysetup-job-temp-allocator-block-size=2097152"
    "memorysetup-job-temp-allocator-block-size-background=1048576"
    "memorysetup-job-temp-allocator-reduction-small-platforms=262144"
    "memorysetup-temp-allocator-size-background-worker=32768"
    "memorysetup-temp-allocator-size-job-worker=262144"
    "memorysetup-temp-allocator-size-preload-manager=33554432"
    "memorysetup-temp-allocator-size-nav-mesh-worker=65536"
    "memorysetup-temp-allocator-size-audio-worker=65536"
    "memorysetup-temp-allocator-size-cloud-worker=32768"
    "memorysetup-temp-allocator-size-gi-baking-worker=262144"
    "memorysetup-temp-allocator-size-gfx=262144"
Refreshing native plugins compatible for Editor in 103.66 ms, found 6 plugins.
Preloading 0 native plugins for Editor in 0.00 ms.
Initialize engine version: 2021.3.0f1 (6eacc8284459)
[Subsystems] Discovering subsystems at path C:/Program Files/Unity/Hub/Editor/2021.3.0f1/Editor/Data/Resources/UnitySubsystems
[Subsystems] Discovering subsystems at path C:/Users/justi/OneDrive/Games/RageQuit/Office/Assets
GfxDevice: creating device client; threaded=0; jobified=0
Direct3D:
    Version:  Direct3D 11.0 [level 11.1]
    Renderer: NVIDIA GeForce GTX 1080 Ti (ID=0x1b06)
    Vendor:   NVIDIA
    VRAM:     11128 MB
    Driver:   30.0.15.1215
Initialize mono
Mono path[0] = 'C:/Program Files/Unity/Hub/Editor/2021.3.0f1/Editor/Data/Managed'
Mono path[1] = 'C:/Program Files/Unity/Hub/Editor/2021.3.0f1/Editor/Data/MonoBleedingEdge/lib/mono/unityjit-win32'
Mono config path = 'C:/Program Files/Unity/Hub/Editor/2021.3.0f1/Editor/Data/MonoBleedingEdge/etc'
Using monoOptions --debugger-agent=transport=dt_socket,embedding=1,server=y,suspend=n,address=127.0.0.1:56408
Begin MonoManager ReloadAssembly
Registering precompiled unity dll's ...
Register platform support module: C:/Program Files/Unity/Hub/Editor/2021.3.0f1/Editor/Data/PlaybackEngines/WindowsStandaloneSupport/UnityEditor.WindowsStandalone.Extensions.dll
Registered in 0.006256 seconds.
Native extension for WindowsStandalone target not found
Refreshing native plugins compatible for Editor in 97.80 ms, found 6 plugins.
Preloading 0 native plugins for Editor in 0.00 ms.
Mono: successfully reloaded assembly
- Completed reload, in  0.687 seconds
Domain Reload Profiling:
	ReloadAssembly (687ms)
		BeginReloadAssembly (78ms)
			ExecutionOrderSort (0ms)
			DisableScriptedObjects (0ms)
			BackupInstance (0ms)
			ReleaseScriptingObjects (0ms)
			CreateAndSetChildDomain (1ms)
		EndReloadAssembly (481ms)
			LoadAssemblies (74ms)
			RebuildTransferFunctionScriptingTraits (0ms)
			SetupTypeCache (122ms)
			ReleaseScriptCaches (0ms)
			RebuildScriptCaches (27ms)
			SetupLoadedEditorAssemblies (275ms)
				LogAssemblyErrors (0ms)
				InitializePlatformSupportModulesInManaged (7ms)
				SetLoadedEditorAssemblies (0ms)
				RefreshPlugins (98ms)
				BeforeProcessingInitializeOnLoad (1ms)
				ProcessInitializeOnLoadAttributes (124ms)
				ProcessInitializeOnLoadMethodAttributes (44ms)
				AfterProcessingInitializeOnLoad (0ms)
				EditorAssembliesLoaded (0ms)
			ExecutionOrderSort2 (0ms)
			AwakeInstancesAfterBackupRestoration (0ms)
Platform modules already initialized, skipping
Registering precompiled user dll's ...
Registered in 0.006620 seconds.
Begin MonoManager ReloadAssembly
Symbol file LoadedFromMemory is not a mono symbol file
Native extension for WindowsStandalone target not found
Refreshing native plugins compatible for Editor in 93.90 ms, found 6 plugins.
Preloading 0 native plugins for Editor in 0.00 ms.
Mono: successfully reloaded assembly
- Completed reload, in  1.355 seconds
Domain Reload Profiling:
	ReloadAssembly (1356ms)
		BeginReloadAssembly (101ms)
			ExecutionOrderSort (0ms)
			DisableScriptedObjects (5ms)
			BackupInstance (0ms)
			ReleaseScriptingObjects (0ms)
			CreateAndSetChildDomain (23ms)
		EndReloadAssembly (1139ms)
			LoadAssemblies (87ms)
			RebuildTransferFunctionScriptingTraits (0ms)
			SetupTypeCache (203ms)
			ReleaseScriptCaches (1ms)
			RebuildScriptCaches (52ms)
			SetupLoadedEditorAssemblies (757ms)
				LogAssemblyErrors (0ms)
				InitializePlatformSupportModulesInManaged (3ms)
				SetLoadedEditorAssemblies (0ms)
				RefreshPlugins (94ms)
				BeforeProcessingInitializeOnLoad (86ms)
				ProcessInitializeOnLoadAttributes (500ms)
				ProcessInitializeOnLoadMethodAttributes (67ms)
				AfterProcessingInitializeOnLoad (6ms)
				EditorAssembliesLoaded (0ms)
			ExecutionOrderSort2 (0ms)
			AwakeInstancesAfterBackupRestoration (6ms)
Platform modules already initialized, skipping
========================================================================
Worker process is ready to serve import requests
Launched and connected shader compiler UnityShaderCompiler.exe after 0.06 seconds
Refreshing native plugins compatible for Editor in 2.16 ms, found 6 plugins.
Preloading 0 native plugins for Editor in 0.00 ms.
Unloading 4202 Unused Serialized files (Serialized files now loaded: 0)
Unloading 142 unused Assets / (0.8 MB). Loaded Objects now: 4636.
Memory consumption went from 196.5 MB to 195.7 MB.
Total: 4.939100 ms (FindLiveObjects: 0.622600 ms CreateObjectMapping: 0.115000 ms MarkObjects: 3.622500 ms  DeleteObjects: 0.577200 ms)

AssetImportParameters requested are different than current active one (requested -> active):
  custom:video-decoder-ogg-theora: a1e56fd34408186e4bbccfd4996cb3dc -> 
  custom:container-muxer-webm: aa71ff27fc2769a1b78a27578f13a17b -> 
  custom:container-demuxer-webm: 4f35f7cbe854078d1ac9338744f61a02 -> 
  custom:video-encoder-webm-vp8: eb34c28f22e8b96e1ab97ce403110664 -> 
  custom:audio-encoder-webm-vorbis: bf7c407c2cedff20999df2af8eb42d56 -> 
  custom:framework-win-MediaFoundation: 216162199b28c13a410421893ffa2e32 -> 
  custom:container-demuxer-ogg: 62fdf1f143b41e24485cea50d1cbac27 -> 
  custom:video-decoder-webm-vp8: 9c59270c3fd7afecdb556c50c9e8de78 -> 
  custom:audio-decoder-ogg-vorbis: bf7c407c2cedff20999df2af8eb42d56 -> 
========================================================================
Received Import Request.
  Time since last request: 30858.202677 seconds.
  path: Assets/Physics Hulls/SM_Bld_Wall_Trim_Window_03 Painting Data.asset
  artifactKey: Guid(1436dfb1148834e43948120f52819165) Importer(815301076,1909f56bfc062723c751e8b465ee728b)
Start importing Assets/Physics Hulls/SM_Bld_Wall_Trim_Window_03 Painting Data.asset using Guid(1436dfb1148834e43948120f52819165) Importer(815301076,1909f56bfc062723c751e8b465ee728b)  -> (artifact id: '5f279fffd018cce6a8a2356eda9b0b9d') in 0.042670 seconds 
========================================================================
Received Import Request.
  Time since last request: 0.000029 seconds.
  path: Assets/Physics Hulls/SM_Prop_Desk_06 Painting Data.asset
  artifactKey: Guid(a4b4dd00a1b1cd241bb0f0f0d7530138) Importer(815301076,1909f56bfc062723c751e8b465ee728b)
Start importing Assets/Physics Hulls/SM_Prop_Desk_06 Painting Data.asset using Guid(a4b4dd00a1b1cd241bb0f0f0d7530138) Importer(815301076,1909f56bfc062723c751e8b465ee728b)  -> (artifact id: '82f080e07a7ac1ddf53164b15aabc3ea') in 0.007021 seconds 
========================================================================
Received Import Request.
  Time since last request: 27.851843 seconds.
  path: Assets/Physics Hulls/SM_Prop_Desk_06 Painting Data.asset
  artifactKey: Guid(a4b4dd00a1b1cd241bb0f0f0d7530138) Importer(815301076,1909f56bfc062723c751e8b465ee728b)
Start importing Assets/Physics Hulls/SM_Prop_Desk_06 Painting Data.asset using Guid(a4b4dd00a1b1cd241bb0f0f0d7530138) Importer(815301076,1909f56bfc062723c751e8b465ee728b)  -> (artifact id: 'aae6ae6bc16b0a68e926a4d1ec4f0da0') in 0.003632 seconds 
========================================================================
Received Import Request.
  Time since last request: 26.381890 seconds.
  path: Assets/Physics Hulls/SM_Prop_Desk_06 Painting Data.asset
  artifactKey: Guid(a4b4dd00a1b1cd241bb0f0f0d7530138) Importer(815301076,1909f56bfc062723c751e8b465ee728b)
Start importing Assets/Physics Hulls/SM_Prop_Desk_06 Painting Data.asset using Guid(a4b4dd00a1b1cd241bb0f0f0d7530138) Importer(815301076,1909f56bfc062723c751e8b465ee728b)  -> (artifact id: 'cd46d81803ae5da3208f66723fb1e13e') in 0.003352 seconds 
========================================================================
Received Import Request.
  Time since last request: 66.646372 seconds.
  path: Assets/Physics Hulls/SM_Prop_Desk_06 Hull Data.asset
  artifactKey: Guid(fc732e71fd049f748ba32d79f2ea6453) Importer(815301076,1909f56bfc062723c751e8b465ee728b)
Start importing Assets/Physics Hulls/SM_Prop_Desk_06 Hull Data.asset using Guid(fc732e71fd049f748ba32d79f2ea6453) Importer(815301076,1909f56bfc062723c751e8b465ee728b)  -> (artifact id: 'c415a36e1dc5ea3055d4e42faadd584a') in 0.073644 seconds 
========================================================================
Received Import Request.
  Time since last request: 41.043168 seconds.
  path: Assets/Physics Hulls/SM_Prop_Desk_06 Hull Data.asset
  artifactKey: Guid(fc732e71fd049f748ba32d79f2ea6453) Importer(815301076,1909f56bfc062723c751e8b465ee728b)
Start importing Assets/Physics Hulls/SM_Prop_Desk_06 Hull Data.asset using Guid(fc732e71fd049f748ba32d79f2ea6453) Importer(815301076,1909f56bfc062723c751e8b465ee728b)  -> (artifact id: '470629f68372ce113b4125003618baec') in 0.012245 seconds 
========================================================================
Received Import Request.
  Time since last request: 17.913874 seconds.
  path: Assets/Physics Hulls/SM_Prop_Desk_06 Painting Data.asset
  artifactKey: Guid(a4b4dd00a1b1cd241bb0f0f0d7530138) Importer(815301076,1909f56bfc062723c751e8b465ee728b)
Start importing Assets/Physics Hulls/SM_Prop_Desk_06 Painting Data.asset using Guid(a4b4dd00a1b1cd241bb0f0f0d7530138) Importer(815301076,1909f56bfc062723c751e8b465ee728b)  -> (artifact id: '8441a2fd2c48d3e0215f5c092006b869') in 0.003837 seconds 
========================================================================
Received Import Request.
  Time since last request: 50.696095 seconds.
  path: Assets/Physics Hulls/SM_Prop_Desk_06 Hull Data.asset
  artifactKey: Guid(fc732e71fd049f748ba32d79f2ea6453) Importer(815301076,1909f56bfc062723c751e8b465ee728b)
Start importing Assets/Physics Hulls/SM_Prop_Desk_06 Hull Data.asset using Guid(fc732e71fd049f748ba32d79f2ea6453) Importer(815301076,1909f56bfc062723c751e8b465ee728b)  -> (artifact id: 'd6be4ea88ec111a426bc8c3c50c22f3d') in 0.011698 seconds 
========================================================================
Received Import Request.
  Time since last request: 12.944411 seconds.
  path: Assets/Physics Hulls/SM_Prop_Desk_06 Painting Data.asset
  artifactKey: Guid(a4b4dd00a1b1cd241bb0f0f0d7530138) Importer(815301076,1909f56bfc062723c751e8b465ee728b)
Start importing Assets/Physics Hulls/SM_Prop_Desk_06 Painting Data.asset using Guid(a4b4dd00a1b1cd241bb0f0f0d7530138) Importer(815301076,1909f56bfc062723c751e8b465ee728b)  -> (artifact id: '4f166540aa52d2aeeda41d36330b0720') in 0.003930 seconds 
========================================================================
Received Import Request.
  Time since last request: 7.031661 seconds.
  path: Assets/Physics Hulls/SM_Prop_Desk_06 Painting Data.asset
  artifactKey: Guid(a4b4dd00a1b1cd241bb0f0f0d7530138) Importer(815301076,1909f56bfc062723c751e8b465ee728b)
Start importing Assets/Physics Hulls/SM_Prop_Desk_06 Painting Data.asset using Guid(a4b4dd00a1b1cd241bb0f0f0d7530138) Importer(815301076,1909f56bfc062723c751e8b465ee728b)  -> (artifact id: 'aa1abe003dd5e21814054dca9d9c59b0') in 0.003903 seconds 
========================================================================
Received Import Request.
  Time since last request: 40.849122 seconds.
  path: Assets/Physics Hulls/SM_Prop_Desk_06 Hull Data.asset
  artifactKey: Guid(fc732e71fd049f748ba32d79f2ea6453) Importer(815301076,1909f56bfc062723c751e8b465ee728b)
Start importing Assets/Physics Hulls/SM_Prop_Desk_06 Hull Data.asset using Guid(fc732e71fd049f748ba32d79f2ea6453) Importer(815301076,1909f56bfc062723c751e8b465ee728b)  -> (artifact id: '024fabe4f14aa78cb3519d4a589d4757') in 0.024399 seconds 
========================================================================
Received Import Request.
  Time since last request: 16.150416 seconds.
  path: Assets/Physics Hulls/SM_Prop_Desk_06 Painting Data.asset
  artifactKey: Guid(a4b4dd00a1b1cd241bb0f0f0d7530138) Importer(815301076,1909f56bfc062723c751e8b465ee728b)
Start importing Assets/Physics Hulls/SM_Prop_Desk_06 Painting Data.asset using Guid(a4b4dd00a1b1cd241bb0f0f0d7530138) Importer(815301076,1909f56bfc062723c751e8b465ee728b)  -> (artifact id: 'ff325b6b7501418d6f06415bb9a1bee1') in 0.004411 seconds 
========================================================================
Received Import Request.
  Time since last request: 21.073331 seconds.
  path: Assets/Physics Hulls/SM_Prop_Desk_06 Painting Data.asset
  artifactKey: Guid(a4b4dd00a1b1cd241bb0f0f0d7530138) Importer(815301076,1909f56bfc062723c751e8b465ee728b)
Start importing Assets/Physics Hulls/SM_Prop_Desk_06 Painting Data.asset using Guid(a4b4dd00a1b1cd241bb0f0f0d7530138) Importer(815301076,1909f56bfc062723c751e8b465ee728b)  -> (artifact id: '1570dac02d8468a5956d43f2528a66c6') in 0.004230 seconds 
========================================================================
Received Import Request.
  Time since last request: 11.100656 seconds.
  path: Assets/Physics Hulls/SM_Prop_Desk_06 Hull Data.asset
  artifactKey: Guid(fc732e71fd049f748ba32d79f2ea6453) Importer(815301076,1909f56bfc062723c751e8b465ee728b)
Start importing Assets/Physics Hulls/SM_Prop_Desk_06 Hull Data.asset using Guid(fc732e71fd049f748ba32d79f2ea6453) Importer(815301076,1909f56bfc062723c751e8b465ee728b)  -> (artifact id: '309a70f0877e05cc598118cc87bc554e') in 0.022144 seconds 
========================================================================
Received Import Request.
  Time since last request: 5.301777 seconds.
  path: Assets/Physics Hulls/SM_Prop_Desk_06 Painting Data.asset
  artifactKey: Guid(a4b4dd00a1b1cd241bb0f0f0d7530138) Importer(815301076,1909f56bfc062723c751e8b465ee728b)
Start importing Assets/Physics Hulls/SM_Prop_Desk_06 Painting Data.asset using Guid(a4b4dd00a1b1cd241bb0f0f0d7530138) Importer(815301076,1909f56bfc062723c751e8b465ee728b)  -> (artifact id: '37d42f730f9d80a63d6b6d9af236edd9') in 0.004141 seconds 
========================================================================
Received Import Request.
  Time since last request: 21.171124 seconds.
  path: Assets/Physics Hulls/SM_Prop_Desk_06 Painting Data.asset
  artifactKey: Guid(a4b4dd00a1b1cd241bb0f0f0d7530138) Importer(815301076,1909f56bfc062723c751e8b465ee728b)
Start importing Assets/Physics Hulls/SM_Prop_Desk_06 Painting Data.asset using Guid(a4b4dd00a1b1cd241bb0f0f0d7530138) Importer(815301076,1909f56bfc062723c751e8b465ee728b)  -> (artifact id: 'f53b6f6c7f660de33cc160aca71d5957') in 0.003922 seconds 
========================================================================
Received Prepare
Registering precompiled user dll's ...
Registered in 0.007895 seconds.
Begin MonoManager ReloadAssembly
Symbol file LoadedFromMemory is not a mono symbol file
Native extension for WindowsStandalone target not found
Refreshing native plugins compatible for Editor in 1.37 ms, found 6 plugins.
Preloading 0 native plugins for Editor in 0.00 ms.
Warning: Annotation not found!
UnityEngine.StackTraceUtility:ExtractStackTrace ()
UnityEditor.ProBuilder.EditorUtility:SetGizmoIconEnabled (System.Type,bool) (at Library/PackageCache/com.unity.probuilder@5.0.3/Editor/EditorCore/EditorUtility.cs:575)
UnityEditor.ProBuilder.HierarchyListener:.cctor () (at Library/PackageCache/com.unity.probuilder@5.0.3/Editor/EditorCore/HierarchyListener.cs:21)
System.Runtime.CompilerServices.RuntimeHelpers:RunClassConstructor (System.RuntimeTypeHandle)
UnityEditor.EditorAssemblies:ProcessInitializeOnLoadAttributes (System.Type[])

[Library/PackageCache/com.unity.probuilder@5.0.3/Editor/EditorCore/EditorUtility.cs line 575]

Mono: successfully reloaded assembly
- Completed reload, in  1.094 seconds
Domain Reload Profiling:
	ReloadAssembly (1095ms)
		BeginReloadAssembly (129ms)
			ExecutionOrderSort (0ms)
			DisableScriptedObjects (3ms)
			BackupInstance (0ms)
			ReleaseScriptingObjects (0ms)
			CreateAndSetChildDomain (38ms)
		EndReloadAssembly (880ms)
			LoadAssemblies (88ms)
			RebuildTransferFunctionScriptingTraits (0ms)
			SetupTypeCache (226ms)
			ReleaseScriptCaches (2ms)
			RebuildScriptCaches (38ms)
			SetupLoadedEditorAssemblies (475ms)
				LogAssemblyErrors (0ms)
				InitializePlatformSupportModulesInManaged (12ms)
				SetLoadedEditorAssemblies (0ms)
				RefreshPlugins (1ms)
				BeforeProcessingInitializeOnLoad (69ms)
				ProcessInitializeOnLoadAttributes (310ms)
				ProcessInitializeOnLoadMethodAttributes (76ms)
				AfterProcessingInitializeOnLoad (7ms)
				EditorAssembliesLoaded (0ms)
			ExecutionOrderSort2 (0ms)
			AwakeInstancesAfterBackupRestoration (8ms)
Platform modules already initialized, skipping
Refreshing native plugins compatible for Editor in 6.11 ms, found 6 plugins.
Preloading 0 native plugins for Editor in 0.00 ms.
Unloading 4037 Unused Serialized files (Serialized files now loaded: 0)
Unloading 30 unused Assets / (0.7 MB). Loaded Objects now: 4648.
Memory consumption went from 183.6 MB to 182.9 MB.
Total: 5.366100 ms (FindLiveObjects: 0.477100 ms CreateObjectMapping: 0.095300 ms MarkObjects: 4.304300 ms  DeleteObjects: 0.487500 ms)

AssetImportParameters requested are different than current active one (requested -> active):
  custom:video-decoder-ogg-theora: a1e56fd34408186e4bbccfd4996cb3dc -> 
  custom:container-muxer-webm: aa71ff27fc2769a1b78a27578f13a17b -> 
  custom:container-demuxer-webm: 4f35f7cbe854078d1ac9338744f61a02 -> 
  custom:video-encoder-webm-vp8: eb34c28f22e8b96e1ab97ce403110664 -> 
  custom:audio-encoder-webm-vorbis: bf7c407c2cedff20999df2af8eb42d56 -> 
  custom:framework-win-MediaFoundation: 216162199b28c13a410421893ffa2e32 -> 
  custom:container-demuxer-ogg: 62fdf1f143b41e24485cea50d1cbac27 -> 
  custom:video-decoder-webm-vp8: 9c59270c3fd7afecdb556c50c9e8de78 -> 
  custom:audio-decoder-ogg-vorbis: bf7c407c2cedff20999df2af8eb42d56 -> 
========================================================================
Received Prepare
Registering precompiled user dll's ...
Registered in 0.005006 seconds.
Begin MonoManager ReloadAssembly
Symbol file LoadedFromMemory is not a mono symbol file
Native extension for WindowsStandalone target not found
Refreshing native plugins compatible for Editor in 1.48 ms, found 6 plugins.
Preloading 0 native plugins for Editor in 0.00 ms.
Warning: Annotation not found!
UnityEngine.StackTraceUtility:ExtractStackTrace ()
UnityEditor.ProBuilder.EditorUtility:SetGizmoIconEnabled (System.Type,bool) (at Library/PackageCache/com.unity.probuilder@5.0.3/Editor/EditorCore/EditorUtility.cs:575)
UnityEditor.ProBuilder.HierarchyListener:.cctor () (at Library/PackageCache/com.unity.probuilder@5.0.3/Editor/EditorCore/HierarchyListener.cs:21)
System.Runtime.CompilerServices.RuntimeHelpers:RunClassConstructor (System.RuntimeTypeHandle)
UnityEditor.EditorAssemblies:ProcessInitializeOnLoadAttributes (System.Type[])

[Library/PackageCache/com.unity.probuilder@5.0.3/Editor/EditorCore/EditorUtility.cs line 575]

Mono: successfully reloaded assembly
- Completed reload, in  1.035 seconds
Domain Reload Profiling:
	ReloadAssembly (1036ms)
		BeginReloadAssembly (122ms)
			ExecutionOrderSort (0ms)
			DisableScriptedObjects (4ms)
			BackupInstance (0ms)
			ReleaseScriptingObjects (0ms)
			CreateAndSetChildDomain (40ms)
		EndReloadAssembly (821ms)
			LoadAssemblies (85ms)
			RebuildTransferFunctionScriptingTraits (0ms)
			SetupTypeCache (197ms)
			ReleaseScriptCaches (2ms)
			RebuildScriptCaches (38ms)
			SetupLoadedEditorAssemblies (448ms)
				LogAssemblyErrors (0ms)
				InitializePlatformSupportModulesInManaged (10ms)
				SetLoadedEditorAssemblies (0ms)
				RefreshPlugins (2ms)
				BeforeProcessingInitializeOnLoad (62ms)
				ProcessInitializeOnLoadAttributes (299ms)
				ProcessInitializeOnLoadMethodAttributes (69ms)
				AfterProcessingInitializeOnLoad (6ms)
				EditorAssembliesLoaded (0ms)
			ExecutionOrderSort2 (0ms)
			AwakeInstancesAfterBackupRestoration (9ms)
Platform modules already initialized, skipping
Refreshing native plugins compatible for Editor in 6.37 ms, found 6 plugins.
Preloading 0 native plugins for Editor in 0.00 ms.
Unloading 4037 Unused Serialized files (Serialized files now loaded: 0)
Unloading 30 unused Assets / (0.7 MB). Loaded Objects now: 4651.
Memory consumption went from 183.6 MB to 182.9 MB.
Total: 8.009900 ms (FindLiveObjects: 0.700100 ms CreateObjectMapping: 0.140700 ms MarkObjects: 6.519900 ms  DeleteObjects: 0.646700 ms)

AssetImportParameters requested are different than current active one (requested -> active):
  custom:video-decoder-ogg-theora: a1e56fd34408186e4bbccfd4996cb3dc -> 
  custom:container-muxer-webm: aa71ff27fc2769a1b78a27578f13a17b -> 
  custom:container-demuxer-webm: 4f35f7cbe854078d1ac9338744f61a02 -> 
  custom:video-encoder-webm-vp8: eb34c28f22e8b96e1ab97ce403110664 -> 
  custom:audio-encoder-webm-vorbis: bf7c407c2cedff20999df2af8eb42d56 -> 
  custom:framework-win-MediaFoundation: 216162199b28c13a410421893ffa2e32 -> 
  custom:container-demuxer-ogg: 62fdf1f143b41e24485cea50d1cbac27 -> 
  custom:video-decoder-webm-vp8: 9c59270c3fd7afecdb556c50c9e8de78 -> 
  custom:audio-decoder-ogg-vorbis: bf7c407c2cedff20999df2af8eb42d56 -> 
