Using pre-set license
Built from '2021.3/staging' branch; Version is '2021.3.0f1 (6eacc8284459) revision 7253192'; Using compiler version '192829333'; Build Type 'Release'
OS: 'Windows 11  (10.0.22000) 64bit Core' Language: 'en' Physical Memory: 32682 MB
BatchMode: 1, IsHumanControllingUs: 0, StartBugReporterOnCrash: 0, Is64bit: 1, IsPro: 1

COMMAND LINE ARGUMENTS:
C:\Program Files\Unity\Hub\Editor\2021.3.0f1\Editor\Unity.exe
-adb2
-batchMode
-noUpm
-name
AssetImportWorker13
-projectPath
C:/Users/justi/OneDrive/Games/RageQuit/Office
-logFile
Logs/AssetImportWorker13.log
-srvPort
57341
Successfully changed project path to: C:/Users/justi/OneDrive/Games/RageQuit/Office
C:/Users/justi/OneDrive/Games/RageQuit/Office
[UnityMemory] Configuration Parameters - Can be set up in boot.config
    "memorysetup-bucket-allocator-granularity=16"
    "memorysetup-bucket-allocator-bucket-count=8"
    "memorysetup-bucket-allocator-block-size=33554432"
    "memorysetup-bucket-allocator-block-count=8"
    "memorysetup-main-allocator-block-size=16777216"
    "memorysetup-thread-allocator-block-size=16777216"
    "memorysetup-gfx-main-allocator-block-size=16777216"
    "memorysetup-gfx-thread-allocator-block-size=16777216"
    "memorysetup-cache-allocator-block-size=4194304"
    "memorysetup-typetree-allocator-block-size=2097152"
    "memorysetup-profiler-bucket-allocator-granularity=16"
    "memorysetup-profiler-bucket-allocator-bucket-count=8"
    "memorysetup-profiler-bucket-allocator-block-size=33554432"
    "memorysetup-profiler-bucket-allocator-block-count=8"
    "memorysetup-profiler-allocator-block-size=16777216"
    "memorysetup-profiler-editor-allocator-block-size=1048576"
    "memorysetup-temp-allocator-size-main=16777216"
    "memorysetup-job-temp-allocator-block-size=2097152"
    "memorysetup-job-temp-allocator-block-size-background=1048576"
    "memorysetup-job-temp-allocator-reduction-small-platforms=262144"
    "memorysetup-temp-allocator-size-background-worker=32768"
    "memorysetup-temp-allocator-size-job-worker=262144"
    "memorysetup-temp-allocator-size-preload-manager=33554432"
    "memorysetup-temp-allocator-size-nav-mesh-worker=65536"
    "memorysetup-temp-allocator-size-audio-worker=65536"
    "memorysetup-temp-allocator-size-cloud-worker=32768"
    "memorysetup-temp-allocator-size-gi-baking-worker=262144"
    "memorysetup-temp-allocator-size-gfx=262144"
Refreshing native plugins compatible for Editor in 116.06 ms, found 6 plugins.
Preloading 0 native plugins for Editor in 0.00 ms.
Initialize engine version: 2021.3.0f1 (6eacc8284459)
[Subsystems] Discovering subsystems at path C:/Program Files/Unity/Hub/Editor/2021.3.0f1/Editor/Data/Resources/UnitySubsystems
[Subsystems] Discovering subsystems at path C:/Users/justi/OneDrive/Games/RageQuit/Office/Assets
GfxDevice: creating device client; threaded=0; jobified=0
Direct3D:
    Version:  Direct3D 11.0 [level 11.1]
    Renderer: NVIDIA GeForce GTX 1080 Ti (ID=0x1b06)
    Vendor:   NVIDIA
    VRAM:     11128 MB
    Driver:   30.0.15.1215
Initialize mono
Mono path[0] = 'C:/Program Files/Unity/Hub/Editor/2021.3.0f1/Editor/Data/Managed'
Mono path[1] = 'C:/Program Files/Unity/Hub/Editor/2021.3.0f1/Editor/Data/MonoBleedingEdge/lib/mono/unityjit-win32'
Mono config path = 'C:/Program Files/Unity/Hub/Editor/2021.3.0f1/Editor/Data/MonoBleedingEdge/etc'
Using monoOptions --debugger-agent=transport=dt_socket,embedding=1,server=y,suspend=n,address=127.0.0.1:56380
Begin MonoManager ReloadAssembly
Registering precompiled unity dll's ...
Register platform support module: C:/Program Files/Unity/Hub/Editor/2021.3.0f1/Editor/Data/PlaybackEngines/WindowsStandaloneSupport/UnityEditor.WindowsStandalone.Extensions.dll
Registered in 0.005237 seconds.
Native extension for WindowsStandalone target not found
Refreshing native plugins compatible for Editor in 88.39 ms, found 6 plugins.
Preloading 0 native plugins for Editor in 0.00 ms.
Mono: successfully reloaded assembly
- Completed reload, in  0.582 seconds
Domain Reload Profiling:
	ReloadAssembly (582ms)
		BeginReloadAssembly (62ms)
			ExecutionOrderSort (0ms)
			DisableScriptedObjects (0ms)
			BackupInstance (0ms)
			ReleaseScriptingObjects (0ms)
			CreateAndSetChildDomain (1ms)
		EndReloadAssembly (410ms)
			LoadAssemblies (60ms)
			RebuildTransferFunctionScriptingTraits (0ms)
			SetupTypeCache (91ms)
			ReleaseScriptCaches (0ms)
			RebuildScriptCaches (24ms)
			SetupLoadedEditorAssemblies (250ms)
				LogAssemblyErrors (0ms)
				InitializePlatformSupportModulesInManaged (6ms)
				SetLoadedEditorAssemblies (0ms)
				RefreshPlugins (88ms)
				BeforeProcessingInitializeOnLoad (1ms)
				ProcessInitializeOnLoadAttributes (117ms)
				ProcessInitializeOnLoadMethodAttributes (37ms)
				AfterProcessingInitializeOnLoad (0ms)
				EditorAssembliesLoaded (0ms)
			ExecutionOrderSort2 (0ms)
			AwakeInstancesAfterBackupRestoration (0ms)
Platform modules already initialized, skipping
Registering precompiled user dll's ...
Registered in 0.005345 seconds.
Begin MonoManager ReloadAssembly
Symbol file LoadedFromMemory is not a mono symbol file
Native extension for WindowsStandalone target not found
Refreshing native plugins compatible for Editor in 91.92 ms, found 6 plugins.
Preloading 0 native plugins for Editor in 0.00 ms.
Mono: successfully reloaded assembly
- Completed reload, in  1.334 seconds
Domain Reload Profiling:
	ReloadAssembly (1334ms)
		BeginReloadAssembly (103ms)
			ExecutionOrderSort (0ms)
			DisableScriptedObjects (5ms)
			BackupInstance (0ms)
			ReleaseScriptingObjects (0ms)
			CreateAndSetChildDomain (21ms)
		EndReloadAssembly (1127ms)
			LoadAssemblies (96ms)
			RebuildTransferFunctionScriptingTraits (0ms)
			SetupTypeCache (195ms)
			ReleaseScriptCaches (1ms)
			RebuildScriptCaches (50ms)
			SetupLoadedEditorAssemblies (753ms)
				LogAssemblyErrors (0ms)
				InitializePlatformSupportModulesInManaged (3ms)
				SetLoadedEditorAssemblies (0ms)
				RefreshPlugins (92ms)
				BeforeProcessingInitializeOnLoad (80ms)
				ProcessInitializeOnLoadAttributes (507ms)
				ProcessInitializeOnLoadMethodAttributes (63ms)
				AfterProcessingInitializeOnLoad (7ms)
				EditorAssembliesLoaded (0ms)
			ExecutionOrderSort2 (0ms)
			AwakeInstancesAfterBackupRestoration (5ms)
Platform modules already initialized, skipping
========================================================================
Worker process is ready to serve import requests
Launched and connected shader compiler UnityShaderCompiler.exe after 0.06 seconds
Refreshing native plugins compatible for Editor in 1.57 ms, found 6 plugins.
Preloading 0 native plugins for Editor in 0.00 ms.
Unloading 4202 Unused Serialized files (Serialized files now loaded: 0)
Unloading 142 unused Assets / (0.7 MB). Loaded Objects now: 4637.
Memory consumption went from 201.0 MB to 200.3 MB.
Total: 4.414500 ms (FindLiveObjects: 0.464100 ms CreateObjectMapping: 0.101700 ms MarkObjects: 3.333500 ms  DeleteObjects: 0.513600 ms)

AssetImportParameters requested are different than current active one (requested -> active):
  custom:video-decoder-ogg-theora: a1e56fd34408186e4bbccfd4996cb3dc -> 
  custom:container-muxer-webm: aa71ff27fc2769a1b78a27578f13a17b -> 
  custom:container-demuxer-webm: 4f35f7cbe854078d1ac9338744f61a02 -> 
  custom:video-encoder-webm-vp8: eb34c28f22e8b96e1ab97ce403110664 -> 
  custom:audio-encoder-webm-vorbis: bf7c407c2cedff20999df2af8eb42d56 -> 
  custom:framework-win-MediaFoundation: 216162199b28c13a410421893ffa2e32 -> 
  custom:container-demuxer-ogg: 62fdf1f143b41e24485cea50d1cbac27 -> 
  custom:video-decoder-webm-vp8: 9c59270c3fd7afecdb556c50c9e8de78 -> 
  custom:audio-decoder-ogg-vorbis: bf7c407c2cedff20999df2af8eb42d56 -> 
========================================================================
Received Import Request.
  Time since last request: 6399.846962 seconds.
  path: Assets/PolygonCity/Models/Collisions/SM_Bld_Apartment_02_Convex 1.asset
  artifactKey: Guid(7ea8b95b5782d4d45bdf817a439a9d5a) Importer(815301076,1909f56bfc062723c751e8b465ee728b)
Start importing Assets/PolygonCity/Models/Collisions/SM_Bld_Apartment_02_Convex 1.asset using Guid(7ea8b95b5782d4d45bdf817a439a9d5a) Importer(815301076,1909f56bfc062723c751e8b465ee728b)  -> (artifact id: 'fe7e5aba20e3bbe390e55793eaf90b73') in 0.112560 seconds 
========================================================================
Received Import Request.
  Time since last request: 0.000028 seconds.
  path: Assets/PolygonCity/Models/Collisions/SM_Bld_Cover_02_Convex 1.asset
  artifactKey: Guid(6c30bac6ac8fbc746bddf7149146d075) Importer(815301076,1909f56bfc062723c751e8b465ee728b)
Start importing Assets/PolygonCity/Models/Collisions/SM_Bld_Cover_02_Convex 1.asset using Guid(6c30bac6ac8fbc746bddf7149146d075) Importer(815301076,1909f56bfc062723c751e8b465ee728b)  -> (artifact id: 'a3a2b425c65ad9c381eea4604d2bde0d') in 0.032240 seconds 
========================================================================
Received Import Request.
  Time since last request: 0.000039 seconds.
  path: Assets/PolygonCity/Models/Collisions/SM_Bld_Apartment_Stairs_03_Convex 3.asset
  artifactKey: Guid(e55e9db328382ae44a063314822ccdf5) Importer(815301076,1909f56bfc062723c751e8b465ee728b)
Start importing Assets/PolygonCity/Models/Collisions/SM_Bld_Apartment_Stairs_03_Convex 3.asset using Guid(e55e9db328382ae44a063314822ccdf5) Importer(815301076,1909f56bfc062723c751e8b465ee728b)  -> (artifact id: 'ba808b5f2aa7bc4d2f149a516a9f9e79') in 0.066579 seconds 
========================================================================
Received Import Request.
  Time since last request: 0.000056 seconds.
  path: Assets/PolygonCity/Models/Collisions/SM_Bld_Apartment_Door_01_Convex 1.asset
  artifactKey: Guid(c9a89290e20bcfc4985bc47fcc8f7e75) Importer(815301076,1909f56bfc062723c751e8b465ee728b)
Start importing Assets/PolygonCity/Models/Collisions/SM_Bld_Apartment_Door_01_Convex 1.asset using Guid(c9a89290e20bcfc4985bc47fcc8f7e75) Importer(815301076,1909f56bfc062723c751e8b465ee728b)  -> (artifact id: '25030754c6a8ff89aff833e1bb42312b') in 0.019306 seconds 
========================================================================
Received Import Request.
  Time since last request: 0.000042 seconds.
  path: Assets/PolygonCity/Models/Collisions/SM_Bld_Apartment_Corner_03_Convex 1.asset
  artifactKey: Guid(d25f65df190a03840a5178e9e1af0758) Importer(815301076,1909f56bfc062723c751e8b465ee728b)
Start importing Assets/PolygonCity/Models/Collisions/SM_Bld_Apartment_Corner_03_Convex 1.asset using Guid(d25f65df190a03840a5178e9e1af0758) Importer(815301076,1909f56bfc062723c751e8b465ee728b)  -> (artifact id: '64c23b01ff790160756de446f0ffdff6') in 0.023002 seconds 
========================================================================
Received Import Request.
  Time since last request: 0.000020 seconds.
  path: Assets/PolygonCity/Models/Collisions/SM_Bld_Apartment_Stairs_02_Collision.fbx
  artifactKey: Guid(d727ed3d685501b45af77bdb4fb61185) Importer(815301076,1909f56bfc062723c751e8b465ee728b)
Start importing Assets/PolygonCity/Models/Collisions/SM_Bld_Apartment_Stairs_02_Collision.fbx using Guid(d727ed3d685501b45af77bdb4fb61185) Importer(815301076,1909f56bfc062723c751e8b465ee728b)  -> (artifact id: 'f8ace561d3595692c8adeea1abd71290') in 0.195065 seconds 
========================================================================
Received Import Request.
  Time since last request: 14.234860 seconds.
  path: Assets/PolygonCity/Models/Collisions/SM_Bld_FireEscape_02_Convex 1.asset
  artifactKey: Guid(fc6f9f7e6d462034f8372d5d91ad3b2e) Importer(815301076,1909f56bfc062723c751e8b465ee728b)
Start importing Assets/PolygonCity/Models/Collisions/SM_Bld_FireEscape_02_Convex 1.asset using Guid(fc6f9f7e6d462034f8372d5d91ad3b2e) Importer(815301076,1909f56bfc062723c751e8b465ee728b)  -> (artifact id: '59134576520bc80258622a9741a9a236') in 0.041173 seconds 
========================================================================
Received Import Request.
  Time since last request: 0.000034 seconds.
  path: Assets/PolygonCity/Models/Collisions/SM_Bld_OfficeOctagon_Base_01_Convex.asset
  artifactKey: Guid(17b5f469323d25340b8ebc92502a8075) Importer(815301076,1909f56bfc062723c751e8b465ee728b)
Start importing Assets/PolygonCity/Models/Collisions/SM_Bld_OfficeOctagon_Base_01_Convex.asset using Guid(17b5f469323d25340b8ebc92502a8075) Importer(815301076,1909f56bfc062723c751e8b465ee728b)  -> (artifact id: '7843d38143b799ace173794cb2f80c31') in 0.015716 seconds 
========================================================================
Received Import Request.
  Time since last request: 0.047476 seconds.
  path: Assets/PolygonCity/Models/Collisions/SM_Bld_OfficeOld_Large_Base_01_Convex 1.asset
  artifactKey: Guid(41692fb0767ef1e4fadf962f8074545f) Importer(815301076,1909f56bfc062723c751e8b465ee728b)
Start importing Assets/PolygonCity/Models/Collisions/SM_Bld_OfficeOld_Large_Base_01_Convex 1.asset using Guid(41692fb0767ef1e4fadf962f8074545f) Importer(815301076,1909f56bfc062723c751e8b465ee728b)  -> (artifact id: '525e75357aa679b017fb812d46201c70') in 0.021736 seconds 
========================================================================
Received Import Request.
  Time since last request: 0.000025 seconds.
  path: Assets/PolygonCity/Models/Collisions/SM_Bld_OfficeOld_Small_01_Convex 1.asset
  artifactKey: Guid(f70f84a4bc1b9b843a3f18fc93990c21) Importer(815301076,1909f56bfc062723c751e8b465ee728b)
Start importing Assets/PolygonCity/Models/Collisions/SM_Bld_OfficeOld_Small_01_Convex 1.asset using Guid(f70f84a4bc1b9b843a3f18fc93990c21) Importer(815301076,1909f56bfc062723c751e8b465ee728b)  -> (artifact id: 'c8f19114d60845a12a737a2d50959305') in 0.034378 seconds 
========================================================================
Received Import Request.
  Time since last request: 0.000040 seconds.
  path: Assets/PolygonCity/Models/Collisions/SM_Bld_OfficeOld_Small_01_Convex 7.asset
  artifactKey: Guid(36a00284ae36f034481eb15d8c98b394) Importer(815301076,1909f56bfc062723c751e8b465ee728b)
Start importing Assets/PolygonCity/Models/Collisions/SM_Bld_OfficeOld_Small_01_Convex 7.asset using Guid(36a00284ae36f034481eb15d8c98b394) Importer(815301076,1909f56bfc062723c751e8b465ee728b)  -> (artifact id: 'eacb5cfe767c91cc638d3f6ba1b27286') in 0.021768 seconds 
========================================================================
Received Import Request.
  Time since last request: 0.000035 seconds.
  path: Assets/PolygonCity/Models/Collisions/SM_Bld_OfficeOld_Small_02_Convex 1.asset
  artifactKey: Guid(810735e12d93cac4da82fa5cdbfd5e7b) Importer(815301076,1909f56bfc062723c751e8b465ee728b)
Start importing Assets/PolygonCity/Models/Collisions/SM_Bld_OfficeOld_Small_02_Convex 1.asset using Guid(810735e12d93cac4da82fa5cdbfd5e7b) Importer(815301076,1909f56bfc062723c751e8b465ee728b)  -> (artifact id: '19fe508d38dfda18292f8213d6f11ff0') in 0.022131 seconds 
========================================================================
Received Import Request.
  Time since last request: 0.000030 seconds.
  path: Assets/PolygonCity/Models/Collisions/SM_Bld_OfficeOld_Small_Floor_01_Convex 1.asset
  artifactKey: Guid(0513d2c8a95570e4da425687e789d6ae) Importer(815301076,1909f56bfc062723c751e8b465ee728b)
Start importing Assets/PolygonCity/Models/Collisions/SM_Bld_OfficeOld_Small_Floor_01_Convex 1.asset using Guid(0513d2c8a95570e4da425687e789d6ae) Importer(815301076,1909f56bfc062723c751e8b465ee728b)  -> (artifact id: '6b2f00545368547a2107d464545dfb89') in 0.021688 seconds 
========================================================================
Received Import Request.
  Time since last request: 50.162471 seconds.
  path: Assets/PolygonCity/Models/Collisions/SM_Bld_OfficeRound_03_Convex.asset
  artifactKey: Guid(9da720941ab2a3547ab9059ab7048221) Importer(815301076,1909f56bfc062723c751e8b465ee728b)
Start importing Assets/PolygonCity/Models/Collisions/SM_Bld_OfficeRound_03_Convex.asset using Guid(9da720941ab2a3547ab9059ab7048221) Importer(815301076,1909f56bfc062723c751e8b465ee728b)  -> (artifact id: '76d5049705df21a09e6a08049513a004') in 0.014617 seconds 
========================================================================
Received Import Request.
  Time since last request: 0.000026 seconds.
  path: Assets/PolygonCity/Models/Collisions/SM_Bld_OfficeRound_Roof_01_Convex 4.asset
  artifactKey: Guid(6084313b6139c0f4e84bf48f7ee77b50) Importer(815301076,1909f56bfc062723c751e8b465ee728b)
Start importing Assets/PolygonCity/Models/Collisions/SM_Bld_OfficeRound_Roof_01_Convex 4.asset using Guid(6084313b6139c0f4e84bf48f7ee77b50) Importer(815301076,1909f56bfc062723c751e8b465ee728b)  -> (artifact id: '1781937ea06ce41b5b74b17252fddb77') in 0.014308 seconds 
========================================================================
Received Import Request.
  Time since last request: 0.000038 seconds.
  path: Assets/PolygonCity/Models/Collisions/SM_Bld_OfficeRound_Roof_01_Convex 3.asset
  artifactKey: Guid(6ef5d7a1f19d5124db838af4c3b97734) Importer(815301076,1909f56bfc062723c751e8b465ee728b)
Start importing Assets/PolygonCity/Models/Collisions/SM_Bld_OfficeRound_Roof_01_Convex 3.asset using Guid(6ef5d7a1f19d5124db838af4c3b97734) Importer(815301076,1909f56bfc062723c751e8b465ee728b)  -> (artifact id: '3fbe26daf5eb37cd8d1084eebe98d1c3') in 0.011592 seconds 
========================================================================
Received Import Request.
  Time since last request: 0.048849 seconds.
  path: Assets/PolygonCity/Models/Collisions/SM_Bld_OfficeSquare_Base_01_Convex.asset
  artifactKey: Guid(a26dc6492e29f694f8188ef15a740071) Importer(815301076,1909f56bfc062723c751e8b465ee728b)
Start importing Assets/PolygonCity/Models/Collisions/SM_Bld_OfficeSquare_Base_01_Convex.asset using Guid(a26dc6492e29f694f8188ef15a740071) Importer(815301076,1909f56bfc062723c751e8b465ee728b)  -> (artifact id: '8d87b55bf9958cc307330cdd7c591174') in 0.040167 seconds 
========================================================================
Received Import Request.
  Time since last request: 0.000023 seconds.
  path: Assets/PolygonCity/Models/Collisions/SM_Bld_Shop_03_Convex 1.asset
  artifactKey: Guid(61f304fa9aa2c114fa18802ae1a54cd8) Importer(815301076,1909f56bfc062723c751e8b465ee728b)
Start importing Assets/PolygonCity/Models/Collisions/SM_Bld_Shop_03_Convex 1.asset using Guid(61f304fa9aa2c114fa18802ae1a54cd8) Importer(815301076,1909f56bfc062723c751e8b465ee728b)  -> (artifact id: 'b34b436f7e18f3c18afd6cef91f75f68') in 0.022815 seconds 
========================================================================
Received Import Request.
  Time since last request: 0.061027 seconds.
  path: Assets/PolygonCity/Models/Collisions/SM_Bld_Shop_Corner_01_Convex 1.asset
  artifactKey: Guid(0ae9f62842940cd45ba901337d7763a8) Importer(815301076,1909f56bfc062723c751e8b465ee728b)
Start importing Assets/PolygonCity/Models/Collisions/SM_Bld_Shop_Corner_01_Convex 1.asset using Guid(0ae9f62842940cd45ba901337d7763a8) Importer(815301076,1909f56bfc062723c751e8b465ee728b)  -> (artifact id: '788718abf1eeea3ac39ebc078704e981') in 0.019358 seconds 
========================================================================
Received Import Request.
  Time since last request: 0.000046 seconds.
  path: Assets/PolygonCity/Models/Collisions/SM_Bld_Shop_Corner_02_Convex.asset
  artifactKey: Guid(6c49ad8a45e6f9941828da4ce691cc71) Importer(815301076,1909f56bfc062723c751e8b465ee728b)
Start importing Assets/PolygonCity/Models/Collisions/SM_Bld_Shop_Corner_02_Convex.asset using Guid(6c49ad8a45e6f9941828da4ce691cc71) Importer(815301076,1909f56bfc062723c751e8b465ee728b)  -> (artifact id: '3a245fc38edc5d99303f308f625e1227') in 0.012343 seconds 
========================================================================
Received Import Request.
  Time since last request: 0.070775 seconds.
  path: Assets/PolygonCity/Models/Collisions/SM_Bld_Station_01_Convex 1.asset
  artifactKey: Guid(4af721d7c4a2f6e4c97ff5288cdaf01e) Importer(815301076,1909f56bfc062723c751e8b465ee728b)
Start importing Assets/PolygonCity/Models/Collisions/SM_Bld_Station_01_Convex 1.asset using Guid(4af721d7c4a2f6e4c97ff5288cdaf01e) Importer(815301076,1909f56bfc062723c751e8b465ee728b)  -> (artifact id: 'b124098495eb13bf81e64587dbcff2a9') in 0.037801 seconds 
========================================================================
Received Import Request.
  Time since last request: 0.000038 seconds.
  path: Assets/PolygonCity/Models/Collisions/SM_Bld_Station_02_Convex.asset
  artifactKey: Guid(1d12b7410cd29b0418a05b3dfeb0321f) Importer(815301076,1909f56bfc062723c751e8b465ee728b)
Start importing Assets/PolygonCity/Models/Collisions/SM_Bld_Station_02_Convex.asset using Guid(1d12b7410cd29b0418a05b3dfeb0321f) Importer(815301076,1909f56bfc062723c751e8b465ee728b)  -> (artifact id: '55bb3096bb14aa7e9b22cc2e886f681c') in 0.014242 seconds 
========================================================================
Received Import Request.
  Time since last request: 0.200559 seconds.
  path: Assets/PolygonCity/Models/Collisions/SM_Env_Cloud_03_Convex 1.asset
  artifactKey: Guid(d3c3ee7f069db0e46bb556da71739cd5) Importer(815301076,1909f56bfc062723c751e8b465ee728b)
Start importing Assets/PolygonCity/Models/Collisions/SM_Env_Cloud_03_Convex 1.asset using Guid(d3c3ee7f069db0e46bb556da71739cd5) Importer(815301076,1909f56bfc062723c751e8b465ee728b)  -> (artifact id: 'ccd4a9a2c383555b0be4ea9be5d7e483') in 0.014247 seconds 
========================================================================
Received Import Request.
  Time since last request: 0.000030 seconds.
  path: Assets/PolygonCity/Models/Collisions/SM_Env_GrassPath_Corner_01_Convex.asset
  artifactKey: Guid(3d04db3393ba93e42bb1b5daf7f11f52) Importer(815301076,1909f56bfc062723c751e8b465ee728b)
Start importing Assets/PolygonCity/Models/Collisions/SM_Env_GrassPath_Corner_01_Convex.asset using Guid(3d04db3393ba93e42bb1b5daf7f11f52) Importer(815301076,1909f56bfc062723c751e8b465ee728b)  -> (artifact id: '7a23160c775d2023ebc5955638b41620') in 0.015303 seconds 
========================================================================
Received Import Request.
  Time since last request: 0.026387 seconds.
  path: Assets/PolygonCity/Models/Collisions/SM_Env_Road_03_Convex.asset
  artifactKey: Guid(362800cd77267354cb6653ff9985d87e) Importer(815301076,1909f56bfc062723c751e8b465ee728b)
Start importing Assets/PolygonCity/Models/Collisions/SM_Env_Road_03_Convex.asset using Guid(362800cd77267354cb6653ff9985d87e) Importer(815301076,1909f56bfc062723c751e8b465ee728b)  -> (artifact id: '4578dd31411688c083756727a886c03b') in 0.013185 seconds 
========================================================================
Received Import Request.
  Time since last request: 0.000044 seconds.
  path: Assets/PolygonCity/Models/Collisions/SM_Env_Sidewalk_Corner_02_Convex.asset
  artifactKey: Guid(03b63d3b0c7381443a94f6619429f96c) Importer(815301076,1909f56bfc062723c751e8b465ee728b)
Start importing Assets/PolygonCity/Models/Collisions/SM_Env_Sidewalk_Corner_02_Convex.asset using Guid(03b63d3b0c7381443a94f6619429f96c) Importer(815301076,1909f56bfc062723c751e8b465ee728b)  -> (artifact id: '2464f5e0b9bb3bbd3a35edfafc5317af') in 0.013565 seconds 
========================================================================
Received Import Request.
  Time since last request: 0.000032 seconds.
  path: Assets/PolygonCity/Models/Collisions/SM_Env_Sidewalk_Construction_01_Convex 2.asset
  artifactKey: Guid(fdbc5575ba2b1824297cd0c482b705c9) Importer(815301076,1909f56bfc062723c751e8b465ee728b)
Start importing Assets/PolygonCity/Models/Collisions/SM_Env_Sidewalk_Construction_01_Convex 2.asset using Guid(fdbc5575ba2b1824297cd0c482b705c9) Importer(815301076,1909f56bfc062723c751e8b465ee728b)  -> (artifact id: 'cfc3d57ff88ab33e95cae84f1ce78f7b') in 0.024668 seconds 
========================================================================
Received Import Request.
  Time since last request: 0.000024 seconds.
  path: Assets/PolygonCity/Models/Collisions/SM_Env_Sidewalk_Construction_01_Convex.asset
  artifactKey: Guid(1861128883844cb4e92ec43429c83381) Importer(815301076,1909f56bfc062723c751e8b465ee728b)
Start importing Assets/PolygonCity/Models/Collisions/SM_Env_Sidewalk_Construction_01_Convex.asset using Guid(1861128883844cb4e92ec43429c83381) Importer(815301076,1909f56bfc062723c751e8b465ee728b)  -> (artifact id: 'bd1c8ff4d93c46856dae9488b1f79415') in 0.012687 seconds 
========================================================================
Received Import Request.
  Time since last request: 0.000030 seconds.
  path: Assets/PolygonCity/Models/Collisions/SM_Env_WaterEdge_Corner_01_Convex 1.asset
  artifactKey: Guid(772ab3846946fda4c999770f75c8172e) Importer(815301076,1909f56bfc062723c751e8b465ee728b)
Start importing Assets/PolygonCity/Models/Collisions/SM_Env_WaterEdge_Corner_01_Convex 1.asset using Guid(772ab3846946fda4c999770f75c8172e) Importer(815301076,1909f56bfc062723c751e8b465ee728b)  -> (artifact id: '7141126203e9d79c49dcf14dc901a222') in 0.032703 seconds 
========================================================================
Received Import Request.
  Time since last request: 0.000040 seconds.
  path: Assets/PolygonCity/Models/Collisions/SM_Env_Tree_01_Convex.asset
  artifactKey: Guid(ee81bcec8bff3e14689509431b286ded) Importer(815301076,1909f56bfc062723c751e8b465ee728b)
Start importing Assets/PolygonCity/Models/Collisions/SM_Env_Tree_01_Convex.asset using Guid(ee81bcec8bff3e14689509431b286ded) Importer(815301076,1909f56bfc062723c751e8b465ee728b)  -> (artifact id: '57ca03089c108cd7ca06f0190813f1f8') in 0.014646 seconds 
========================================================================
Received Import Request.
  Time since last request: 0.000034 seconds.
  path: Assets/PolygonCity/Models/Collisions/SM_Env_Tree_03_Convex.asset
  artifactKey: Guid(fb603dd4637914d42a1b038c1082f320) Importer(815301076,1909f56bfc062723c751e8b465ee728b)
Start importing Assets/PolygonCity/Models/Collisions/SM_Env_Tree_03_Convex.asset using Guid(fb603dd4637914d42a1b038c1082f320) Importer(815301076,1909f56bfc062723c751e8b465ee728b)  -> (artifact id: '69c853736d7dc869e34b6ba4d88fda13') in 0.014294 seconds 
========================================================================
Received Import Request.
  Time since last request: 0.000035 seconds.
  path: Assets/PolygonCity/Models/Collisions/SM_Prop_Cone_01_Convex.asset
  artifactKey: Guid(49e5d90c1cf070d479b9d2d9a362983b) Importer(815301076,1909f56bfc062723c751e8b465ee728b)
Start importing Assets/PolygonCity/Models/Collisions/SM_Prop_Cone_01_Convex.asset using Guid(49e5d90c1cf070d479b9d2d9a362983b) Importer(815301076,1909f56bfc062723c751e8b465ee728b)  -> (artifact id: 'b90128bd88748a6cded5f1cca163c6b0') in 0.014736 seconds 
========================================================================
Received Import Request.
  Time since last request: 0.000043 seconds.
  path: Assets/PolygonCity/Models/Collisions/SM_Env_WaterEdge_Pipe_01_Convex.asset
  artifactKey: Guid(2996c0b783682b54facfa01fdeda080b) Importer(815301076,1909f56bfc062723c751e8b465ee728b)
Start importing Assets/PolygonCity/Models/Collisions/SM_Env_WaterEdge_Pipe_01_Convex.asset using Guid(2996c0b783682b54facfa01fdeda080b) Importer(815301076,1909f56bfc062723c751e8b465ee728b)  -> (artifact id: '2c6b428bb6ff7e5ad39d9d90ec68b074') in 0.014434 seconds 
========================================================================
Received Import Request.
  Time since last request: 0.000037 seconds.
  path: Assets/PolygonCity/Models/Collisions/SM_Env_Sidewalk_Straight_02_Convex 1.asset
  artifactKey: Guid(869aa0b2f29147f49bbbe28d60532e50) Importer(815301076,1909f56bfc062723c751e8b465ee728b)
Start importing Assets/PolygonCity/Models/Collisions/SM_Env_Sidewalk_Straight_02_Convex 1.asset using Guid(869aa0b2f29147f49bbbe28d60532e50) Importer(815301076,1909f56bfc062723c751e8b465ee728b)  -> (artifact id: 'b4f663587015965c4f6821b2ab2af92f') in 0.032318 seconds 
========================================================================
Received Import Request.
  Time since last request: 0.000037 seconds.
  path: Assets/PolygonCity/Models/Collisions/SM_Env_SubwayEntrance_02_Convex 4.asset
  artifactKey: Guid(449e96edec15e1a45a422ec5304b2431) Importer(815301076,1909f56bfc062723c751e8b465ee728b)
Start importing Assets/PolygonCity/Models/Collisions/SM_Env_SubwayEntrance_02_Convex 4.asset using Guid(449e96edec15e1a45a422ec5304b2431) Importer(815301076,1909f56bfc062723c751e8b465ee728b)  -> (artifact id: 'ac2db59f1c0d0a38485dcb497b808ff9') in 0.030314 seconds 
========================================================================
Received Import Request.
  Time since last request: 0.000040 seconds.
  path: Assets/PolygonCity/Models/Collisions/SM_Prop_Cone_02_Convex.asset
  artifactKey: Guid(57cf152f8511e664889b34ca9f5c11fc) Importer(815301076,1909f56bfc062723c751e8b465ee728b)
Start importing Assets/PolygonCity/Models/Collisions/SM_Prop_Cone_02_Convex.asset using Guid(57cf152f8511e664889b34ca9f5c11fc) Importer(815301076,1909f56bfc062723c751e8b465ee728b)  -> (artifact id: '3066e818eb2e0b73550e7ee9a5c2991d') in 0.015059 seconds 
========================================================================
Received Import Request.
  Time since last request: 0.000026 seconds.
  path: Assets/PolygonCity/Models/Collisions/SM_Env_WaterEdge_Straight_03_Convex.asset
  artifactKey: Guid(8dc96bd22721da54babae1b6ceb53bd2) Importer(815301076,1909f56bfc062723c751e8b465ee728b)
Start importing Assets/PolygonCity/Models/Collisions/SM_Env_WaterEdge_Straight_03_Convex.asset using Guid(8dc96bd22721da54babae1b6ceb53bd2) Importer(815301076,1909f56bfc062723c751e8b465ee728b)  -> (artifact id: 'd14797af9dbd293ddf2f0a17dc8eea72') in 0.015524 seconds 
========================================================================
Received Import Request.
  Time since last request: 0.000025 seconds.
  path: Assets/PolygonCity/Models/Collisions/SM_Env_Sidewalk_Grate_02_Convex.asset
  artifactKey: Guid(e2e2cc90fb37ba1488821cdc6e0a4c6a) Importer(815301076,1909f56bfc062723c751e8b465ee728b)
Start importing Assets/PolygonCity/Models/Collisions/SM_Env_Sidewalk_Grate_02_Convex.asset using Guid(e2e2cc90fb37ba1488821cdc6e0a4c6a) Importer(815301076,1909f56bfc062723c751e8b465ee728b)  -> (artifact id: 'b5e0571fe9b1907fe5248dc115ac84df') in 0.012378 seconds 
========================================================================
Received Import Request.
  Time since last request: 0.000029 seconds.
  path: Assets/PolygonCity/Models/Collisions/SM_Prop_LargeSign_Beer_01_Convex.asset
  artifactKey: Guid(28905ea446f6d6c4a9d94dd9efb79435) Importer(815301076,1909f56bfc062723c751e8b465ee728b)
Start importing Assets/PolygonCity/Models/Collisions/SM_Prop_LargeSign_Beer_01_Convex.asset using Guid(28905ea446f6d6c4a9d94dd9efb79435) Importer(815301076,1909f56bfc062723c751e8b465ee728b)  -> (artifact id: '2f57659df492314643b6b624a8865542') in 0.015052 seconds 
========================================================================
Received Import Request.
  Time since last request: 0.000037 seconds.
  path: Assets/PolygonCity/Models/Collisions/SM_Prop_LargeSign_Donut_01_Convex.asset
  artifactKey: Guid(bd4d9473210e3a346af66dde4e1d2a31) Importer(815301076,1909f56bfc062723c751e8b465ee728b)
Start importing Assets/PolygonCity/Models/Collisions/SM_Prop_LargeSign_Donut_01_Convex.asset using Guid(bd4d9473210e3a346af66dde4e1d2a31) Importer(815301076,1909f56bfc062723c751e8b465ee728b)  -> (artifact id: 'c941ad00213929653352cee1298ac8bb') in 0.017401 seconds 
========================================================================
Received Import Request.
  Time since last request: 0.000041 seconds.
  path: Assets/PolygonCity/Models/Collisions/SM_Prop_LargeSign_Hotdog_01_Convex.asset
  artifactKey: Guid(21d55246b98210448bd889b79a31954b) Importer(815301076,1909f56bfc062723c751e8b465ee728b)
Start importing Assets/PolygonCity/Models/Collisions/SM_Prop_LargeSign_Hotdog_01_Convex.asset using Guid(21d55246b98210448bd889b79a31954b) Importer(815301076,1909f56bfc062723c751e8b465ee728b)  -> (artifact id: '6639459c7365c239acef1c8fd3036fe7') in 0.014677 seconds 
========================================================================
Received Import Request.
  Time since last request: 0.000027 seconds.
  path: Assets/PolygonCity/Models/Collisions/SM_Prop_LargeSign_Pizza_01_Convex.asset
  artifactKey: Guid(bd6c708785e352645a97b47fe1c5ac2f) Importer(815301076,1909f56bfc062723c751e8b465ee728b)
Start importing Assets/PolygonCity/Models/Collisions/SM_Prop_LargeSign_Pizza_01_Convex.asset using Guid(bd6c708785e352645a97b47fe1c5ac2f) Importer(815301076,1909f56bfc062723c751e8b465ee728b)  -> (artifact id: '4a5e4dc91f04a8f4ae398fabdec04736') in 0.013116 seconds 
========================================================================
Received Import Request.
  Time since last request: 0.000037 seconds.
  path: Assets/PolygonCity/Models/Collisions/SM_Prop_ParkBench_01_Convex 1.asset
  artifactKey: Guid(32a3dde88e5aabe46a12bd13eae06e00) Importer(815301076,1909f56bfc062723c751e8b465ee728b)
Start importing Assets/PolygonCity/Models/Collisions/SM_Prop_ParkBench_01_Convex 1.asset using Guid(32a3dde88e5aabe46a12bd13eae06e00) Importer(815301076,1909f56bfc062723c751e8b465ee728b)  -> (artifact id: '9ff2992f4eadbe09493fb8884f4329a0') in 0.034232 seconds 
========================================================================
Received Import Request.
  Time since last request: 0.000030 seconds.
  path: Assets/PolygonCity/Models/Collisions/SM_Prop_PicnicTable_01_Convex.asset
  artifactKey: Guid(add6824d3fb8bf448a365ed8a31e1fa8) Importer(815301076,1909f56bfc062723c751e8b465ee728b)
Start importing Assets/PolygonCity/Models/Collisions/SM_Prop_PicnicTable_01_Convex.asset using Guid(add6824d3fb8bf448a365ed8a31e1fa8) Importer(815301076,1909f56bfc062723c751e8b465ee728b)  -> (artifact id: '79e99ca75c131b3375a0844b8d9be920') in 0.013401 seconds 
========================================================================
Received Import Request.
  Time since last request: 0.000041 seconds.
  path: Assets/PolygonCity/Models/Collisions/SM_Prop_LargeSign_Popcorn_01_Convex.asset
  artifactKey: Guid(699bd323e5ba6b740975ea215d673349) Importer(815301076,1909f56bfc062723c751e8b465ee728b)
Start importing Assets/PolygonCity/Models/Collisions/SM_Prop_LargeSign_Popcorn_01_Convex.asset using Guid(699bd323e5ba6b740975ea215d673349) Importer(815301076,1909f56bfc062723c751e8b465ee728b)  -> (artifact id: '8e08f624acea38b2cecd20f1bcdf0dc4') in 0.014051 seconds 
========================================================================
Received Import Request.
  Time since last request: 0.000034 seconds.
  path: Assets/PolygonCity/Models/Collisions/SM_Prop_LightPole_CrossButton_01_Convex.asset
  artifactKey: Guid(cf32821132653674984ae053dc1ebc33) Importer(815301076,1909f56bfc062723c751e8b465ee728b)
Start importing Assets/PolygonCity/Models/Collisions/SM_Prop_LightPole_CrossButton_01_Convex.asset using Guid(cf32821132653674984ae053dc1ebc33) Importer(815301076,1909f56bfc062723c751e8b465ee728b)  -> (artifact id: '106a8f87ff1f6f855ad19799c05b0f16') in 0.016426 seconds 
========================================================================
Received Import Request.
  Time since last request: 0.000050 seconds.
  path: Assets/PolygonCity/Models/Collisions/SM_Env_Road_YellowLines_01_Convex.asset
  artifactKey: Guid(4f4c7f0068c3b15408098a421a374bc4) Importer(815301076,1909f56bfc062723c751e8b465ee728b)
Start importing Assets/PolygonCity/Models/Collisions/SM_Env_Road_YellowLines_01_Convex.asset using Guid(4f4c7f0068c3b15408098a421a374bc4) Importer(815301076,1909f56bfc062723c751e8b465ee728b)  -> (artifact id: 'd18d20886ddd0f0d797fa7586c14028b') in 0.013190 seconds 
========================================================================
Received Import Request.
  Time since last request: 0.000028 seconds.
  path: Assets/PolygonCity/Models/Collisions/SM_Prop_Light_Attachment_01_Convex.asset
  artifactKey: Guid(ec674c2530b937747895f5ebe37749a6) Importer(815301076,1909f56bfc062723c751e8b465ee728b)
Start importing Assets/PolygonCity/Models/Collisions/SM_Prop_Light_Attachment_01_Convex.asset using Guid(ec674c2530b937747895f5ebe37749a6) Importer(815301076,1909f56bfc062723c751e8b465ee728b)  -> (artifact id: 'c2996c6c52328d5853ba1ad758bb9a6b') in 0.016019 seconds 
========================================================================
Received Import Request.
  Time since last request: 0.000044 seconds.
  path: Assets/PolygonCity/Models/Collisions/SM_Env_Sidewalk_Straight_01_Convex.asset
  artifactKey: Guid(25c94a1d129f4dc48bf294a463a2bc1b) Importer(815301076,1909f56bfc062723c751e8b465ee728b)
Start importing Assets/PolygonCity/Models/Collisions/SM_Env_Sidewalk_Straight_01_Convex.asset using Guid(25c94a1d129f4dc48bf294a463a2bc1b) Importer(815301076,1909f56bfc062723c751e8b465ee728b)  -> (artifact id: '9b41d4b2a79be5309ba5e6c98eba7dfb') in 0.016145 seconds 
========================================================================
Received Import Request.
  Time since last request: 0.000044 seconds.
  path: Assets/PolygonCity/Models/Collisions/SM_Prop_Planter_02_Convex.asset
  artifactKey: Guid(4962fa76f53fc254f95cc703a341e90c) Importer(815301076,1909f56bfc062723c751e8b465ee728b)
Start importing Assets/PolygonCity/Models/Collisions/SM_Prop_Planter_02_Convex.asset using Guid(4962fa76f53fc254f95cc703a341e90c) Importer(815301076,1909f56bfc062723c751e8b465ee728b)  -> (artifact id: '002ae0be1a8ffc1183cf5d4025367957') in 0.013409 seconds 
========================================================================
Received Import Request.
  Time since last request: 18.589608 seconds.
  path: Assets/PolygonCity/Prefabs/Vehicles/SM_Veh_Car_Police_01.prefab
  artifactKey: Guid(f539f0390d17a9f4a922b722e47998fe) Importer(815301076,1909f56bfc062723c751e8b465ee728b)
Start importing Assets/PolygonCity/Prefabs/Vehicles/SM_Veh_Car_Police_01.prefab using Guid(f539f0390d17a9f4a922b722e47998fe) Importer(815301076,1909f56bfc062723c751e8b465ee728b)  -> (artifact id: 'f555510fd28956861ddb2057f2a34685') in 0.037905 seconds 
========================================================================
Received Import Request.
  Time since last request: 6.481547 seconds.
  path: Assets/PolygonCity/Prefabs/Vehicles/SM_Veh_Car_Police_01.prefab
  artifactKey: Guid(f539f0390d17a9f4a922b722e47998fe) Importer(815301076,1909f56bfc062723c751e8b465ee728b)
Start importing Assets/PolygonCity/Prefabs/Vehicles/SM_Veh_Car_Police_01.prefab using Guid(f539f0390d17a9f4a922b722e47998fe) Importer(815301076,1909f56bfc062723c751e8b465ee728b)  -> (artifact id: '1d326f7bf874cbc215360fff01c0f894') in 0.026684 seconds 
========================================================================
Received Import Request.
  Time since last request: 8.162421 seconds.
  path: Assets/PolygonCity/Prefabs/Props/SM_Prop_Billboard_01.prefab
  artifactKey: Guid(cba063d2715f7a345b1c64609f0e864e) Importer(815301076,1909f56bfc062723c751e8b465ee728b)
Start importing Assets/PolygonCity/Prefabs/Props/SM_Prop_Billboard_01.prefab using Guid(cba063d2715f7a345b1c64609f0e864e) Importer(815301076,1909f56bfc062723c751e8b465ee728b)  -> (artifact id: '0934c64abcded45c4a98408869db650b') in 0.031272 seconds 
========================================================================
Received Import Request.
  Time since last request: 0.000025 seconds.
  path: Assets/PolygonCity/Prefabs/Props/SM_Prop_LargeSign_Noodles_01.prefab
  artifactKey: Guid(bbeea2c2f3731224a87bb3cd9dba8e47) Importer(815301076,1909f56bfc062723c751e8b465ee728b)
Start importing Assets/PolygonCity/Prefabs/Props/SM_Prop_LargeSign_Noodles_01.prefab using Guid(bbeea2c2f3731224a87bb3cd9dba8e47) Importer(815301076,1909f56bfc062723c751e8b465ee728b)  -> (artifact id: 'da80bba3c1c611d26f2d07295117047e') in 0.028695 seconds 
========================================================================
Received Import Request.
  Time since last request: 0.000044 seconds.
  path: Assets/PolygonCity/Prefabs/Props/SM_Prop_LargeSign_Icecream_01.prefab
  artifactKey: Guid(1c0370843c27f3241b125cb9187073d6) Importer(815301076,1909f56bfc062723c751e8b465ee728b)
Start importing Assets/PolygonCity/Prefabs/Props/SM_Prop_LargeSign_Icecream_01.prefab using Guid(1c0370843c27f3241b125cb9187073d6) Importer(815301076,1909f56bfc062723c751e8b465ee728b)  -> (artifact id: 'dde4032ed536d3e00bf380b49cddb941') in 0.029185 seconds 
========================================================================
Received Import Request.
  Time since last request: 0.000031 seconds.
  path: Assets/PolygonCity/Prefabs/Props/SM_Prop_Manhole_02.prefab
  artifactKey: Guid(12633cd99f9582a49a33e00103daf054) Importer(815301076,1909f56bfc062723c751e8b465ee728b)
Start importing Assets/PolygonCity/Prefabs/Props/SM_Prop_Manhole_02.prefab using Guid(12633cd99f9582a49a33e00103daf054) Importer(815301076,1909f56bfc062723c751e8b465ee728b)  -> (artifact id: '088facd2b807eca3c9ce3193f9586b43') in 0.029695 seconds 
========================================================================
Received Import Request.
  Time since last request: 0.000024 seconds.
  path: Assets/PolygonCity/Prefabs/Props/SM_Prop_Billboard_Sign_02.prefab
  artifactKey: Guid(017a6f5ce43f6d74ca746ed804873917) Importer(815301076,1909f56bfc062723c751e8b465ee728b)
Start importing Assets/PolygonCity/Prefabs/Props/SM_Prop_Billboard_Sign_02.prefab using Guid(017a6f5ce43f6d74ca746ed804873917) Importer(815301076,1909f56bfc062723c751e8b465ee728b)  -> (artifact id: 'c8f3d50f1fb4af560a5f7d7738f29a91') in 0.024849 seconds 
========================================================================
Received Import Request.
  Time since last request: 0.000029 seconds.
  path: Assets/PolygonCity/Prefabs/Props/SM_Prop_LargeSign_Hotdog_01.prefab
  artifactKey: Guid(f52a5629a2062924bafe8d5ad7a3c5f5) Importer(815301076,1909f56bfc062723c751e8b465ee728b)
Start importing Assets/PolygonCity/Prefabs/Props/SM_Prop_LargeSign_Hotdog_01.prefab using Guid(f52a5629a2062924bafe8d5ad7a3c5f5) Importer(815301076,1909f56bfc062723c751e8b465ee728b)  -> (artifact id: 'c2d70fb88e9d18d3b5d115e1acd5a842') in 0.037891 seconds 
========================================================================
Received Import Request.
  Time since last request: 0.000034 seconds.
  path: Assets/PolygonCity/Prefabs/Props/SM_Prop_Pallet_01.prefab
  artifactKey: Guid(21dcc5f62e503f0438b4e490cdd00d44) Importer(815301076,1909f56bfc062723c751e8b465ee728b)
Start importing Assets/PolygonCity/Prefabs/Props/SM_Prop_Pallet_01.prefab using Guid(21dcc5f62e503f0438b4e490cdd00d44) Importer(815301076,1909f56bfc062723c751e8b465ee728b)  -> (artifact id: 'a4ae20cf8fba6f0d3bd102764aa97386') in 0.027491 seconds 
========================================================================
Received Import Request.
  Time since last request: 0.000032 seconds.
  path: Assets/PolygonCity/Prefabs/Props/SM_Prop_Deckchair_01.prefab
  artifactKey: Guid(a04f6e9f627e52c4ab26cb420ab6401f) Importer(815301076,1909f56bfc062723c751e8b465ee728b)
Start importing Assets/PolygonCity/Prefabs/Props/SM_Prop_Deckchair_01.prefab using Guid(a04f6e9f627e52c4ab26cb420ab6401f) Importer(815301076,1909f56bfc062723c751e8b465ee728b)  -> (artifact id: 'd299f94a40c9827e97d812b834afa05f') in 0.033233 seconds 
========================================================================
Received Import Request.
  Time since last request: 0.000048 seconds.
  path: Assets/PolygonCity/Prefabs/Props/SM_Prop_LightPole_Base_01.prefab
  artifactKey: Guid(06a9858b4309bcf4cbe7ef09ae436c1d) Importer(815301076,1909f56bfc062723c751e8b465ee728b)
Start importing Assets/PolygonCity/Prefabs/Props/SM_Prop_LightPole_Base_01.prefab using Guid(06a9858b4309bcf4cbe7ef09ae436c1d) Importer(815301076,1909f56bfc062723c751e8b465ee728b)  -> (artifact id: 'c3cfe47775b973f9cc3f280d74321ee0') in 0.026927 seconds 
========================================================================
Received Import Request.
  Time since last request: 0.000032 seconds.
  path: Assets/PolygonCity/Prefabs/Props/SM_Prop_Newspaper_01.prefab
  artifactKey: Guid(d0a449419dc6e404d94d5081fa710767) Importer(815301076,1909f56bfc062723c751e8b465ee728b)
Start importing Assets/PolygonCity/Prefabs/Props/SM_Prop_Newspaper_01.prefab using Guid(d0a449419dc6e404d94d5081fa710767) Importer(815301076,1909f56bfc062723c751e8b465ee728b)  -> (artifact id: '4e5c1f9cb5cfcada016938a8c0372059') in 0.029304 seconds 
========================================================================
Received Import Request.
  Time since last request: 5.561218 seconds.
  path: Assets/PolygonCity/Prefabs/Props/SM_Prop_Billboard_01.prefab
  artifactKey: Guid(cba063d2715f7a345b1c64609f0e864e) Importer(815301076,1909f56bfc062723c751e8b465ee728b)
Start importing Assets/PolygonCity/Prefabs/Props/SM_Prop_Billboard_01.prefab using Guid(cba063d2715f7a345b1c64609f0e864e) Importer(815301076,1909f56bfc062723c751e8b465ee728b)  -> (artifact id: '90ab10ead3da9bd043249e15e86c9e52') in 0.029943 seconds 
========================================================================
Received Import Request.
  Time since last request: 0.000053 seconds.
  path: Assets/PolygonCity/Prefabs/Props/SM_Prop_Billboard_Sign_04.prefab
  artifactKey: Guid(430345e20ddf842489bc80fba96a0edd) Importer(815301076,1909f56bfc062723c751e8b465ee728b)
Start importing Assets/PolygonCity/Prefabs/Props/SM_Prop_Billboard_Sign_04.prefab using Guid(430345e20ddf842489bc80fba96a0edd) Importer(815301076,1909f56bfc062723c751e8b465ee728b)  -> (artifact id: 'cd741c79940dbcb6a140f3fbebddab17') in 0.017830 seconds 
========================================================================
Received Import Request.
  Time since last request: 19.553673 seconds.
  path: Assets/PolygonCity/Materials/PolygonCity_Mat_01_C.mat
  artifactKey: Guid(c01b7c8cb1175b54aab24b670c2d58dd) Importer(815301076,1909f56bfc062723c751e8b465ee728b)
Start importing Assets/PolygonCity/Materials/PolygonCity_Mat_01_C.mat using Guid(c01b7c8cb1175b54aab24b670c2d58dd) Importer(815301076,1909f56bfc062723c751e8b465ee728b)  -> (artifact id: 'd3654a3dad23fe41fe6825a1122a535e') in 0.048046 seconds 
========================================================================
Received Import Request.
  Time since last request: 0.000045 seconds.
  path: Assets/PolygonCity/Materials/PolygonCity_Mat_Road_04.mat
  artifactKey: Guid(02e41622a0206f742af528cdf0da7485) Importer(815301076,1909f56bfc062723c751e8b465ee728b)
Start importing Assets/PolygonCity/Materials/PolygonCity_Mat_Road_04.mat using Guid(02e41622a0206f742af528cdf0da7485) Importer(815301076,1909f56bfc062723c751e8b465ee728b)  -> (artifact id: 'acbcfafce6e5214d0226f1a56eea3ba4') in 0.022857 seconds 
========================================================================
Received Import Request.
  Time since last request: 0.000046 seconds.
  path: Assets/PolygonCity/Materials/PolygonCity_Mat_03_B.mat
  artifactKey: Guid(ae4870cba172f524491e4431ce936a9d) Importer(815301076,1909f56bfc062723c751e8b465ee728b)
Start importing Assets/PolygonCity/Materials/PolygonCity_Mat_03_B.mat using Guid(ae4870cba172f524491e4431ce936a9d) Importer(815301076,1909f56bfc062723c751e8b465ee728b)  -> (artifact id: 'fbd5c437836787e20c9c218044943312') in 0.021662 seconds 
