Using pre-set license
Built from '2021.3/staging' branch; Version is '2021.3.0f1 (6eacc8284459) revision 7253192'; Using compiler version '192829333'; Build Type 'Release'
OS: 'Windows 11  (10.0.22000) 64bit Core' Language: 'en' Physical Memory: 32682 MB
BatchMode: 1, IsHumanControllingUs: 0, StartBugReporterOnCrash: 0, Is64bit: 1, IsPro: 1

COMMAND LINE ARGUMENTS:
C:\Program Files\Unity\Hub\Editor\2021.3.0f1\Editor\Unity.exe
-adb2
-batchMode
-noUpm
-name
AssetImportWorker2
-projectPath
C:/Users/justi/OneDrive/Games/RageQuit/Office
-logFile
Logs/AssetImportWorker2.log
-srvPort
59523
Successfully changed project path to: C:/Users/justi/OneDrive/Games/RageQuit/Office
C:/Users/justi/OneDrive/Games/RageQuit/Office
[UnityMemory] Configuration Parameters - Can be set up in boot.config
    "memorysetup-bucket-allocator-granularity=16"
    "memorysetup-bucket-allocator-bucket-count=8"
    "memorysetup-bucket-allocator-block-size=33554432"
    "memorysetup-bucket-allocator-block-count=8"
    "memorysetup-main-allocator-block-size=16777216"
    "memorysetup-thread-allocator-block-size=16777216"
    "memorysetup-gfx-main-allocator-block-size=16777216"
    "memorysetup-gfx-thread-allocator-block-size=16777216"
    "memorysetup-cache-allocator-block-size=4194304"
    "memorysetup-typetree-allocator-block-size=2097152"
    "memorysetup-profiler-bucket-allocator-granularity=16"
    "memorysetup-profiler-bucket-allocator-bucket-count=8"
    "memorysetup-profiler-bucket-allocator-block-size=33554432"
    "memorysetup-profiler-bucket-allocator-block-count=8"
    "memorysetup-profiler-allocator-block-size=16777216"
    "memorysetup-profiler-editor-allocator-block-size=1048576"
    "memorysetup-temp-allocator-size-main=16777216"
    "memorysetup-job-temp-allocator-block-size=2097152"
    "memorysetup-job-temp-allocator-block-size-background=1048576"
    "memorysetup-job-temp-allocator-reduction-small-platforms=262144"
    "memorysetup-temp-allocator-size-background-worker=32768"
    "memorysetup-temp-allocator-size-job-worker=262144"
    "memorysetup-temp-allocator-size-preload-manager=33554432"
    "memorysetup-temp-allocator-size-nav-mesh-worker=65536"
    "memorysetup-temp-allocator-size-audio-worker=65536"
    "memorysetup-temp-allocator-size-cloud-worker=32768"
    "memorysetup-temp-allocator-size-gi-baking-worker=262144"
    "memorysetup-temp-allocator-size-gfx=262144"
Refreshing native plugins compatible for Editor in 155.75 ms, found 6 plugins.
Preloading 0 native plugins for Editor in 0.00 ms.
Initialize engine version: 2021.3.0f1 (6eacc8284459)
[Subsystems] Discovering subsystems at path C:/Program Files/Unity/Hub/Editor/2021.3.0f1/Editor/Data/Resources/UnitySubsystems
[Subsystems] Discovering subsystems at path C:/Users/justi/OneDrive/Games/RageQuit/Office/Assets
GfxDevice: creating device client; threaded=0; jobified=0
Direct3D:
    Version:  Direct3D 11.0 [level 11.1]
    Renderer: NVIDIA GeForce GTX 1080 Ti (ID=0x1b06)
    Vendor:   NVIDIA
    VRAM:     11128 MB
    Driver:   30.0.15.1215
Initialize mono
Mono path[0] = 'C:/Program Files/Unity/Hub/Editor/2021.3.0f1/Editor/Data/Managed'
Mono path[1] = 'C:/Program Files/Unity/Hub/Editor/2021.3.0f1/Editor/Data/MonoBleedingEdge/lib/mono/unityjit-win32'
Mono config path = 'C:/Program Files/Unity/Hub/Editor/2021.3.0f1/Editor/Data/MonoBleedingEdge/etc'
Using monoOptions --debugger-agent=transport=dt_socket,embedding=1,server=y,suspend=n,address=127.0.0.1:56132
Begin MonoManager ReloadAssembly
Registering precompiled unity dll's ...
Register platform support module: C:/Program Files/Unity/Hub/Editor/2021.3.0f1/Editor/Data/PlaybackEngines/WindowsStandaloneSupport/UnityEditor.WindowsStandalone.Extensions.dll
Registered in 0.005661 seconds.
Native extension for WindowsStandalone target not found
Refreshing native plugins compatible for Editor in 140.27 ms, found 6 plugins.
Preloading 0 native plugins for Editor in 0.00 ms.
Mono: successfully reloaded assembly
- Completed reload, in  0.701 seconds
Domain Reload Profiling:
	ReloadAssembly (701ms)
		BeginReloadAssembly (60ms)
			ExecutionOrderSort (0ms)
			DisableScriptedObjects (0ms)
			BackupInstance (0ms)
			ReleaseScriptingObjects (0ms)
			CreateAndSetChildDomain (1ms)
		EndReloadAssembly (522ms)
			LoadAssemblies (58ms)
			RebuildTransferFunctionScriptingTraits (0ms)
			SetupTypeCache (125ms)
			ReleaseScriptCaches (0ms)
			RebuildScriptCaches (29ms)
			SetupLoadedEditorAssemblies (314ms)
				LogAssemblyErrors (0ms)
				InitializePlatformSupportModulesInManaged (8ms)
				SetLoadedEditorAssemblies (0ms)
				RefreshPlugins (140ms)
				BeforeProcessingInitializeOnLoad (1ms)
				ProcessInitializeOnLoadAttributes (125ms)
				ProcessInitializeOnLoadMethodAttributes (39ms)
				AfterProcessingInitializeOnLoad (0ms)
				EditorAssembliesLoaded (0ms)
			ExecutionOrderSort2 (0ms)
			AwakeInstancesAfterBackupRestoration (0ms)
Platform modules already initialized, skipping
Registering precompiled user dll's ...
Registered in 0.005851 seconds.
Begin MonoManager ReloadAssembly
Symbol file LoadedFromMemory is not a mono symbol file
Native extension for WindowsStandalone target not found
Refreshing native plugins compatible for Editor in 136.10 ms, found 6 plugins.
Preloading 0 native plugins for Editor in 0.00 ms.
Mono: successfully reloaded assembly
- Completed reload, in  1.458 seconds
Domain Reload Profiling:
	ReloadAssembly (1458ms)
		BeginReloadAssembly (98ms)
			ExecutionOrderSort (0ms)
			DisableScriptedObjects (5ms)
			BackupInstance (0ms)
			ReleaseScriptingObjects (0ms)
			CreateAndSetChildDomain (21ms)
		EndReloadAssembly (1247ms)
			LoadAssemblies (85ms)
			RebuildTransferFunctionScriptingTraits (0ms)
			SetupTypeCache (207ms)
			ReleaseScriptCaches (1ms)
			RebuildScriptCaches (60ms)
			SetupLoadedEditorAssemblies (846ms)
				LogAssemblyErrors (0ms)
				InitializePlatformSupportModulesInManaged (4ms)
				SetLoadedEditorAssemblies (0ms)
				RefreshPlugins (136ms)
				BeforeProcessingInitializeOnLoad (84ms)
				ProcessInitializeOnLoadAttributes (554ms)
				ProcessInitializeOnLoadMethodAttributes (62ms)
				AfterProcessingInitializeOnLoad (6ms)
				EditorAssembliesLoaded (0ms)
			ExecutionOrderSort2 (0ms)
			AwakeInstancesAfterBackupRestoration (5ms)
Platform modules already initialized, skipping
========================================================================
Worker process is ready to serve import requests
Launched and connected shader compiler UnityShaderCompiler.exe after 0.06 seconds
Refreshing native plugins compatible for Editor in 4.65 ms, found 6 plugins.
Preloading 0 native plugins for Editor in 0.00 ms.
Unloading 4213 Unused Serialized files (Serialized files now loaded: 0)
Unloading 139 unused Assets / (415.0 KB). Loaded Objects now: 4666.
Memory consumption went from 221.9 MB to 221.5 MB.
Total: 4.525900 ms (FindLiveObjects: 0.527800 ms CreateObjectMapping: 0.113400 ms MarkObjects: 3.451600 ms  DeleteObjects: 0.431700 ms)

AssetImportParameters requested are different than current active one (requested -> active):
  custom:video-decoder-ogg-theora: a1e56fd34408186e4bbccfd4996cb3dc -> 
  custom:container-muxer-webm: aa71ff27fc2769a1b78a27578f13a17b -> 
  custom:container-demuxer-webm: 4f35f7cbe854078d1ac9338744f61a02 -> 
  custom:video-encoder-webm-vp8: eb34c28f22e8b96e1ab97ce403110664 -> 
  custom:audio-encoder-webm-vorbis: bf7c407c2cedff20999df2af8eb42d56 -> 
  custom:framework-win-MediaFoundation: 216162199b28c13a410421893ffa2e32 -> 
  custom:container-demuxer-ogg: 62fdf1f143b41e24485cea50d1cbac27 -> 
  custom:video-decoder-webm-vp8: 9c59270c3fd7afecdb556c50c9e8de78 -> 
  custom:audio-decoder-ogg-vorbis: bf7c407c2cedff20999df2af8eb42d56 -> 
========================================================================
Received Import Request.
  Time since last request: 7645.831695 seconds.
  path: Assets/PolygonShops/Prefabs/Generic/SM_Generic_Ground_Tile_01.prefab
  artifactKey: Guid(4bffe8dbff8bf3543a550ca17cab011a) Importer(815301076,1909f56bfc062723c751e8b465ee728b)
Start importing Assets/PolygonShops/Prefabs/Generic/SM_Generic_Ground_Tile_01.prefab using Guid(4bffe8dbff8bf3543a550ca17cab011a) Importer(815301076,1909f56bfc062723c751e8b465ee728b)  -> (artifact id: 'f79ff7d25714d759ab0e5a882bc877bf') in 0.291296 seconds 
========================================================================
Received Import Request.
  Time since last request: 0.000040 seconds.
  path: Assets/PolygonShops/Prefabs/Generic/SM_Generic_Cloud_01.prefab
  artifactKey: Guid(183d2ea1b62b1c748b745e20b7272b8a) Importer(815301076,1909f56bfc062723c751e8b465ee728b)
Start importing Assets/PolygonShops/Prefabs/Generic/SM_Generic_Cloud_01.prefab using Guid(183d2ea1b62b1c748b745e20b7272b8a) Importer(815301076,1909f56bfc062723c751e8b465ee728b)  -> (artifact id: '2027ddddad0cd03a4f682a31088fd2fa') in 0.015743 seconds 
========================================================================
Received Import Request.
  Time since last request: 0.000051 seconds.
  path: Assets/PolygonShops/Prefabs/Generic/SM_Generic_TreeDead_01.prefab
  artifactKey: Guid(4e601a3714512bd47ae94345cad30477) Importer(815301076,1909f56bfc062723c751e8b465ee728b)
Start importing Assets/PolygonShops/Prefabs/Generic/SM_Generic_TreeDead_01.prefab using Guid(4e601a3714512bd47ae94345cad30477) Importer(815301076,1909f56bfc062723c751e8b465ee728b)  -> (artifact id: '5a76313f588aebff7b838f6b8f46814b') in 0.024563 seconds 
========================================================================
Received Import Request.
  Time since last request: 0.000099 seconds.
  path: Assets/PolygonShops/Prefabs/Generic/SM_Generic_Ground_02.prefab
  artifactKey: Guid(399a45c01846d034598a91ee99454c5b) Importer(815301076,1909f56bfc062723c751e8b465ee728b)
Start importing Assets/PolygonShops/Prefabs/Generic/SM_Generic_Ground_02.prefab using Guid(399a45c01846d034598a91ee99454c5b) Importer(815301076,1909f56bfc062723c751e8b465ee728b)  -> (artifact id: '29dd04b7e11a1ba8b8f9012c4cd340a5') in 0.020698 seconds 
========================================================================
Received Import Request.
  Time since last request: 0.000030 seconds.
  path: Assets/PolygonShops/Prefabs/Generic/SM_Generic_Cloud_04.prefab
  artifactKey: Guid(e56f911cbcc521647a5cfdb83c8ba55b) Importer(815301076,1909f56bfc062723c751e8b465ee728b)
Start importing Assets/PolygonShops/Prefabs/Generic/SM_Generic_Cloud_04.prefab using Guid(e56f911cbcc521647a5cfdb83c8ba55b) Importer(815301076,1909f56bfc062723c751e8b465ee728b)  -> (artifact id: 'ac085d4e75489079127a14575963c670') in 0.018922 seconds 
========================================================================
Received Import Request.
  Time since last request: 111.780764 seconds.
  path: Assets/PolygonShops/Prefabs/Products/SM_Prop_Product_02.prefab
  artifactKey: Guid(0527e3e13bf887d4fa542faab46872fa) Importer(815301076,1909f56bfc062723c751e8b465ee728b)
Start importing Assets/PolygonShops/Prefabs/Products/SM_Prop_Product_02.prefab using Guid(0527e3e13bf887d4fa542faab46872fa) Importer(815301076,1909f56bfc062723c751e8b465ee728b)  -> (artifact id: 'fe7f7156f158c08e75f21100976076b0') in 0.044818 seconds 
========================================================================
Received Import Request.
  Time since last request: 0.000059 seconds.
  path: Assets/PolygonShops/Prefabs/Products/SM_Prop_Product_32.prefab
  artifactKey: Guid(267ffc7ea228dfd4ca2bf17ab56a0ad8) Importer(815301076,1909f56bfc062723c751e8b465ee728b)
Start importing Assets/PolygonShops/Prefabs/Products/SM_Prop_Product_32.prefab using Guid(267ffc7ea228dfd4ca2bf17ab56a0ad8) Importer(815301076,1909f56bfc062723c751e8b465ee728b)  -> (artifact id: '838e737b0f9bd5c765eeab7b58a28ade') in 0.032292 seconds 
========================================================================
Received Import Request.
  Time since last request: 0.000053 seconds.
  path: Assets/PolygonShops/Prefabs/Products/SM_Prop_Product_Preset_06.prefab
  artifactKey: Guid(bf2b82250ae7fda4db775180ddd66ab1) Importer(815301076,1909f56bfc062723c751e8b465ee728b)
Start importing Assets/PolygonShops/Prefabs/Products/SM_Prop_Product_Preset_06.prefab using Guid(bf2b82250ae7fda4db775180ddd66ab1) Importer(815301076,1909f56bfc062723c751e8b465ee728b)  -> (artifact id: '90c22aa30ebfa7d75ce768eb35efac0f') in 0.044116 seconds 
========================================================================
Received Import Request.
  Time since last request: 0.000040 seconds.
  path: Assets/PolygonShops/Prefabs/Products/SM_Prop_Product_27.prefab
  artifactKey: Guid(8941351ca646bac44845835c08e13db8) Importer(815301076,1909f56bfc062723c751e8b465ee728b)
Start importing Assets/PolygonShops/Prefabs/Products/SM_Prop_Product_27.prefab using Guid(8941351ca646bac44845835c08e13db8) Importer(815301076,1909f56bfc062723c751e8b465ee728b)  -> (artifact id: '43139a01256a392da9901c0411c73d32') in 0.035194 seconds 
========================================================================
Received Import Request.
  Time since last request: 0.000040 seconds.
  path: Assets/PolygonShops/Prefabs/Products/SM_Prop_Product_Preset_11.prefab
  artifactKey: Guid(8107c29c9cb7ae846959f1052028adb9) Importer(815301076,1909f56bfc062723c751e8b465ee728b)
Start importing Assets/PolygonShops/Prefabs/Products/SM_Prop_Product_Preset_11.prefab using Guid(8107c29c9cb7ae846959f1052028adb9) Importer(815301076,1909f56bfc062723c751e8b465ee728b)  -> (artifact id: '8b8ecc2f8526d9215d798adfa79204cb') in 0.030424 seconds 
========================================================================
Received Import Request.
  Time since last request: 0.000051 seconds.
  path: Assets/PolygonShops/Prefabs/Products/SM_Prop_Product_04.prefab
  artifactKey: Guid(fdf1e82d78a01dd4b94740a0b0944f29) Importer(815301076,1909f56bfc062723c751e8b465ee728b)
Start importing Assets/PolygonShops/Prefabs/Products/SM_Prop_Product_04.prefab using Guid(fdf1e82d78a01dd4b94740a0b0944f29) Importer(815301076,1909f56bfc062723c751e8b465ee728b)  -> (artifact id: 'bb8e18df3b453ffcab6d90c6480e1bfe') in 0.029314 seconds 
========================================================================
Received Import Request.
  Time since last request: 0.000046 seconds.
  path: Assets/PolygonShops/Prefabs/Products/SM_Prop_Product_28.prefab
  artifactKey: Guid(6510c9508d0adce4dbda579eae0db586) Importer(815301076,1909f56bfc062723c751e8b465ee728b)
Start importing Assets/PolygonShops/Prefabs/Products/SM_Prop_Product_28.prefab using Guid(6510c9508d0adce4dbda579eae0db586) Importer(815301076,1909f56bfc062723c751e8b465ee728b)  -> (artifact id: '53753877604fb83b33f2eb438d2bbaf9') in 0.029070 seconds 
========================================================================
Received Import Request.
  Time since last request: 0.000025 seconds.
  path: Assets/PolygonShops/Prefabs/Products/SM_Prop_Product_43.prefab
  artifactKey: Guid(401478d35ec6be748be9cdc9fa1f599b) Importer(815301076,1909f56bfc062723c751e8b465ee728b)
Start importing Assets/PolygonShops/Prefabs/Products/SM_Prop_Product_43.prefab using Guid(401478d35ec6be748be9cdc9fa1f599b) Importer(815301076,1909f56bfc062723c751e8b465ee728b)  -> (artifact id: 'e8860984d1d61d87e57150a9c4b222b0') in 0.026616 seconds 
========================================================================
Received Import Request.
  Time since last request: 0.000047 seconds.
  path: Assets/PolygonShops/Prefabs/Products/SM_Prop_Product_33.prefab
  artifactKey: Guid(b868c4cc3201287438a1d1e3c57d1856) Importer(815301076,1909f56bfc062723c751e8b465ee728b)
Start importing Assets/PolygonShops/Prefabs/Products/SM_Prop_Product_33.prefab using Guid(b868c4cc3201287438a1d1e3c57d1856) Importer(815301076,1909f56bfc062723c751e8b465ee728b)  -> (artifact id: '169df2bbacb08e099060d143d9c2bdb0') in 0.027198 seconds 
========================================================================
Received Import Request.
  Time since last request: 0.000035 seconds.
  path: Assets/PolygonShops/Prefabs/Products/SM_Prop_Product_05.prefab
  artifactKey: Guid(95cceea8295452743bd7082c9e77cf2b) Importer(815301076,1909f56bfc062723c751e8b465ee728b)
Start importing Assets/PolygonShops/Prefabs/Products/SM_Prop_Product_05.prefab using Guid(95cceea8295452743bd7082c9e77cf2b) Importer(815301076,1909f56bfc062723c751e8b465ee728b)  -> (artifact id: '841c65892df113c0868edb291bb61bb3') in 0.028881 seconds 
========================================================================
Received Import Request.
  Time since last request: 0.000042 seconds.
  path: Assets/PolygonShops/Prefabs/Products/SM_Prop_Product_Preset_08.prefab
  artifactKey: Guid(8095cb8fd91cfe84f97211cce3f1f2a5) Importer(815301076,1909f56bfc062723c751e8b465ee728b)
Start importing Assets/PolygonShops/Prefabs/Products/SM_Prop_Product_Preset_08.prefab using Guid(8095cb8fd91cfe84f97211cce3f1f2a5) Importer(815301076,1909f56bfc062723c751e8b465ee728b)  -> (artifact id: 'a452f396224cd56f69f50320d9e26953') in 0.028940 seconds 
========================================================================
Received Import Request.
  Time since last request: 0.000031 seconds.
  path: Assets/PolygonShops/Prefabs/Products/SM_Prop_Product_40.prefab
  artifactKey: Guid(9e1ce3f3c0186b44882033d7de73d6d9) Importer(815301076,1909f56bfc062723c751e8b465ee728b)
Start importing Assets/PolygonShops/Prefabs/Products/SM_Prop_Product_40.prefab using Guid(9e1ce3f3c0186b44882033d7de73d6d9) Importer(815301076,1909f56bfc062723c751e8b465ee728b)  -> (artifact id: 'a75c11041b190571d52d8ef7ed7ac1f3') in 0.028028 seconds 
========================================================================
Received Import Request.
  Time since last request: 0.000031 seconds.
  path: Assets/PolygonShops/Prefabs/Products/SM_Prop_Product_12.prefab
  artifactKey: Guid(3d69f4217fb0c3b4c8095b94d3b48c80) Importer(815301076,1909f56bfc062723c751e8b465ee728b)
Start importing Assets/PolygonShops/Prefabs/Products/SM_Prop_Product_12.prefab using Guid(3d69f4217fb0c3b4c8095b94d3b48c80) Importer(815301076,1909f56bfc062723c751e8b465ee728b)  -> (artifact id: '7b59f7c90dc8bd48f9298f650efc5735') in 0.030263 seconds 
========================================================================
Received Import Request.
  Time since last request: 0.000028 seconds.
  path: Assets/PolygonShops/Prefabs/Products/SM_Prop_Product_44.prefab
  artifactKey: Guid(aebc74e8e13e3cb47834b42a827dce44) Importer(815301076,1909f56bfc062723c751e8b465ee728b)
Start importing Assets/PolygonShops/Prefabs/Products/SM_Prop_Product_44.prefab using Guid(aebc74e8e13e3cb47834b42a827dce44) Importer(815301076,1909f56bfc062723c751e8b465ee728b)  -> (artifact id: 'b8fd979f286b0f33ca4e8696152ff9d9') in 0.029006 seconds 
========================================================================
Received Import Request.
  Time since last request: 0.000046 seconds.
  path: Assets/PolygonShops/Prefabs/Products/SM_Prop_Product_15.prefab
  artifactKey: Guid(d92a397fb8e84ae4bb1eb7f2371d4251) Importer(815301076,1909f56bfc062723c751e8b465ee728b)
Start importing Assets/PolygonShops/Prefabs/Products/SM_Prop_Product_15.prefab using Guid(d92a397fb8e84ae4bb1eb7f2371d4251) Importer(815301076,1909f56bfc062723c751e8b465ee728b)  -> (artifact id: 'cdbe3295bd21fdca2377239935352d79') in 0.028336 seconds 
========================================================================
Received Import Request.
  Time since last request: 0.000042 seconds.
  path: Assets/PolygonShops/Prefabs/Products/SM_Prop_Product_31.prefab
  artifactKey: Guid(72c2b12a761069e4d8523cea561689db) Importer(815301076,1909f56bfc062723c751e8b465ee728b)
Start importing Assets/PolygonShops/Prefabs/Products/SM_Prop_Product_31.prefab using Guid(72c2b12a761069e4d8523cea561689db) Importer(815301076,1909f56bfc062723c751e8b465ee728b)  -> (artifact id: '94b575b6e5ac7f899f3f3c74c56cf0f3') in 0.029600 seconds 
========================================================================
Received Import Request.
  Time since last request: 0.000047 seconds.
  path: Assets/PolygonShops/Prefabs/Products/SM_Prop_Product_11.prefab
  artifactKey: Guid(2df2b86ea90256340b24726c76db8e63) Importer(815301076,1909f56bfc062723c751e8b465ee728b)
Start importing Assets/PolygonShops/Prefabs/Products/SM_Prop_Product_11.prefab using Guid(2df2b86ea90256340b24726c76db8e63) Importer(815301076,1909f56bfc062723c751e8b465ee728b)  -> (artifact id: '93bd7c8c98fe4912e70d43913e697c32') in 0.028146 seconds 
========================================================================
Received Import Request.
  Time since last request: 0.000061 seconds.
  path: Assets/PolygonShops/Prefabs/Products/SM_Prop_Product_Preset_05.prefab
  artifactKey: Guid(cdbcfb6f5c5f1b241a03de8a310d4d27) Importer(815301076,1909f56bfc062723c751e8b465ee728b)
Start importing Assets/PolygonShops/Prefabs/Products/SM_Prop_Product_Preset_05.prefab using Guid(cdbcfb6f5c5f1b241a03de8a310d4d27) Importer(815301076,1909f56bfc062723c751e8b465ee728b)  -> (artifact id: '18754f42bbc815d299f09a4dd050eb26') in 0.030626 seconds 
========================================================================
Received Import Request.
  Time since last request: 0.000055 seconds.
  path: Assets/PolygonShops/Prefabs/Products/SM_Prop_Product_39.prefab
  artifactKey: Guid(ac183fb86d2cffe4faae3a55a50c8901) Importer(815301076,1909f56bfc062723c751e8b465ee728b)
Start importing Assets/PolygonShops/Prefabs/Products/SM_Prop_Product_39.prefab using Guid(ac183fb86d2cffe4faae3a55a50c8901) Importer(815301076,1909f56bfc062723c751e8b465ee728b)  -> (artifact id: 'cb3c2b89d488afebd15f9907cc364c9f') in 0.027856 seconds 
========================================================================
Received Import Request.
  Time since last request: 0.000088 seconds.
  path: Assets/PolygonShops/Prefabs/Products/SM_Prop_Product_49.prefab
  artifactKey: Guid(be273f8070b0857449f9baa076fdf3bf) Importer(815301076,1909f56bfc062723c751e8b465ee728b)
Start importing Assets/PolygonShops/Prefabs/Products/SM_Prop_Product_49.prefab using Guid(be273f8070b0857449f9baa076fdf3bf) Importer(815301076,1909f56bfc062723c751e8b465ee728b)  -> (artifact id: 'c42f252b43b18cf433b193e07485702f') in 0.030629 seconds 
========================================================================
Received Import Request.
  Time since last request: 0.000060 seconds.
  path: Assets/PolygonShops/Prefabs/Products/SM_Prop_Product_06.prefab
  artifactKey: Guid(5a1130554d07c614da8a6567e8388a8a) Importer(815301076,1909f56bfc062723c751e8b465ee728b)
Start importing Assets/PolygonShops/Prefabs/Products/SM_Prop_Product_06.prefab using Guid(5a1130554d07c614da8a6567e8388a8a) Importer(815301076,1909f56bfc062723c751e8b465ee728b)  -> (artifact id: 'f4e2679af6c13658219e21fe777ef2b1') in 0.028397 seconds 
========================================================================
Received Import Request.
  Time since last request: 0.000044 seconds.
  path: Assets/PolygonShops/Prefabs/Products/SM_Prop_Product_42.prefab
  artifactKey: Guid(23edc391f9da15c49b8ba4dbfe74247d) Importer(815301076,1909f56bfc062723c751e8b465ee728b)
Start importing Assets/PolygonShops/Prefabs/Products/SM_Prop_Product_42.prefab using Guid(23edc391f9da15c49b8ba4dbfe74247d) Importer(815301076,1909f56bfc062723c751e8b465ee728b)  -> (artifact id: '772308c2ccc3fb4b9685360c846495a1') in 0.028671 seconds 
========================================================================
Received Import Request.
  Time since last request: 0.000084 seconds.
  path: Assets/PolygonShops/Prefabs/Products/SM_Prop_Product_47.prefab
  artifactKey: Guid(b269b2dbf07fc0645a0d6036f29453da) Importer(815301076,1909f56bfc062723c751e8b465ee728b)
Start importing Assets/PolygonShops/Prefabs/Products/SM_Prop_Product_47.prefab using Guid(b269b2dbf07fc0645a0d6036f29453da) Importer(815301076,1909f56bfc062723c751e8b465ee728b)  -> (artifact id: '6e940bd5326cb81533d6ef3aa4d112a2') in 0.032065 seconds 
========================================================================
Received Import Request.
  Time since last request: 0.000037 seconds.
  path: Assets/PolygonShops/Prefabs/Products/SM_Prop_Product_17.prefab
  artifactKey: Guid(b13fb86dfe69c8e4a8c720c164c680d1) Importer(815301076,1909f56bfc062723c751e8b465ee728b)
Start importing Assets/PolygonShops/Prefabs/Products/SM_Prop_Product_17.prefab using Guid(b13fb86dfe69c8e4a8c720c164c680d1) Importer(815301076,1909f56bfc062723c751e8b465ee728b)  -> (artifact id: '488f325bf7029283e6b94b651956419c') in 0.029456 seconds 
========================================================================
Received Import Request.
  Time since last request: 0.000050 seconds.
  path: Assets/PolygonShops/Prefabs/Products/SM_Prop_Product_22.prefab
  artifactKey: Guid(963cb0dd2a455d6498faeee4fa348d9c) Importer(815301076,1909f56bfc062723c751e8b465ee728b)
Start importing Assets/PolygonShops/Prefabs/Products/SM_Prop_Product_22.prefab using Guid(963cb0dd2a455d6498faeee4fa348d9c) Importer(815301076,1909f56bfc062723c751e8b465ee728b)  -> (artifact id: 'cc3095da549034f25fa35ead10b1d145') in 0.026901 seconds 
========================================================================
Received Import Request.
  Time since last request: 0.000042 seconds.
  path: Assets/PolygonShops/Prefabs/Products/SM_Prop_Product_34.prefab
  artifactKey: Guid(f978c7a56f3a6d441b4c9ba72a02d9d1) Importer(815301076,1909f56bfc062723c751e8b465ee728b)
Start importing Assets/PolygonShops/Prefabs/Products/SM_Prop_Product_34.prefab using Guid(f978c7a56f3a6d441b4c9ba72a02d9d1) Importer(815301076,1909f56bfc062723c751e8b465ee728b)  -> (artifact id: '30995bf0956a64b0bf1f41a2a1f52ade') in 0.028364 seconds 
========================================================================
Received Import Request.
  Time since last request: 0.000047 seconds.
  path: Assets/PolygonShops/Prefabs/Products/SM_Prop_Product_30.prefab
  artifactKey: Guid(7e056a71122b8ae4591a8da4e3888ab3) Importer(815301076,1909f56bfc062723c751e8b465ee728b)
Start importing Assets/PolygonShops/Prefabs/Products/SM_Prop_Product_30.prefab using Guid(7e056a71122b8ae4591a8da4e3888ab3) Importer(815301076,1909f56bfc062723c751e8b465ee728b)  -> (artifact id: '97a6c808b723c01b71f03dcaf1a0cfe5') in 0.030834 seconds 
========================================================================
Received Import Request.
  Time since last request: 0.000030 seconds.
  path: Assets/PolygonShops/Prefabs/Products/SM_Prop_Product_16.prefab
  artifactKey: Guid(1116a71c24c215949bdc4da16dbb6332) Importer(815301076,1909f56bfc062723c751e8b465ee728b)
Start importing Assets/PolygonShops/Prefabs/Products/SM_Prop_Product_16.prefab using Guid(1116a71c24c215949bdc4da16dbb6332) Importer(815301076,1909f56bfc062723c751e8b465ee728b)  -> (artifact id: '26185c8a15fac711d7e5f29a13fb28d5') in 0.029005 seconds 
========================================================================
Received Import Request.
  Time since last request: 0.000051 seconds.
  path: Assets/PolygonShops/Prefabs/Products/SM_Prop_Product_10.prefab
  artifactKey: Guid(7bec1412877885548bc39d8a13ab74ef) Importer(815301076,1909f56bfc062723c751e8b465ee728b)
Start importing Assets/PolygonShops/Prefabs/Products/SM_Prop_Product_10.prefab using Guid(7bec1412877885548bc39d8a13ab74ef) Importer(815301076,1909f56bfc062723c751e8b465ee728b)  -> (artifact id: '0ecab6051c57601168fc34d7d06c9c87') in 0.041976 seconds 
========================================================================
Received Import Request.
  Time since last request: 0.000043 seconds.
  path: Assets/PolygonShops/Prefabs/Products/SM_Prop_Product_25.prefab
  artifactKey: Guid(78258b50636065645bc1db7fcf418b03) Importer(815301076,1909f56bfc062723c751e8b465ee728b)
Start importing Assets/PolygonShops/Prefabs/Products/SM_Prop_Product_25.prefab using Guid(78258b50636065645bc1db7fcf418b03) Importer(815301076,1909f56bfc062723c751e8b465ee728b)  -> (artifact id: 'eac1f6a514de16be51362df78defec84') in 0.038103 seconds 
