Using pre-set license
Built from '2021.3/staging' branch; Version is '2021.3.0f1 (6eacc8284459) revision 7253192'; Using compiler version '192829333'; Build Type 'Release'
OS: 'Windows 11  (10.0.22000) 64bit Core' Language: 'en' Physical Memory: 32682 MB
BatchMode: 1, IsHumanControllingUs: 0, StartBugReporterOnCrash: 0, Is64bit: 1, IsPro: 1

COMMAND LINE ARGUMENTS:
C:\Program Files\Unity\Hub\Editor\2021.3.0f1\Editor\Unity.exe
-adb2
-batchMode
-noUpm
-name
AssetImportWorker15
-projectPath
C:/Users/justi/OneDrive/Games/RageQuit/Office
-logFile
Logs/AssetImportWorker15.log
-srvPort
60267
Successfully changed project path to: C:/Users/justi/OneDrive/Games/RageQuit/Office
C:/Users/justi/OneDrive/Games/RageQuit/Office
[UnityMemory] Configuration Parameters - Can be set up in boot.config
    "memorysetup-bucket-allocator-granularity=16"
    "memorysetup-bucket-allocator-bucket-count=8"
    "memorysetup-bucket-allocator-block-size=33554432"
    "memorysetup-bucket-allocator-block-count=8"
    "memorysetup-main-allocator-block-size=16777216"
    "memorysetup-thread-allocator-block-size=16777216"
    "memorysetup-gfx-main-allocator-block-size=16777216"
    "memorysetup-gfx-thread-allocator-block-size=16777216"
    "memorysetup-cache-allocator-block-size=4194304"
    "memorysetup-typetree-allocator-block-size=2097152"
    "memorysetup-profiler-bucket-allocator-granularity=16"
    "memorysetup-profiler-bucket-allocator-bucket-count=8"
    "memorysetup-profiler-bucket-allocator-block-size=33554432"
    "memorysetup-profiler-bucket-allocator-block-count=8"
    "memorysetup-profiler-allocator-block-size=16777216"
    "memorysetup-profiler-editor-allocator-block-size=1048576"
    "memorysetup-temp-allocator-size-main=16777216"
    "memorysetup-job-temp-allocator-block-size=2097152"
    "memorysetup-job-temp-allocator-block-size-background=1048576"
    "memorysetup-job-temp-allocator-reduction-small-platforms=262144"
    "memorysetup-temp-allocator-size-background-worker=32768"
    "memorysetup-temp-allocator-size-job-worker=262144"
    "memorysetup-temp-allocator-size-preload-manager=33554432"
    "memorysetup-temp-allocator-size-nav-mesh-worker=65536"
    "memorysetup-temp-allocator-size-audio-worker=65536"
    "memorysetup-temp-allocator-size-cloud-worker=32768"
    "memorysetup-temp-allocator-size-gi-baking-worker=262144"
    "memorysetup-temp-allocator-size-gfx=262144"
Refreshing native plugins compatible for Editor in 115.79 ms, found 6 plugins.
Preloading 0 native plugins for Editor in 0.00 ms.
Initialize engine version: 2021.3.0f1 (6eacc8284459)
[Subsystems] Discovering subsystems at path C:/Program Files/Unity/Hub/Editor/2021.3.0f1/Editor/Data/Resources/UnitySubsystems
[Subsystems] Discovering subsystems at path C:/Users/justi/OneDrive/Games/RageQuit/Office/Assets
GfxDevice: creating device client; threaded=0; jobified=0
Direct3D:
    Version:  Direct3D 11.0 [level 11.1]
    Renderer: NVIDIA GeForce GTX 1080 Ti (ID=0x1b06)
    Vendor:   NVIDIA
    VRAM:     11128 MB
    Driver:   30.0.15.1215
Initialize mono
Mono path[0] = 'C:/Program Files/Unity/Hub/Editor/2021.3.0f1/Editor/Data/Managed'
Mono path[1] = 'C:/Program Files/Unity/Hub/Editor/2021.3.0f1/Editor/Data/MonoBleedingEdge/lib/mono/unityjit-win32'
Mono config path = 'C:/Program Files/Unity/Hub/Editor/2021.3.0f1/Editor/Data/MonoBleedingEdge/etc'
Using monoOptions --debugger-agent=transport=dt_socket,embedding=1,server=y,suspend=n,address=127.0.0.1:56604
Begin MonoManager ReloadAssembly
Registering precompiled unity dll's ...
Register platform support module: C:/Program Files/Unity/Hub/Editor/2021.3.0f1/Editor/Data/PlaybackEngines/WindowsStandaloneSupport/UnityEditor.WindowsStandalone.Extensions.dll
Registered in 0.004438 seconds.
Native extension for WindowsStandalone target not found
Refreshing native plugins compatible for Editor in 83.45 ms, found 6 plugins.
Preloading 0 native plugins for Editor in 0.00 ms.
Mono: successfully reloaded assembly
- Completed reload, in  0.591 seconds
Domain Reload Profiling:
	ReloadAssembly (591ms)
		BeginReloadAssembly (80ms)
			ExecutionOrderSort (0ms)
			DisableScriptedObjects (0ms)
			BackupInstance (0ms)
			ReleaseScriptingObjects (0ms)
			CreateAndSetChildDomain (1ms)
		EndReloadAssembly (405ms)
			LoadAssemblies (77ms)
			RebuildTransferFunctionScriptingTraits (0ms)
			SetupTypeCache (92ms)
			ReleaseScriptCaches (0ms)
			RebuildScriptCaches (23ms)
			SetupLoadedEditorAssemblies (244ms)
				LogAssemblyErrors (0ms)
				InitializePlatformSupportModulesInManaged (7ms)
				SetLoadedEditorAssemblies (0ms)
				RefreshPlugins (84ms)
				BeforeProcessingInitializeOnLoad (1ms)
				ProcessInitializeOnLoadAttributes (115ms)
				ProcessInitializeOnLoadMethodAttributes (37ms)
				AfterProcessingInitializeOnLoad (0ms)
				EditorAssembliesLoaded (0ms)
			ExecutionOrderSort2 (0ms)
			AwakeInstancesAfterBackupRestoration (0ms)
Platform modules already initialized, skipping
Registering precompiled user dll's ...
Registered in 0.005670 seconds.
Begin MonoManager ReloadAssembly
Symbol file LoadedFromMemory is not a mono symbol file
Native extension for WindowsStandalone target not found
Refreshing native plugins compatible for Editor in 86.64 ms, found 6 plugins.
Preloading 0 native plugins for Editor in 0.00 ms.
Mono: successfully reloaded assembly
- Completed reload, in  1.479 seconds
Domain Reload Profiling:
	ReloadAssembly (1479ms)
		BeginReloadAssembly (110ms)
			ExecutionOrderSort (0ms)
			DisableScriptedObjects (5ms)
			BackupInstance (0ms)
			ReleaseScriptingObjects (0ms)
			CreateAndSetChildDomain (23ms)
		EndReloadAssembly (1239ms)
			LoadAssemblies (115ms)
			RebuildTransferFunctionScriptingTraits (0ms)
			SetupTypeCache (274ms)
			ReleaseScriptCaches (1ms)
			RebuildScriptCaches (63ms)
			SetupLoadedEditorAssemblies (735ms)
				LogAssemblyErrors (0ms)
				InitializePlatformSupportModulesInManaged (3ms)
				SetLoadedEditorAssemblies (0ms)
				RefreshPlugins (87ms)
				BeforeProcessingInitializeOnLoad (82ms)
				ProcessInitializeOnLoadAttributes (485ms)
				ProcessInitializeOnLoadMethodAttributes (70ms)
				AfterProcessingInitializeOnLoad (7ms)
				EditorAssembliesLoaded (0ms)
			ExecutionOrderSort2 (0ms)
			AwakeInstancesAfterBackupRestoration (6ms)
Platform modules already initialized, skipping
========================================================================
Worker process is ready to serve import requests
Launched and connected shader compiler UnityShaderCompiler.exe after 0.06 seconds
Refreshing native plugins compatible for Editor in 1.77 ms, found 6 plugins.
Preloading 0 native plugins for Editor in 0.00 ms.
Unloading 4202 Unused Serialized files (Serialized files now loaded: 0)
Unloading 142 unused Assets / (0.8 MB). Loaded Objects now: 4636.
Memory consumption went from 196.5 MB to 195.7 MB.
Total: 4.542000 ms (FindLiveObjects: 0.464200 ms CreateObjectMapping: 0.100900 ms MarkObjects: 3.433200 ms  DeleteObjects: 0.542000 ms)

AssetImportParameters requested are different than current active one (requested -> active):
  custom:video-decoder-ogg-theora: a1e56fd34408186e4bbccfd4996cb3dc -> 
  custom:container-muxer-webm: aa71ff27fc2769a1b78a27578f13a17b -> 
  custom:container-demuxer-webm: 4f35f7cbe854078d1ac9338744f61a02 -> 
  custom:video-encoder-webm-vp8: eb34c28f22e8b96e1ab97ce403110664 -> 
  custom:audio-encoder-webm-vorbis: bf7c407c2cedff20999df2af8eb42d56 -> 
  custom:framework-win-MediaFoundation: 216162199b28c13a410421893ffa2e32 -> 
  custom:container-demuxer-ogg: 62fdf1f143b41e24485cea50d1cbac27 -> 
  custom:video-decoder-webm-vp8: 9c59270c3fd7afecdb556c50c9e8de78 -> 
  custom:audio-decoder-ogg-vorbis: bf7c407c2cedff20999df2af8eb42d56 -> 
========================================================================
Received Import Request.
  Time since last request: 30233.145941 seconds.
  path: Assets/PolygonOffice/Prefabs/Props/Desk Props/SM_Prop_Modem_01.prefab
  artifactKey: Guid(334756448d804aa439e330e23c69852c) Importer(815301076,1909f56bfc062723c751e8b465ee728b)
Start importing Assets/PolygonOffice/Prefabs/Props/Desk Props/SM_Prop_Modem_01.prefab using Guid(334756448d804aa439e330e23c69852c) Importer(815301076,1909f56bfc062723c751e8b465ee728b)  -> (artifact id: '89bf08ecf12c22a06973f40ae6178561') in 0.394894 seconds 
========================================================================
Received Import Request.
  Time since last request: 1.662178 seconds.
  path: Assets/PolygonOffice/Prefabs/Props/Desk Props/SM_Prop_Note_07.prefab
  artifactKey: Guid(16d27ea849351314abc7511f24904cfa) Importer(815301076,1909f56bfc062723c751e8b465ee728b)
Start importing Assets/PolygonOffice/Prefabs/Props/Desk Props/SM_Prop_Note_07.prefab using Guid(16d27ea849351314abc7511f24904cfa) Importer(815301076,1909f56bfc062723c751e8b465ee728b)  -> (artifact id: 'a44744b5712ef58897cd56db7565edcb') in 0.057718 seconds 
========================================================================
Received Import Request.
  Time since last request: 0.000049 seconds.
  path: Assets/PolygonOffice/Prefabs/Props/Desk Props/SM_Prop_Paper_04.prefab
  artifactKey: Guid(efefe69311ddcb54b8868bc2624ba9f5) Importer(815301076,1909f56bfc062723c751e8b465ee728b)
Start importing Assets/PolygonOffice/Prefabs/Props/Desk Props/SM_Prop_Paper_04.prefab using Guid(efefe69311ddcb54b8868bc2624ba9f5) Importer(815301076,1909f56bfc062723c751e8b465ee728b)  -> (artifact id: 'acb8145bc517e5cac8a8539134bdfb1a') in 0.058030 seconds 
========================================================================
Received Import Request.
  Time since last request: 0.000073 seconds.
  path: Assets/PolygonOffice/Prefabs/Props/Desk Props/SM_Prop_Paper_Pile_02.prefab
  artifactKey: Guid(425701d948ecf3044ae2edd074e463d4) Importer(815301076,1909f56bfc062723c751e8b465ee728b)
Start importing Assets/PolygonOffice/Prefabs/Props/Desk Props/SM_Prop_Paper_Pile_02.prefab using Guid(425701d948ecf3044ae2edd074e463d4) Importer(815301076,1909f56bfc062723c751e8b465ee728b)  -> (artifact id: '4d3d6b018e0ea03da60e4bca75405494') in 0.089314 seconds 
========================================================================
Received Import Request.
  Time since last request: 5.696636 seconds.
  path: Assets/PolygonOffice/Prefabs/Props/Desk Props/SM_Prop_Pen_01.prefab
  artifactKey: Guid(5aa2e3ce69b1da34381ac42c9a77ca7b) Importer(815301076,1909f56bfc062723c751e8b465ee728b)
Start importing Assets/PolygonOffice/Prefabs/Props/Desk Props/SM_Prop_Pen_01.prefab using Guid(5aa2e3ce69b1da34381ac42c9a77ca7b) Importer(815301076,1909f56bfc062723c751e8b465ee728b)  -> (artifact id: 'caad707c58ed83c16783841c5741cece') in 0.057511 seconds 
========================================================================
Received Import Request.
  Time since last request: 0.000028 seconds.
  path: Assets/PolygonOffice/Prefabs/Props/Desk Props/SM_Prop_PencilCup_01.prefab
  artifactKey: Guid(174ef9772cca75c4bb9e157884634b70) Importer(815301076,1909f56bfc062723c751e8b465ee728b)
Start importing Assets/PolygonOffice/Prefabs/Props/Desk Props/SM_Prop_PencilCup_01.prefab using Guid(174ef9772cca75c4bb9e157884634b70) Importer(815301076,1909f56bfc062723c751e8b465ee728b)  -> (artifact id: '9085a4797266ba992cf35ac29490f417') in 0.097870 seconds 
========================================================================
Received Import Request.
  Time since last request: 0.000074 seconds.
  path: Assets/PolygonOffice/Prefabs/Props/Desk Props/SM_Prop_Pencil_Sharpener_01.prefab
  artifactKey: Guid(88ae2426bab717b489fda07d694c131d) Importer(815301076,1909f56bfc062723c751e8b465ee728b)
Start importing Assets/PolygonOffice/Prefabs/Props/Desk Props/SM_Prop_Pencil_Sharpener_01.prefab using Guid(88ae2426bab717b489fda07d694c131d) Importer(815301076,1909f56bfc062723c751e8b465ee728b)  -> (artifact id: 'e8270a6ea07c3536dc32d7707261a55f') in 0.058054 seconds 
========================================================================
Received Import Request.
  Time since last request: 1.686030 seconds.
  path: Assets/PolygonOffice/Prefabs/Props/Desk Props/SM_Prop_Photo_03.prefab
  artifactKey: Guid(261a514f58fa4f8478b981ef52e5af17) Importer(815301076,1909f56bfc062723c751e8b465ee728b)
Start importing Assets/PolygonOffice/Prefabs/Props/Desk Props/SM_Prop_Photo_03.prefab using Guid(261a514f58fa4f8478b981ef52e5af17) Importer(815301076,1909f56bfc062723c751e8b465ee728b)  -> (artifact id: '672295994a149e361fc6e3bf3b9c54f7') in 0.061679 seconds 
========================================================================
Received Import Request.
  Time since last request: 0.000050 seconds.
  path: Assets/PolygonOffice/Prefabs/Props/Desk Props/SM_Prop_Printer_01.prefab
  artifactKey: Guid(ebb44bca8cbdef840a4b04fef80de9c3) Importer(815301076,1909f56bfc062723c751e8b465ee728b)
Start importing Assets/PolygonOffice/Prefabs/Props/Desk Props/SM_Prop_Printer_01.prefab using Guid(ebb44bca8cbdef840a4b04fef80de9c3) Importer(815301076,1909f56bfc062723c751e8b465ee728b)  -> (artifact id: '38b7e58646162f445fa38ff834ddb74a') in 0.071371 seconds 
========================================================================
Received Import Request.
  Time since last request: 0.000037 seconds.
  path: Assets/PolygonOffice/Prefabs/Props/Desk Props/SM_Prop_Printer_Mini_01.prefab
  artifactKey: Guid(f50252895fa709048b9264d3638595ce) Importer(815301076,1909f56bfc062723c751e8b465ee728b)
Start importing Assets/PolygonOffice/Prefabs/Props/Desk Props/SM_Prop_Printer_Mini_01.prefab using Guid(f50252895fa709048b9264d3638595ce) Importer(815301076,1909f56bfc062723c751e8b465ee728b)  -> (artifact id: 'fc9971d8fba26a89faa17e0c32a39c82') in 0.065721 seconds 
========================================================================
Received Import Request.
  Time since last request: 0.520504 seconds.
  path: Assets/PolygonOffice/Prefabs/Props/Desk Props/SM_Prop_Scissors_01.prefab
  artifactKey: Guid(8186e41a32284704298989d0cb0622b6) Importer(815301076,1909f56bfc062723c751e8b465ee728b)
Start importing Assets/PolygonOffice/Prefabs/Props/Desk Props/SM_Prop_Scissors_01.prefab using Guid(8186e41a32284704298989d0cb0622b6) Importer(815301076,1909f56bfc062723c751e8b465ee728b)  -> (artifact id: '9d250ffae6c2114c841a89d46e599050') in 0.057948 seconds 
========================================================================
Received Import Request.
  Time since last request: 0.000036 seconds.
  path: Assets/PolygonOffice/Prefabs/Props/Desk Props/SM_Prop_Stapler_01.prefab
  artifactKey: Guid(719da362dc42e4843ab0ee1ce98a98cc) Importer(815301076,1909f56bfc062723c751e8b465ee728b)
Start importing Assets/PolygonOffice/Prefabs/Props/Desk Props/SM_Prop_Stapler_01.prefab using Guid(719da362dc42e4843ab0ee1ce98a98cc) Importer(815301076,1909f56bfc062723c751e8b465ee728b)  -> (artifact id: '8755943896fd5b584a5102d645f380ce') in 0.057626 seconds 
========================================================================
Received Import Request.
  Time since last request: 0.000051 seconds.
  path: Assets/PolygonOffice/Prefabs/Props/Desk Props/SM_Prop_Webcam_02.prefab
  artifactKey: Guid(5159e17ccfc2dfd4bbb219d538b3d6e4) Importer(815301076,1909f56bfc062723c751e8b465ee728b)
Start importing Assets/PolygonOffice/Prefabs/Props/Desk Props/SM_Prop_Webcam_02.prefab using Guid(5159e17ccfc2dfd4bbb219d538b3d6e4) Importer(815301076,1909f56bfc062723c751e8b465ee728b)  -> (artifact id: '45efe0e3c8da43b47a045d43b949e6f1') in 0.056678 seconds 
========================================================================
Received Import Request.
  Time since last request: 143.679298 seconds.
  path: Assets/PolygonOffice/Prefabs/Props/Furniture/Unused
  artifactKey: Guid(fb3d40fe92d4560498b5cc83c8bea815) Importer(815301076,1909f56bfc062723c751e8b465ee728b)
Start importing Assets/PolygonOffice/Prefabs/Props/Furniture/Unused using Guid(fb3d40fe92d4560498b5cc83c8bea815) Importer(815301076,1909f56bfc062723c751e8b465ee728b)  -> (artifact id: 'd601ed975fc85c19c47fcc9f6c3959d5') in 0.004977 seconds 
========================================================================
Received Import Request.
  Time since last request: 84.096905 seconds.
  path: Assets/PolygonOffice/Materials/PolygonOffice_Material_Glass.mat
  artifactKey: Guid(d71c534a86de0e1409d44aa86be7d45e) Importer(815301076,1909f56bfc062723c751e8b465ee728b)
Start importing Assets/PolygonOffice/Materials/PolygonOffice_Material_Glass.mat using Guid(d71c534a86de0e1409d44aa86be7d45e) Importer(815301076,1909f56bfc062723c751e8b465ee728b)  -> (artifact id: '38bebbec40015f1c17c054a7eb457a0f') in 0.079501 seconds 
========================================================================
Received Import Request.
  Time since last request: 39.943300 seconds.
  path: Assets/PolygonOffice/Models/SM_Prop_Cup_Coffee_Disposable_Open_01.fbx
  artifactKey: Guid(b5e62c6d4d948084891a21a554711e56) Importer(815301076,1909f56bfc062723c751e8b465ee728b)
Start importing Assets/PolygonOffice/Models/SM_Prop_Cup_Coffee_Disposable_Open_01.fbx using Guid(b5e62c6d4d948084891a21a554711e56) Importer(815301076,1909f56bfc062723c751e8b465ee728b)  -> (artifact id: '6eded378849275641b7dc4dd8dae56a0') in 0.042316 seconds 
========================================================================
Received Import Request.
  Time since last request: 0.000032 seconds.
  path: Assets/PolygonOffice/Models/SM_Prop_Cup_Coffee_Disposable_Open_Full_01_Convex.asset
  artifactKey: Guid(6b8b5c1ad71ef0242ac75368a59c10ec) Importer(815301076,1909f56bfc062723c751e8b465ee728b)
Start importing Assets/PolygonOffice/Models/SM_Prop_Cup_Coffee_Disposable_Open_Full_01_Convex.asset using Guid(6b8b5c1ad71ef0242ac75368a59c10ec) Importer(815301076,1909f56bfc062723c751e8b465ee728b)  -> (artifact id: '4cdc2f601d52038a0b138c965d9c46d2') in 0.017264 seconds 
========================================================================
Received Import Request.
  Time since last request: 0.000035 seconds.
  path: Assets/PolygonOffice/Models/SM_Prop_Cup_Paper_01_Convex.asset
  artifactKey: Guid(0fab2249fec9a0848bc11fa493c10a79) Importer(815301076,1909f56bfc062723c751e8b465ee728b)
Start importing Assets/PolygonOffice/Models/SM_Prop_Cup_Paper_01_Convex.asset using Guid(0fab2249fec9a0848bc11fa493c10a79) Importer(815301076,1909f56bfc062723c751e8b465ee728b)  -> (artifact id: '36bd024c5a678deb0ee2499a9a9d5adb') in 0.015050 seconds 
========================================================================
Received Import Request.
  Time since last request: 0.000040 seconds.
  path: Assets/PolygonOffice/Models/SM_Prop_Cup_Red_01_Convex.asset
  artifactKey: Guid(02bdbf177b76faf4e8cfa086e582461c) Importer(815301076,1909f56bfc062723c751e8b465ee728b)
Start importing Assets/PolygonOffice/Models/SM_Prop_Cup_Red_01_Convex.asset using Guid(02bdbf177b76faf4e8cfa086e582461c) Importer(815301076,1909f56bfc062723c751e8b465ee728b)  -> (artifact id: '2edf16bda83e0bf6f930ad5298a8b57f') in 0.015378 seconds 
========================================================================
Received Import Request.
  Time since last request: 0.000047 seconds.
  path: Assets/PolygonOffice/Models/SM_Prop_Desklamp_01_Convex.asset
  artifactKey: Guid(b98f15badfc4bd947aaa79813cdbb11f) Importer(815301076,1909f56bfc062723c751e8b465ee728b)
Start importing Assets/PolygonOffice/Models/SM_Prop_Desklamp_01_Convex.asset using Guid(b98f15badfc4bd947aaa79813cdbb11f) Importer(815301076,1909f56bfc062723c751e8b465ee728b)  -> (artifact id: '697f0c24350854aba3b774d2325e5f42') in 0.015484 seconds 
========================================================================
Received Import Request.
  Time since last request: 0.000032 seconds.
  path: Assets/PolygonOffice/Models/SM_Prop_Desk_02.fbx
  artifactKey: Guid(780914ab5fb45a44db45995e3a30edc3) Importer(815301076,1909f56bfc062723c751e8b465ee728b)
Start importing Assets/PolygonOffice/Models/SM_Prop_Desk_02.fbx using Guid(780914ab5fb45a44db45995e3a30edc3) Importer(815301076,1909f56bfc062723c751e8b465ee728b)  -> (artifact id: 'a85811183db9ceff6fa5a3e11639338e') in 0.020377 seconds 
========================================================================
Received Import Request.
  Time since last request: 0.000039 seconds.
  path: Assets/PolygonOffice/Models/SM_Prop_Desklamp_03.fbx
  artifactKey: Guid(02c3b3736665fd446a99f523cf7f5117) Importer(815301076,1909f56bfc062723c751e8b465ee728b)
Start importing Assets/PolygonOffice/Models/SM_Prop_Desklamp_03.fbx using Guid(02c3b3736665fd446a99f523cf7f5117) Importer(815301076,1909f56bfc062723c751e8b465ee728b)  -> (artifact id: 'bd221babdbd94bae3f8c91350774935f') in 0.025439 seconds 
========================================================================
Received Import Request.
  Time since last request: 0.000037 seconds.
  path: Assets/PolygonOffice/Models/SM_Prop_Divider_Folding_01_Convex.asset
  artifactKey: Guid(d1fee360bad9e6b4694cbfc7d0da3c64) Importer(815301076,1909f56bfc062723c751e8b465ee728b)
Start importing Assets/PolygonOffice/Models/SM_Prop_Divider_Folding_01_Convex.asset using Guid(d1fee360bad9e6b4694cbfc7d0da3c64) Importer(815301076,1909f56bfc062723c751e8b465ee728b)  -> (artifact id: 'b6132106f204b85f29d19276d8ca2709') in 0.014989 seconds 
========================================================================
Received Import Request.
  Time since last request: 0.000045 seconds.
  path: Assets/PolygonOffice/Models/SM_Prop_Donut_Box_01_Convex.asset
  artifactKey: Guid(6c1617b0a6df4dd42840becce3b6186e) Importer(815301076,1909f56bfc062723c751e8b465ee728b)
Start importing Assets/PolygonOffice/Models/SM_Prop_Donut_Box_01_Convex.asset using Guid(6c1617b0a6df4dd42840becce3b6186e) Importer(815301076,1909f56bfc062723c751e8b465ee728b)  -> (artifact id: '2c98e1abfdd91714458e21d086e822cb') in 0.015221 seconds 
========================================================================
Received Import Request.
  Time since last request: 0.000025 seconds.
  path: Assets/PolygonOffice/Models/SM_Prop_Donut_Box_01.fbx
  artifactKey: Guid(54cda2af79e08074fa9470e3153d682b) Importer(815301076,1909f56bfc062723c751e8b465ee728b)
Start importing Assets/PolygonOffice/Models/SM_Prop_Donut_Box_01.fbx using Guid(54cda2af79e08074fa9470e3153d682b) Importer(815301076,1909f56bfc062723c751e8b465ee728b)  -> (artifact id: '275d49fc38fcc2bf3cffccd02f238954') in 0.018761 seconds 
========================================================================
Received Import Request.
  Time since last request: 0.000038 seconds.
  path: Assets/PolygonOffice/Models/SM_Prop_Desklamp_02_Convex 2.asset
  artifactKey: Guid(34b5252f24c556b4a93a3529ea5052b1) Importer(815301076,1909f56bfc062723c751e8b465ee728b)
Start importing Assets/PolygonOffice/Models/SM_Prop_Desklamp_02_Convex 2.asset using Guid(34b5252f24c556b4a93a3529ea5052b1) Importer(815301076,1909f56bfc062723c751e8b465ee728b)  -> (artifact id: 'b69ea3454e42a898c08297d1a2b0db05') in 0.025305 seconds 
========================================================================
Received Import Request.
  Time since last request: 0.000029 seconds.
  path: Assets/PolygonOffice/Models/SM_Prop_Divider_Half_01.fbx
  artifactKey: Guid(4a6a56c302363e34a98fe6b797487df4) Importer(815301076,1909f56bfc062723c751e8b465ee728b)
Start importing Assets/PolygonOffice/Models/SM_Prop_Divider_Half_01.fbx using Guid(4a6a56c302363e34a98fe6b797487df4) Importer(815301076,1909f56bfc062723c751e8b465ee728b)  -> (artifact id: 'a46449cea1ab6ee18081103032bb9e0a') in 0.020893 seconds 
========================================================================
Received Import Request.
  Time since last request: 0.000041 seconds.
  path: Assets/PolygonOffice/Models/SM_Prop_Desklamp_02_Convex 1.asset
  artifactKey: Guid(19e7ac4dc68afc04aa1a6ee3ed50ca71) Importer(815301076,1909f56bfc062723c751e8b465ee728b)
Start importing Assets/PolygonOffice/Models/SM_Prop_Desklamp_02_Convex 1.asset using Guid(19e7ac4dc68afc04aa1a6ee3ed50ca71) Importer(815301076,1909f56bfc062723c751e8b465ee728b)  -> (artifact id: '6f1499b83926d8d4c3baa5a0b5841369') in 0.030290 seconds 
========================================================================
Received Import Request.
  Time since last request: 0.000030 seconds.
  path: Assets/PolygonOffice/Models/SM_Prop_DeskLamp_06_Convex.asset
  artifactKey: Guid(763405a1f4da3424d9018b1d0e26dc4d) Importer(815301076,1909f56bfc062723c751e8b465ee728b)
Start importing Assets/PolygonOffice/Models/SM_Prop_DeskLamp_06_Convex.asset using Guid(763405a1f4da3424d9018b1d0e26dc4d) Importer(815301076,1909f56bfc062723c751e8b465ee728b)  -> (artifact id: '8553a3d921631d25ff7c4e0242d4e784') in 0.015200 seconds 
========================================================================
Received Import Request.
  Time since last request: 0.000027 seconds.
  path: Assets/PolygonOffice/Models/SM_Prop_Desk_Standing_01_Convex.asset
  artifactKey: Guid(c88cf3f1b31a9444ab5c137d1c70ecfb) Importer(815301076,1909f56bfc062723c751e8b465ee728b)
Start importing Assets/PolygonOffice/Models/SM_Prop_Desk_Standing_01_Convex.asset using Guid(c88cf3f1b31a9444ab5c137d1c70ecfb) Importer(815301076,1909f56bfc062723c751e8b465ee728b)  -> (artifact id: 'e054b93bf1bb794629de29fb505dd2e2') in 0.014178 seconds 
========================================================================
Received Import Request.
  Time since last request: 0.000040 seconds.
  path: Assets/PolygonOffice/Models/SM_Prop_DeskLamp_05_Convex.asset
  artifactKey: Guid(2d6de3c08b406bc4f91ff5f9023f5485) Importer(815301076,1909f56bfc062723c751e8b465ee728b)
Start importing Assets/PolygonOffice/Models/SM_Prop_DeskLamp_05_Convex.asset using Guid(2d6de3c08b406bc4f91ff5f9023f5485) Importer(815301076,1909f56bfc062723c751e8b465ee728b)  -> (artifact id: 'ff72ef52e8b73387af12d6fc9d726854') in 0.014638 seconds 
========================================================================
Received Import Request.
  Time since last request: 0.000033 seconds.
  path: Assets/PolygonOffice/Models/SM_Prop_Dishes_04_Convex.asset
  artifactKey: Guid(7039e073c5f82f54fa7b722bc96d59bc) Importer(815301076,1909f56bfc062723c751e8b465ee728b)
Start importing Assets/PolygonOffice/Models/SM_Prop_Dishes_04_Convex.asset using Guid(7039e073c5f82f54fa7b722bc96d59bc) Importer(815301076,1909f56bfc062723c751e8b465ee728b)  -> (artifact id: '338d413ae3806bacc9b1f2e8c6f2df8f') in 0.013178 seconds 
========================================================================
Received Import Request.
  Time since last request: 0.000027 seconds.
  path: Assets/PolygonOffice/Models/SM_Prop_Divider_01_Convex.asset
  artifactKey: Guid(515c26b407e711445864a981fe3f6a1b) Importer(815301076,1909f56bfc062723c751e8b465ee728b)
Start importing Assets/PolygonOffice/Models/SM_Prop_Divider_01_Convex.asset using Guid(515c26b407e711445864a981fe3f6a1b) Importer(815301076,1909f56bfc062723c751e8b465ee728b)  -> (artifact id: 'c815f518ce0d4d3a584db3edc6c15b9a') in 0.014129 seconds 
========================================================================
Received Import Request.
  Time since last request: 0.000028 seconds.
  path: Assets/PolygonOffice/Models/SM_Prop_Desklamp_01.fbx
  artifactKey: Guid(3a9677a594b2cc047b9049076cbd2578) Importer(815301076,1909f56bfc062723c751e8b465ee728b)
Start importing Assets/PolygonOffice/Models/SM_Prop_Desklamp_01.fbx using Guid(3a9677a594b2cc047b9049076cbd2578) Importer(815301076,1909f56bfc062723c751e8b465ee728b)  -> (artifact id: '9a82315823f7b416b36cad393b5ee66e') in 0.027559 seconds 
========================================================================
Received Import Request.
  Time since last request: 0.000030 seconds.
  path: Assets/PolygonOffice/Models/SM_Prop_Dishes_02_Convex.asset
  artifactKey: Guid(6993fbd70bd47f24fb12df91d9f37267) Importer(815301076,1909f56bfc062723c751e8b465ee728b)
Start importing Assets/PolygonOffice/Models/SM_Prop_Dishes_02_Convex.asset using Guid(6993fbd70bd47f24fb12df91d9f37267) Importer(815301076,1909f56bfc062723c751e8b465ee728b)  -> (artifact id: 'db101d83b83ebc43c2b37b3b805003bd') in 0.012662 seconds 
========================================================================
Received Import Request.
  Time since last request: 0.000038 seconds.
  path: Assets/PolygonOffice/Models/SM_Prop_Darkboard_01.fbx
  artifactKey: Guid(927b69ba01c6d7a4482bd3e27b9079aa) Importer(815301076,1909f56bfc062723c751e8b465ee728b)
Start importing Assets/PolygonOffice/Models/SM_Prop_Darkboard_01.fbx using Guid(927b69ba01c6d7a4482bd3e27b9079aa) Importer(815301076,1909f56bfc062723c751e8b465ee728b)  -> (artifact id: 'dbfa6869a9500ffd5ef742f9f1ae517c') in 0.028352 seconds 
========================================================================
Received Import Request.
  Time since last request: 0.000039 seconds.
  path: Assets/PolygonOffice/Models/SM_Prop_Desk_03_Convex.asset
  artifactKey: Guid(74d662ef589dd8749806310b3293fbfd) Importer(815301076,1909f56bfc062723c751e8b465ee728b)
Start importing Assets/PolygonOffice/Models/SM_Prop_Desk_03_Convex.asset using Guid(74d662ef589dd8749806310b3293fbfd) Importer(815301076,1909f56bfc062723c751e8b465ee728b)  -> (artifact id: '3b1f31b3cc22ed86c4eb939a9b9221b6') in 0.014874 seconds 
========================================================================
Received Import Request.
  Time since last request: 0.000033 seconds.
  path: Assets/PolygonOffice/Models/SM_Prop_Cup_Styrofoam_01.fbx
  artifactKey: Guid(13f6792476d010f4694ef067474388dd) Importer(815301076,1909f56bfc062723c751e8b465ee728b)
Start importing Assets/PolygonOffice/Models/SM_Prop_Cup_Styrofoam_01.fbx using Guid(13f6792476d010f4694ef067474388dd) Importer(815301076,1909f56bfc062723c751e8b465ee728b)  -> (artifact id: '1d8bd9aa0b77eb1eda01bf4ae1cd86d5') in 0.026333 seconds 
========================================================================
Received Import Request.
  Time since last request: 0.000049 seconds.
  path: Assets/PolygonOffice/Models/SM_Prop_Cup_Coffee_Disposable_Open_Full_01.fbx
  artifactKey: Guid(40d396f75ce064640835ba8c0cfe2502) Importer(815301076,1909f56bfc062723c751e8b465ee728b)
Start importing Assets/PolygonOffice/Models/SM_Prop_Cup_Coffee_Disposable_Open_Full_01.fbx using Guid(40d396f75ce064640835ba8c0cfe2502) Importer(815301076,1909f56bfc062723c751e8b465ee728b)  -> (artifact id: '5be52505b8c99afecf62e7ba3800acff') in 0.027903 seconds 
========================================================================
Received Import Request.
  Time since last request: 0.000038 seconds.
  path: Assets/PolygonOffice/Models/SM_Prop_Divider_01.fbx
  artifactKey: Guid(76c52829d6d4756458c84996640f7a3f) Importer(815301076,1909f56bfc062723c751e8b465ee728b)
Start importing Assets/PolygonOffice/Models/SM_Prop_Divider_01.fbx using Guid(76c52829d6d4756458c84996640f7a3f) Importer(815301076,1909f56bfc062723c751e8b465ee728b)  -> (artifact id: '1148a13a23f283ac2319918db58b68d9') in 0.022717 seconds 
========================================================================
Received Import Request.
  Time since last request: 0.000026 seconds.
  path: Assets/PolygonOffice/Models/SM_Prop_Divider_Folding_01.fbx
  artifactKey: Guid(f2e16970f09957d4082638f05ef4229a) Importer(815301076,1909f56bfc062723c751e8b465ee728b)
Start importing Assets/PolygonOffice/Models/SM_Prop_Divider_Folding_01.fbx using Guid(f2e16970f09957d4082638f05ef4229a) Importer(815301076,1909f56bfc062723c751e8b465ee728b)  -> (artifact id: '71c0a98098fc780511465001f40a2fa2') in 0.040755 seconds 
========================================================================
Received Import Request.
  Time since last request: 0.000029 seconds.
  path: Assets/PolygonOffice/Models/SM_Prop_Desk_02_Convex.asset
  artifactKey: Guid(4ddf5a5f67b220444a014ae16f18a1e1) Importer(815301076,1909f56bfc062723c751e8b465ee728b)
Start importing Assets/PolygonOffice/Models/SM_Prop_Desk_02_Convex.asset using Guid(4ddf5a5f67b220444a014ae16f18a1e1) Importer(815301076,1909f56bfc062723c751e8b465ee728b)  -> (artifact id: 'aa83ca7502dfa2797a8bed69cdf313b8') in 0.014397 seconds 
========================================================================
Received Import Request.
  Time since last request: 0.000042 seconds.
  path: Assets/PolygonOffice/Models/SM_Prop_Dishes_02.fbx
  artifactKey: Guid(73993de7d53f97b429c8cdc0f82e9dd2) Importer(815301076,1909f56bfc062723c751e8b465ee728b)
Start importing Assets/PolygonOffice/Models/SM_Prop_Dishes_02.fbx using Guid(73993de7d53f97b429c8cdc0f82e9dd2) Importer(815301076,1909f56bfc062723c751e8b465ee728b)  -> (artifact id: 'f9ff66b53eae295ea6bf654edbe23bb2') in 0.023295 seconds 
========================================================================
Received Import Request.
  Time since last request: 0.000035 seconds.
  path: Assets/PolygonOffice/Models/SM_Prop_Desklamp_02_Convex.asset
  artifactKey: Guid(b87f85a694be83440851577afaa81137) Importer(815301076,1909f56bfc062723c751e8b465ee728b)
Start importing Assets/PolygonOffice/Models/SM_Prop_Desklamp_02_Convex.asset using Guid(b87f85a694be83440851577afaa81137) Importer(815301076,1909f56bfc062723c751e8b465ee728b)  -> (artifact id: '5603482ab179bb6d78c92be8ffd8114f') in 0.014856 seconds 
========================================================================
Received Import Request.
  Time since last request: 0.000029 seconds.
  path: Assets/PolygonOffice/Models/SM_Prop_DeskToy_NewtownsCradle_01_Convex.asset
  artifactKey: Guid(2d522512924975842a78de40ac09202d) Importer(815301076,1909f56bfc062723c751e8b465ee728b)
Start importing Assets/PolygonOffice/Models/SM_Prop_DeskToy_NewtownsCradle_01_Convex.asset using Guid(2d522512924975842a78de40ac09202d) Importer(815301076,1909f56bfc062723c751e8b465ee728b)  -> (artifact id: '6552afb402caae684406b8d6a1eba79f') in 0.014023 seconds 
========================================================================
Received Import Request.
  Time since last request: 0.000033 seconds.
  path: Assets/PolygonOffice/Models/SM_Prop_Cup_Coffee_Disposable_Open_Mellow_01.fbx
  artifactKey: Guid(8f699f5b90ee0b841879d6874d5fb9ac) Importer(815301076,1909f56bfc062723c751e8b465ee728b)
Start importing Assets/PolygonOffice/Models/SM_Prop_Cup_Coffee_Disposable_Open_Mellow_01.fbx using Guid(8f699f5b90ee0b841879d6874d5fb9ac) Importer(815301076,1909f56bfc062723c751e8b465ee728b)  -> (artifact id: 'dce3b83f7da335948d4b8954c5d7d6e9') in 0.027185 seconds 
========================================================================
Received Import Request.
  Time since last request: 0.000027 seconds.
  path: Assets/PolygonOffice/Models/SM_Prop_Desk_Treadmill_01.fbx
  artifactKey: Guid(81ec855a145cc4e4ea4e9f6ad4188c70) Importer(815301076,1909f56bfc062723c751e8b465ee728b)
Start importing Assets/PolygonOffice/Models/SM_Prop_Desk_Treadmill_01.fbx using Guid(81ec855a145cc4e4ea4e9f6ad4188c70) Importer(815301076,1909f56bfc062723c751e8b465ee728b)  -> (artifact id: '8194b8adbf5a515bf5098c127c4626f3') in 0.022478 seconds 
========================================================================
Received Import Request.
  Time since last request: 0.000053 seconds.
  path: Assets/PolygonOffice/Models/SM_Prop_Divider_Folding_01_Convex 2.asset
  artifactKey: Guid(c40f30d71d027524ab5c25b5a6f90988) Importer(815301076,1909f56bfc062723c751e8b465ee728b)
Start importing Assets/PolygonOffice/Models/SM_Prop_Divider_Folding_01_Convex 2.asset using Guid(c40f30d71d027524ab5c25b5a6f90988) Importer(815301076,1909f56bfc062723c751e8b465ee728b)  -> (artifact id: 'b56ecb30f7984cc9a7a56411aee1d982') in 0.014426 seconds 
========================================================================
Received Import Request.
  Time since last request: 0.000026 seconds.
  path: Assets/PolygonOffice/Models/SM_Prop_DeskLamp_05.fbx
  artifactKey: Guid(53dbf9ccb840c464f851bafa1442b456) Importer(815301076,1909f56bfc062723c751e8b465ee728b)
Start importing Assets/PolygonOffice/Models/SM_Prop_DeskLamp_05.fbx using Guid(53dbf9ccb840c464f851bafa1442b456) Importer(815301076,1909f56bfc062723c751e8b465ee728b)  -> (artifact id: '508685912a9fc5ed7342ba52dc21bce9') in 0.041164 seconds 
========================================================================
Received Import Request.
  Time since last request: 0.000030 seconds.
  path: Assets/PolygonOffice/Models/SM_Prop_Desklamp_04.fbx
  artifactKey: Guid(d6f3acea5e12ff64b8c2fd789e9a2845) Importer(815301076,1909f56bfc062723c751e8b465ee728b)
Start importing Assets/PolygonOffice/Models/SM_Prop_Desklamp_04.fbx using Guid(d6f3acea5e12ff64b8c2fd789e9a2845) Importer(815301076,1909f56bfc062723c751e8b465ee728b)  -> (artifact id: '7fe685fb09e04a6a2c7dee60598d5fa4') in 0.021397 seconds 
========================================================================
Received Import Request.
  Time since last request: 0.000043 seconds.
  path: Assets/PolygonOffice/Models/SM_Prop_DeskLamp_07_Convex.asset
  artifactKey: Guid(7d8388ca5d08913449837c88feb61e98) Importer(815301076,1909f56bfc062723c751e8b465ee728b)
Start importing Assets/PolygonOffice/Models/SM_Prop_DeskLamp_07_Convex.asset using Guid(7d8388ca5d08913449837c88feb61e98) Importer(815301076,1909f56bfc062723c751e8b465ee728b)  -> (artifact id: '52359553db45e3daad93d9e1db4acc09') in 0.013845 seconds 
========================================================================
Received Import Request.
  Time since last request: 0.000063 seconds.
  path: Assets/PolygonOffice/Models/SM_Prop_Desklamp_04_Convex 1.asset
  artifactKey: Guid(6706694ebccafd04ba1a221b0a42f4c9) Importer(815301076,1909f56bfc062723c751e8b465ee728b)
Start importing Assets/PolygonOffice/Models/SM_Prop_Desklamp_04_Convex 1.asset using Guid(6706694ebccafd04ba1a221b0a42f4c9) Importer(815301076,1909f56bfc062723c751e8b465ee728b)  -> (artifact id: 'e932aee057883b661224e0e9b7a91ae9') in 0.021284 seconds 
========================================================================
Received Import Request.
  Time since last request: 0.000054 seconds.
  path: Assets/PolygonOffice/Models/SM_Prop_Cup_Red_01.fbx
  artifactKey: Guid(4ede011aaf03ab84aa20897ac57ba3f4) Importer(815301076,1909f56bfc062723c751e8b465ee728b)
Start importing Assets/PolygonOffice/Models/SM_Prop_Cup_Red_01.fbx using Guid(4ede011aaf03ab84aa20897ac57ba3f4) Importer(815301076,1909f56bfc062723c751e8b465ee728b)  -> (artifact id: 'f514d9ecf4bfbf247ca0695eba040343') in 0.024040 seconds 
========================================================================
Received Import Request.
  Time since last request: 0.000028 seconds.
  path: Assets/PolygonOffice/Models/SM_Prop_Desk_03.fbx
  artifactKey: Guid(2091fd524babc894098930b511c8233a) Importer(815301076,1909f56bfc062723c751e8b465ee728b)
Start importing Assets/PolygonOffice/Models/SM_Prop_Desk_03.fbx using Guid(2091fd524babc894098930b511c8233a) Importer(815301076,1909f56bfc062723c751e8b465ee728b)  -> (artifact id: '7b9f6e624f0e8c5b6f404ed4d8d256e3') in 0.024915 seconds 
========================================================================
Received Import Request.
  Time since last request: 0.000029 seconds.
  path: Assets/PolygonOffice/Models/SM_Prop_Cup_Saucer_03.fbx
  artifactKey: Guid(b4464ce94667ac743a24d5235c493d1a) Importer(815301076,1909f56bfc062723c751e8b465ee728b)
Start importing Assets/PolygonOffice/Models/SM_Prop_Cup_Saucer_03.fbx using Guid(b4464ce94667ac743a24d5235c493d1a) Importer(815301076,1909f56bfc062723c751e8b465ee728b)  -> (artifact id: '78d44ac694967019970164e2f18b5978') in 0.020425 seconds 
========================================================================
Received Import Request.
  Time since last request: 0.000028 seconds.
  path: Assets/PolygonOffice/Models/SM_Prop_Donut_01.fbx
  artifactKey: Guid(74bc18bd7fcebb3428e8c8e3ace98d3f) Importer(815301076,1909f56bfc062723c751e8b465ee728b)
Start importing Assets/PolygonOffice/Models/SM_Prop_Donut_01.fbx using Guid(74bc18bd7fcebb3428e8c8e3ace98d3f) Importer(815301076,1909f56bfc062723c751e8b465ee728b)  -> (artifact id: '1e7ee18d8f9c44469e7971aa1c16005b') in 0.024020 seconds 
========================================================================
Received Import Request.
  Time since last request: 0.000032 seconds.
  path: Assets/PolygonOffice/Models/SM_Prop_Divider_Folding_01_Preset.fbx
  artifactKey: Guid(60ceea4ece40f0f478b9de033faef7c1) Importer(815301076,1909f56bfc062723c751e8b465ee728b)
Start importing Assets/PolygonOffice/Models/SM_Prop_Divider_Folding_01_Preset.fbx using Guid(60ceea4ece40f0f478b9de033faef7c1) Importer(815301076,1909f56bfc062723c751e8b465ee728b)  -> (artifact id: 'cdc1ca4ebe2a67c6e9a5064e297b118b') in 0.021321 seconds 
========================================================================
Received Import Request.
  Time since last request: 0.000032 seconds.
  path: Assets/PolygonOffice/Models/SM_Prop_Desklamp_03_Convex 2.asset
  artifactKey: Guid(b28ebd42345cf464ca81a514886cebf3) Importer(815301076,1909f56bfc062723c751e8b465ee728b)
Start importing Assets/PolygonOffice/Models/SM_Prop_Desklamp_03_Convex 2.asset using Guid(b28ebd42345cf464ca81a514886cebf3) Importer(815301076,1909f56bfc062723c751e8b465ee728b)  -> (artifact id: '05245f7134e1644af8e99af911f1b88a') in 0.024187 seconds 
========================================================================
Received Import Request.
  Time since last request: 0.000033 seconds.
  path: Assets/PolygonOffice/Models/SM_Prop_DeskLamp_08_Convex 1.asset
  artifactKey: Guid(187b55ded24d5664b93781960a2ff32f) Importer(815301076,1909f56bfc062723c751e8b465ee728b)
Start importing Assets/PolygonOffice/Models/SM_Prop_DeskLamp_08_Convex 1.asset using Guid(187b55ded24d5664b93781960a2ff32f) Importer(815301076,1909f56bfc062723c751e8b465ee728b)  -> (artifact id: '752c3487f301fb6ac39ff707cdf08718') in 0.025040 seconds 
========================================================================
Received Import Request.
  Time since last request: 0.000039 seconds.
  path: Assets/PolygonOffice/Models/SM_Prop_Divider_Folding_01_Preset_Convex.asset
  artifactKey: Guid(4bc32df9e06cac048b3801a3bc838214) Importer(815301076,1909f56bfc062723c751e8b465ee728b)
Start importing Assets/PolygonOffice/Models/SM_Prop_Divider_Folding_01_Preset_Convex.asset using Guid(4bc32df9e06cac048b3801a3bc838214) Importer(815301076,1909f56bfc062723c751e8b465ee728b)  -> (artifact id: 'e65361bb30271caabfe368acccb35fb3') in 0.014045 seconds 
Editor requested this worker to shutdown with reason: Scaling down because of idle timeout
AssetImportWorker is now disconnected from the server
Process exiting
Exiting without the bug reporter. Application will terminate with return code 0