Using pre-set license
Built from '2021.3/staging' branch; Version is '2021.3.0f1 (6eacc8284459) revision 7253192'; Using compiler version '192829333'; Build Type 'Release'
OS: 'Windows 11  (10.0.22000) 64bit Core' Language: 'en' Physical Memory: 32682 MB
BatchMode: 1, IsHumanControllingUs: 0, StartBugReporterOnCrash: 0, Is64bit: 1, IsPro: 1

COMMAND LINE ARGUMENTS:
C:\Program Files\Unity\Hub\Editor\2021.3.0f1\Editor\Unity.exe
-adb2
-batchMode
-noUpm
-name
AssetImportWorker4
-projectPath
C:/Users/justi/OneDrive/Games/RageQuit/Office
-logFile
Logs/AssetImportWorker4.log
-srvPort
59523
Successfully changed project path to: C:/Users/justi/OneDrive/Games/RageQuit/Office
C:/Users/justi/OneDrive/Games/RageQuit/Office
[UnityMemory] Configuration Parameters - Can be set up in boot.config
    "memorysetup-bucket-allocator-granularity=16"
    "memorysetup-bucket-allocator-bucket-count=8"
    "memorysetup-bucket-allocator-block-size=33554432"
    "memorysetup-bucket-allocator-block-count=8"
    "memorysetup-main-allocator-block-size=16777216"
    "memorysetup-thread-allocator-block-size=16777216"
    "memorysetup-gfx-main-allocator-block-size=16777216"
    "memorysetup-gfx-thread-allocator-block-size=16777216"
    "memorysetup-cache-allocator-block-size=4194304"
    "memorysetup-typetree-allocator-block-size=2097152"
    "memorysetup-profiler-bucket-allocator-granularity=16"
    "memorysetup-profiler-bucket-allocator-bucket-count=8"
    "memorysetup-profiler-bucket-allocator-block-size=33554432"
    "memorysetup-profiler-bucket-allocator-block-count=8"
    "memorysetup-profiler-allocator-block-size=16777216"
    "memorysetup-profiler-editor-allocator-block-size=1048576"
    "memorysetup-temp-allocator-size-main=16777216"
    "memorysetup-job-temp-allocator-block-size=2097152"
    "memorysetup-job-temp-allocator-block-size-background=1048576"
    "memorysetup-job-temp-allocator-reduction-small-platforms=262144"
    "memorysetup-temp-allocator-size-background-worker=32768"
    "memorysetup-temp-allocator-size-job-worker=262144"
    "memorysetup-temp-allocator-size-preload-manager=33554432"
    "memorysetup-temp-allocator-size-nav-mesh-worker=65536"
    "memorysetup-temp-allocator-size-audio-worker=65536"
    "memorysetup-temp-allocator-size-cloud-worker=32768"
    "memorysetup-temp-allocator-size-gi-baking-worker=262144"
    "memorysetup-temp-allocator-size-gfx=262144"
Refreshing native plugins compatible for Editor in 154.36 ms, found 6 plugins.
Preloading 0 native plugins for Editor in 0.00 ms.
Initialize engine version: 2021.3.0f1 (6eacc8284459)
[Subsystems] Discovering subsystems at path C:/Program Files/Unity/Hub/Editor/2021.3.0f1/Editor/Data/Resources/UnitySubsystems
[Subsystems] Discovering subsystems at path C:/Users/justi/OneDrive/Games/RageQuit/Office/Assets
GfxDevice: creating device client; threaded=0; jobified=0
Direct3D:
    Version:  Direct3D 11.0 [level 11.1]
    Renderer: NVIDIA GeForce GTX 1080 Ti (ID=0x1b06)
    Vendor:   NVIDIA
    VRAM:     11128 MB
    Driver:   30.0.15.1215
Initialize mono
Mono path[0] = 'C:/Program Files/Unity/Hub/Editor/2021.3.0f1/Editor/Data/Managed'
Mono path[1] = 'C:/Program Files/Unity/Hub/Editor/2021.3.0f1/Editor/Data/MonoBleedingEdge/lib/mono/unityjit-win32'
Mono config path = 'C:/Program Files/Unity/Hub/Editor/2021.3.0f1/Editor/Data/MonoBleedingEdge/etc'
Using monoOptions --debugger-agent=transport=dt_socket,embedding=1,server=y,suspend=n,address=127.0.0.1:56976
Begin MonoManager ReloadAssembly
Registering precompiled unity dll's ...
Register platform support module: C:/Program Files/Unity/Hub/Editor/2021.3.0f1/Editor/Data/PlaybackEngines/WindowsStandaloneSupport/UnityEditor.WindowsStandalone.Extensions.dll
Registered in 0.005389 seconds.
Native extension for WindowsStandalone target not found
Refreshing native plugins compatible for Editor in 141.11 ms, found 6 plugins.
Preloading 0 native plugins for Editor in 0.00 ms.
Mono: successfully reloaded assembly
- Completed reload, in  0.696 seconds
Domain Reload Profiling:
	ReloadAssembly (697ms)
		BeginReloadAssembly (71ms)
			ExecutionOrderSort (0ms)
			DisableScriptedObjects (0ms)
			BackupInstance (0ms)
			ReleaseScriptingObjects (0ms)
			CreateAndSetChildDomain (1ms)
		EndReloadAssembly (518ms)
			LoadAssemblies (69ms)
			RebuildTransferFunctionScriptingTraits (0ms)
			SetupTypeCache (116ms)
			ReleaseScriptCaches (0ms)
			RebuildScriptCaches (27ms)
			SetupLoadedEditorAssemblies (320ms)
				LogAssemblyErrors (0ms)
				InitializePlatformSupportModulesInManaged (7ms)
				SetLoadedEditorAssemblies (0ms)
				RefreshPlugins (141ms)
				BeforeProcessingInitializeOnLoad (1ms)
				ProcessInitializeOnLoadAttributes (125ms)
				ProcessInitializeOnLoadMethodAttributes (45ms)
				AfterProcessingInitializeOnLoad (0ms)
				EditorAssembliesLoaded (0ms)
			ExecutionOrderSort2 (0ms)
			AwakeInstancesAfterBackupRestoration (0ms)
Platform modules already initialized, skipping
Registering precompiled user dll's ...
Registered in 0.009242 seconds.
Begin MonoManager ReloadAssembly
Symbol file LoadedFromMemory is not a mono symbol file
Native extension for WindowsStandalone target not found
Refreshing native plugins compatible for Editor in 140.29 ms, found 6 plugins.
Preloading 0 native plugins for Editor in 0.00 ms.
Mono: successfully reloaded assembly
- Completed reload, in  1.490 seconds
Domain Reload Profiling:
	ReloadAssembly (1490ms)
		BeginReloadAssembly (107ms)
			ExecutionOrderSort (0ms)
			DisableScriptedObjects (5ms)
			BackupInstance (0ms)
			ReleaseScriptingObjects (0ms)
			CreateAndSetChildDomain (23ms)
		EndReloadAssembly (1278ms)
			LoadAssemblies (97ms)
			RebuildTransferFunctionScriptingTraits (0ms)
			SetupTypeCache (226ms)
			ReleaseScriptCaches (1ms)
			RebuildScriptCaches (67ms)
			SetupLoadedEditorAssemblies (852ms)
				LogAssemblyErrors (0ms)
				InitializePlatformSupportModulesInManaged (3ms)
				SetLoadedEditorAssemblies (0ms)
				RefreshPlugins (140ms)
				BeforeProcessingInitializeOnLoad (79ms)
				ProcessInitializeOnLoadAttributes (557ms)
				ProcessInitializeOnLoadMethodAttributes (67ms)
				AfterProcessingInitializeOnLoad (5ms)
				EditorAssembliesLoaded (0ms)
			ExecutionOrderSort2 (0ms)
			AwakeInstancesAfterBackupRestoration (5ms)
Platform modules already initialized, skipping
========================================================================
Worker process is ready to serve import requests
Launched and connected shader compiler UnityShaderCompiler.exe after 0.06 seconds
Refreshing native plugins compatible for Editor in 3.54 ms, found 6 plugins.
Preloading 0 native plugins for Editor in 0.00 ms.
Unloading 4213 Unused Serialized files (Serialized files now loaded: 0)
Unloading 139 unused Assets / (415.0 KB). Loaded Objects now: 4666.
Memory consumption went from 221.9 MB to 221.5 MB.
Total: 4.770700 ms (FindLiveObjects: 0.511500 ms CreateObjectMapping: 0.104400 ms MarkObjects: 3.717800 ms  DeleteObjects: 0.435600 ms)

AssetImportParameters requested are different than current active one (requested -> active):
  custom:video-decoder-ogg-theora: a1e56fd34408186e4bbccfd4996cb3dc -> 
  custom:container-muxer-webm: aa71ff27fc2769a1b78a27578f13a17b -> 
  custom:container-demuxer-webm: 4f35f7cbe854078d1ac9338744f61a02 -> 
  custom:video-encoder-webm-vp8: eb34c28f22e8b96e1ab97ce403110664 -> 
  custom:audio-encoder-webm-vorbis: bf7c407c2cedff20999df2af8eb42d56 -> 
  custom:framework-win-MediaFoundation: 216162199b28c13a410421893ffa2e32 -> 
  custom:container-demuxer-ogg: 62fdf1f143b41e24485cea50d1cbac27 -> 
  custom:video-decoder-webm-vp8: 9c59270c3fd7afecdb556c50c9e8de78 -> 
  custom:audio-decoder-ogg-vorbis: bf7c407c2cedff20999df2af8eb42d56 -> 
========================================================================
Received Import Request.
  Time since last request: 7645.854731 seconds.
  path: Assets/PolygonShops/Prefabs/Generic/SM_Generic_Small_Rocks_05.prefab
  artifactKey: Guid(75ca98bb2db8107468dd5ecefabc27e0) Importer(815301076,1909f56bfc062723c751e8b465ee728b)
Start importing Assets/PolygonShops/Prefabs/Generic/SM_Generic_Small_Rocks_05.prefab using Guid(75ca98bb2db8107468dd5ecefabc27e0) Importer(815301076,1909f56bfc062723c751e8b465ee728b)  -> (artifact id: '3a22b0d58440baa324dca3aaaae9d96d') in 0.295055 seconds 
========================================================================
Received Import Request.
  Time since last request: 0.000033 seconds.
  path: Assets/PolygonShops/Prefabs/Generic/SM_Generic_CloudRing_01.prefab
  artifactKey: Guid(89c386e55fc6f5142a10e4db7b3042e4) Importer(815301076,1909f56bfc062723c751e8b465ee728b)
Start importing Assets/PolygonShops/Prefabs/Generic/SM_Generic_CloudRing_01.prefab using Guid(89c386e55fc6f5142a10e4db7b3042e4) Importer(815301076,1909f56bfc062723c751e8b465ee728b)  -> (artifact id: '55a90c05032cb4830999f67b048fb1bb') in 0.019259 seconds 
========================================================================
Received Import Request.
  Time since last request: 0.000036 seconds.
  path: Assets/PolygonShops/Prefabs/Generic/SM_Generic_Grass_Patch_01.prefab
  artifactKey: Guid(4c2269fad44affa4594ed0e5c56e0f44) Importer(815301076,1909f56bfc062723c751e8b465ee728b)
Start importing Assets/PolygonShops/Prefabs/Generic/SM_Generic_Grass_Patch_01.prefab using Guid(4c2269fad44affa4594ed0e5c56e0f44) Importer(815301076,1909f56bfc062723c751e8b465ee728b)  -> (artifact id: '48160cccd4b06ab19fd22a9136fd9633') in 0.022868 seconds 
========================================================================
Received Import Request.
  Time since last request: 0.000048 seconds.
  path: Assets/PolygonShops/Prefabs/Generic/SM_Generic_Tree_02.prefab
  artifactKey: Guid(aad1fb5dfbf216440956e845d227bf53) Importer(815301076,1909f56bfc062723c751e8b465ee728b)
Start importing Assets/PolygonShops/Prefabs/Generic/SM_Generic_Tree_02.prefab using Guid(aad1fb5dfbf216440956e845d227bf53) Importer(815301076,1909f56bfc062723c751e8b465ee728b)  -> (artifact id: 'c58915b0a1eaff8b65e29d17f022982b') in 0.023356 seconds 
========================================================================
Received Import Request.
  Time since last request: 111.781408 seconds.
  path: Assets/PolygonShops/Prefabs/Products/SM_Prop_Product_01.prefab
  artifactKey: Guid(1e8853c2fa9fcc74f9f268b2167360de) Importer(815301076,1909f56bfc062723c751e8b465ee728b)
Start importing Assets/PolygonShops/Prefabs/Products/SM_Prop_Product_01.prefab using Guid(1e8853c2fa9fcc74f9f268b2167360de) Importer(815301076,1909f56bfc062723c751e8b465ee728b)  -> (artifact id: '910e0dc008c045b03db9396c264420f5') in 0.041257 seconds 
========================================================================
Received Import Request.
  Time since last request: 0.000028 seconds.
  path: Assets/PolygonShops/Prefabs/Products/SM_Prop_Product_13.prefab
  artifactKey: Guid(4f9deee496c9d544497df115218beeb8) Importer(815301076,1909f56bfc062723c751e8b465ee728b)
Start importing Assets/PolygonShops/Prefabs/Products/SM_Prop_Product_13.prefab using Guid(4f9deee496c9d544497df115218beeb8) Importer(815301076,1909f56bfc062723c751e8b465ee728b)  -> (artifact id: 'a68269658a4888d4d242b8ef56730657') in 0.033664 seconds 
========================================================================
Received Import Request.
  Time since last request: 0.000031 seconds.
  path: Assets/PolygonShops/Prefabs/Products/SM_Prop_Product_Preset_10.prefab
  artifactKey: Guid(50dd9b1b850765d408962c2e0928cfd7) Importer(815301076,1909f56bfc062723c751e8b465ee728b)
Start importing Assets/PolygonShops/Prefabs/Products/SM_Prop_Product_Preset_10.prefab using Guid(50dd9b1b850765d408962c2e0928cfd7) Importer(815301076,1909f56bfc062723c751e8b465ee728b)  -> (artifact id: '807c8efd18256634e5cd08770181b233') in 0.041144 seconds 
========================================================================
Received Import Request.
  Time since last request: 0.000039 seconds.
  path: Assets/PolygonShops/Prefabs/Products/SM_Prop_Product_Preset_12.prefab
  artifactKey: Guid(535c12855d6515b4c9c179af2e7fe645) Importer(815301076,1909f56bfc062723c751e8b465ee728b)
Start importing Assets/PolygonShops/Prefabs/Products/SM_Prop_Product_Preset_12.prefab using Guid(535c12855d6515b4c9c179af2e7fe645) Importer(815301076,1909f56bfc062723c751e8b465ee728b)  -> (artifact id: 'df5d10740a4bc11cd03cd1247d801012') in 0.034648 seconds 
========================================================================
Received Import Request.
  Time since last request: 0.000039 seconds.
  path: Assets/PolygonShops/Prefabs/Products/SM_Prop_Product_26.prefab
  artifactKey: Guid(9e6a90291e5eeac40b1ccb46565aabf0) Importer(815301076,1909f56bfc062723c751e8b465ee728b)
Start importing Assets/PolygonShops/Prefabs/Products/SM_Prop_Product_26.prefab using Guid(9e6a90291e5eeac40b1ccb46565aabf0) Importer(815301076,1909f56bfc062723c751e8b465ee728b)  -> (artifact id: 'df73efbe87e62ca11a39f96e51e9eeba') in 0.029139 seconds 
========================================================================
Received Import Request.
  Time since last request: 0.000040 seconds.
  path: Assets/PolygonShops/Prefabs/Products/SM_Prop_Product_20.prefab
  artifactKey: Guid(3429c6ef8a5de414eb949e2fe48eb44b) Importer(815301076,1909f56bfc062723c751e8b465ee728b)
Start importing Assets/PolygonShops/Prefabs/Products/SM_Prop_Product_20.prefab using Guid(3429c6ef8a5de414eb949e2fe48eb44b) Importer(815301076,1909f56bfc062723c751e8b465ee728b)  -> (artifact id: '5902c69887817542329c824fa8dd5cd9') in 0.030260 seconds 
========================================================================
Received Import Request.
  Time since last request: 0.000047 seconds.
  path: Assets/PolygonShops/Prefabs/Products/SM_Prop_Product_Preset_04.prefab
  artifactKey: Guid(97c82bdf5a8097d4982f91ff77273515) Importer(815301076,1909f56bfc062723c751e8b465ee728b)
Start importing Assets/PolygonShops/Prefabs/Products/SM_Prop_Product_Preset_04.prefab using Guid(97c82bdf5a8097d4982f91ff77273515) Importer(815301076,1909f56bfc062723c751e8b465ee728b)  -> (artifact id: 'a86740303caff20dba3aa157259bffc4') in 0.028580 seconds 
========================================================================
Received Import Request.
  Time since last request: 0.000032 seconds.
  path: Assets/PolygonShops/Prefabs/Products/SM_Prop_Product_Preset_02.prefab
  artifactKey: Guid(89b18dc797fd5a2468baf63fe22b776c) Importer(815301076,1909f56bfc062723c751e8b465ee728b)
Start importing Assets/PolygonShops/Prefabs/Products/SM_Prop_Product_Preset_02.prefab using Guid(89b18dc797fd5a2468baf63fe22b776c) Importer(815301076,1909f56bfc062723c751e8b465ee728b)  -> (artifact id: '429df76eded4a192968d50e6c57a5855') in 0.026891 seconds 
========================================================================
Received Import Request.
  Time since last request: 0.000044 seconds.
  path: Assets/PolygonShops/Prefabs/Products/SM_Prop_Product_Preset_07.prefab
  artifactKey: Guid(40afd8d6b71d90b4690644305e3d0719) Importer(815301076,1909f56bfc062723c751e8b465ee728b)
Start importing Assets/PolygonShops/Prefabs/Products/SM_Prop_Product_Preset_07.prefab using Guid(40afd8d6b71d90b4690644305e3d0719) Importer(815301076,1909f56bfc062723c751e8b465ee728b)  -> (artifact id: '0ff840b02e209d9a034653b491854dab') in 0.027065 seconds 
========================================================================
Received Import Request.
  Time since last request: 0.000034 seconds.
  path: Assets/PolygonShops/Prefabs/Products/SM_Prop_Product_37.prefab
  artifactKey: Guid(803b480b7b890394f9d6bb199548b7e8) Importer(815301076,1909f56bfc062723c751e8b465ee728b)
Start importing Assets/PolygonShops/Prefabs/Products/SM_Prop_Product_37.prefab using Guid(803b480b7b890394f9d6bb199548b7e8) Importer(815301076,1909f56bfc062723c751e8b465ee728b)  -> (artifact id: 'c27c053aaabbbfe0ef85a33bfc1f729a') in 0.026858 seconds 
========================================================================
Received Import Request.
  Time since last request: 0.000030 seconds.
  path: Assets/PolygonShops/Prefabs/Products/SM_Prop_Product_24.prefab
  artifactKey: Guid(dd0d8d9e5941b004cadb39f986cb6b49) Importer(815301076,1909f56bfc062723c751e8b465ee728b)
Start importing Assets/PolygonShops/Prefabs/Products/SM_Prop_Product_24.prefab using Guid(dd0d8d9e5941b004cadb39f986cb6b49) Importer(815301076,1909f56bfc062723c751e8b465ee728b)  -> (artifact id: 'f8764a5ddb089b29001872afcd9f0618') in 0.027446 seconds 
========================================================================
Received Import Request.
  Time since last request: 0.000028 seconds.
  path: Assets/PolygonShops/Prefabs/Products/SM_Prop_Product_14.prefab
  artifactKey: Guid(5d100b7e55c2c9f418c42496190fc2b6) Importer(815301076,1909f56bfc062723c751e8b465ee728b)
Start importing Assets/PolygonShops/Prefabs/Products/SM_Prop_Product_14.prefab using Guid(5d100b7e55c2c9f418c42496190fc2b6) Importer(815301076,1909f56bfc062723c751e8b465ee728b)  -> (artifact id: 'aa3cd2e4592ce41b2e93741ba1bf741f') in 0.029849 seconds 
========================================================================
Received Import Request.
  Time since last request: 0.000050 seconds.
  path: Assets/PolygonShops/Prefabs/Products/SM_Prop_Product_08.prefab
  artifactKey: Guid(01d22e4a64aaf3c4eaad8fe37d0cf33c) Importer(815301076,1909f56bfc062723c751e8b465ee728b)
Start importing Assets/PolygonShops/Prefabs/Products/SM_Prop_Product_08.prefab using Guid(01d22e4a64aaf3c4eaad8fe37d0cf33c) Importer(815301076,1909f56bfc062723c751e8b465ee728b)  -> (artifact id: '2d7e62a5b49199369a19d8985a124ebb') in 0.027162 seconds 
========================================================================
Received Import Request.
  Time since last request: 0.000043 seconds.
  path: Assets/PolygonShops/Prefabs/Products/SM_Prop_Product_07.prefab
  artifactKey: Guid(a52cdfb8b41a457488ed6c4256c9cb2b) Importer(815301076,1909f56bfc062723c751e8b465ee728b)
Start importing Assets/PolygonShops/Prefabs/Products/SM_Prop_Product_07.prefab using Guid(a52cdfb8b41a457488ed6c4256c9cb2b) Importer(815301076,1909f56bfc062723c751e8b465ee728b)  -> (artifact id: '86c0d169330a78cdb996af9ee4954d41') in 0.031311 seconds 
========================================================================
Received Import Request.
  Time since last request: 0.000026 seconds.
  path: Assets/PolygonShops/Prefabs/Products/SM_Prop_Product_Preset_09.prefab
  artifactKey: Guid(b21ef253bfb43a44da98589e998b000e) Importer(815301076,1909f56bfc062723c751e8b465ee728b)
Start importing Assets/PolygonShops/Prefabs/Products/SM_Prop_Product_Preset_09.prefab using Guid(b21ef253bfb43a44da98589e998b000e) Importer(815301076,1909f56bfc062723c751e8b465ee728b)  -> (artifact id: '2c368a893e57bbd7aacabef46dd19f02') in 0.029824 seconds 
========================================================================
Received Import Request.
  Time since last request: 0.000032 seconds.
  path: Assets/PolygonShops/Prefabs/Products/SM_Prop_Product_35.prefab
  artifactKey: Guid(bd7bd461f3804af4a918fae3b98541ed) Importer(815301076,1909f56bfc062723c751e8b465ee728b)
Start importing Assets/PolygonShops/Prefabs/Products/SM_Prop_Product_35.prefab using Guid(bd7bd461f3804af4a918fae3b98541ed) Importer(815301076,1909f56bfc062723c751e8b465ee728b)  -> (artifact id: '2d1aa44dcb40dd09776f2bca59513ca3') in 0.027007 seconds 
========================================================================
Received Import Request.
  Time since last request: 0.000040 seconds.
  path: Assets/PolygonShops/Prefabs/Products/SM_Prop_Product_18.prefab
  artifactKey: Guid(8efe64737b64e964c8f67a2d06b01b50) Importer(815301076,1909f56bfc062723c751e8b465ee728b)
Start importing Assets/PolygonShops/Prefabs/Products/SM_Prop_Product_18.prefab using Guid(8efe64737b64e964c8f67a2d06b01b50) Importer(815301076,1909f56bfc062723c751e8b465ee728b)  -> (artifact id: 'f8ef87373ebfb62cbc3504d74e469010') in 0.028678 seconds 
========================================================================
Received Import Request.
  Time since last request: 0.000032 seconds.
  path: Assets/PolygonShops/Prefabs/Products/SM_Prop_Product_29.prefab
  artifactKey: Guid(720a55c71df32d3489977f06ddd23a29) Importer(815301076,1909f56bfc062723c751e8b465ee728b)
Start importing Assets/PolygonShops/Prefabs/Products/SM_Prop_Product_29.prefab using Guid(720a55c71df32d3489977f06ddd23a29) Importer(815301076,1909f56bfc062723c751e8b465ee728b)  -> (artifact id: 'a41b5507c47382599d9174a158bd2558') in 0.029605 seconds 
========================================================================
Received Import Request.
  Time since last request: 0.000040 seconds.
  path: Assets/PolygonShops/Prefabs/Products/SM_Prop_Product_21.prefab
  artifactKey: Guid(433707921a0719b429a9859a64ca68e7) Importer(815301076,1909f56bfc062723c751e8b465ee728b)
Start importing Assets/PolygonShops/Prefabs/Products/SM_Prop_Product_21.prefab using Guid(433707921a0719b429a9859a64ca68e7) Importer(815301076,1909f56bfc062723c751e8b465ee728b)  -> (artifact id: '3c6c27c9d750bff3fcb336c2895a0373') in 0.028106 seconds 
========================================================================
Received Import Request.
  Time since last request: 0.000056 seconds.
  path: Assets/PolygonShops/Prefabs/Products/SM_Prop_Product_45.prefab
  artifactKey: Guid(3d5eb7fccdfb310458c70313cd276126) Importer(815301076,1909f56bfc062723c751e8b465ee728b)
Start importing Assets/PolygonShops/Prefabs/Products/SM_Prop_Product_45.prefab using Guid(3d5eb7fccdfb310458c70313cd276126) Importer(815301076,1909f56bfc062723c751e8b465ee728b)  -> (artifact id: 'd2467762acb0a5dbae0006d60ef93f4d') in 0.030474 seconds 
========================================================================
Received Import Request.
  Time since last request: 0.000058 seconds.
  path: Assets/PolygonShops/Prefabs/Products/SM_Prop_Product_Preset_01.prefab
  artifactKey: Guid(2951cdc048dd2f94d83364552fc033ef) Importer(815301076,1909f56bfc062723c751e8b465ee728b)
Start importing Assets/PolygonShops/Prefabs/Products/SM_Prop_Product_Preset_01.prefab using Guid(2951cdc048dd2f94d83364552fc033ef) Importer(815301076,1909f56bfc062723c751e8b465ee728b)  -> (artifact id: '94ae06864f0dc55712cd3282ff05b88e') in 0.030360 seconds 
========================================================================
Received Import Request.
  Time since last request: 0.000057 seconds.
  path: Assets/PolygonShops/Prefabs/Products/SM_Prop_Product_19.prefab
  artifactKey: Guid(8d6e3ea2c36eae441a4c509de442573a) Importer(815301076,1909f56bfc062723c751e8b465ee728b)
Start importing Assets/PolygonShops/Prefabs/Products/SM_Prop_Product_19.prefab using Guid(8d6e3ea2c36eae441a4c509de442573a) Importer(815301076,1909f56bfc062723c751e8b465ee728b)  -> (artifact id: 'bbdc3d6d830884868bbb275e2b8aed0e') in 0.032809 seconds 
========================================================================
Received Import Request.
  Time since last request: 0.000032 seconds.
  path: Assets/PolygonShops/Prefabs/Products/SM_Prop_Product_46.prefab
  artifactKey: Guid(825d3c3982107bf4cba371974d4792d4) Importer(815301076,1909f56bfc062723c751e8b465ee728b)
Start importing Assets/PolygonShops/Prefabs/Products/SM_Prop_Product_46.prefab using Guid(825d3c3982107bf4cba371974d4792d4) Importer(815301076,1909f56bfc062723c751e8b465ee728b)  -> (artifact id: '7a68532819c6d66ed253ef67690d4973') in 0.031904 seconds 
========================================================================
Received Import Request.
  Time since last request: 0.000033 seconds.
  path: Assets/PolygonShops/Prefabs/Products/SM_Prop_Product_Preset_03.prefab
  artifactKey: Guid(075e7870d6357654d803aa8189860558) Importer(815301076,1909f56bfc062723c751e8b465ee728b)
Start importing Assets/PolygonShops/Prefabs/Products/SM_Prop_Product_Preset_03.prefab using Guid(075e7870d6357654d803aa8189860558) Importer(815301076,1909f56bfc062723c751e8b465ee728b)  -> (artifact id: '5b8fce6f21af79f5461611647b18d45f') in 0.033915 seconds 
========================================================================
Received Import Request.
  Time since last request: 0.000044 seconds.
  path: Assets/PolygonShops/Prefabs/Products/SM_Prop_Product_03.prefab
  artifactKey: Guid(96cf9c0321d2da047845348999023a3b) Importer(815301076,1909f56bfc062723c751e8b465ee728b)
Start importing Assets/PolygonShops/Prefabs/Products/SM_Prop_Product_03.prefab using Guid(96cf9c0321d2da047845348999023a3b) Importer(815301076,1909f56bfc062723c751e8b465ee728b)  -> (artifact id: 'd697544183e360a5f75470f8168d1bcc') in 0.028836 seconds 
========================================================================
Received Import Request.
  Time since last request: 0.000043 seconds.
  path: Assets/PolygonShops/Prefabs/Products/SM_Prop_Product_41.prefab
  artifactKey: Guid(1873ed4d7322d974392db0467b88c30f) Importer(815301076,1909f56bfc062723c751e8b465ee728b)
Start importing Assets/PolygonShops/Prefabs/Products/SM_Prop_Product_41.prefab using Guid(1873ed4d7322d974392db0467b88c30f) Importer(815301076,1909f56bfc062723c751e8b465ee728b)  -> (artifact id: 'd7717e1cc2a1f4314b8e1bc1ef92b160') in 0.029234 seconds 
========================================================================
Received Import Request.
  Time since last request: 0.000033 seconds.
  path: Assets/PolygonShops/Prefabs/Products/SM_Prop_Product_48.prefab
  artifactKey: Guid(ced922c253862dd4087624e03deb4e36) Importer(815301076,1909f56bfc062723c751e8b465ee728b)
Start importing Assets/PolygonShops/Prefabs/Products/SM_Prop_Product_48.prefab using Guid(ced922c253862dd4087624e03deb4e36) Importer(815301076,1909f56bfc062723c751e8b465ee728b)  -> (artifact id: 'adc8eb244623e53c895a981c1db83dff') in 0.028265 seconds 
========================================================================
Received Import Request.
  Time since last request: 0.000032 seconds.
  path: Assets/PolygonShops/Prefabs/Products/SM_Prop_Product_38.prefab
  artifactKey: Guid(c6411019833abf04eb5e41a3c8caf93a) Importer(815301076,1909f56bfc062723c751e8b465ee728b)
Start importing Assets/PolygonShops/Prefabs/Products/SM_Prop_Product_38.prefab using Guid(c6411019833abf04eb5e41a3c8caf93a) Importer(815301076,1909f56bfc062723c751e8b465ee728b)  -> (artifact id: '99b1861b8109711783d3a47f6f0b83f0') in 0.031654 seconds 
========================================================================
Received Import Request.
  Time since last request: 0.000035 seconds.
  path: Assets/PolygonShops/Prefabs/Products/SM_Prop_Product_23.prefab
  artifactKey: Guid(1e86b2134dffc1c4fa8a7c20e02f599c) Importer(815301076,1909f56bfc062723c751e8b465ee728b)
Start importing Assets/PolygonShops/Prefabs/Products/SM_Prop_Product_23.prefab using Guid(1e86b2134dffc1c4fa8a7c20e02f599c) Importer(815301076,1909f56bfc062723c751e8b465ee728b)  -> (artifact id: '9974baac5034594815ffe96168216e95') in 0.036877 seconds 
========================================================================
Received Import Request.
  Time since last request: 0.000048 seconds.
  path: Assets/PolygonShops/Prefabs/Products/SM_Prop_Product_09.prefab
  artifactKey: Guid(6049f02539b894b4eb6749b8a997f37f) Importer(815301076,1909f56bfc062723c751e8b465ee728b)
Start importing Assets/PolygonShops/Prefabs/Products/SM_Prop_Product_09.prefab using Guid(6049f02539b894b4eb6749b8a997f37f) Importer(815301076,1909f56bfc062723c751e8b465ee728b)  -> (artifact id: '6e2ba9f7dfac58c8a01e12d98ac3a807') in 0.034123 seconds 
========================================================================
Received Import Request.
  Time since last request: 0.000055 seconds.
  path: Assets/PolygonShops/Prefabs/Products/SM_Prop_Product_36.prefab
  artifactKey: Guid(e3702f208d90b624ca3f800c37f4f8a4) Importer(815301076,1909f56bfc062723c751e8b465ee728b)
Start importing Assets/PolygonShops/Prefabs/Products/SM_Prop_Product_36.prefab using Guid(e3702f208d90b624ca3f800c37f4f8a4) Importer(815301076,1909f56bfc062723c751e8b465ee728b)  -> (artifact id: '92f1a7e4f1678bcbe3dcd87adb9e56c5') in 0.030600 seconds 
