Using pre-set license
Built from '2021.3/staging' branch; Version is '2021.3.0f1 (6eacc8284459) revision 7253192'; Using compiler version '192829333'; Build Type 'Release'
OS: 'Windows 11  (10.0.22000) 64bit Core' Language: 'en' Physical Memory: 32682 MB
BatchMode: 1, IsHumanControllingUs: 0, StartBugReporterOnCrash: 0, Is64bit: 1, IsPro: 1

COMMAND LINE ARGUMENTS:
C:\Program Files\Unity\Hub\Editor\2021.3.0f1\Editor\Unity.exe
-adb2
-batchMode
-noUpm
-name
AssetImportWorker8
-projectPath
C:/Users/justi/OneDrive/Games/RageQuit/Office
-logFile
Logs/AssetImportWorker8.log
-srvPort
56640
Successfully changed project path to: C:/Users/justi/OneDrive/Games/RageQuit/Office
C:/Users/justi/OneDrive/Games/RageQuit/Office
[UnityMemory] Configuration Parameters - Can be set up in boot.config
    "memorysetup-bucket-allocator-granularity=16"
    "memorysetup-bucket-allocator-bucket-count=8"
    "memorysetup-bucket-allocator-block-size=33554432"
    "memorysetup-bucket-allocator-block-count=8"
    "memorysetup-main-allocator-block-size=16777216"
    "memorysetup-thread-allocator-block-size=16777216"
    "memorysetup-gfx-main-allocator-block-size=16777216"
    "memorysetup-gfx-thread-allocator-block-size=16777216"
    "memorysetup-cache-allocator-block-size=4194304"
    "memorysetup-typetree-allocator-block-size=2097152"
    "memorysetup-profiler-bucket-allocator-granularity=16"
    "memorysetup-profiler-bucket-allocator-bucket-count=8"
    "memorysetup-profiler-bucket-allocator-block-size=33554432"
    "memorysetup-profiler-bucket-allocator-block-count=8"
    "memorysetup-profiler-allocator-block-size=16777216"
    "memorysetup-profiler-editor-allocator-block-size=1048576"
    "memorysetup-temp-allocator-size-main=16777216"
    "memorysetup-job-temp-allocator-block-size=2097152"
    "memorysetup-job-temp-allocator-block-size-background=1048576"
    "memorysetup-job-temp-allocator-reduction-small-platforms=262144"
    "memorysetup-temp-allocator-size-background-worker=32768"
    "memorysetup-temp-allocator-size-job-worker=262144"
    "memorysetup-temp-allocator-size-preload-manager=33554432"
    "memorysetup-temp-allocator-size-nav-mesh-worker=65536"
    "memorysetup-temp-allocator-size-audio-worker=65536"
    "memorysetup-temp-allocator-size-cloud-worker=32768"
    "memorysetup-temp-allocator-size-gi-baking-worker=262144"
    "memorysetup-temp-allocator-size-gfx=262144"
Refreshing native plugins compatible for Editor in 99.57 ms, found 6 plugins.
Preloading 0 native plugins for Editor in 0.00 ms.
Initialize engine version: 2021.3.0f1 (6eacc8284459)
[Subsystems] Discovering subsystems at path C:/Program Files/Unity/Hub/Editor/2021.3.0f1/Editor/Data/Resources/UnitySubsystems
[Subsystems] Discovering subsystems at path C:/Users/justi/OneDrive/Games/RageQuit/Office/Assets
GfxDevice: creating device client; threaded=0; jobified=0
Direct3D:
    Version:  Direct3D 11.0 [level 11.1]
    Renderer: NVIDIA GeForce GTX 1080 Ti (ID=0x1b06)
    Vendor:   NVIDIA
    VRAM:     11128 MB
    Driver:   30.0.15.1215
Initialize mono
Mono path[0] = 'C:/Program Files/Unity/Hub/Editor/2021.3.0f1/Editor/Data/Managed'
Mono path[1] = 'C:/Program Files/Unity/Hub/Editor/2021.3.0f1/Editor/Data/MonoBleedingEdge/lib/mono/unityjit-win32'
Mono config path = 'C:/Program Files/Unity/Hub/Editor/2021.3.0f1/Editor/Data/MonoBleedingEdge/etc'
Using monoOptions --debugger-agent=transport=dt_socket,embedding=1,server=y,suspend=n,address=127.0.0.1:56988
Begin MonoManager ReloadAssembly
Registering precompiled unity dll's ...
Register platform support module: C:/Program Files/Unity/Hub/Editor/2021.3.0f1/Editor/Data/PlaybackEngines/WindowsStandaloneSupport/UnityEditor.WindowsStandalone.Extensions.dll
Registered in 0.004383 seconds.
Native extension for WindowsStandalone target not found
Refreshing native plugins compatible for Editor in 94.14 ms, found 6 plugins.
Preloading 0 native plugins for Editor in 0.00 ms.
Mono: successfully reloaded assembly
- Completed reload, in  0.564 seconds
Domain Reload Profiling:
	ReloadAssembly (564ms)
		BeginReloadAssembly (57ms)
			ExecutionOrderSort (0ms)
			DisableScriptedObjects (0ms)
			BackupInstance (0ms)
			ReleaseScriptingObjects (0ms)
			CreateAndSetChildDomain (1ms)
		EndReloadAssembly (413ms)
			LoadAssemblies (55ms)
			RebuildTransferFunctionScriptingTraits (0ms)
			SetupTypeCache (89ms)
			ReleaseScriptCaches (0ms)
			RebuildScriptCaches (23ms)
			SetupLoadedEditorAssemblies (252ms)
				LogAssemblyErrors (0ms)
				InitializePlatformSupportModulesInManaged (6ms)
				SetLoadedEditorAssemblies (0ms)
				RefreshPlugins (94ms)
				BeforeProcessingInitializeOnLoad (1ms)
				ProcessInitializeOnLoadAttributes (114ms)
				ProcessInitializeOnLoadMethodAttributes (36ms)
				AfterProcessingInitializeOnLoad (0ms)
				EditorAssembliesLoaded (0ms)
			ExecutionOrderSort2 (0ms)
			AwakeInstancesAfterBackupRestoration (0ms)
Platform modules already initialized, skipping
Registering precompiled user dll's ...
Registered in 0.005089 seconds.
Begin MonoManager ReloadAssembly
Symbol file LoadedFromMemory is not a mono symbol file
Native extension for WindowsStandalone target not found
Refreshing native plugins compatible for Editor in 96.72 ms, found 6 plugins.
Preloading 0 native plugins for Editor in 0.00 ms.
Mono: successfully reloaded assembly
- Completed reload, in  1.368 seconds
Domain Reload Profiling:
	ReloadAssembly (1369ms)
		BeginReloadAssembly (96ms)
			ExecutionOrderSort (0ms)
			DisableScriptedObjects (4ms)
			BackupInstance (0ms)
			ReleaseScriptingObjects (0ms)
			CreateAndSetChildDomain (21ms)
		EndReloadAssembly (1171ms)
			LoadAssemblies (88ms)
			RebuildTransferFunctionScriptingTraits (0ms)
			SetupTypeCache (203ms)
			ReleaseScriptCaches (1ms)
			RebuildScriptCaches (59ms)
			SetupLoadedEditorAssemblies (779ms)
				LogAssemblyErrors (0ms)
				InitializePlatformSupportModulesInManaged (3ms)
				SetLoadedEditorAssemblies (0ms)
				RefreshPlugins (97ms)
				BeforeProcessingInitializeOnLoad (77ms)
				ProcessInitializeOnLoadAttributes (530ms)
				ProcessInitializeOnLoadMethodAttributes (65ms)
				AfterProcessingInitializeOnLoad (6ms)
				EditorAssembliesLoaded (0ms)
			ExecutionOrderSort2 (0ms)
			AwakeInstancesAfterBackupRestoration (5ms)
Platform modules already initialized, skipping
========================================================================
Worker process is ready to serve import requests
Launched and connected shader compiler UnityShaderCompiler.exe after 0.06 seconds
Refreshing native plugins compatible for Editor in 3.32 ms, found 6 plugins.
Preloading 0 native plugins for Editor in 0.00 ms.
Unloading 4208 Unused Serialized files (Serialized files now loaded: 0)
Unloading 142 unused Assets / (0.7 MB). Loaded Objects now: 4643.
Memory consumption went from 204.6 MB to 203.9 MB.
Total: 7.954900 ms (FindLiveObjects: 1.306400 ms CreateObjectMapping: 0.321200 ms MarkObjects: 5.441100 ms  DeleteObjects: 0.883600 ms)

AssetImportParameters requested are different than current active one (requested -> active):
  custom:video-decoder-ogg-theora: a1e56fd34408186e4bbccfd4996cb3dc -> 
  custom:container-muxer-webm: aa71ff27fc2769a1b78a27578f13a17b -> 
  custom:container-demuxer-webm: 4f35f7cbe854078d1ac9338744f61a02 -> 
  custom:video-encoder-webm-vp8: eb34c28f22e8b96e1ab97ce403110664 -> 
  custom:audio-encoder-webm-vorbis: bf7c407c2cedff20999df2af8eb42d56 -> 
  custom:framework-win-MediaFoundation: 216162199b28c13a410421893ffa2e32 -> 
  custom:container-demuxer-ogg: 62fdf1f143b41e24485cea50d1cbac27 -> 
  custom:video-decoder-webm-vp8: 9c59270c3fd7afecdb556c50c9e8de78 -> 
  custom:audio-decoder-ogg-vorbis: bf7c407c2cedff20999df2af8eb42d56 -> 
========================================================================
Received Import Request.
  Time since last request: 6876.138212 seconds.
  path: Assets/PolygonNature/FX/FX_Materials/FX_Snow.mat
  artifactKey: Guid(8e7cca841ca60da4cb7eace3fa73bfe8) Importer(815301076,1909f56bfc062723c751e8b465ee728b)
Start importing Assets/PolygonNature/FX/FX_Materials/FX_Snow.mat using Guid(8e7cca841ca60da4cb7eace3fa73bfe8) Importer(815301076,1909f56bfc062723c751e8b465ee728b)  -> (artifact id: '7f091a8b8f008bd91a2e0c39d142c39d') in 0.316141 seconds 
========================================================================
Received Import Request.
  Time since last request: 1.813683 seconds.
  path: Assets/PolygonNature/FX/FX_Models/ParticlePlane.fbx
  artifactKey: Guid(4fb8904612b819c4da1a4736db615103) Importer(815301076,1909f56bfc062723c751e8b465ee728b)
Start importing Assets/PolygonNature/FX/FX_Models/ParticlePlane.fbx using Guid(4fb8904612b819c4da1a4736db615103) Importer(815301076,1909f56bfc062723c751e8b465ee728b)  -> (artifact id: 'c171b8153368c1724e1a25d9f32138aa') in 0.042434 seconds 
========================================================================
Received Import Request.
  Time since last request: 24.763556 seconds.
  path: Assets/PolygonNature/Models/River_Plane_01.fbx
  artifactKey: Guid(f96cefbec34ddbd4f83eaabcce98949f) Importer(815301076,1909f56bfc062723c751e8b465ee728b)
Start importing Assets/PolygonNature/Models/River_Plane_01.fbx using Guid(f96cefbec34ddbd4f83eaabcce98949f) Importer(815301076,1909f56bfc062723c751e8b465ee728b)  -> (artifact id: '2041496df574f1c0abd435ab95a60c24') in 0.026928 seconds 
========================================================================
Received Import Request.
  Time since last request: 0.000054 seconds.
  path: Assets/PolygonNature/Models/SM_Plant_Grass_04.fbx
  artifactKey: Guid(9e83d711d4b07434996cf1ab95508652) Importer(815301076,1909f56bfc062723c751e8b465ee728b)
Start importing Assets/PolygonNature/Models/SM_Plant_Grass_04.fbx using Guid(9e83d711d4b07434996cf1ab95508652) Importer(815301076,1909f56bfc062723c751e8b465ee728b)  -> (artifact id: '848d29e16c61f456a0140557135050b3') in 0.027962 seconds 
========================================================================
Received Import Request.
  Time since last request: 0.000044 seconds.
  path: Assets/PolygonNature/Models/SM_Plant_Bush_02.fbx
  artifactKey: Guid(398276c588eb87148954cda781830ac3) Importer(815301076,1909f56bfc062723c751e8b465ee728b)
Start importing Assets/PolygonNature/Models/SM_Plant_Bush_02.fbx using Guid(398276c588eb87148954cda781830ac3) Importer(815301076,1909f56bfc062723c751e8b465ee728b)  -> (artifact id: 'da87c3d9be9a7ee3f16544b7859fa4e2') in 0.029583 seconds 
========================================================================
Received Import Request.
  Time since last request: 0.000036 seconds.
  path: Assets/PolygonNature/Models/SM_Plant_Fern_Leaves_02.fbx
  artifactKey: Guid(fc2b594df271f524abc9a7e6cc552e6e) Importer(815301076,1909f56bfc062723c751e8b465ee728b)
Start importing Assets/PolygonNature/Models/SM_Plant_Fern_Leaves_02.fbx using Guid(fc2b594df271f524abc9a7e6cc552e6e) Importer(815301076,1909f56bfc062723c751e8b465ee728b)  -> (artifact id: '8fafcb8aec46e9f1f30fe1947a301e22') in 0.026639 seconds 
========================================================================
Received Import Request.
  Time since last request: 0.000031 seconds.
  path: Assets/PolygonNature/Models/SM_Plant_Fern_01.fbx
  artifactKey: Guid(938982a3cae49de438c12c5584dc78d5) Importer(815301076,1909f56bfc062723c751e8b465ee728b)
Start importing Assets/PolygonNature/Models/SM_Plant_Fern_01.fbx using Guid(938982a3cae49de438c12c5584dc78d5) Importer(815301076,1909f56bfc062723c751e8b465ee728b)  -> (artifact id: '315900ec92bf5fcd10abe8431dd7eb08') in 0.027937 seconds 
========================================================================
Received Import Request.
  Time since last request: 0.000037 seconds.
  path: Assets/PolygonNature/Models/SM_Plant_Bush_Leaves_01.fbx
  artifactKey: Guid(d37252cbe4c33f74eb0e5a7047a99984) Importer(815301076,1909f56bfc062723c751e8b465ee728b)
Start importing Assets/PolygonNature/Models/SM_Plant_Bush_Leaves_01.fbx using Guid(d37252cbe4c33f74eb0e5a7047a99984) Importer(815301076,1909f56bfc062723c751e8b465ee728b)  -> (artifact id: '9b324ecda55f0105fea2104dab33173e') in 0.028837 seconds 
========================================================================
Received Import Request.
  Time since last request: 0.000155 seconds.
  path: Assets/PolygonNature/Models/SM_Plant_Lillypad_Small_01.fbx
  artifactKey: Guid(4dd5142a26e77f847ba91a44dbadb084) Importer(815301076,1909f56bfc062723c751e8b465ee728b)
Start importing Assets/PolygonNature/Models/SM_Plant_Lillypad_Small_01.fbx using Guid(4dd5142a26e77f847ba91a44dbadb084) Importer(815301076,1909f56bfc062723c751e8b465ee728b)  -> (artifact id: '961888921d7228664f1741e8d68c52da') in 0.029198 seconds 
========================================================================
Received Import Request.
  Time since last request: 0.000036 seconds.
  path: Assets/PolygonNature/Models/SM_Plant_PurpleFlower_01.fbx
  artifactKey: Guid(c993007ad8caaf84cb1eec69a4cf3a59) Importer(815301076,1909f56bfc062723c751e8b465ee728b)
Start importing Assets/PolygonNature/Models/SM_Plant_PurpleFlower_01.fbx using Guid(c993007ad8caaf84cb1eec69a4cf3a59) Importer(815301076,1909f56bfc062723c751e8b465ee728b)  -> (artifact id: '98334a0c9f81cace6edde0a8511bfd4e') in 0.025486 seconds 
========================================================================
Received Import Request.
  Time since last request: 0.000042 seconds.
  path: Assets/PolygonNature/Models/SM_Plant_07.fbx
  artifactKey: Guid(4cc9fdbb0120c92458c779e1118c6868) Importer(815301076,1909f56bfc062723c751e8b465ee728b)
Start importing Assets/PolygonNature/Models/SM_Plant_07.fbx using Guid(4cc9fdbb0120c92458c779e1118c6868) Importer(815301076,1909f56bfc062723c751e8b465ee728b)  -> (artifact id: 'e67de747247957a8aaae38f3cf0978fb') in 0.021709 seconds 
========================================================================
Received Import Request.
  Time since last request: 0.000029 seconds.
  path: Assets/PolygonNature/Models/SM_Plant_Grass_05.fbx
  artifactKey: Guid(34a4ce2c0c1c79b4a9c316135b8a2c47) Importer(815301076,1909f56bfc062723c751e8b465ee728b)
Start importing Assets/PolygonNature/Models/SM_Plant_Grass_05.fbx using Guid(34a4ce2c0c1c79b4a9c316135b8a2c47) Importer(815301076,1909f56bfc062723c751e8b465ee728b)  -> (artifact id: 'bd3ee7a3196f38c1f53ff66f18c7b731') in 0.020638 seconds 
========================================================================
Received Import Request.
  Time since last request: 0.025708 seconds.
  path: Assets/PolygonNature/Materials/PolygonNature_Plants.mat
  artifactKey: Guid(eda6dccd9f725b14ab0c77266ee42429) Importer(815301076,1909f56bfc062723c751e8b465ee728b)
Start importing Assets/PolygonNature/Materials/PolygonNature_Plants.mat using Guid(eda6dccd9f725b14ab0c77266ee42429) Importer(815301076,1909f56bfc062723c751e8b465ee728b)  -> (artifact id: 'b770133c85e2f0438c8e6195db561aa5') in 0.073280 seconds 
========================================================================
Received Import Request.
  Time since last request: 0.625572 seconds.
  path: Assets/PolygonNature/Textures/PolygonNature_02.png
  artifactKey: Guid(07583e1294baec44b9215f00c68aa98e) Importer(815301076,1909f56bfc062723c751e8b465ee728b)
Start importing Assets/PolygonNature/Textures/PolygonNature_02.png using Guid(07583e1294baec44b9215f00c68aa98e) Importer(815301076,1909f56bfc062723c751e8b465ee728b)  -> (artifact id: '37927ff9952b0b8fed05677171b21b4b') in 0.028643 seconds 
========================================================================
Received Import Request.
  Time since last request: 13.141578 seconds.
  path: Assets/PolygonNature/FX/FX_Models/Materials/lambert1.mat
  artifactKey: Guid(05c2b5e185992534db01b782bf3a3cb3) Importer(815301076,1909f56bfc062723c751e8b465ee728b)
Start importing Assets/PolygonNature/FX/FX_Models/Materials/lambert1.mat using Guid(05c2b5e185992534db01b782bf3a3cb3) Importer(815301076,1909f56bfc062723c751e8b465ee728b)  -> (artifact id: 'e2427dfcae59fd7833f49278dd0e025f') in 0.012064 seconds 
========================================================================
Received Import Request.
  Time since last request: 28.821178 seconds.
  path: Assets/PolygonNature/FX/FX_Prefabs/Butterlies_Particle_01_MultiColour.prefab
  artifactKey: Guid(922cfc3ec2783bc4d8ae31855d8933a8) Importer(815301076,1909f56bfc062723c751e8b465ee728b)
Start importing Assets/PolygonNature/FX/FX_Prefabs/Butterlies_Particle_01_MultiColour.prefab using Guid(922cfc3ec2783bc4d8ae31855d8933a8) Importer(815301076,1909f56bfc062723c751e8b465ee728b)  -> (artifact id: '1e0f03b8ce339dfe32cfa5cc4e335f9b') in 0.046231 seconds 
========================================================================
Received Import Request.
  Time since last request: 0.000041 seconds.
  path: Assets/PolygonNature/FX/FX_Prefabs/FX_Water_Ripple_01.prefab
  artifactKey: Guid(5d5da19b06b71d74baef1d8c22f634e1) Importer(815301076,1909f56bfc062723c751e8b465ee728b)
Start importing Assets/PolygonNature/FX/FX_Prefabs/FX_Water_Ripple_01.prefab using Guid(5d5da19b06b71d74baef1d8c22f634e1) Importer(815301076,1909f56bfc062723c751e8b465ee728b)  -> (artifact id: '3741516cb840bf8bc018b3979a252f07') in 0.027171 seconds 
========================================================================
Received Import Request.
  Time since last request: 0.000029 seconds.
  path: Assets/PolygonNature/FX/FX_Prefabs/Rain_Particle_Floor_FX.prefab
  artifactKey: Guid(d3c6c6fac7d04684694d9183c4f2a8f4) Importer(815301076,1909f56bfc062723c751e8b465ee728b)
Start importing Assets/PolygonNature/FX/FX_Prefabs/Rain_Particle_Floor_FX.prefab using Guid(d3c6c6fac7d04684694d9183c4f2a8f4) Importer(815301076,1909f56bfc062723c751e8b465ee728b)  -> (artifact id: 'db4c48abf721aaf61ccd3cea04c3195d') in 0.019298 seconds 
========================================================================
Received Import Request.
  Time since last request: 0.000031 seconds.
  path: Assets/PolygonNature/FX/FX_Prefabs/SM_StreamParticle_Small.prefab
  artifactKey: Guid(7be6312967053e94692000c19fd00461) Importer(815301076,1909f56bfc062723c751e8b465ee728b)
Start importing Assets/PolygonNature/FX/FX_Prefabs/SM_StreamParticle_Small.prefab using Guid(7be6312967053e94692000c19fd00461) Importer(815301076,1909f56bfc062723c751e8b465ee728b)  -> (artifact id: '88d4205a7f3cde80608db0273f42a29c') in 0.018013 seconds 
========================================================================
Received Import Request.
  Time since last request: 29.103616 seconds.
  path: Assets/PolygonNature/Materials/Water/PolygonNature_Water_Swamp.mat
  artifactKey: Guid(374467a8ced5690499204f39d40992d9) Importer(815301076,1909f56bfc062723c751e8b465ee728b)
Start importing Assets/PolygonNature/Materials/Water/PolygonNature_Water_Swamp.mat using Guid(374467a8ced5690499204f39d40992d9) Importer(815301076,1909f56bfc062723c751e8b465ee728b)  -> (artifact id: 'e1f3548c92ad94e456af43d053cf40b1') in 0.016889 seconds 
========================================================================
Received Import Request.
  Time since last request: 0.725281 seconds.
  path: Assets/PolygonNature/Textures/Misc/White.png
  artifactKey: Guid(953aee88aa8b49347a6abd3be0f0eb54) Importer(815301076,1909f56bfc062723c751e8b465ee728b)
Start importing Assets/PolygonNature/Textures/Misc/White.png using Guid(953aee88aa8b49347a6abd3be0f0eb54) Importer(815301076,1909f56bfc062723c751e8b465ee728b)  -> (artifact id: 'ad01529e052e2f45dcc42d78cb33a3ea') in 0.020108 seconds 
========================================================================
Received Import Request.
  Time since last request: 38.944435 seconds.
  path: Assets/PolygonNature/Materials/Leaves/PolygonNature_Leaves_Base_Brown.mat
  artifactKey: Guid(c565ec8004407544a89e542d65132d98) Importer(815301076,1909f56bfc062723c751e8b465ee728b)
Start importing Assets/PolygonNature/Materials/Leaves/PolygonNature_Leaves_Base_Brown.mat using Guid(c565ec8004407544a89e542d65132d98) Importer(815301076,1909f56bfc062723c751e8b465ee728b)  -> (artifact id: '54a03f63dd8919fbf2b0b9f96b41c973') in 0.019746 seconds 
========================================================================
Received Import Request.
  Time since last request: 0.000026 seconds.
  path: Assets/PolygonNature/Materials/Leaves/PolygonNature_Leaves_Willow_Yellow.mat
  artifactKey: Guid(e7dd1ada3bfb96943a9a496dc452d8c3) Importer(815301076,1909f56bfc062723c751e8b465ee728b)
Start importing Assets/PolygonNature/Materials/Leaves/PolygonNature_Leaves_Willow_Yellow.mat using Guid(e7dd1ada3bfb96943a9a496dc452d8c3) Importer(815301076,1909f56bfc062723c751e8b465ee728b)  -> (artifact id: 'b3b677e52c84dd7a283708d83b8bf61c') in 0.018567 seconds 
========================================================================
Received Import Request.
  Time since last request: 0.000034 seconds.
  path: Assets/PolygonNature/Materials/Leaves/PolygonNature_Leaves_Pine_Snow.mat
  artifactKey: Guid(484f68ebb25012b48b561c6a58eac81b) Importer(815301076,1909f56bfc062723c751e8b465ee728b)
Start importing Assets/PolygonNature/Materials/Leaves/PolygonNature_Leaves_Pine_Snow.mat using Guid(484f68ebb25012b48b561c6a58eac81b) Importer(815301076,1909f56bfc062723c751e8b465ee728b)  -> (artifact id: '3f436cb2d2fcad0e6a26411da3d6e089') in 0.027178 seconds 
========================================================================
Received Import Request.
  Time since last request: 0.000037 seconds.
  path: Assets/PolygonNature/Materials/Leaves/PolygonNature_Leaves_Willow_Pink.mat
  artifactKey: Guid(6cff7c801e0232143a019be6992ae26e) Importer(815301076,1909f56bfc062723c751e8b465ee728b)
Start importing Assets/PolygonNature/Materials/Leaves/PolygonNature_Leaves_Willow_Pink.mat using Guid(6cff7c801e0232143a019be6992ae26e) Importer(815301076,1909f56bfc062723c751e8b465ee728b)  -> (artifact id: 'c98dfb2e57998adeb6e81a3778239c5f') in 0.021078 seconds 
========================================================================
Received Import Request.
  Time since last request: 36.039055 seconds.
  path: Assets/PolygonNature/Materials/Alternates/PolygonNature_04.mat
  artifactKey: Guid(9e0c37e4cf8ce954c9979128074455e8) Importer(815301076,1909f56bfc062723c751e8b465ee728b)
Start importing Assets/PolygonNature/Materials/Alternates/PolygonNature_04.mat using Guid(9e0c37e4cf8ce954c9979128074455e8) Importer(815301076,1909f56bfc062723c751e8b465ee728b)  -> (artifact id: 'd53c918a676e872e47bd600da3e15030') in 0.998545 seconds 
========================================================================
Received Import Request.
  Time since last request: 0.000032 seconds.
  path: Assets/PolygonNature/Materials/Leaves/PolygonNature_Leaves_Base.mat
  artifactKey: Guid(d3a600439af714f4280d93e74cc75853) Importer(815301076,1909f56bfc062723c751e8b465ee728b)
Start importing Assets/PolygonNature/Materials/Leaves/PolygonNature_Leaves_Base.mat using Guid(d3a600439af714f4280d93e74cc75853) Importer(815301076,1909f56bfc062723c751e8b465ee728b)  -> (artifact id: 'adef2428bb70049fc2b1c20f0945f11e') in 1.897596 seconds 
========================================================================
Received Import Request.
  Time since last request: 2.871416 seconds.
  path: Assets/PolygonNature/Prefabs/Props/SM_Prop_Brick_02.prefab
  artifactKey: Guid(77721d74255674a428e2e584033bf057) Importer(815301076,1909f56bfc062723c751e8b465ee728b)
Start importing Assets/PolygonNature/Prefabs/Props/SM_Prop_Brick_02.prefab using Guid(77721d74255674a428e2e584033bf057) Importer(815301076,1909f56bfc062723c751e8b465ee728b)  -> (artifact id: '21c53c64e8b28f7f48b12d789bab6492') in 1.105195 seconds 
========================================================================
Received Import Request.
  Time since last request: 0.000025 seconds.
  path: Assets/PolygonNature/Prefabs/Props/SM_Prop_Fence_01.prefab
  artifactKey: Guid(d68870cf1b8968f49b16b4eaebdce109) Importer(815301076,1909f56bfc062723c751e8b465ee728b)
Start importing Assets/PolygonNature/Prefabs/Props/SM_Prop_Fence_01.prefab using Guid(d68870cf1b8968f49b16b4eaebdce109) Importer(815301076,1909f56bfc062723c751e8b465ee728b)  -> (artifact id: 'a586e5d763fbc67463a7e6488c3f256e') in 0.038671 seconds 
========================================================================
Received Import Request.
  Time since last request: 0.000032 seconds.
  path: Assets/PolygonNature/Prefabs/Props/SM_Prop_StoneWall_02.prefab
  artifactKey: Guid(6b59a3c433dce79439ba5afcac6003c5) Importer(815301076,1909f56bfc062723c751e8b465ee728b)
Start importing Assets/PolygonNature/Prefabs/Props/SM_Prop_StoneWall_02.prefab using Guid(6b59a3c433dce79439ba5afcac6003c5) Importer(815301076,1909f56bfc062723c751e8b465ee728b)  -> (artifact id: 'bd4748fdafac0c3d43baad913b0e495c') in 0.032041 seconds 
========================================================================
Received Import Request.
  Time since last request: 0.000052 seconds.
  path: Assets/PolygonNature/Prefabs/Props/SM_Prop_Cloud_01.prefab
  artifactKey: Guid(d7348193d18053242b67736aafdf8c03) Importer(815301076,1909f56bfc062723c751e8b465ee728b)
Start importing Assets/PolygonNature/Prefabs/Props/SM_Prop_Cloud_01.prefab using Guid(d7348193d18053242b67736aafdf8c03) Importer(815301076,1909f56bfc062723c751e8b465ee728b)  -> (artifact id: '55f92c413b46ead5af0219cdf314c00f') in 0.025709 seconds 
========================================================================
Received Import Request.
  Time since last request: 0.000032 seconds.
  path: Assets/PolygonNature/Prefabs/Props/SM_Prop_Skeleton_Ground_01.prefab
  artifactKey: Guid(8ec29696c3f5cc04faf6c4c6a5ffb0ea) Importer(815301076,1909f56bfc062723c751e8b465ee728b)
Start importing Assets/PolygonNature/Prefabs/Props/SM_Prop_Skeleton_Ground_01.prefab using Guid(8ec29696c3f5cc04faf6c4c6a5ffb0ea) Importer(815301076,1909f56bfc062723c751e8b465ee728b)  -> (artifact id: 'a0ba50c9ab1c769d385c28b6c9b3b7a9') in 0.024428 seconds 
========================================================================
Received Import Request.
  Time since last request: 22.199059 seconds.
  path: Assets/PolygonNature/FX/FX_Materials/Water_FX.mat
  artifactKey: Guid(7a18fd32189d0c145a380d8f2ab51d11) Importer(815301076,1909f56bfc062723c751e8b465ee728b)
Start importing Assets/PolygonNature/FX/FX_Materials/Water_FX.mat using Guid(7a18fd32189d0c145a380d8f2ab51d11) Importer(815301076,1909f56bfc062723c751e8b465ee728b)  -> (artifact id: 'd03faeacbfcd609e307b0d3d45d46ee0') in 0.012459 seconds 
========================================================================
Received Import Request.
  Time since last request: 0.989734 seconds.
  path: Assets/PolygonNature/FX/FX_Models/Plane_Particle.obj
  artifactKey: Guid(30479c000e383a745bd05d57364b1f61) Importer(815301076,1909f56bfc062723c751e8b465ee728b)
Start importing Assets/PolygonNature/FX/FX_Models/Plane_Particle.obj using Guid(30479c000e383a745bd05d57364b1f61) Importer(815301076,1909f56bfc062723c751e8b465ee728b)  -> (artifact id: '11eb83bb5db172ccac7c2d9d5e0a7d0e') in 0.022760 seconds 
