Using pre-set license
Built from '2021.3/staging' branch; Version is '2021.3.0f1 (6eacc8284459) revision 7253192'; Using compiler version '192829333'; Build Type 'Release'
OS: 'Windows 11  (10.0.22000) 64bit Core' Language: 'en' Physical Memory: 32682 MB
BatchMode: 1, IsHumanControllingUs: 0, StartBugReporterOnCrash: 0, Is64bit: 1, IsPro: 1

COMMAND LINE ARGUMENTS:
C:\Program Files\Unity\Hub\Editor\2021.3.0f1\Editor\Unity.exe
-adb2
-batchMode
-noUpm
-name
AssetImportWorker4
-projectPath
C:/Users/justi/OneDrive/Games/RageQuit/Office
-logFile
Logs/AssetImportWorker4.log
-srvPort
57452
Successfully changed project path to: C:/Users/justi/OneDrive/Games/RageQuit/Office
C:/Users/justi/OneDrive/Games/RageQuit/Office
[UnityMemory] Configuration Parameters - Can be set up in boot.config
    "memorysetup-bucket-allocator-granularity=16"
    "memorysetup-bucket-allocator-bucket-count=8"
    "memorysetup-bucket-allocator-block-size=33554432"
    "memorysetup-bucket-allocator-block-count=8"
    "memorysetup-main-allocator-block-size=16777216"
    "memorysetup-thread-allocator-block-size=16777216"
    "memorysetup-gfx-main-allocator-block-size=16777216"
    "memorysetup-gfx-thread-allocator-block-size=16777216"
    "memorysetup-cache-allocator-block-size=4194304"
    "memorysetup-typetree-allocator-block-size=2097152"
    "memorysetup-profiler-bucket-allocator-granularity=16"
    "memorysetup-profiler-bucket-allocator-bucket-count=8"
    "memorysetup-profiler-bucket-allocator-block-size=33554432"
    "memorysetup-profiler-bucket-allocator-block-count=8"
    "memorysetup-profiler-allocator-block-size=16777216"
    "memorysetup-profiler-editor-allocator-block-size=1048576"
    "memorysetup-temp-allocator-size-main=16777216"
    "memorysetup-job-temp-allocator-block-size=2097152"
    "memorysetup-job-temp-allocator-block-size-background=1048576"
    "memorysetup-job-temp-allocator-reduction-small-platforms=262144"
    "memorysetup-temp-allocator-size-background-worker=32768"
    "memorysetup-temp-allocator-size-job-worker=262144"
    "memorysetup-temp-allocator-size-preload-manager=33554432"
    "memorysetup-temp-allocator-size-nav-mesh-worker=65536"
    "memorysetup-temp-allocator-size-audio-worker=65536"
    "memorysetup-temp-allocator-size-cloud-worker=32768"
    "memorysetup-temp-allocator-size-gi-baking-worker=262144"
    "memorysetup-temp-allocator-size-gfx=262144"
Refreshing native plugins compatible for Editor in 134.86 ms, found 6 plugins.
Preloading 0 native plugins for Editor in 0.00 ms.
Initialize engine version: 2021.3.0f1 (6eacc8284459)
[Subsystems] Discovering subsystems at path C:/Program Files/Unity/Hub/Editor/2021.3.0f1/Editor/Data/Resources/UnitySubsystems
[Subsystems] Discovering subsystems at path C:/Users/justi/OneDrive/Games/RageQuit/Office/Assets
GfxDevice: creating device client; threaded=0; jobified=0
Direct3D:
    Version:  Direct3D 11.0 [level 11.1]
    Renderer: NVIDIA GeForce GTX 1080 Ti (ID=0x1b06)
    Vendor:   NVIDIA
    VRAM:     11128 MB
    Driver:   30.0.15.1215
Initialize mono
Mono path[0] = 'C:/Program Files/Unity/Hub/Editor/2021.3.0f1/Editor/Data/Managed'
Mono path[1] = 'C:/Program Files/Unity/Hub/Editor/2021.3.0f1/Editor/Data/MonoBleedingEdge/lib/mono/unityjit-win32'
Mono config path = 'C:/Program Files/Unity/Hub/Editor/2021.3.0f1/Editor/Data/MonoBleedingEdge/etc'
Using monoOptions --debugger-agent=transport=dt_socket,embedding=1,server=y,suspend=n,address=127.0.0.1:56588
Begin MonoManager ReloadAssembly
Registering precompiled unity dll's ...
Register platform support module: C:/Program Files/Unity/Hub/Editor/2021.3.0f1/Editor/Data/PlaybackEngines/WindowsStandaloneSupport/UnityEditor.WindowsStandalone.Extensions.dll
Registered in 0.003943 seconds.
Native extension for WindowsStandalone target not found
Refreshing native plugins compatible for Editor in 132.27 ms, found 6 plugins.
Preloading 0 native plugins for Editor in 0.00 ms.
Mono: successfully reloaded assembly
- Completed reload, in  0.591 seconds
Domain Reload Profiling:
	ReloadAssembly (592ms)
		BeginReloadAssembly (52ms)
			ExecutionOrderSort (0ms)
			DisableScriptedObjects (0ms)
			BackupInstance (0ms)
			ReleaseScriptingObjects (0ms)
			CreateAndSetChildDomain (1ms)
		EndReloadAssembly (449ms)
			LoadAssemblies (50ms)
			RebuildTransferFunctionScriptingTraits (0ms)
			SetupTypeCache (88ms)
			ReleaseScriptCaches (0ms)
			RebuildScriptCaches (23ms)
			SetupLoadedEditorAssemblies (293ms)
				LogAssemblyErrors (0ms)
				InitializePlatformSupportModulesInManaged (6ms)
				SetLoadedEditorAssemblies (0ms)
				RefreshPlugins (132ms)
				BeforeProcessingInitializeOnLoad (1ms)
				ProcessInitializeOnLoadAttributes (117ms)
				ProcessInitializeOnLoadMethodAttributes (37ms)
				AfterProcessingInitializeOnLoad (0ms)
				EditorAssembliesLoaded (0ms)
			ExecutionOrderSort2 (0ms)
			AwakeInstancesAfterBackupRestoration (0ms)
Platform modules already initialized, skipping
Registering precompiled user dll's ...
Registered in 0.004978 seconds.
Begin MonoManager ReloadAssembly
Symbol file LoadedFromMemory is not a mono symbol file
Native extension for WindowsStandalone target not found
Refreshing native plugins compatible for Editor in 138.21 ms, found 6 plugins.
Preloading 0 native plugins for Editor in 0.00 ms.
Mono: successfully reloaded assembly
- Completed reload, in  1.448 seconds
Domain Reload Profiling:
	ReloadAssembly (1448ms)
		BeginReloadAssembly (105ms)
			ExecutionOrderSort (0ms)
			DisableScriptedObjects (6ms)
			BackupInstance (0ms)
			ReleaseScriptingObjects (0ms)
			CreateAndSetChildDomain (24ms)
		EndReloadAssembly (1239ms)
			LoadAssemblies (77ms)
			RebuildTransferFunctionScriptingTraits (0ms)
			SetupTypeCache (224ms)
			ReleaseScriptCaches (1ms)
			RebuildScriptCaches (53ms)
			SetupLoadedEditorAssemblies (839ms)
				LogAssemblyErrors (0ms)
				InitializePlatformSupportModulesInManaged (4ms)
				SetLoadedEditorAssemblies (0ms)
				RefreshPlugins (138ms)
				BeforeProcessingInitializeOnLoad (82ms)
				ProcessInitializeOnLoadAttributes (530ms)
				ProcessInitializeOnLoadMethodAttributes (79ms)
				AfterProcessingInitializeOnLoad (6ms)
				EditorAssembliesLoaded (0ms)
			ExecutionOrderSort2 (0ms)
			AwakeInstancesAfterBackupRestoration (6ms)
Platform modules already initialized, skipping
========================================================================
Worker process is ready to serve import requests
Launched and connected shader compiler UnityShaderCompiler.exe after 0.05 seconds
Refreshing native plugins compatible for Editor in 4.52 ms, found 6 plugins.
Preloading 0 native plugins for Editor in 0.00 ms.
Unloading 4213 Unused Serialized files (Serialized files now loaded: 0)
Unloading 139 unused Assets / (415.0 KB). Loaded Objects now: 4666.
Memory consumption went from 221.8 MB to 221.4 MB.
Total: 4.408700 ms (FindLiveObjects: 0.425100 ms CreateObjectMapping: 0.106200 ms MarkObjects: 3.417000 ms  DeleteObjects: 0.459200 ms)

AssetImportParameters requested are different than current active one (requested -> active):
  custom:video-decoder-ogg-theora: a1e56fd34408186e4bbccfd4996cb3dc -> 
  custom:container-muxer-webm: aa71ff27fc2769a1b78a27578f13a17b -> 
  custom:container-demuxer-webm: 4f35f7cbe854078d1ac9338744f61a02 -> 
  custom:video-encoder-webm-vp8: eb34c28f22e8b96e1ab97ce403110664 -> 
  custom:audio-encoder-webm-vorbis: bf7c407c2cedff20999df2af8eb42d56 -> 
  custom:framework-win-MediaFoundation: 216162199b28c13a410421893ffa2e32 -> 
  custom:container-demuxer-ogg: 62fdf1f143b41e24485cea50d1cbac27 -> 
  custom:video-decoder-webm-vp8: 9c59270c3fd7afecdb556c50c9e8de78 -> 
  custom:audio-decoder-ogg-vorbis: bf7c407c2cedff20999df2af8eb42d56 -> 
========================================================================
Received Import Request.
  Time since last request: 7589.083292 seconds.
  path: Assets/PolygonShops/Textures/SimpleSky.png
  artifactKey: Guid(7bab9ac1487e10c40b9ed77d4c551e04) Importer(815301076,1909f56bfc062723c751e8b465ee728b)
Start importing Assets/PolygonShops/Textures/SimpleSky.png using Guid(7bab9ac1487e10c40b9ed77d4c551e04) Importer(815301076,1909f56bfc062723c751e8b465ee728b)  -> (artifact id: '6b0a39da778930f3a7d4d4ab344efe21') in 0.062114 seconds 
========================================================================
Received Import Request.
  Time since last request: 8.433213 seconds.
  path: Assets/PolygonShops/Materials/Building_Mats/PolygonShops_Mat_Arcade_01.mat
  artifactKey: Guid(06ddc73e7f4b3f249bca9004c9c712fa) Importer(815301076,1909f56bfc062723c751e8b465ee728b)
Start importing Assets/PolygonShops/Materials/Building_Mats/PolygonShops_Mat_Arcade_01.mat using Guid(06ddc73e7f4b3f249bca9004c9c712fa) Importer(815301076,1909f56bfc062723c751e8b465ee728b)  -> (artifact id: 'ae9ae216e45d979e54eb90b0238242a3') in 0.239229 seconds 
========================================================================
Received Import Request.
  Time since last request: 9.245530 seconds.
  path: Assets/PolygonShops/Materials/Alternates/PolygonShops_Mat_01_A_Colour_Emissive.mat
  artifactKey: Guid(9856e611bd32bd74daad8ac606856a6e) Importer(815301076,1909f56bfc062723c751e8b465ee728b)
Start importing Assets/PolygonShops/Materials/Alternates/PolygonShops_Mat_01_A_Colour_Emissive.mat using Guid(9856e611bd32bd74daad8ac606856a6e) Importer(815301076,1909f56bfc062723c751e8b465ee728b)  -> (artifact id: 'cb2daca99f0f2d6dcd01f654142350ec') in 0.046641 seconds 
========================================================================
Received Import Request.
  Time since last request: 10.163616 seconds.
  path: Assets/PolygonShops/Models/Characters.fbx
  artifactKey: Guid(0be15d3e163aef642a9c70f34e53d7b0) Importer(815301076,1909f56bfc062723c751e8b465ee728b)
Start importing Assets/PolygonShops/Models/Characters.fbx using Guid(0be15d3e163aef642a9c70f34e53d7b0) Importer(815301076,1909f56bfc062723c751e8b465ee728b)  -> (artifact id: '9dc2eccfbd7e8053518b405006079d2b') in 0.295523 seconds 
========================================================================
Received Import Request.
  Time since last request: 0.000058 seconds.
  path: Assets/PolygonShops/Models/SM_Bld_Base_Wall_Half_02.fbx
  artifactKey: Guid(57ba188a7aebcda46be8d0661a6a3a0f) Importer(815301076,1909f56bfc062723c751e8b465ee728b)
Start importing Assets/PolygonShops/Models/SM_Bld_Base_Wall_Half_02.fbx using Guid(57ba188a7aebcda46be8d0661a6a3a0f) Importer(815301076,1909f56bfc062723c751e8b465ee728b)  -> (artifact id: '657041d9bf1c0f8ebae8ca2a60c576e0') in 0.025515 seconds 
========================================================================
Received Import Request.
  Time since last request: 0.000034 seconds.
  path: Assets/PolygonShops/Models/SM_Bld_Door_Curtain_02.fbx
  artifactKey: Guid(a52664cad48e2d04fbcef38afc8865c4) Importer(815301076,1909f56bfc062723c751e8b465ee728b)
Start importing Assets/PolygonShops/Models/SM_Bld_Door_Curtain_02.fbx using Guid(a52664cad48e2d04fbcef38afc8865c4) Importer(815301076,1909f56bfc062723c751e8b465ee728b)  -> (artifact id: '635173484841da90c8c526b6aa2cfbcb') in 0.028201 seconds 
========================================================================
Received Import Request.
  Time since last request: 0.000036 seconds.
  path: Assets/PolygonShops/Models/SM_Bld_Awning_03.fbx
  artifactKey: Guid(9e6b2060a5701554391e6dcd34a71e16) Importer(815301076,1909f56bfc062723c751e8b465ee728b)
Start importing Assets/PolygonShops/Models/SM_Bld_Awning_03.fbx using Guid(9e6b2060a5701554391e6dcd34a71e16) Importer(815301076,1909f56bfc062723c751e8b465ee728b)  -> (artifact id: '130037cf1dd12dc6ad414f37aaa5ccaf') in 0.025169 seconds 
========================================================================
Received Import Request.
  Time since last request: 0.000050 seconds.
  path: Assets/PolygonShops/Models/SM_Bld_Base_Pillar_Half_05.fbx
  artifactKey: Guid(32ae76417ee68364495411b025a57f44) Importer(815301076,1909f56bfc062723c751e8b465ee728b)
Start importing Assets/PolygonShops/Models/SM_Bld_Base_Pillar_Half_05.fbx using Guid(32ae76417ee68364495411b025a57f44) Importer(815301076,1909f56bfc062723c751e8b465ee728b)  -> (artifact id: '88e9812542bba434f0c0dfc6300d442e') in 0.023471 seconds 
========================================================================
Received Import Request.
  Time since last request: 4.862280 seconds.
  path: Assets/PolygonShops/Prefabs/Generic
  artifactKey: Guid(d6e831aa06ae7ee4bbf397c115a1b3fb) Importer(815301076,1909f56bfc062723c751e8b465ee728b)
Start importing Assets/PolygonShops/Prefabs/Generic using Guid(d6e831aa06ae7ee4bbf397c115a1b3fb) Importer(815301076,1909f56bfc062723c751e8b465ee728b)  -> (artifact id: '6dac850a21f95d800fbd69ae6fadfde1') in 0.005894 seconds 
========================================================================
Received Import Request.
  Time since last request: 0.084200 seconds.
  path: Assets/PolygonShops/Prefabs/Generic/SM_Generic_Cloud_01.prefab
  artifactKey: Guid(183d2ea1b62b1c748b745e20b7272b8a) Importer(815301076,1909f56bfc062723c751e8b465ee728b)
Start importing Assets/PolygonShops/Prefabs/Generic/SM_Generic_Cloud_01.prefab using Guid(183d2ea1b62b1c748b745e20b7272b8a) Importer(815301076,1909f56bfc062723c751e8b465ee728b)  -> (artifact id: '636691f9d0869a34dc9c93df0e940a7c') in 0.021529 seconds 
========================================================================
Received Import Request.
  Time since last request: 0.000022 seconds.
  path: Assets/PolygonShops/Prefabs/Generic/SM_Generic_Small_Rocks_05.prefab
  artifactKey: Guid(75ca98bb2db8107468dd5ecefabc27e0) Importer(815301076,1909f56bfc062723c751e8b465ee728b)
Start importing Assets/PolygonShops/Prefabs/Generic/SM_Generic_Small_Rocks_05.prefab using Guid(75ca98bb2db8107468dd5ecefabc27e0) Importer(815301076,1909f56bfc062723c751e8b465ee728b)  -> (artifact id: '42d7e771a93444cacc8fbc60ce6f329a') in 0.026820 seconds 
========================================================================
Received Import Request.
  Time since last request: 0.000058 seconds.
  path: Assets/PolygonShops/Prefabs/Generic/SM_Generic_Ground_02.prefab
  artifactKey: Guid(399a45c01846d034598a91ee99454c5b) Importer(815301076,1909f56bfc062723c751e8b465ee728b)
Start importing Assets/PolygonShops/Prefabs/Generic/SM_Generic_Ground_02.prefab using Guid(399a45c01846d034598a91ee99454c5b) Importer(815301076,1909f56bfc062723c751e8b465ee728b)  -> (artifact id: '5c5620c2f4be667f823e287b90ada823') in 0.025294 seconds 
========================================================================
Received Import Request.
  Time since last request: 0.000063 seconds.
  path: Assets/PolygonShops/Prefabs/Generic/SM_Generic_Ground_Flat_01.prefab
  artifactKey: Guid(f1f9e6c4b42680e4f8598f5fe3f7321a) Importer(815301076,1909f56bfc062723c751e8b465ee728b)
Start importing Assets/PolygonShops/Prefabs/Generic/SM_Generic_Ground_Flat_01.prefab using Guid(f1f9e6c4b42680e4f8598f5fe3f7321a) Importer(815301076,1909f56bfc062723c751e8b465ee728b)  -> (artifact id: '090175ba35328bc64c34c1e0d4a97021') in 0.025602 seconds 
