Using pre-set license
Built from '2021.3/staging' branch; Version is '2021.3.0f1 (6eacc8284459) revision 7253192'; Using compiler version '192829333'; Build Type 'Release'
OS: 'Windows 11  (10.0.22000) 64bit Core' Language: 'en' Physical Memory: 32682 MB
BatchMode: 1, IsHumanControllingUs: 0, StartBugReporterOnCrash: 0, Is64bit: 1, IsPro: 1

COMMAND LINE ARGUMENTS:
C:\Program Files\Unity\Hub\Editor\2021.3.0f1\Editor\Unity.exe
-adb2
-batchMode
-noUpm
-name
AssetImportWorker12
-projectPath
C:/Users/justi/OneDrive/Games/RageQuit/Office
-logFile
Logs/AssetImportWorker12.log
-srvPort
60267
Successfully changed project path to: C:/Users/justi/OneDrive/Games/RageQuit/Office
C:/Users/justi/OneDrive/Games/RageQuit/Office
[UnityMemory] Configuration Parameters - Can be set up in boot.config
    "memorysetup-bucket-allocator-granularity=16"
    "memorysetup-bucket-allocator-bucket-count=8"
    "memorysetup-bucket-allocator-block-size=33554432"
    "memorysetup-bucket-allocator-block-count=8"
    "memorysetup-main-allocator-block-size=16777216"
    "memorysetup-thread-allocator-block-size=16777216"
    "memorysetup-gfx-main-allocator-block-size=16777216"
    "memorysetup-gfx-thread-allocator-block-size=16777216"
    "memorysetup-cache-allocator-block-size=4194304"
    "memorysetup-typetree-allocator-block-size=2097152"
    "memorysetup-profiler-bucket-allocator-granularity=16"
    "memorysetup-profiler-bucket-allocator-bucket-count=8"
    "memorysetup-profiler-bucket-allocator-block-size=33554432"
    "memorysetup-profiler-bucket-allocator-block-count=8"
    "memorysetup-profiler-allocator-block-size=16777216"
    "memorysetup-profiler-editor-allocator-block-size=1048576"
    "memorysetup-temp-allocator-size-main=16777216"
    "memorysetup-job-temp-allocator-block-size=2097152"
    "memorysetup-job-temp-allocator-block-size-background=1048576"
    "memorysetup-job-temp-allocator-reduction-small-platforms=262144"
    "memorysetup-temp-allocator-size-background-worker=32768"
    "memorysetup-temp-allocator-size-job-worker=262144"
    "memorysetup-temp-allocator-size-preload-manager=33554432"
    "memorysetup-temp-allocator-size-nav-mesh-worker=65536"
    "memorysetup-temp-allocator-size-audio-worker=65536"
    "memorysetup-temp-allocator-size-cloud-worker=32768"
    "memorysetup-temp-allocator-size-gi-baking-worker=262144"
    "memorysetup-temp-allocator-size-gfx=262144"
Refreshing native plugins compatible for Editor in 111.11 ms, found 6 plugins.
Preloading 0 native plugins for Editor in 0.00 ms.
Initialize engine version: 2021.3.0f1 (6eacc8284459)
[Subsystems] Discovering subsystems at path C:/Program Files/Unity/Hub/Editor/2021.3.0f1/Editor/Data/Resources/UnitySubsystems
[Subsystems] Discovering subsystems at path C:/Users/justi/OneDrive/Games/RageQuit/Office/Assets
GfxDevice: creating device client; threaded=0; jobified=0
Direct3D:
    Version:  Direct3D 11.0 [level 11.1]
    Renderer: NVIDIA GeForce GTX 1080 Ti (ID=0x1b06)
    Vendor:   NVIDIA
    VRAM:     11128 MB
    Driver:   30.0.15.1215
Initialize mono
Mono path[0] = 'C:/Program Files/Unity/Hub/Editor/2021.3.0f1/Editor/Data/Managed'
Mono path[1] = 'C:/Program Files/Unity/Hub/Editor/2021.3.0f1/Editor/Data/MonoBleedingEdge/lib/mono/unityjit-win32'
Mono config path = 'C:/Program Files/Unity/Hub/Editor/2021.3.0f1/Editor/Data/MonoBleedingEdge/etc'
Using monoOptions --debugger-agent=transport=dt_socket,embedding=1,server=y,suspend=n,address=127.0.0.1:56708
Begin MonoManager ReloadAssembly
Registering precompiled unity dll's ...
Register platform support module: C:/Program Files/Unity/Hub/Editor/2021.3.0f1/Editor/Data/PlaybackEngines/WindowsStandaloneSupport/UnityEditor.WindowsStandalone.Extensions.dll
Registered in 0.004409 seconds.
Native extension for WindowsStandalone target not found
Refreshing native plugins compatible for Editor in 80.35 ms, found 6 plugins.
Preloading 0 native plugins for Editor in 0.00 ms.
Mono: successfully reloaded assembly
- Completed reload, in  0.611 seconds
Domain Reload Profiling:
	ReloadAssembly (612ms)
		BeginReloadAssembly (87ms)
			ExecutionOrderSort (0ms)
			DisableScriptedObjects (0ms)
			BackupInstance (0ms)
			ReleaseScriptingObjects (0ms)
			CreateAndSetChildDomain (1ms)
		EndReloadAssembly (421ms)
			LoadAssemblies (84ms)
			RebuildTransferFunctionScriptingTraits (0ms)
			SetupTypeCache (101ms)
			ReleaseScriptCaches (0ms)
			RebuildScriptCaches (23ms)
			SetupLoadedEditorAssemblies (250ms)
				LogAssemblyErrors (0ms)
				InitializePlatformSupportModulesInManaged (7ms)
				SetLoadedEditorAssemblies (0ms)
				RefreshPlugins (80ms)
				BeforeProcessingInitializeOnLoad (1ms)
				ProcessInitializeOnLoadAttributes (125ms)
				ProcessInitializeOnLoadMethodAttributes (36ms)
				AfterProcessingInitializeOnLoad (0ms)
				EditorAssembliesLoaded (0ms)
			ExecutionOrderSort2 (0ms)
			AwakeInstancesAfterBackupRestoration (0ms)
Platform modules already initialized, skipping
Registering precompiled user dll's ...
Registered in 0.006004 seconds.
Begin MonoManager ReloadAssembly
Symbol file LoadedFromMemory is not a mono symbol file
Native extension for WindowsStandalone target not found
Refreshing native plugins compatible for Editor in 84.21 ms, found 6 plugins.
Preloading 0 native plugins for Editor in 0.00 ms.
Mono: successfully reloaded assembly
- Completed reload, in  1.490 seconds
Domain Reload Profiling:
	ReloadAssembly (1490ms)
		BeginReloadAssembly (115ms)
			ExecutionOrderSort (0ms)
			DisableScriptedObjects (5ms)
			BackupInstance (0ms)
			ReleaseScriptingObjects (0ms)
			CreateAndSetChildDomain (24ms)
		EndReloadAssembly (1250ms)
			LoadAssemblies (115ms)
			RebuildTransferFunctionScriptingTraits (0ms)
			SetupTypeCache (288ms)
			ReleaseScriptCaches (2ms)
			RebuildScriptCaches (66ms)
			SetupLoadedEditorAssemblies (731ms)
				LogAssemblyErrors (0ms)
				InitializePlatformSupportModulesInManaged (3ms)
				SetLoadedEditorAssemblies (0ms)
				RefreshPlugins (84ms)
				BeforeProcessingInitializeOnLoad (81ms)
				ProcessInitializeOnLoadAttributes (481ms)
				ProcessInitializeOnLoadMethodAttributes (75ms)
				AfterProcessingInitializeOnLoad (7ms)
				EditorAssembliesLoaded (0ms)
			ExecutionOrderSort2 (0ms)
			AwakeInstancesAfterBackupRestoration (7ms)
Platform modules already initialized, skipping
========================================================================
Worker process is ready to serve import requests
Launched and connected shader compiler UnityShaderCompiler.exe after 0.06 seconds
Refreshing native plugins compatible for Editor in 1.55 ms, found 6 plugins.
Preloading 0 native plugins for Editor in 0.00 ms.
Unloading 4202 Unused Serialized files (Serialized files now loaded: 0)
Unloading 142 unused Assets / (0.8 MB). Loaded Objects now: 4636.
Memory consumption went from 196.5 MB to 195.7 MB.
Total: 5.080700 ms (FindLiveObjects: 0.499900 ms CreateObjectMapping: 0.105700 ms MarkObjects: 3.913400 ms  DeleteObjects: 0.560100 ms)

AssetImportParameters requested are different than current active one (requested -> active):
  custom:video-decoder-ogg-theora: a1e56fd34408186e4bbccfd4996cb3dc -> 
  custom:container-muxer-webm: aa71ff27fc2769a1b78a27578f13a17b -> 
  custom:container-demuxer-webm: 4f35f7cbe854078d1ac9338744f61a02 -> 
  custom:video-encoder-webm-vp8: eb34c28f22e8b96e1ab97ce403110664 -> 
  custom:audio-encoder-webm-vorbis: bf7c407c2cedff20999df2af8eb42d56 -> 
  custom:framework-win-MediaFoundation: 216162199b28c13a410421893ffa2e32 -> 
  custom:container-demuxer-ogg: 62fdf1f143b41e24485cea50d1cbac27 -> 
  custom:video-decoder-webm-vp8: 9c59270c3fd7afecdb556c50c9e8de78 -> 
  custom:audio-decoder-ogg-vorbis: bf7c407c2cedff20999df2af8eb42d56 -> 
========================================================================
Received Import Request.
  Time since last request: 30233.168804 seconds.
  path: Assets/PolygonOffice/Prefabs/Props/Desk Props/SM_Prop_Modem_03.prefab
  artifactKey: Guid(f116de539686bf84481b245e9321b115) Importer(815301076,1909f56bfc062723c751e8b465ee728b)
Start importing Assets/PolygonOffice/Prefabs/Props/Desk Props/SM_Prop_Modem_03.prefab using Guid(f116de539686bf84481b245e9321b115) Importer(815301076,1909f56bfc062723c751e8b465ee728b)  -> (artifact id: 'f7f9bdb490e17a3903ea9062c2761260') in 0.364661 seconds 
========================================================================
Received Import Request.
  Time since last request: 0.000052 seconds.
  path: Assets/PolygonOffice/Prefabs/Props/Desk Props/SM_Prop_Note_05.prefab
  artifactKey: Guid(721b45ed5cbe81e4186c09a0ae259b78) Importer(815301076,1909f56bfc062723c751e8b465ee728b)
Start importing Assets/PolygonOffice/Prefabs/Props/Desk Props/SM_Prop_Note_05.prefab using Guid(721b45ed5cbe81e4186c09a0ae259b78) Importer(815301076,1909f56bfc062723c751e8b465ee728b)  -> (artifact id: 'f579e5bf32fc9faba24faf268664b93a') in 0.049132 seconds 
========================================================================
Received Import Request.
  Time since last request: 1.627131 seconds.
  path: Assets/PolygonOffice/Prefabs/Props/Desk Props/SM_Prop_NotePad_02.prefab
  artifactKey: Guid(9076ace9eabf87640aae475398d9f431) Importer(815301076,1909f56bfc062723c751e8b465ee728b)
Start importing Assets/PolygonOffice/Prefabs/Props/Desk Props/SM_Prop_NotePad_02.prefab using Guid(9076ace9eabf87640aae475398d9f431) Importer(815301076,1909f56bfc062723c751e8b465ee728b)  -> (artifact id: '76894d527d5ab404eaa48862fba4628f') in 0.061879 seconds 
========================================================================
Received Import Request.
  Time since last request: 0.000056 seconds.
  path: Assets/PolygonOffice/Prefabs/Props/Desk Props/SM_Prop_Paper_Pile_01.prefab
  artifactKey: Guid(c758ff153bd56e643b90cc14ecf4cc27) Importer(815301076,1909f56bfc062723c751e8b465ee728b)
Start importing Assets/PolygonOffice/Prefabs/Props/Desk Props/SM_Prop_Paper_Pile_01.prefab using Guid(c758ff153bd56e643b90cc14ecf4cc27) Importer(815301076,1909f56bfc062723c751e8b465ee728b)  -> (artifact id: 'a0b1f9d5c40898b5588d29743b41f062') in 0.087789 seconds 
========================================================================
Received Import Request.
  Time since last request: 0.000047 seconds.
  path: Assets/PolygonOffice/Prefabs/Props/Desk Props/SM_Prop_PaperShredder_01.prefab
  artifactKey: Guid(71b2c4113e7828d45938621e94d5075d) Importer(815301076,1909f56bfc062723c751e8b465ee728b)
Start importing Assets/PolygonOffice/Prefabs/Props/Desk Props/SM_Prop_PaperShredder_01.prefab using Guid(71b2c4113e7828d45938621e94d5075d) Importer(815301076,1909f56bfc062723c751e8b465ee728b)  -> (artifact id: '25401ad6e9595323155857bf699077e7') in 0.060817 seconds 
========================================================================
Received Import Request.
  Time since last request: 5.683574 seconds.
  path: Assets/PolygonOffice/Prefabs/Props/Desk Props/SM_Prop_Pen_03.prefab
  artifactKey: Guid(7dc9b81f2c5a8a14e98eaaf71ed46da3) Importer(815301076,1909f56bfc062723c751e8b465ee728b)
Start importing Assets/PolygonOffice/Prefabs/Props/Desk Props/SM_Prop_Pen_03.prefab using Guid(7dc9b81f2c5a8a14e98eaaf71ed46da3) Importer(815301076,1909f56bfc062723c751e8b465ee728b)  -> (artifact id: 'cf0f0244700dd21c54330f4bf6db6da8') in 0.052036 seconds 
========================================================================
Received Import Request.
  Time since last request: 0.000030 seconds.
  path: Assets/PolygonOffice/Prefabs/Props/Desk Props/SM_Prop_Pencil_02.prefab
  artifactKey: Guid(ee3800a59462ae145aa1df76ed591ce6) Importer(815301076,1909f56bfc062723c751e8b465ee728b)
Start importing Assets/PolygonOffice/Prefabs/Props/Desk Props/SM_Prop_Pencil_02.prefab using Guid(ee3800a59462ae145aa1df76ed591ce6) Importer(815301076,1909f56bfc062723c751e8b465ee728b)  -> (artifact id: '6f17f7e74104ce0011eee900692e27b6') in 0.064262 seconds 
========================================================================
Received Import Request.
  Time since last request: 0.000026 seconds.
  path: Assets/PolygonOffice/Prefabs/Props/Desk Props/SM_Prop_Pencil_Sharpener_02.prefab
  artifactKey: Guid(8a55e4798fd42174aa9e3abdcec0422b) Importer(815301076,1909f56bfc062723c751e8b465ee728b)
Start importing Assets/PolygonOffice/Prefabs/Props/Desk Props/SM_Prop_Pencil_Sharpener_02.prefab using Guid(8a55e4798fd42174aa9e3abdcec0422b) Importer(815301076,1909f56bfc062723c751e8b465ee728b)  -> (artifact id: '0f37b3ee3cf223c4915a87a7d71af2d9') in 0.045141 seconds 
========================================================================
Received Import Request.
  Time since last request: 0.000057 seconds.
  path: Assets/PolygonOffice/Prefabs/Props/Desk Props/SM_Prop_Phone_Portable_01_Handset_01.prefab
  artifactKey: Guid(ecc9bfe512d3ce14eaed9dea48c19f89) Importer(815301076,1909f56bfc062723c751e8b465ee728b)
Start importing Assets/PolygonOffice/Prefabs/Props/Desk Props/SM_Prop_Phone_Portable_01_Handset_01.prefab using Guid(ecc9bfe512d3ce14eaed9dea48c19f89) Importer(815301076,1909f56bfc062723c751e8b465ee728b)  -> (artifact id: '45c4b6cfbca3bfe8df1f6723323076d2') in 0.045396 seconds 
========================================================================
Received Import Request.
  Time since last request: 1.685201 seconds.
  path: Assets/PolygonOffice/Prefabs/Props/Desk Props/SM_Prop_Photo_05.prefab
  artifactKey: Guid(ec6aa834627ec9a4cad508a2ebf459b8) Importer(815301076,1909f56bfc062723c751e8b465ee728b)
Start importing Assets/PolygonOffice/Prefabs/Props/Desk Props/SM_Prop_Photo_05.prefab using Guid(ec6aa834627ec9a4cad508a2ebf459b8) Importer(815301076,1909f56bfc062723c751e8b465ee728b)  -> (artifact id: 'b2e67b1f7717631952b0b4a57fcfdac1') in 0.061068 seconds 
========================================================================
Received Import Request.
  Time since last request: 0.000282 seconds.
  path: Assets/PolygonOffice/Prefabs/Props/Desk Props/SM_Prop_Printer_3D_Toy_01.prefab
  artifactKey: Guid(9cdb114f4d98e5d43b07e1a5877f29d2) Importer(815301076,1909f56bfc062723c751e8b465ee728b)
Start importing Assets/PolygonOffice/Prefabs/Props/Desk Props/SM_Prop_Printer_3D_Toy_01.prefab using Guid(9cdb114f4d98e5d43b07e1a5877f29d2) Importer(815301076,1909f56bfc062723c751e8b465ee728b)  -> (artifact id: 'ac802a0f3082663c68d1ed096d27592b') in 0.066444 seconds 
========================================================================
Received Import Request.
  Time since last request: 0.000032 seconds.
  path: Assets/PolygonOffice/Prefabs/Props/Desk Props/SM_Prop_Projector_01_Angled.prefab
  artifactKey: Guid(acc5f957451bffe408c75cf394cc6ba2) Importer(815301076,1909f56bfc062723c751e8b465ee728b)
Start importing Assets/PolygonOffice/Prefabs/Props/Desk Props/SM_Prop_Projector_01_Angled.prefab using Guid(acc5f957451bffe408c75cf394cc6ba2) Importer(815301076,1909f56bfc062723c751e8b465ee728b)  -> (artifact id: '19137ecfdb9eb70b8658be9f4bf36c07') in 0.066250 seconds 
========================================================================
Received Import Request.
  Time since last request: 0.531052 seconds.
  path: Assets/PolygonOffice/Prefabs/Props/Desk Props/SM_Prop_SD_Card_01.prefab
  artifactKey: Guid(7be08b9c844845146a1f49c8b32219d5) Importer(815301076,1909f56bfc062723c751e8b465ee728b)
Start importing Assets/PolygonOffice/Prefabs/Props/Desk Props/SM_Prop_SD_Card_01.prefab using Guid(7be08b9c844845146a1f49c8b32219d5) Importer(815301076,1909f56bfc062723c751e8b465ee728b)  -> (artifact id: '58c2fa18015fcb798bd2e4a470c5ed5f') in 0.059994 seconds 
========================================================================
Received Import Request.
  Time since last request: 0.000093 seconds.
  path: Assets/PolygonOffice/Prefabs/Props/Desk Props/SM_Prop_Webcam_01.prefab
  artifactKey: Guid(59ae66f8bd8d7484a97c971c25c386ca) Importer(815301076,1909f56bfc062723c751e8b465ee728b)
Start importing Assets/PolygonOffice/Prefabs/Props/Desk Props/SM_Prop_Webcam_01.prefab using Guid(59ae66f8bd8d7484a97c971c25c386ca) Importer(815301076,1909f56bfc062723c751e8b465ee728b)  -> (artifact id: 'f55c8e35ada351da40aaebaa6ea02f3f') in 0.058573 seconds 
Editor requested this worker to shutdown with reason: Scaling down because of idle timeout
AssetImportWorker is now disconnected from the server
Process exiting
Exiting without the bug reporter. Application will terminate with return code 0