Using pre-set license
Built from '2021.3/staging' branch; Version is '2021.3.0f1 (6eacc8284459) revision 7253192'; Using compiler version '192829333'; Build Type 'Release'
OS: 'Windows 11  (10.0.22000) 64bit Core' Language: 'en' Physical Memory: 32682 MB
BatchMode: 1, IsHumanControllingUs: 0, StartBugReporterOnCrash: 0, Is64bit: 1, IsPro: 1

COMMAND LINE ARGUMENTS:
C:\Program Files\Unity\Hub\Editor\2021.3.0f1\Editor\Unity.exe
-adb2
-batchMode
-noUpm
-name
AssetImportWorker15
-projectPath
C:/Users/justi/OneDrive/Games/RageQuit/Office
-logFile
Logs/AssetImportWorker15.log
-srvPort
57341
Successfully changed project path to: C:/Users/justi/OneDrive/Games/RageQuit/Office
C:/Users/justi/OneDrive/Games/RageQuit/Office
[UnityMemory] Configuration Parameters - Can be set up in boot.config
    "memorysetup-bucket-allocator-granularity=16"
    "memorysetup-bucket-allocator-bucket-count=8"
    "memorysetup-bucket-allocator-block-size=33554432"
    "memorysetup-bucket-allocator-block-count=8"
    "memorysetup-main-allocator-block-size=16777216"
    "memorysetup-thread-allocator-block-size=16777216"
    "memorysetup-gfx-main-allocator-block-size=16777216"
    "memorysetup-gfx-thread-allocator-block-size=16777216"
    "memorysetup-cache-allocator-block-size=4194304"
    "memorysetup-typetree-allocator-block-size=2097152"
    "memorysetup-profiler-bucket-allocator-granularity=16"
    "memorysetup-profiler-bucket-allocator-bucket-count=8"
    "memorysetup-profiler-bucket-allocator-block-size=33554432"
    "memorysetup-profiler-bucket-allocator-block-count=8"
    "memorysetup-profiler-allocator-block-size=16777216"
    "memorysetup-profiler-editor-allocator-block-size=1048576"
    "memorysetup-temp-allocator-size-main=16777216"
    "memorysetup-job-temp-allocator-block-size=2097152"
    "memorysetup-job-temp-allocator-block-size-background=1048576"
    "memorysetup-job-temp-allocator-reduction-small-platforms=262144"
    "memorysetup-temp-allocator-size-background-worker=32768"
    "memorysetup-temp-allocator-size-job-worker=262144"
    "memorysetup-temp-allocator-size-preload-manager=33554432"
    "memorysetup-temp-allocator-size-nav-mesh-worker=65536"
    "memorysetup-temp-allocator-size-audio-worker=65536"
    "memorysetup-temp-allocator-size-cloud-worker=32768"
    "memorysetup-temp-allocator-size-gi-baking-worker=262144"
    "memorysetup-temp-allocator-size-gfx=262144"
Refreshing native plugins compatible for Editor in 117.21 ms, found 6 plugins.
Preloading 0 native plugins for Editor in 0.00 ms.
Initialize engine version: 2021.3.0f1 (6eacc8284459)
[Subsystems] Discovering subsystems at path C:/Program Files/Unity/Hub/Editor/2021.3.0f1/Editor/Data/Resources/UnitySubsystems
[Subsystems] Discovering subsystems at path C:/Users/justi/OneDrive/Games/RageQuit/Office/Assets
GfxDevice: creating device client; threaded=0; jobified=0
Direct3D:
    Version:  Direct3D 11.0 [level 11.1]
    Renderer: NVIDIA GeForce GTX 1080 Ti (ID=0x1b06)
    Vendor:   NVIDIA
    VRAM:     11128 MB
    Driver:   30.0.15.1215
Initialize mono
Mono path[0] = 'C:/Program Files/Unity/Hub/Editor/2021.3.0f1/Editor/Data/Managed'
Mono path[1] = 'C:/Program Files/Unity/Hub/Editor/2021.3.0f1/Editor/Data/MonoBleedingEdge/lib/mono/unityjit-win32'
Mono config path = 'C:/Program Files/Unity/Hub/Editor/2021.3.0f1/Editor/Data/MonoBleedingEdge/etc'
Using monoOptions --debugger-agent=transport=dt_socket,embedding=1,server=y,suspend=n,address=127.0.0.1:56240
Begin MonoManager ReloadAssembly
Registering precompiled unity dll's ...
Register platform support module: C:/Program Files/Unity/Hub/Editor/2021.3.0f1/Editor/Data/PlaybackEngines/WindowsStandaloneSupport/UnityEditor.WindowsStandalone.Extensions.dll
Registered in 0.005682 seconds.
Native extension for WindowsStandalone target not found
Refreshing native plugins compatible for Editor in 94.67 ms, found 6 plugins.
Preloading 0 native plugins for Editor in 0.00 ms.
Mono: successfully reloaded assembly
- Completed reload, in  0.584 seconds
Domain Reload Profiling:
	ReloadAssembly (584ms)
		BeginReloadAssembly (67ms)
			ExecutionOrderSort (0ms)
			DisableScriptedObjects (0ms)
			BackupInstance (0ms)
			ReleaseScriptingObjects (0ms)
			CreateAndSetChildDomain (1ms)
		EndReloadAssembly (414ms)
			LoadAssemblies (64ms)
			RebuildTransferFunctionScriptingTraits (0ms)
			SetupTypeCache (89ms)
			ReleaseScriptCaches (0ms)
			RebuildScriptCaches (23ms)
			SetupLoadedEditorAssemblies (257ms)
				LogAssemblyErrors (0ms)
				InitializePlatformSupportModulesInManaged (7ms)
				SetLoadedEditorAssemblies (0ms)
				RefreshPlugins (95ms)
				BeforeProcessingInitializeOnLoad (1ms)
				ProcessInitializeOnLoadAttributes (116ms)
				ProcessInitializeOnLoadMethodAttributes (38ms)
				AfterProcessingInitializeOnLoad (0ms)
				EditorAssembliesLoaded (0ms)
			ExecutionOrderSort2 (0ms)
			AwakeInstancesAfterBackupRestoration (0ms)
Platform modules already initialized, skipping
Registering precompiled user dll's ...
Registered in 0.005183 seconds.
Begin MonoManager ReloadAssembly
Symbol file LoadedFromMemory is not a mono symbol file
Native extension for WindowsStandalone target not found
Refreshing native plugins compatible for Editor in 89.41 ms, found 6 plugins.
Preloading 0 native plugins for Editor in 0.00 ms.
Mono: successfully reloaded assembly
- Completed reload, in  1.331 seconds
Domain Reload Profiling:
	ReloadAssembly (1332ms)
		BeginReloadAssembly (103ms)
			ExecutionOrderSort (0ms)
			DisableScriptedObjects (5ms)
			BackupInstance (0ms)
			ReleaseScriptingObjects (0ms)
			CreateAndSetChildDomain (20ms)
		EndReloadAssembly (1124ms)
			LoadAssemblies (95ms)
			RebuildTransferFunctionScriptingTraits (0ms)
			SetupTypeCache (197ms)
			ReleaseScriptCaches (1ms)
			RebuildScriptCaches (50ms)
			SetupLoadedEditorAssemblies (748ms)
				LogAssemblyErrors (0ms)
				InitializePlatformSupportModulesInManaged (3ms)
				SetLoadedEditorAssemblies (0ms)
				RefreshPlugins (89ms)
				BeforeProcessingInitializeOnLoad (81ms)
				ProcessInitializeOnLoadAttributes (504ms)
				ProcessInitializeOnLoadMethodAttributes (63ms)
				AfterProcessingInitializeOnLoad (7ms)
				EditorAssembliesLoaded (0ms)
			ExecutionOrderSort2 (0ms)
			AwakeInstancesAfterBackupRestoration (5ms)
Platform modules already initialized, skipping
========================================================================
Worker process is ready to serve import requests
Launched and connected shader compiler UnityShaderCompiler.exe after 0.06 seconds
Refreshing native plugins compatible for Editor in 1.63 ms, found 6 plugins.
Preloading 0 native plugins for Editor in 0.00 ms.
Unloading 4202 Unused Serialized files (Serialized files now loaded: 0)
Unloading 142 unused Assets / (0.7 MB). Loaded Objects now: 4637.
Memory consumption went from 201.0 MB to 200.3 MB.
Total: 4.754200 ms (FindLiveObjects: 0.492500 ms CreateObjectMapping: 0.101900 ms MarkObjects: 3.584800 ms  DeleteObjects: 0.573500 ms)

AssetImportParameters requested are different than current active one (requested -> active):
  custom:video-decoder-ogg-theora: a1e56fd34408186e4bbccfd4996cb3dc -> 
  custom:container-muxer-webm: aa71ff27fc2769a1b78a27578f13a17b -> 
  custom:container-demuxer-webm: 4f35f7cbe854078d1ac9338744f61a02 -> 
  custom:video-encoder-webm-vp8: eb34c28f22e8b96e1ab97ce403110664 -> 
  custom:audio-encoder-webm-vorbis: bf7c407c2cedff20999df2af8eb42d56 -> 
  custom:framework-win-MediaFoundation: 216162199b28c13a410421893ffa2e32 -> 
  custom:container-demuxer-ogg: 62fdf1f143b41e24485cea50d1cbac27 -> 
  custom:video-decoder-webm-vp8: 9c59270c3fd7afecdb556c50c9e8de78 -> 
  custom:audio-decoder-ogg-vorbis: bf7c407c2cedff20999df2af8eb42d56 -> 
========================================================================
Received Import Request.
  Time since last request: 6368.247905 seconds.
  path: Assets/PolygonCity/Prefabs/Environments/SM_Env_WaterEdge_Straight_02.prefab
  artifactKey: Guid(005add2e805dff846a22a816bce2f715) Importer(815301076,1909f56bfc062723c751e8b465ee728b)
Start importing Assets/PolygonCity/Prefabs/Environments/SM_Env_WaterEdge_Straight_02.prefab using Guid(005add2e805dff846a22a816bce2f715) Importer(815301076,1909f56bfc062723c751e8b465ee728b)  -> (artifact id: '97e22a8c0614a54acad6f22c81f9f442') in 0.232001 seconds 
========================================================================
Received Import Request.
  Time since last request: 28.066346 seconds.
  path: Assets/PolygonCity/Models/FixedScaleCharacters
  artifactKey: Guid(575948b58fc863d4a9f5218f06c81fe0) Importer(815301076,1909f56bfc062723c751e8b465ee728b)
Start importing Assets/PolygonCity/Models/FixedScaleCharacters using Guid(575948b58fc863d4a9f5218f06c81fe0) Importer(815301076,1909f56bfc062723c751e8b465ee728b)  -> (artifact id: 'f8f210e7d59d90f326acfc910fb8ff31') in 0.006274 seconds 
========================================================================
Received Import Request.
  Time since last request: 0.051410 seconds.
  path: Assets/PolygonCity/Models/FixedScaleCharacters/Characters.fbx
  artifactKey: Guid(91028badc63f59f43a9c5bda64fbd608) Importer(815301076,1909f56bfc062723c751e8b465ee728b)
Start importing Assets/PolygonCity/Models/FixedScaleCharacters/Characters.fbx using Guid(91028badc63f59f43a9c5bda64fbd608) Importer(815301076,1909f56bfc062723c751e8b465ee728b)  -> (artifact id: '82bed153588540f3bbcd2ad6ff61cc2e') in 0.119610 seconds 
========================================================================
Received Import Request.
  Time since last request: 3.090687 seconds.
  path: Assets/PolygonCity/Models/Collisions/SM_Bld_Apartment_01_Convex 1.asset
  artifactKey: Guid(a7ce9dce58f7e114dbb88084da71c75c) Importer(815301076,1909f56bfc062723c751e8b465ee728b)
Start importing Assets/PolygonCity/Models/Collisions/SM_Bld_Apartment_01_Convex 1.asset using Guid(a7ce9dce58f7e114dbb88084da71c75c) Importer(815301076,1909f56bfc062723c751e8b465ee728b)  -> (artifact id: '6b424ee0b48891fd039fcde43f4658dd') in 0.015590 seconds 
========================================================================
Received Import Request.
  Time since last request: 0.000030 seconds.
  path: Assets/PolygonCity/Models/Collisions/SM_Bld_Apartment_Stack_01_Convex 1.asset
  artifactKey: Guid(786104971c0b24244bd4083b3272a39f) Importer(815301076,1909f56bfc062723c751e8b465ee728b)
Start importing Assets/PolygonCity/Models/Collisions/SM_Bld_Apartment_Stack_01_Convex 1.asset using Guid(786104971c0b24244bd4083b3272a39f) Importer(815301076,1909f56bfc062723c751e8b465ee728b)  -> (artifact id: 'b34911cc8b33f68b7a9f5f85044f9f73') in 0.011259 seconds 
========================================================================
Received Import Request.
  Time since last request: 0.000032 seconds.
  path: Assets/PolygonCity/Models/Collisions/SM_Bld_Apartment_Corner_01_Convex.asset
  artifactKey: Guid(065b4896ee7d7864381bc89f1209266f) Importer(815301076,1909f56bfc062723c751e8b465ee728b)
Start importing Assets/PolygonCity/Models/Collisions/SM_Bld_Apartment_Corner_01_Convex.asset using Guid(065b4896ee7d7864381bc89f1209266f) Importer(815301076,1909f56bfc062723c751e8b465ee728b)  -> (artifact id: 'ac23455ca0874845ff9503b9a018086a') in 0.023352 seconds 
========================================================================
Received Import Request.
  Time since last request: 0.000029 seconds.
  path: Assets/PolygonCity/Models/Collisions/SM_Bld_Apartment_03_Convex.asset
  artifactKey: Guid(21e6fd17ab4805b4eb62a5c6bf486a4d) Importer(815301076,1909f56bfc062723c751e8b465ee728b)
Start importing Assets/PolygonCity/Models/Collisions/SM_Bld_Apartment_03_Convex.asset using Guid(21e6fd17ab4805b4eb62a5c6bf486a4d) Importer(815301076,1909f56bfc062723c751e8b465ee728b)  -> (artifact id: '66312d99b17af40b9511e2c8449b8441') in 0.014606 seconds 
========================================================================
Received Import Request.
  Time since last request: 0.000041 seconds.
  path: Assets/PolygonCity/Models/Collisions/SM_Bld_CityHall_01_Convex 2.asset
  artifactKey: Guid(5c7b4279da146b94480095e09eb08388) Importer(815301076,1909f56bfc062723c751e8b465ee728b)
Start importing Assets/PolygonCity/Models/Collisions/SM_Bld_CityHall_01_Convex 2.asset using Guid(5c7b4279da146b94480095e09eb08388) Importer(815301076,1909f56bfc062723c751e8b465ee728b)  -> (artifact id: '806a74e3aa792e1e0a347852c3e6496f') in 0.034241 seconds 
========================================================================
Received Import Request.
  Time since last request: 0.000046 seconds.
  path: Assets/PolygonCity/Models/Collisions/SM_Bld_Apartment_Corner_01_Convex 1.asset
  artifactKey: Guid(3ae13dbba9d922745a0c303c1287bb1a) Importer(815301076,1909f56bfc062723c751e8b465ee728b)
Start importing Assets/PolygonCity/Models/Collisions/SM_Bld_Apartment_Corner_01_Convex 1.asset using Guid(3ae13dbba9d922745a0c303c1287bb1a) Importer(815301076,1909f56bfc062723c751e8b465ee728b)  -> (artifact id: '64faf012eadddc60931fbc4281d2a96a') in 0.014447 seconds 
========================================================================
Received Import Request.
  Time since last request: 0.000068 seconds.
  path: Assets/PolygonCity/Models/Collisions/SM_Bld_Apartment_Corner_03_Convex.asset
  artifactKey: Guid(4f6c9ce1e076190499f521847c9b45a7) Importer(815301076,1909f56bfc062723c751e8b465ee728b)
Start importing Assets/PolygonCity/Models/Collisions/SM_Bld_Apartment_Corner_03_Convex.asset using Guid(4f6c9ce1e076190499f521847c9b45a7) Importer(815301076,1909f56bfc062723c751e8b465ee728b)  -> (artifact id: 'e43140f405a3c2e167e581246b136e00') in 0.015828 seconds 
========================================================================
Received Import Request.
  Time since last request: 0.000049 seconds.
  path: Assets/PolygonCity/Models/Collisions/SM_Bld_Apartment_Stairs_Planter_02_Convex.asset
  artifactKey: Guid(667de0366e8a88d489c264c50a36f4f0) Importer(815301076,1909f56bfc062723c751e8b465ee728b)
Start importing Assets/PolygonCity/Models/Collisions/SM_Bld_Apartment_Stairs_Planter_02_Convex.asset using Guid(667de0366e8a88d489c264c50a36f4f0) Importer(815301076,1909f56bfc062723c751e8b465ee728b)  -> (artifact id: '1faa5b8999ed8a04fae12753803a6123') in 0.015318 seconds 
========================================================================
Received Import Request.
  Time since last request: 0.000055 seconds.
  path: Assets/PolygonCity/Models/Collisions/SM_Bld_CityHall_01_Convex 1.asset
  artifactKey: Guid(788557da192a11247b2cb48934915b38) Importer(815301076,1909f56bfc062723c751e8b465ee728b)
Start importing Assets/PolygonCity/Models/Collisions/SM_Bld_CityHall_01_Convex 1.asset using Guid(788557da192a11247b2cb48934915b38) Importer(815301076,1909f56bfc062723c751e8b465ee728b)  -> (artifact id: 'd1747424cc30c11788cbd06b4eef0fb6') in 0.027126 seconds 
========================================================================
Received Import Request.
  Time since last request: 0.000043 seconds.
  path: Assets/PolygonCity/Models/Collisions/SM_Bld_Apartment_Stack_03_Convex.asset
  artifactKey: Guid(b450973a3d32841448862b43e9ea12d4) Importer(815301076,1909f56bfc062723c751e8b465ee728b)
Start importing Assets/PolygonCity/Models/Collisions/SM_Bld_Apartment_Stack_03_Convex.asset using Guid(b450973a3d32841448862b43e9ea12d4) Importer(815301076,1909f56bfc062723c751e8b465ee728b)  -> (artifact id: 'd583ae2daadbbbdd301bb8d9d1f1a211') in 0.017740 seconds 
========================================================================
Received Import Request.
  Time since last request: 0.000039 seconds.
  path: Assets/PolygonCity/Models/Collisions/SM_Bld_Apartment_Stairs_01_Convex 2.asset
  artifactKey: Guid(195ab0e43d8bd584788792f4f12a0565) Importer(815301076,1909f56bfc062723c751e8b465ee728b)
Start importing Assets/PolygonCity/Models/Collisions/SM_Bld_Apartment_Stairs_01_Convex 2.asset using Guid(195ab0e43d8bd584788792f4f12a0565) Importer(815301076,1909f56bfc062723c751e8b465ee728b)  -> (artifact id: 'ecc19a059a408fd670c63de4a9ae030b') in 0.048779 seconds 
========================================================================
Received Import Request.
  Time since last request: 0.000028 seconds.
  path: Assets/PolygonCity/Models/Collisions/SM_Bld_CityHall_01_Convex.asset
  artifactKey: Guid(dc8ee35e87e0dca429cbd6091eb3f431) Importer(815301076,1909f56bfc062723c751e8b465ee728b)
Start importing Assets/PolygonCity/Models/Collisions/SM_Bld_CityHall_01_Convex.asset using Guid(dc8ee35e87e0dca429cbd6091eb3f431) Importer(815301076,1909f56bfc062723c751e8b465ee728b)  -> (artifact id: 'a5c5926e4f7aa82c4d7db45550344a07') in 0.014926 seconds 
========================================================================
Received Import Request.
  Time since last request: 0.000054 seconds.
  path: Assets/PolygonCity/Models/Collisions/SM_Bld_Apartment_Stairs_Planter_01_Convex.asset
  artifactKey: Guid(0e25186a70c2b414f9eb3d6d4e01b138) Importer(815301076,1909f56bfc062723c751e8b465ee728b)
Start importing Assets/PolygonCity/Models/Collisions/SM_Bld_Apartment_Stairs_Planter_01_Convex.asset using Guid(0e25186a70c2b414f9eb3d6d4e01b138) Importer(815301076,1909f56bfc062723c751e8b465ee728b)  -> (artifact id: '3bddee15628f716f13a6c6126a590919') in 0.016257 seconds 
========================================================================
Received Import Request.
  Time since last request: 5.600793 seconds.
  path: Assets/PolygonCity/Materials/FX_Materials
  artifactKey: Guid(81ae19457293e6a4bb6f6fe69c206355) Importer(815301076,1909f56bfc062723c751e8b465ee728b)
Start importing Assets/PolygonCity/Materials/FX_Materials using Guid(81ae19457293e6a4bb6f6fe69c206355) Importer(815301076,1909f56bfc062723c751e8b465ee728b)  -> (artifact id: '7fffbc078b574decaec1719f9d75e8ee') in 0.015552 seconds 
========================================================================
Received Import Request.
  Time since last request: 8.700401 seconds.
  path: Assets/PolygonCity/Models/Collisions/SM_Bld_Cover_02_Convex.asset
  artifactKey: Guid(6ab1c0a5f9f530d42a8b1a6339e5ba0b) Importer(815301076,1909f56bfc062723c751e8b465ee728b)
Start importing Assets/PolygonCity/Models/Collisions/SM_Bld_Cover_02_Convex.asset using Guid(6ab1c0a5f9f530d42a8b1a6339e5ba0b) Importer(815301076,1909f56bfc062723c751e8b465ee728b)  -> (artifact id: 'aa765321acac8de94a3688e5a598edc6') in 0.014737 seconds 
========================================================================
Received Import Request.
  Time since last request: 0.000048 seconds.
  path: Assets/PolygonCity/Models/Collisions/SM_Bld_OfficeOctagon_Floor_01_Convex 1.asset
  artifactKey: Guid(baa74088bfa5d2546b378e39070d2b95) Importer(815301076,1909f56bfc062723c751e8b465ee728b)
Start importing Assets/PolygonCity/Models/Collisions/SM_Bld_OfficeOctagon_Floor_01_Convex 1.asset using Guid(baa74088bfa5d2546b378e39070d2b95) Importer(815301076,1909f56bfc062723c751e8b465ee728b)  -> (artifact id: 'a863037c0a217b2a64d27ce4355626af') in 0.017506 seconds 
========================================================================
Received Import Request.
  Time since last request: 0.000036 seconds.
  path: Assets/PolygonCity/Models/Collisions/SM_Bld_OfficeOctagon_Floor_01_Convex.asset
  artifactKey: Guid(e0e9938ed6ad5db45916879aa3fe1b37) Importer(815301076,1909f56bfc062723c751e8b465ee728b)
Start importing Assets/PolygonCity/Models/Collisions/SM_Bld_OfficeOctagon_Floor_01_Convex.asset using Guid(e0e9938ed6ad5db45916879aa3fe1b37) Importer(815301076,1909f56bfc062723c751e8b465ee728b)  -> (artifact id: '0fb9c24e93af2bc8300331e582b4c6cf') in 0.015631 seconds 
========================================================================
Received Import Request.
  Time since last request: 0.048257 seconds.
  path: Assets/PolygonCity/Models/Collisions/SM_Bld_OfficeOld_Large_01_Convex.asset
  artifactKey: Guid(b27a9f93ef2f626439a12e554760ae39) Importer(815301076,1909f56bfc062723c751e8b465ee728b)
Start importing Assets/PolygonCity/Models/Collisions/SM_Bld_OfficeOld_Large_01_Convex.asset using Guid(b27a9f93ef2f626439a12e554760ae39) Importer(815301076,1909f56bfc062723c751e8b465ee728b)  -> (artifact id: '111338ea305b770fa0f170a17105c891') in 0.016520 seconds 
========================================================================
Received Import Request.
  Time since last request: 0.000028 seconds.
  path: Assets/PolygonCity/Models/Collisions/SM_Bld_OfficeOld_Large_Roof_01_Convex 1.asset
  artifactKey: Guid(c9031c5312642a249b43cd7a0160f338) Importer(815301076,1909f56bfc062723c751e8b465ee728b)
Start importing Assets/PolygonCity/Models/Collisions/SM_Bld_OfficeOld_Large_Roof_01_Convex 1.asset using Guid(c9031c5312642a249b43cd7a0160f338) Importer(815301076,1909f56bfc062723c751e8b465ee728b)  -> (artifact id: 'eccb08606d421625ddbf967f91677690') in 0.023303 seconds 
========================================================================
Received Import Request.
  Time since last request: 0.000041 seconds.
  path: Assets/PolygonCity/Models/Collisions/SM_Bld_OfficeOld_Small_01_Convex 2.asset
  artifactKey: Guid(2f31aa05d9b3ffd4ea3979ce9c79bd10) Importer(815301076,1909f56bfc062723c751e8b465ee728b)
Start importing Assets/PolygonCity/Models/Collisions/SM_Bld_OfficeOld_Small_01_Convex 2.asset using Guid(2f31aa05d9b3ffd4ea3979ce9c79bd10) Importer(815301076,1909f56bfc062723c751e8b465ee728b)  -> (artifact id: 'ac1e4fffeb8b8a2debc803262d94a66e') in 0.043912 seconds 
========================================================================
Received Import Request.
  Time since last request: 0.000053 seconds.
  path: Assets/PolygonCity/Models/Collisions/SM_Bld_OfficeOld_Small_02_Convex.asset
  artifactKey: Guid(9baaaf6925e29e94d8776ca2b97fb605) Importer(815301076,1909f56bfc062723c751e8b465ee728b)
Start importing Assets/PolygonCity/Models/Collisions/SM_Bld_OfficeOld_Small_02_Convex.asset using Guid(9baaaf6925e29e94d8776ca2b97fb605) Importer(815301076,1909f56bfc062723c751e8b465ee728b)  -> (artifact id: 'fec42e4d6f0825b00340732930150848') in 0.015362 seconds 
========================================================================
Received Import Request.
  Time since last request: 0.000024 seconds.
  path: Assets/PolygonCity/Models/Collisions/SM_Bld_OfficeOld_Small_Roof_01_Convex.asset
  artifactKey: Guid(cfe99355a18d6cf4097cd1c7249a50a6) Importer(815301076,1909f56bfc062723c751e8b465ee728b)
Start importing Assets/PolygonCity/Models/Collisions/SM_Bld_OfficeOld_Small_Roof_01_Convex.asset using Guid(cfe99355a18d6cf4097cd1c7249a50a6) Importer(815301076,1909f56bfc062723c751e8b465ee728b)  -> (artifact id: '3b4f1cd59187d1b05e64dddf47c3f4ac') in 0.013794 seconds 
========================================================================
Received Import Request.
  Time since last request: 1.833671 seconds.
  path: Assets/PolygonCity/Models/Collisions/Materials
  artifactKey: Guid(4399ed8aad94f1b41909f0d3f9cd7c5c) Importer(815301076,1909f56bfc062723c751e8b465ee728b)
Start importing Assets/PolygonCity/Models/Collisions/Materials using Guid(4399ed8aad94f1b41909f0d3f9cd7c5c) Importer(815301076,1909f56bfc062723c751e8b465ee728b)  -> (artifact id: 'be0b2a6cd6f723641d7c238bf986d674') in 0.014996 seconds 
========================================================================
Received Import Request.
  Time since last request: 0.081916 seconds.
  path: Assets/PolygonCity/Models/Collisions/Materials/lambert1.mat
  artifactKey: Guid(70268ac3fadbdf84fb973b0a7268dbd7) Importer(815301076,1909f56bfc062723c751e8b465ee728b)
Start importing Assets/PolygonCity/Models/Collisions/Materials/lambert1.mat using Guid(70268ac3fadbdf84fb973b0a7268dbd7) Importer(815301076,1909f56bfc062723c751e8b465ee728b)  -> (artifact id: 'adab6273b38756d1e105ac374dfd55de') in 0.024336 seconds 
========================================================================
Received Import Request.
  Time since last request: 15.870934 seconds.
  path: Assets/PolygonCity/Models/Materials/PolygonCity_Texture_01_C.mat
  artifactKey: Guid(797f5107fc49286439aa5228fec3b164) Importer(815301076,1909f56bfc062723c751e8b465ee728b)
Start importing Assets/PolygonCity/Models/Materials/PolygonCity_Texture_01_C.mat using Guid(797f5107fc49286439aa5228fec3b164) Importer(815301076,1909f56bfc062723c751e8b465ee728b)  -> (artifact id: '5f08878810fbe2615995056380148c33') in 0.013313 seconds 
========================================================================
Received Import Request.
  Time since last request: 20.613592 seconds.
  path: Assets/PolygonCity/Models/SM_Bld_CityHall_01.fbx
  artifactKey: Guid(656a25f9dbad3b748ae83a38e9faafff) Importer(815301076,1909f56bfc062723c751e8b465ee728b)
Start importing Assets/PolygonCity/Models/SM_Bld_CityHall_01.fbx using Guid(656a25f9dbad3b748ae83a38e9faafff) Importer(815301076,1909f56bfc062723c751e8b465ee728b)  -> (artifact id: 'fec681af18beba643f1b6b99bcb8bdc3') in 0.026364 seconds 
========================================================================
Received Import Request.
  Time since last request: 5.212159 seconds.
  path: Assets/PolygonCity/Models/Collisions/SM_Bld_Apartment_Stairs_01_Collision.fbx
  artifactKey: Guid(27d2d47fe6c269243a9fa526d47ec957) Importer(815301076,1909f56bfc062723c751e8b465ee728b)
Start importing Assets/PolygonCity/Models/Collisions/SM_Bld_Apartment_Stairs_01_Collision.fbx using Guid(27d2d47fe6c269243a9fa526d47ec957) Importer(815301076,1909f56bfc062723c751e8b465ee728b)  -> (artifact id: '94d3d384a2ab26cec98f0487c841cc5f') in 0.022355 seconds 
========================================================================
Received Import Request.
  Time since last request: 6.410539 seconds.
  path: Assets/PolygonCity/Models/Collisions/SM_Bld_OfficeRound_02_Convex 1.asset
  artifactKey: Guid(0cf3d4ef72f76ef418e0b36fe06b1265) Importer(815301076,1909f56bfc062723c751e8b465ee728b)
Start importing Assets/PolygonCity/Models/Collisions/SM_Bld_OfficeRound_02_Convex 1.asset using Guid(0cf3d4ef72f76ef418e0b36fe06b1265) Importer(815301076,1909f56bfc062723c751e8b465ee728b)  -> (artifact id: '666b72d16063077ef76554927e34e534') in 0.015852 seconds 
========================================================================
Received Import Request.
  Time since last request: 0.000025 seconds.
  path: Assets/PolygonCity/Models/Collisions/SM_Bld_OfficeRound_Roof_01_Convex 1.asset
  artifactKey: Guid(6f2086f3336bccd4eb86cd3abc8bf2f6) Importer(815301076,1909f56bfc062723c751e8b465ee728b)
Start importing Assets/PolygonCity/Models/Collisions/SM_Bld_OfficeRound_Roof_01_Convex 1.asset using Guid(6f2086f3336bccd4eb86cd3abc8bf2f6) Importer(815301076,1909f56bfc062723c751e8b465ee728b)  -> (artifact id: '7122d0a93b4b0992f35582b6394debcf') in 0.023411 seconds 
========================================================================
Received Import Request.
  Time since last request: 0.065989 seconds.
  path: Assets/PolygonCity/Models/Collisions/SM_Bld_OfficeSquare_02_Convex.asset
  artifactKey: Guid(8ebc5710025da7b4683d76258ca27f54) Importer(815301076,1909f56bfc062723c751e8b465ee728b)
Start importing Assets/PolygonCity/Models/Collisions/SM_Bld_OfficeSquare_02_Convex.asset using Guid(8ebc5710025da7b4683d76258ca27f54) Importer(815301076,1909f56bfc062723c751e8b465ee728b)  -> (artifact id: '8415d5bf2ffaa667ed0aca5e029c5ee7') in 0.042798 seconds 
========================================================================
Received Import Request.
  Time since last request: 0.000025 seconds.
  path: Assets/PolygonCity/Models/Collisions/SM_Bld_Shop_02_Convex 1.asset
  artifactKey: Guid(b3759506bc185b448b800db23e6c4e5a) Importer(815301076,1909f56bfc062723c751e8b465ee728b)
Start importing Assets/PolygonCity/Models/Collisions/SM_Bld_Shop_02_Convex 1.asset using Guid(b3759506bc185b448b800db23e6c4e5a) Importer(815301076,1909f56bfc062723c751e8b465ee728b)  -> (artifact id: '187c49e4328d214a705e75ef1178063a') in 0.025246 seconds 
========================================================================
Received Import Request.
  Time since last request: 0.000031 seconds.
  path: Assets/PolygonCity/Models/Collisions/SM_Bld_Shop_02_Convex.asset
  artifactKey: Guid(3edf568210c5c534ea31ec98ce09bbe3) Importer(815301076,1909f56bfc062723c751e8b465ee728b)
Start importing Assets/PolygonCity/Models/Collisions/SM_Bld_Shop_02_Convex.asset using Guid(3edf568210c5c534ea31ec98ce09bbe3) Importer(815301076,1909f56bfc062723c751e8b465ee728b)  -> (artifact id: '226cc0da8cca644d8692700fb9e6b85c') in 0.012236 seconds 
========================================================================
Received Import Request.
  Time since last request: 0.041056 seconds.
  path: Assets/PolygonCity/Models/Collisions/SM_Bld_Shop_05_Convex.asset
  artifactKey: Guid(eab7505a191934f4e8589249255f6aa2) Importer(815301076,1909f56bfc062723c751e8b465ee728b)
Start importing Assets/PolygonCity/Models/Collisions/SM_Bld_Shop_05_Convex.asset using Guid(eab7505a191934f4e8589249255f6aa2) Importer(815301076,1909f56bfc062723c751e8b465ee728b)  -> (artifact id: 'a96508b3fd9de65128bf7d52492f17a1') in 0.015634 seconds 
========================================================================
Received Import Request.
  Time since last request: 0.000025 seconds.
  path: Assets/PolygonCity/Models/Collisions/SM_Bld_Shop_Cover_04_Convex.asset
  artifactKey: Guid(be59ab7001373074180bc5f33c876fa7) Importer(815301076,1909f56bfc062723c751e8b465ee728b)
Start importing Assets/PolygonCity/Models/Collisions/SM_Bld_Shop_Cover_04_Convex.asset using Guid(be59ab7001373074180bc5f33c876fa7) Importer(815301076,1909f56bfc062723c751e8b465ee728b)  -> (artifact id: 'fdcd04617c666bfc2cf029eb45468259') in 0.013808 seconds 
========================================================================
Received Import Request.
  Time since last request: 0.000035 seconds.
  path: Assets/PolygonCity/Models/Collisions/SM_Bld_Shop_Cover_03_Convex 1.asset
  artifactKey: Guid(c4de190e538d1cd4fb60cca7b06c4453) Importer(815301076,1909f56bfc062723c751e8b465ee728b)
Start importing Assets/PolygonCity/Models/Collisions/SM_Bld_Shop_Cover_03_Convex 1.asset using Guid(c4de190e538d1cd4fb60cca7b06c4453) Importer(815301076,1909f56bfc062723c751e8b465ee728b)  -> (artifact id: '70231bfba57af783d44c121317ffca75') in 0.017020 seconds 
========================================================================
Received Import Request.
  Time since last request: 0.047910 seconds.
  path: Assets/PolygonCity/Models/Collisions/SM_Bld_Shop_Cover_05_Convex.asset
  artifactKey: Guid(7a0b232c70b5dfe419afa0fbc2416eed) Importer(815301076,1909f56bfc062723c751e8b465ee728b)
Start importing Assets/PolygonCity/Models/Collisions/SM_Bld_Shop_Cover_05_Convex.asset using Guid(7a0b232c70b5dfe419afa0fbc2416eed) Importer(815301076,1909f56bfc062723c751e8b465ee728b)  -> (artifact id: '86c5c656834de7bff93da93739858583') in 0.017549 seconds 
========================================================================
Received Import Request.
  Time since last request: 0.000027 seconds.
  path: Assets/PolygonCity/Models/Collisions/SM_Bld_Station_03_Convex.asset
  artifactKey: Guid(10bfc13f63c80ed4f9aeec376d997c57) Importer(815301076,1909f56bfc062723c751e8b465ee728b)
Start importing Assets/PolygonCity/Models/Collisions/SM_Bld_Station_03_Convex.asset using Guid(10bfc13f63c80ed4f9aeec376d997c57) Importer(815301076,1909f56bfc062723c751e8b465ee728b)  -> (artifact id: '4159c613872f7f9df4eb8d49ea670f23') in 0.016357 seconds 
========================================================================
Received Import Request.
  Time since last request: 0.000043 seconds.
  path: Assets/PolygonCity/Models/Collisions/SM_Bld_Station_02_Convex 1.asset
  artifactKey: Guid(88b17350c6a4a6a4b8f3c1ac17eb608a) Importer(815301076,1909f56bfc062723c751e8b465ee728b)
Start importing Assets/PolygonCity/Models/Collisions/SM_Bld_Station_02_Convex 1.asset using Guid(88b17350c6a4a6a4b8f3c1ac17eb608a) Importer(815301076,1909f56bfc062723c751e8b465ee728b)  -> (artifact id: 'fdc1d7d6202c48335b81d301eb2d92ee') in 0.028542 seconds 
========================================================================
Received Import Request.
  Time since last request: 0.184214 seconds.
  path: Assets/PolygonCity/Models/Collisions/SM_Env_Cloud_01_Convex.asset
  artifactKey: Guid(4f9b715e7f4b29e418a3a5f46957c3b4) Importer(815301076,1909f56bfc062723c751e8b465ee728b)
Start importing Assets/PolygonCity/Models/Collisions/SM_Env_Cloud_01_Convex.asset using Guid(4f9b715e7f4b29e418a3a5f46957c3b4) Importer(815301076,1909f56bfc062723c751e8b465ee728b)  -> (artifact id: 'eafc56b680d6952b5bc9498601826c34') in 0.015239 seconds 
========================================================================
Received Import Request.
  Time since last request: 0.000027 seconds.
  path: Assets/PolygonCity/Models/Collisions/SM_Env_Grass_01_Convex.asset
  artifactKey: Guid(b6400108a3859f540bd9e3f2e33d42c9) Importer(815301076,1909f56bfc062723c751e8b465ee728b)
Start importing Assets/PolygonCity/Models/Collisions/SM_Env_Grass_01_Convex.asset using Guid(b6400108a3859f540bd9e3f2e33d42c9) Importer(815301076,1909f56bfc062723c751e8b465ee728b)  -> (artifact id: '1c6603c95cc255354afa9607fca7f02b') in 0.014999 seconds 
========================================================================
Received Import Request.
  Time since last request: 0.000051 seconds.
  path: Assets/PolygonCity/Models/Collisions/SM_Env_Flower_01_Convex 1.asset
  artifactKey: Guid(f5c3119ef69085946835cdbdbdee9811) Importer(815301076,1909f56bfc062723c751e8b465ee728b)
Start importing Assets/PolygonCity/Models/Collisions/SM_Env_Flower_01_Convex 1.asset using Guid(f5c3119ef69085946835cdbdbdee9811) Importer(815301076,1909f56bfc062723c751e8b465ee728b)  -> (artifact id: '5091426c1b4bff2ec854017df6c6d198') in 0.027792 seconds 
========================================================================
Received Import Request.
  Time since last request: 0.000021 seconds.
  path: Assets/PolygonCity/Models/Collisions/SM_Env_Road_Crossing_01_Convex.asset
  artifactKey: Guid(2c858a1bf61222d4c8dd396cba9445f7) Importer(815301076,1909f56bfc062723c751e8b465ee728b)
Start importing Assets/PolygonCity/Models/Collisions/SM_Env_Road_Crossing_01_Convex.asset using Guid(2c858a1bf61222d4c8dd396cba9445f7) Importer(815301076,1909f56bfc062723c751e8b465ee728b)  -> (artifact id: '765c9f382d732d060727ea2b8af21918') in 0.014450 seconds 
========================================================================
Received Import Request.
  Time since last request: 0.000039 seconds.
  path: Assets/PolygonCity/Models/Collisions/SM_Env_Sidewalk_Corner_02_Convex 1.asset
  artifactKey: Guid(f94f29d9d76b76e458477f0d92dfaca8) Importer(815301076,1909f56bfc062723c751e8b465ee728b)
Start importing Assets/PolygonCity/Models/Collisions/SM_Env_Sidewalk_Corner_02_Convex 1.asset using Guid(f94f29d9d76b76e458477f0d92dfaca8) Importer(815301076,1909f56bfc062723c751e8b465ee728b)  -> (artifact id: '507a04c785ad66b4aae2822e50f12bfe') in 0.037094 seconds 
========================================================================
Received Import Request.
  Time since last request: 0.000034 seconds.
  path: Assets/PolygonCity/Models/Collisions/SM_Env_Road_Median_02_Convex.asset
  artifactKey: Guid(c1229252484a82049bd2a6b977226828) Importer(815301076,1909f56bfc062723c751e8b465ee728b)
Start importing Assets/PolygonCity/Models/Collisions/SM_Env_Road_Median_02_Convex.asset using Guid(c1229252484a82049bd2a6b977226828) Importer(815301076,1909f56bfc062723c751e8b465ee728b)  -> (artifact id: 'afa0714ab60813ceb75ab0cc1d9d9223') in 0.013085 seconds 
========================================================================
Received Import Request.
  Time since last request: 0.000026 seconds.
  path: Assets/PolygonCity/Models/Collisions/SM_Env_SubwayEntrance_02_Convex 6.asset
  artifactKey: Guid(4b403aa9f04dd7e449c1a9137d8fa467) Importer(815301076,1909f56bfc062723c751e8b465ee728b)
Start importing Assets/PolygonCity/Models/Collisions/SM_Env_SubwayEntrance_02_Convex 6.asset using Guid(4b403aa9f04dd7e449c1a9137d8fa467) Importer(815301076,1909f56bfc062723c751e8b465ee728b)  -> (artifact id: 'bbbadcf02b962466251d172942c7ad97') in 0.056425 seconds 
========================================================================
Received Import Request.
  Time since last request: 0.000030 seconds.
  path: Assets/PolygonCity/Models/Collisions/SM_Env_WaterEdge_Straight_01_Convex.asset
  artifactKey: Guid(4c8e325a51c54fa4eb86a4eed36c02b1) Importer(815301076,1909f56bfc062723c751e8b465ee728b)
Start importing Assets/PolygonCity/Models/Collisions/SM_Env_WaterEdge_Straight_01_Convex.asset using Guid(4c8e325a51c54fa4eb86a4eed36c02b1) Importer(815301076,1909f56bfc062723c751e8b465ee728b)  -> (artifact id: '788fa8220a89064325d69a19ec8b87a5') in 0.012549 seconds 
========================================================================
Received Import Request.
  Time since last request: 0.000031 seconds.
  path: Assets/PolygonCity/Models/Collisions/SM_Prop_Billboard_Roof_01_Convex.asset
  artifactKey: Guid(ec63cbafcdc212643abb2224df3edbf5) Importer(815301076,1909f56bfc062723c751e8b465ee728b)
Start importing Assets/PolygonCity/Models/Collisions/SM_Prop_Billboard_Roof_01_Convex.asset using Guid(ec63cbafcdc212643abb2224df3edbf5) Importer(815301076,1909f56bfc062723c751e8b465ee728b)  -> (artifact id: 'af2189d9f520789e6814f36a682261b9') in 0.017026 seconds 
========================================================================
Received Import Request.
  Time since last request: 0.000057 seconds.
  path: Assets/PolygonCity/Models/Collisions/SM_Prop_Barrier_01_Convex.asset
  artifactKey: Guid(928d79264c3a43d4ba749f0fdcf24696) Importer(815301076,1909f56bfc062723c751e8b465ee728b)
Start importing Assets/PolygonCity/Models/Collisions/SM_Prop_Barrier_01_Convex.asset using Guid(928d79264c3a43d4ba749f0fdcf24696) Importer(815301076,1909f56bfc062723c751e8b465ee728b)  -> (artifact id: '408b40a5b7dfcd10bf4608f91e365d57') in 0.014621 seconds 
========================================================================
Received Import Request.
  Time since last request: 0.000031 seconds.
  path: Assets/PolygonCity/Models/Collisions/SM_Env_SubwayEntrance_01_Convex 1.asset
  artifactKey: Guid(9fdde8e88831b3046a2a29056760c40f) Importer(815301076,1909f56bfc062723c751e8b465ee728b)
Start importing Assets/PolygonCity/Models/Collisions/SM_Env_SubwayEntrance_01_Convex 1.asset using Guid(9fdde8e88831b3046a2a29056760c40f) Importer(815301076,1909f56bfc062723c751e8b465ee728b)  -> (artifact id: '4c5a6268eb52bf8fc520e9db24443904') in 0.032374 seconds 
========================================================================
Received Import Request.
  Time since last request: 0.000026 seconds.
  path: Assets/PolygonCity/Models/Collisions/SM_Env_Tree_02_Convex 1.asset
  artifactKey: Guid(b5204d1b9cfe6084eb5166fe60ebe7b9) Importer(815301076,1909f56bfc062723c751e8b465ee728b)
Start importing Assets/PolygonCity/Models/Collisions/SM_Env_Tree_02_Convex 1.asset using Guid(b5204d1b9cfe6084eb5166fe60ebe7b9) Importer(815301076,1909f56bfc062723c751e8b465ee728b)  -> (artifact id: '26c953ffda3721367fef72401097d864') in 0.034103 seconds 
========================================================================
Received Import Request.
  Time since last request: 0.000041 seconds.
  path: Assets/PolygonCity/Models/Collisions/SM_Env_WaterEdge_Corner_01_Convex.asset
  artifactKey: Guid(6cd8e027e4aaef7449ab7b67e73c373e) Importer(815301076,1909f56bfc062723c751e8b465ee728b)
Start importing Assets/PolygonCity/Models/Collisions/SM_Env_WaterEdge_Corner_01_Convex.asset using Guid(6cd8e027e4aaef7449ab7b67e73c373e) Importer(815301076,1909f56bfc062723c751e8b465ee728b)  -> (artifact id: '0543d005140dbb72dd12d3e5627c2923') in 0.013795 seconds 
========================================================================
Received Import Request.
  Time since last request: 0.000029 seconds.
  path: Assets/PolygonCity/Models/Collisions/SM_Env_Sidewalk_Straight_02_Convex.asset
  artifactKey: Guid(0976529df5d5d9646bff4cfa4b6a4233) Importer(815301076,1909f56bfc062723c751e8b465ee728b)
Start importing Assets/PolygonCity/Models/Collisions/SM_Env_Sidewalk_Straight_02_Convex.asset using Guid(0976529df5d5d9646bff4cfa4b6a4233) Importer(815301076,1909f56bfc062723c751e8b465ee728b)  -> (artifact id: '210a3d68c167b5eff45740bd59f7f455') in 0.013640 seconds 
========================================================================
Received Import Request.
  Time since last request: 0.000034 seconds.
  path: Assets/PolygonCity/Models/Collisions/SM_Env_Road_Median_01_Convex.asset
  artifactKey: Guid(3743ff79f6445e547b1a12f1d319649f) Importer(815301076,1909f56bfc062723c751e8b465ee728b)
Start importing Assets/PolygonCity/Models/Collisions/SM_Env_Road_Median_01_Convex.asset using Guid(3743ff79f6445e547b1a12f1d319649f) Importer(815301076,1909f56bfc062723c751e8b465ee728b)  -> (artifact id: '7a4a2bc46818a78782a6a15cbdb669f9') in 0.014904 seconds 
========================================================================
Received Import Request.
  Time since last request: 0.000023 seconds.
  path: Assets/PolygonCity/Models/Collisions/SM_Prop_BusStop_01_Convex 1.asset
  artifactKey: Guid(b6790cc5d28edd94a965e002d8422428) Importer(815301076,1909f56bfc062723c751e8b465ee728b)
Start importing Assets/PolygonCity/Models/Collisions/SM_Prop_BusStop_01_Convex 1.asset using Guid(b6790cc5d28edd94a965e002d8422428) Importer(815301076,1909f56bfc062723c751e8b465ee728b)  -> (artifact id: 'fe4bbeb47fcab58dea5a84074c3a88ee') in 0.023224 seconds 
========================================================================
Received Import Request.
  Time since last request: 0.000027 seconds.
  path: Assets/PolygonCity/Models/Collisions/SM_Prop_LargeSign_BowlingPin_01_Convex.asset
  artifactKey: Guid(108df2069e3302c4280a82283cdfa41d) Importer(815301076,1909f56bfc062723c751e8b465ee728b)
Start importing Assets/PolygonCity/Models/Collisions/SM_Prop_LargeSign_BowlingPin_01_Convex.asset using Guid(108df2069e3302c4280a82283cdfa41d) Importer(815301076,1909f56bfc062723c751e8b465ee728b)  -> (artifact id: '98ec3737ac7f7404830363bea4d65c04') in 0.016062 seconds 
========================================================================
Received Import Request.
  Time since last request: 0.000031 seconds.
  path: Assets/PolygonCity/Models/Collisions/SM_Prop_LargeSign_Bottle_01_Convex.asset
  artifactKey: Guid(673a431d239ec5f4981bfcc8ff5bb7e8) Importer(815301076,1909f56bfc062723c751e8b465ee728b)
Start importing Assets/PolygonCity/Models/Collisions/SM_Prop_LargeSign_Bottle_01_Convex.asset using Guid(673a431d239ec5f4981bfcc8ff5bb7e8) Importer(815301076,1909f56bfc062723c751e8b465ee728b)  -> (artifact id: 'de7628a3dcbf064900cf8b94f8de6577') in 0.012940 seconds 
========================================================================
Received Import Request.
  Time since last request: 0.000034 seconds.
  path: Assets/PolygonCity/Models/Collisions/SM_Prop_LightPole_Base_01_Convex 1.asset
  artifactKey: Guid(3a58ad2b50f140d46b856d1e6b433672) Importer(815301076,1909f56bfc062723c751e8b465ee728b)
Start importing Assets/PolygonCity/Models/Collisions/SM_Prop_LightPole_Base_01_Convex 1.asset using Guid(3a58ad2b50f140d46b856d1e6b433672) Importer(815301076,1909f56bfc062723c751e8b465ee728b)  -> (artifact id: 'f2d15ab3344663eb2c2589446f9f295c') in 0.012970 seconds 
========================================================================
Received Import Request.
  Time since last request: 0.000025 seconds.
  path: Assets/PolygonCity/Models/Collisions/SM_Prop_Pipe_Part_Corner_01_Convex.asset
  artifactKey: Guid(adfd35ab7a7bc3149943197a8123aefe) Importer(815301076,1909f56bfc062723c751e8b465ee728b)
Start importing Assets/PolygonCity/Models/Collisions/SM_Prop_Pipe_Part_Corner_01_Convex.asset using Guid(adfd35ab7a7bc3149943197a8123aefe) Importer(815301076,1909f56bfc062723c751e8b465ee728b)  -> (artifact id: '0be5722ec3e2705bff4313e2a7f32eed') in 0.014656 seconds 
========================================================================
Received Import Request.
  Time since last request: 0.000032 seconds.
  path: Assets/PolygonCity/Models/Collisions/SM_Prop_Phones_01_Convex.asset
  artifactKey: Guid(94d688a15cf25ee4c808bceca402f11b) Importer(815301076,1909f56bfc062723c751e8b465ee728b)
Start importing Assets/PolygonCity/Models/Collisions/SM_Prop_Phones_01_Convex.asset using Guid(94d688a15cf25ee4c808bceca402f11b) Importer(815301076,1909f56bfc062723c751e8b465ee728b)  -> (artifact id: '0368383e8bdb4203dfc72efe34d65e61') in 0.015573 seconds 
========================================================================
Received Import Request.
  Time since last request: 0.000039 seconds.
  path: Assets/PolygonCity/Models/Collisions/SM_Prop_LightPole_Lights_01_Convex 1.asset
  artifactKey: Guid(1b4b155a254e6f94b942b36a14bf6824) Importer(815301076,1909f56bfc062723c751e8b465ee728b)
Start importing Assets/PolygonCity/Models/Collisions/SM_Prop_LightPole_Lights_01_Convex 1.asset using Guid(1b4b155a254e6f94b942b36a14bf6824) Importer(815301076,1909f56bfc062723c751e8b465ee728b)  -> (artifact id: 'c180589e63771ad24b072fe0f0cbf720') in 0.036903 seconds 
========================================================================
Received Import Request.
  Time since last request: 0.000030 seconds.
  path: Assets/PolygonCity/Models/Collisions/SM_Prop_LightPole_Lights_02_Convex.asset
  artifactKey: Guid(941f15a1af6d6fd44b3d3c5105b9bc0c) Importer(815301076,1909f56bfc062723c751e8b465ee728b)
Start importing Assets/PolygonCity/Models/Collisions/SM_Prop_LightPole_Lights_02_Convex.asset using Guid(941f15a1af6d6fd44b3d3c5105b9bc0c) Importer(815301076,1909f56bfc062723c751e8b465ee728b)  -> (artifact id: '0879d1308f5e271425eb2996b9c322fc') in 0.013474 seconds 
========================================================================
Received Import Request.
  Time since last request: 0.000035 seconds.
  path: Assets/PolygonCity/Models/Collisions/SM_Prop_Door_01_Convex.asset
  artifactKey: Guid(5305a69792d1ae74e96709a2c4c2be77) Importer(815301076,1909f56bfc062723c751e8b465ee728b)
Start importing Assets/PolygonCity/Models/Collisions/SM_Prop_Door_01_Convex.asset using Guid(5305a69792d1ae74e96709a2c4c2be77) Importer(815301076,1909f56bfc062723c751e8b465ee728b)  -> (artifact id: 'd96cc5b29917ceb6a3cd63e49ff6e8d4') in 0.013239 seconds 
========================================================================
Received Import Request.
  Time since last request: 0.000043 seconds.
  path: Assets/PolygonCity/Models/Collisions/SM_Env_SubwayEntrance_02_Convex 2.asset
  artifactKey: Guid(e2e339d3650b3d048aba8a7b19ee51c1) Importer(815301076,1909f56bfc062723c751e8b465ee728b)
Start importing Assets/PolygonCity/Models/Collisions/SM_Env_SubwayEntrance_02_Convex 2.asset using Guid(e2e339d3650b3d048aba8a7b19ee51c1) Importer(815301076,1909f56bfc062723c751e8b465ee728b)  -> (artifact id: 'b2e48dfe649262648f47456401ca8386') in 0.021264 seconds 
========================================================================
Received Import Request.
  Time since last request: 0.000029 seconds.
  path: Assets/PolygonCity/Models/Collisions/SM_Prop_Pipe_Small_01_Convex.asset
  artifactKey: Guid(1b5d6d83ce558bd49815e06d7c18d6de) Importer(815301076,1909f56bfc062723c751e8b465ee728b)
Start importing Assets/PolygonCity/Models/Collisions/SM_Prop_Pipe_Small_01_Convex.asset using Guid(1b5d6d83ce558bd49815e06d7c18d6de) Importer(815301076,1909f56bfc062723c751e8b465ee728b)  -> (artifact id: '21264c23d5e22573fe99cf7145a95006') in 0.014814 seconds 
========================================================================
Received Import Request.
  Time since last request: 0.000048 seconds.
  path: Assets/PolygonCity/Models/Collisions/SM_Prop_Pipe_Present_02_Convex.asset
  artifactKey: Guid(9bf62cb849508fe4980ba4b671b8a675) Importer(815301076,1909f56bfc062723c751e8b465ee728b)
Start importing Assets/PolygonCity/Models/Collisions/SM_Prop_Pipe_Present_02_Convex.asset using Guid(9bf62cb849508fe4980ba4b671b8a675) Importer(815301076,1909f56bfc062723c751e8b465ee728b)  -> (artifact id: 'd07de538b7a68a23f73a0434d67a31dc') in 0.014423 seconds 
========================================================================
Received Import Request.
  Time since last request: 14.100371 seconds.
  path: Assets/PolygonCity/Prefabs/Buildings/SM_Bld_Apartment_Stairs_01.prefab
  artifactKey: Guid(afe0ad4fc8b424945846ae10043c796b) Importer(815301076,1909f56bfc062723c751e8b465ee728b)
Start importing Assets/PolygonCity/Prefabs/Buildings/SM_Bld_Apartment_Stairs_01.prefab using Guid(afe0ad4fc8b424945846ae10043c796b) Importer(815301076,1909f56bfc062723c751e8b465ee728b)  -> (artifact id: 'be776497ef688fbbe1a37477c42d9271') in 0.018742 seconds 
========================================================================
Received Import Request.
  Time since last request: 0.924087 seconds.
  path: Assets/PolygonCity/Prefabs/Buildings
  artifactKey: Guid(132c909af2567de4d9903a629aa1ce54) Importer(815301076,1909f56bfc062723c751e8b465ee728b)
Start importing Assets/PolygonCity/Prefabs/Buildings using Guid(132c909af2567de4d9903a629aa1ce54) Importer(815301076,1909f56bfc062723c751e8b465ee728b)  -> (artifact id: '5894da465d744d4ffbc419d99a3b2242') in 0.005822 seconds 
========================================================================
Received Import Request.
  Time since last request: 0.607699 seconds.
  path: Assets/PolygonCity/Prefabs/Environments
  artifactKey: Guid(ee18d67393060e549ab351fbb7b235a1) Importer(815301076,1909f56bfc062723c751e8b465ee728b)
Start importing Assets/PolygonCity/Prefabs/Environments using Guid(ee18d67393060e549ab351fbb7b235a1) Importer(815301076,1909f56bfc062723c751e8b465ee728b)  -> (artifact id: 'bdeefc4ddcc7234335c476447211a3dd') in 0.005888 seconds 
========================================================================
Received Import Request.
  Time since last request: 2.813759 seconds.
  path: Assets/PolygonCity/Prefabs/Vehicles
  artifactKey: Guid(ba1c4b9af41a9834789776f6d0398b29) Importer(815301076,1909f56bfc062723c751e8b465ee728b)
Start importing Assets/PolygonCity/Prefabs/Vehicles using Guid(ba1c4b9af41a9834789776f6d0398b29) Importer(815301076,1909f56bfc062723c751e8b465ee728b)  -> (artifact id: 'f4366d730efc62c2f611e00250283d0e') in 0.005883 seconds 
========================================================================
Received Import Request.
  Time since last request: 0.061516 seconds.
  path: Assets/PolygonCity/Prefabs/Vehicles/SM_Veh_Car_Ambo_01.prefab
  artifactKey: Guid(416c46ca128db5f4bb76f235b4f991d5) Importer(815301076,1909f56bfc062723c751e8b465ee728b)
Start importing Assets/PolygonCity/Prefabs/Vehicles/SM_Veh_Car_Ambo_01.prefab using Guid(416c46ca128db5f4bb76f235b4f991d5) Importer(815301076,1909f56bfc062723c751e8b465ee728b)  -> (artifact id: '4450442de183bb1bf029924ff079da56') in 0.037786 seconds 
========================================================================
Received Import Request.
  Time since last request: 0.000029 seconds.
  path: Assets/PolygonCity/Prefabs/Vehicles/SM_Veh_Car_Van_01.prefab
  artifactKey: Guid(94469aeaca2d49442af381840b70bb6c) Importer(815301076,1909f56bfc062723c751e8b465ee728b)
Start importing Assets/PolygonCity/Prefabs/Vehicles/SM_Veh_Car_Van_01.prefab using Guid(94469aeaca2d49442af381840b70bb6c) Importer(815301076,1909f56bfc062723c751e8b465ee728b)  -> (artifact id: '54c2805f90eee400b620e71616f00a23') in 0.029144 seconds 
========================================================================
Received Import Request.
  Time since last request: 6.396972 seconds.
  path: Assets/PolygonCity/Prefabs/Vehicles/SM_Veh_Car_Small_01.prefab
  artifactKey: Guid(0383b854a926f1643b20f9c7cdb2e4de) Importer(815301076,1909f56bfc062723c751e8b465ee728b)
Start importing Assets/PolygonCity/Prefabs/Vehicles/SM_Veh_Car_Small_01.prefab using Guid(0383b854a926f1643b20f9c7cdb2e4de) Importer(815301076,1909f56bfc062723c751e8b465ee728b)  -> (artifact id: 'ce3914f54913a17332e3d0b9190d4466') in 0.015824 seconds 
========================================================================
Received Import Request.
  Time since last request: 0.024043 seconds.
  path: Assets/PolygonCity/Prefabs/Vehicles/SM_Veh_Car_Ambo_01.prefab
  artifactKey: Guid(416c46ca128db5f4bb76f235b4f991d5) Importer(815301076,1909f56bfc062723c751e8b465ee728b)
Start importing Assets/PolygonCity/Prefabs/Vehicles/SM_Veh_Car_Ambo_01.prefab using Guid(416c46ca128db5f4bb76f235b4f991d5) Importer(815301076,1909f56bfc062723c751e8b465ee728b)  -> (artifact id: 'f008e258df5b679c4201632839d0e150') in 0.026088 seconds 
========================================================================
Received Import Request.
  Time since last request: 0.000040 seconds.
  path: Assets/PolygonCity/Prefabs/Vehicles/SM_Veh_Car_Van_01.prefab
  artifactKey: Guid(94469aeaca2d49442af381840b70bb6c) Importer(815301076,1909f56bfc062723c751e8b465ee728b)
Start importing Assets/PolygonCity/Prefabs/Vehicles/SM_Veh_Car_Van_01.prefab using Guid(94469aeaca2d49442af381840b70bb6c) Importer(815301076,1909f56bfc062723c751e8b465ee728b)  -> (artifact id: 'c957172930f6c3b613070d1beac0fcdd') in 0.016107 seconds 
========================================================================
Received Import Request.
  Time since last request: 8.139772 seconds.
  path: Assets/PolygonCity/Prefabs/Props/SM_Prop_Aircon_01.prefab
  artifactKey: Guid(015249c005381134e896458eb3ed0bb1) Importer(815301076,1909f56bfc062723c751e8b465ee728b)
Start importing Assets/PolygonCity/Prefabs/Props/SM_Prop_Aircon_01.prefab using Guid(015249c005381134e896458eb3ed0bb1) Importer(815301076,1909f56bfc062723c751e8b465ee728b)  -> (artifact id: '6c01b192e04d127b11b0c7dfbcfd4be8') in 0.033581 seconds 
========================================================================
Received Import Request.
  Time since last request: 0.000035 seconds.
  path: Assets/PolygonCity/Prefabs/Props/SM_Prop_Newspaper_02.prefab
  artifactKey: Guid(fbd2941af06c48e4cbb32be48b18d045) Importer(815301076,1909f56bfc062723c751e8b465ee728b)
Start importing Assets/PolygonCity/Prefabs/Props/SM_Prop_Newspaper_02.prefab using Guid(fbd2941af06c48e4cbb32be48b18d045) Importer(815301076,1909f56bfc062723c751e8b465ee728b)  -> (artifact id: '5357e77c9dfac5f8bac6e119199a4f59') in 0.030056 seconds 
========================================================================
Received Import Request.
  Time since last request: 0.000041 seconds.
  path: Assets/PolygonCity/Prefabs/Props/SM_Prop_LightPole_Base_02.prefab
  artifactKey: Guid(684edc7838bf89d4b933a49c85d72080) Importer(815301076,1909f56bfc062723c751e8b465ee728b)
Start importing Assets/PolygonCity/Prefabs/Props/SM_Prop_LightPole_Base_02.prefab using Guid(684edc7838bf89d4b933a49c85d72080) Importer(815301076,1909f56bfc062723c751e8b465ee728b)  -> (artifact id: '2d44b132373affc6d072336ae35d0846') in 0.028984 seconds 
========================================================================
Received Import Request.
  Time since last request: 0.000067 seconds.
  path: Assets/PolygonCity/Prefabs/Props/SM_Prop_Burger_01.prefab
  artifactKey: Guid(a4a36f473384c3c489b6458561ff07ac) Importer(815301076,1909f56bfc062723c751e8b465ee728b)
Start importing Assets/PolygonCity/Prefabs/Props/SM_Prop_Burger_01.prefab using Guid(a4a36f473384c3c489b6458561ff07ac) Importer(815301076,1909f56bfc062723c751e8b465ee728b)  -> (artifact id: '1e5caeb650264dd727c38091786b44b5') in 0.027265 seconds 
========================================================================
Received Import Request.
  Time since last request: 0.000034 seconds.
  path: Assets/PolygonCity/Prefabs/Props/SM_Prop_Paper_01.prefab
  artifactKey: Guid(9e7b9a5d5dab450459315a75ec16fa02) Importer(815301076,1909f56bfc062723c751e8b465ee728b)
Start importing Assets/PolygonCity/Prefabs/Props/SM_Prop_Paper_01.prefab using Guid(9e7b9a5d5dab450459315a75ec16fa02) Importer(815301076,1909f56bfc062723c751e8b465ee728b)  -> (artifact id: '767c10c7e9f90d5794c38420fb25ddb9') in 0.031465 seconds 
========================================================================
Received Import Request.
  Time since last request: 0.000049 seconds.
  path: Assets/PolygonCity/Prefabs/Props/SM_Prop_BusStop_01.prefab
  artifactKey: Guid(02569c08ab29ca94481dbec225d65225) Importer(815301076,1909f56bfc062723c751e8b465ee728b)
Start importing Assets/PolygonCity/Prefabs/Props/SM_Prop_BusStop_01.prefab using Guid(02569c08ab29ca94481dbec225d65225) Importer(815301076,1909f56bfc062723c751e8b465ee728b)  -> (artifact id: '0fd9364ad5b35ed465b91b6aec3c37ad') in 0.029536 seconds 
========================================================================
Received Import Request.
  Time since last request: 0.000041 seconds.
  path: Assets/PolygonCity/Prefabs/Props/SM_Prop_Light_Attachment_01.prefab
  artifactKey: Guid(855a9894cbcf2e246902c190dc1e5a4e) Importer(815301076,1909f56bfc062723c751e8b465ee728b)
Start importing Assets/PolygonCity/Prefabs/Props/SM_Prop_Light_Attachment_01.prefab using Guid(855a9894cbcf2e246902c190dc1e5a4e) Importer(815301076,1909f56bfc062723c751e8b465ee728b)  -> (artifact id: 'ad8d584d8b7365fac42791a4b0592b4a') in 0.025110 seconds 
========================================================================
Received Import Request.
  Time since last request: 0.000077 seconds.
  path: Assets/PolygonCity/Prefabs/Props/SM_Prop_LightPole_Arm_01.prefab
  artifactKey: Guid(f43449709203fee4f94622bc446866d8) Importer(815301076,1909f56bfc062723c751e8b465ee728b)
Start importing Assets/PolygonCity/Prefabs/Props/SM_Prop_LightPole_Arm_01.prefab using Guid(f43449709203fee4f94622bc446866d8) Importer(815301076,1909f56bfc062723c751e8b465ee728b)  -> (artifact id: '64fa43f8695f359a49bc6fdbba09b174') in 0.027993 seconds 
========================================================================
Received Import Request.
  Time since last request: 0.000032 seconds.
  path: Assets/PolygonCity/Prefabs/Props/SM_Prop_Billboard_Sign_07.prefab
  artifactKey: Guid(a2a53a2e1585ac7439ff035b5b626d46) Importer(815301076,1909f56bfc062723c751e8b465ee728b)
Start importing Assets/PolygonCity/Prefabs/Props/SM_Prop_Billboard_Sign_07.prefab using Guid(a2a53a2e1585ac7439ff035b5b626d46) Importer(815301076,1909f56bfc062723c751e8b465ee728b)  -> (artifact id: 'c19781150e6a521c1016d14ce6a0e00c') in 0.019724 seconds 
========================================================================
Received Import Request.
  Time since last request: 0.000048 seconds.
  path: Assets/PolygonCity/Prefabs/Props/SM_Prop_LightPole_CrossButton_01.prefab
  artifactKey: Guid(916be2ac89687b0458f9c3b7759c3248) Importer(815301076,1909f56bfc062723c751e8b465ee728b)
Start importing Assets/PolygonCity/Prefabs/Props/SM_Prop_LightPole_CrossButton_01.prefab using Guid(916be2ac89687b0458f9c3b7759c3248) Importer(815301076,1909f56bfc062723c751e8b465ee728b)  -> (artifact id: '53168a03f4704d457e12ca79a6c9b3c5') in 0.027034 seconds 
========================================================================
Received Import Request.
  Time since last request: 5.507079 seconds.
  path: Assets/PolygonCity/Prefabs/Props/SM_Prop_Billboard_Pole_01.prefab
  artifactKey: Guid(41f97a49a9daacd4cb2f4f15f3b4a822) Importer(815301076,1909f56bfc062723c751e8b465ee728b)
Start importing Assets/PolygonCity/Prefabs/Props/SM_Prop_Billboard_Pole_01.prefab using Guid(41f97a49a9daacd4cb2f4f15f3b4a822) Importer(815301076,1909f56bfc062723c751e8b465ee728b)  -> (artifact id: '3a80d4973db5408ed7e976e53e39d96b') in 0.014259 seconds 
========================================================================
Received Import Request.
  Time since last request: 0.031122 seconds.
  path: Assets/PolygonCity/Prefabs/Props/SM_Prop_Aircon_01.prefab
  artifactKey: Guid(015249c005381134e896458eb3ed0bb1) Importer(815301076,1909f56bfc062723c751e8b465ee728b)
Start importing Assets/PolygonCity/Prefabs/Props/SM_Prop_Aircon_01.prefab using Guid(015249c005381134e896458eb3ed0bb1) Importer(815301076,1909f56bfc062723c751e8b465ee728b)  -> (artifact id: '72702e9f20c05c2d668dcda51f259d3c') in 0.029590 seconds 
========================================================================
Received Import Request.
  Time since last request: 0.000063 seconds.
  path: Assets/PolygonCity/Prefabs/Props/SM_Prop_Billboard_Sign_02.prefab
  artifactKey: Guid(017a6f5ce43f6d74ca746ed804873917) Importer(815301076,1909f56bfc062723c751e8b465ee728b)
Start importing Assets/PolygonCity/Prefabs/Props/SM_Prop_Billboard_Sign_02.prefab using Guid(017a6f5ce43f6d74ca746ed804873917) Importer(815301076,1909f56bfc062723c751e8b465ee728b)  -> (artifact id: 'e026e9da5ff7585d33740106fecb5fbb') in 0.015817 seconds 
========================================================================
Received Import Request.
  Time since last request: 19.540087 seconds.
  path: Assets/PolygonCity/Materials/Billboard_Mat.mat
  artifactKey: Guid(53cf5c0ff424ff9458c56526516b63ec) Importer(815301076,1909f56bfc062723c751e8b465ee728b)
Start importing Assets/PolygonCity/Materials/Billboard_Mat.mat using Guid(53cf5c0ff424ff9458c56526516b63ec) Importer(815301076,1909f56bfc062723c751e8b465ee728b)  -> (artifact id: '16246c672802d3f6880c34f1e8229c4e') in 0.013543 seconds 
========================================================================
Received Import Request.
  Time since last request: 0.000054 seconds.
  path: Assets/PolygonCity/Materials/PolygonCity_Mat_Road_03.mat
  artifactKey: Guid(832e3d44954de9c408d5cdcafc05fc9e) Importer(815301076,1909f56bfc062723c751e8b465ee728b)
Start importing Assets/PolygonCity/Materials/PolygonCity_Mat_Road_03.mat using Guid(832e3d44954de9c408d5cdcafc05fc9e) Importer(815301076,1909f56bfc062723c751e8b465ee728b)  -> (artifact id: '93fd44e595234fd987d95fdc4ae9fbf4') in 0.020489 seconds 
========================================================================
Received Import Request.
  Time since last request: 0.000058 seconds.
  path: Assets/PolygonCity/Materials/PolygonCity_Mat_04_C.mat
  artifactKey: Guid(bb694a94be4a3c64ca9ef44c62415782) Importer(815301076,1909f56bfc062723c751e8b465ee728b)
Start importing Assets/PolygonCity/Materials/PolygonCity_Mat_04_C.mat using Guid(bb694a94be4a3c64ca9ef44c62415782) Importer(815301076,1909f56bfc062723c751e8b465ee728b)  -> (artifact id: '3a715e7084ac18c539009ecefe594837') in 0.025916 seconds 
========================================================================
Received Import Request.
  Time since last request: 0.000035 seconds.
  path: Assets/PolygonCity/Materials/PolygonCity_Mat_04_B.mat
  artifactKey: Guid(912f300affe60c543ac3ac40ef980902) Importer(815301076,1909f56bfc062723c751e8b465ee728b)
Start importing Assets/PolygonCity/Materials/PolygonCity_Mat_04_B.mat using Guid(912f300affe60c543ac3ac40ef980902) Importer(815301076,1909f56bfc062723c751e8b465ee728b)  -> (artifact id: '903021dafa281f803207dc0302abb276') in 0.025330 seconds 
