Using pre-set license
Built from '2021.3/staging' branch; Version is '2021.3.0f1 (6eacc8284459) revision 7253192'; Using compiler version '192829333'; Build Type 'Release'
OS: 'Windows 11  (10.0.22000) 64bit Core' Language: 'en' Physical Memory: 32682 MB
BatchMode: 1, IsHumanControllingUs: 0, StartBugReporterOnCrash: 0, Is64bit: 1, IsPro: 1

COMMAND LINE ARGUMENTS:
C:\Program Files\Unity\Hub\Editor\2021.3.0f1\Editor\Unity.exe
-adb2
-batchMode
-noUpm
-name
AssetImportWorker9
-projectPath
C:/Users/justi/OneDrive/Games/RageQuit/Office
-logFile
Logs/AssetImportWorker9.log
-srvPort
56640
Successfully changed project path to: C:/Users/justi/OneDrive/Games/RageQuit/Office
C:/Users/justi/OneDrive/Games/RageQuit/Office
[UnityMemory] Configuration Parameters - Can be set up in boot.config
    "memorysetup-bucket-allocator-granularity=16"
    "memorysetup-bucket-allocator-bucket-count=8"
    "memorysetup-bucket-allocator-block-size=33554432"
    "memorysetup-bucket-allocator-block-count=8"
    "memorysetup-main-allocator-block-size=16777216"
    "memorysetup-thread-allocator-block-size=16777216"
    "memorysetup-gfx-main-allocator-block-size=16777216"
    "memorysetup-gfx-thread-allocator-block-size=16777216"
    "memorysetup-cache-allocator-block-size=4194304"
    "memorysetup-typetree-allocator-block-size=2097152"
    "memorysetup-profiler-bucket-allocator-granularity=16"
    "memorysetup-profiler-bucket-allocator-bucket-count=8"
    "memorysetup-profiler-bucket-allocator-block-size=33554432"
    "memorysetup-profiler-bucket-allocator-block-count=8"
    "memorysetup-profiler-allocator-block-size=16777216"
    "memorysetup-profiler-editor-allocator-block-size=1048576"
    "memorysetup-temp-allocator-size-main=16777216"
    "memorysetup-job-temp-allocator-block-size=2097152"
    "memorysetup-job-temp-allocator-block-size-background=1048576"
    "memorysetup-job-temp-allocator-reduction-small-platforms=262144"
    "memorysetup-temp-allocator-size-background-worker=32768"
    "memorysetup-temp-allocator-size-job-worker=262144"
    "memorysetup-temp-allocator-size-preload-manager=33554432"
    "memorysetup-temp-allocator-size-nav-mesh-worker=65536"
    "memorysetup-temp-allocator-size-audio-worker=65536"
    "memorysetup-temp-allocator-size-cloud-worker=32768"
    "memorysetup-temp-allocator-size-gi-baking-worker=262144"
    "memorysetup-temp-allocator-size-gfx=262144"
Refreshing native plugins compatible for Editor in 102.79 ms, found 6 plugins.
Preloading 0 native plugins for Editor in 0.00 ms.
Initialize engine version: 2021.3.0f1 (6eacc8284459)
[Subsystems] Discovering subsystems at path C:/Program Files/Unity/Hub/Editor/2021.3.0f1/Editor/Data/Resources/UnitySubsystems
[Subsystems] Discovering subsystems at path C:/Users/justi/OneDrive/Games/RageQuit/Office/Assets
GfxDevice: creating device client; threaded=0; jobified=0
Direct3D:
    Version:  Direct3D 11.0 [level 11.1]
    Renderer: NVIDIA GeForce GTX 1080 Ti (ID=0x1b06)
    Vendor:   NVIDIA
    VRAM:     11128 MB
    Driver:   30.0.15.1215
Initialize mono
Mono path[0] = 'C:/Program Files/Unity/Hub/Editor/2021.3.0f1/Editor/Data/Managed'
Mono path[1] = 'C:/Program Files/Unity/Hub/Editor/2021.3.0f1/Editor/Data/MonoBleedingEdge/lib/mono/unityjit-win32'
Mono config path = 'C:/Program Files/Unity/Hub/Editor/2021.3.0f1/Editor/Data/MonoBleedingEdge/etc'
Using monoOptions --debugger-agent=transport=dt_socket,embedding=1,server=y,suspend=n,address=127.0.0.1:56296
Begin MonoManager ReloadAssembly
Registering precompiled unity dll's ...
Register platform support module: C:/Program Files/Unity/Hub/Editor/2021.3.0f1/Editor/Data/PlaybackEngines/WindowsStandaloneSupport/UnityEditor.WindowsStandalone.Extensions.dll
Registered in 0.005221 seconds.
Native extension for WindowsStandalone target not found
Refreshing native plugins compatible for Editor in 90.81 ms, found 6 plugins.
Preloading 0 native plugins for Editor in 0.00 ms.
Mono: successfully reloaded assembly
- Completed reload, in  0.567 seconds
Domain Reload Profiling:
	ReloadAssembly (568ms)
		BeginReloadAssembly (58ms)
			ExecutionOrderSort (0ms)
			DisableScriptedObjects (0ms)
			BackupInstance (0ms)
			ReleaseScriptingObjects (0ms)
			CreateAndSetChildDomain (1ms)
		EndReloadAssembly (413ms)
			LoadAssemblies (56ms)
			RebuildTransferFunctionScriptingTraits (0ms)
			SetupTypeCache (88ms)
			ReleaseScriptCaches (0ms)
			RebuildScriptCaches (23ms)
			SetupLoadedEditorAssemblies (253ms)
				LogAssemblyErrors (0ms)
				InitializePlatformSupportModulesInManaged (7ms)
				SetLoadedEditorAssemblies (0ms)
				RefreshPlugins (91ms)
				BeforeProcessingInitializeOnLoad (1ms)
				ProcessInitializeOnLoadAttributes (115ms)
				ProcessInitializeOnLoadMethodAttributes (38ms)
				AfterProcessingInitializeOnLoad (0ms)
				EditorAssembliesLoaded (0ms)
			ExecutionOrderSort2 (0ms)
			AwakeInstancesAfterBackupRestoration (0ms)
Platform modules already initialized, skipping
Registering precompiled user dll's ...
Registered in 0.005332 seconds.
Begin MonoManager ReloadAssembly
Symbol file LoadedFromMemory is not a mono symbol file
Native extension for WindowsStandalone target not found
Refreshing native plugins compatible for Editor in 98.71 ms, found 6 plugins.
Preloading 0 native plugins for Editor in 0.00 ms.
Mono: successfully reloaded assembly
- Completed reload, in  1.349 seconds
Domain Reload Profiling:
	ReloadAssembly (1350ms)
		BeginReloadAssembly (99ms)
			ExecutionOrderSort (0ms)
			DisableScriptedObjects (5ms)
			BackupInstance (0ms)
			ReleaseScriptingObjects (0ms)
			CreateAndSetChildDomain (20ms)
		EndReloadAssembly (1147ms)
			LoadAssemblies (92ms)
			RebuildTransferFunctionScriptingTraits (0ms)
			SetupTypeCache (202ms)
			ReleaseScriptCaches (1ms)
			RebuildScriptCaches (52ms)
			SetupLoadedEditorAssemblies (763ms)
				LogAssemblyErrors (0ms)
				InitializePlatformSupportModulesInManaged (3ms)
				SetLoadedEditorAssemblies (0ms)
				RefreshPlugins (99ms)
				BeforeProcessingInitializeOnLoad (79ms)
				ProcessInitializeOnLoadAttributes (508ms)
				ProcessInitializeOnLoadMethodAttributes (66ms)
				AfterProcessingInitializeOnLoad (8ms)
				EditorAssembliesLoaded (0ms)
			ExecutionOrderSort2 (0ms)
			AwakeInstancesAfterBackupRestoration (7ms)
Platform modules already initialized, skipping
========================================================================
Worker process is ready to serve import requests
Launched and connected shader compiler UnityShaderCompiler.exe after 0.05 seconds
Refreshing native plugins compatible for Editor in 3.61 ms, found 6 plugins.
Preloading 0 native plugins for Editor in 0.00 ms.
Unloading 4208 Unused Serialized files (Serialized files now loaded: 0)
Unloading 142 unused Assets / (0.7 MB). Loaded Objects now: 4643.
Memory consumption went from 204.6 MB to 203.9 MB.
Total: 5.680000 ms (FindLiveObjects: 0.658400 ms CreateObjectMapping: 0.114400 ms MarkObjects: 4.179700 ms  DeleteObjects: 0.725000 ms)

AssetImportParameters requested are different than current active one (requested -> active):
  custom:video-decoder-ogg-theora: a1e56fd34408186e4bbccfd4996cb3dc -> 
  custom:container-muxer-webm: aa71ff27fc2769a1b78a27578f13a17b -> 
  custom:container-demuxer-webm: 4f35f7cbe854078d1ac9338744f61a02 -> 
  custom:video-encoder-webm-vp8: eb34c28f22e8b96e1ab97ce403110664 -> 
  custom:audio-encoder-webm-vorbis: bf7c407c2cedff20999df2af8eb42d56 -> 
  custom:framework-win-MediaFoundation: 216162199b28c13a410421893ffa2e32 -> 
  custom:container-demuxer-ogg: 62fdf1f143b41e24485cea50d1cbac27 -> 
  custom:video-decoder-webm-vp8: 9c59270c3fd7afecdb556c50c9e8de78 -> 
  custom:audio-decoder-ogg-vorbis: bf7c407c2cedff20999df2af8eb42d56 -> 
========================================================================
Received Import Request.
  Time since last request: 6876.075127 seconds.
  path: Assets/PolygonNature/FX/FX_Materials/StreamParticle.mat
  artifactKey: Guid(09278252fdc1e5d40a7b0c25948c4056) Importer(815301076,1909f56bfc062723c751e8b465ee728b)
Start importing Assets/PolygonNature/FX/FX_Materials/StreamParticle.mat using Guid(09278252fdc1e5d40a7b0c25948c4056) Importer(815301076,1909f56bfc062723c751e8b465ee728b)  -> (artifact id: 'fbc611beb53e4f562474c79d3ddcc5b5') in 0.312157 seconds 
========================================================================
Received Import Request.
  Time since last request: 1.881389 seconds.
  path: Assets/PolygonNature/FX/FX_Models/SM_Particle_Smoke_01.fbx
  artifactKey: Guid(41e18b74cd8bd984b94d58c040bb66da) Importer(815301076,1909f56bfc062723c751e8b465ee728b)
Start importing Assets/PolygonNature/FX/FX_Models/SM_Particle_Smoke_01.fbx using Guid(41e18b74cd8bd984b94d58c040bb66da) Importer(815301076,1909f56bfc062723c751e8b465ee728b)  -> (artifact id: '957925fe2479528689b0251fc688aa0f') in 0.050785 seconds 
========================================================================
Received Import Request.
  Time since last request: 24.754323 seconds.
  path: Assets/PolygonNature/Models/River_Plane_WaterFall_01.fbx
  artifactKey: Guid(8fb96ca5800b96747b8f0df3bb17151c) Importer(815301076,1909f56bfc062723c751e8b465ee728b)
Start importing Assets/PolygonNature/Models/River_Plane_WaterFall_01.fbx using Guid(8fb96ca5800b96747b8f0df3bb17151c) Importer(815301076,1909f56bfc062723c751e8b465ee728b)  -> (artifact id: '25570d563baee9215bdeee3ae47bd05c') in 0.024594 seconds 
========================================================================
Received Import Request.
  Time since last request: 0.000030 seconds.
  path: Assets/PolygonNature/Models/SM_Plant_Grass_03.fbx
  artifactKey: Guid(7e1b397e929b5ca47a0fe4a47a194336) Importer(815301076,1909f56bfc062723c751e8b465ee728b)
Start importing Assets/PolygonNature/Models/SM_Plant_Grass_03.fbx using Guid(7e1b397e929b5ca47a0fe4a47a194336) Importer(815301076,1909f56bfc062723c751e8b465ee728b)  -> (artifact id: 'fc145473288c55baca14f2f79092d02e') in 0.037723 seconds 
========================================================================
Received Import Request.
  Time since last request: 0.000026 seconds.
  path: Assets/PolygonNature/Models/SM_Prop_Grave_03.fbx
  artifactKey: Guid(9e25f7064589c174f95fda217870296f) Importer(815301076,1909f56bfc062723c751e8b465ee728b)
Start importing Assets/PolygonNature/Models/SM_Prop_Grave_03.fbx using Guid(9e25f7064589c174f95fda217870296f) Importer(815301076,1909f56bfc062723c751e8b465ee728b)  -> (artifact id: '74e6d984e765b30365dc24b98155e755') in 0.026764 seconds 
========================================================================
Received Import Request.
  Time since last request: 0.000030 seconds.
  path: Assets/PolygonNature/Models/SM_Plant_Lillypad_Large_02.fbx
  artifactKey: Guid(cea7310870ddcba4bb3a0c1eb8dde990) Importer(815301076,1909f56bfc062723c751e8b465ee728b)
Start importing Assets/PolygonNature/Models/SM_Plant_Lillypad_Large_02.fbx using Guid(cea7310870ddcba4bb3a0c1eb8dde990) Importer(815301076,1909f56bfc062723c751e8b465ee728b)  -> (artifact id: '1227b084abbe31927e8b278968ea1bdd') in 0.025113 seconds 
========================================================================
Received Import Request.
  Time since last request: 0.000047 seconds.
  path: Assets/PolygonNature/Models/SM_Plant_Reeds_01.fbx
  artifactKey: Guid(3665c5ed8ec3933439f89202cc837da2) Importer(815301076,1909f56bfc062723c751e8b465ee728b)
Start importing Assets/PolygonNature/Models/SM_Plant_Reeds_01.fbx using Guid(3665c5ed8ec3933439f89202cc837da2) Importer(815301076,1909f56bfc062723c751e8b465ee728b)  -> (artifact id: 'ab18a3bf07c1b7d716435eea9923e9e7') in 0.025856 seconds 
========================================================================
Received Import Request.
  Time since last request: 0.000043 seconds.
  path: Assets/PolygonNature/Models/SM_Plant_05.fbx
  artifactKey: Guid(7180f845a92d53348b21dd62b798f273) Importer(815301076,1909f56bfc062723c751e8b465ee728b)
Start importing Assets/PolygonNature/Models/SM_Plant_05.fbx using Guid(7180f845a92d53348b21dd62b798f273) Importer(815301076,1909f56bfc062723c751e8b465ee728b)  -> (artifact id: '16d4c0cd2b6029f1b0fe72526d050985') in 0.026133 seconds 
========================================================================
Received Import Request.
  Time since last request: 0.000051 seconds.
  path: Assets/PolygonNature/Models/SM_Prop_Fence_01.fbx
  artifactKey: Guid(0026b951bd12ea446ac9f968535c691a) Importer(815301076,1909f56bfc062723c751e8b465ee728b)
Start importing Assets/PolygonNature/Models/SM_Prop_Fence_01.fbx using Guid(0026b951bd12ea446ac9f968535c691a) Importer(815301076,1909f56bfc062723c751e8b465ee728b)  -> (artifact id: '2dee644f71a3567c995cb623ec1a719c') in 0.027764 seconds 
========================================================================
Received Import Request.
  Time since last request: 0.000027 seconds.
  path: Assets/PolygonNature/Models/SM_Prop_Arrow_01.fbx
  artifactKey: Guid(6815955285e26714492f63ec061eb370) Importer(815301076,1909f56bfc062723c751e8b465ee728b)
Start importing Assets/PolygonNature/Models/SM_Prop_Arrow_01.fbx using Guid(6815955285e26714492f63ec061eb370) Importer(815301076,1909f56bfc062723c751e8b465ee728b)  -> (artifact id: '1b914576067f887dabcd7634b6afe2ac') in 0.026156 seconds 
========================================================================
Received Import Request.
  Time since last request: 0.000035 seconds.
  path: Assets/PolygonNature/Models/SM_Plant_06.fbx
  artifactKey: Guid(57684d6caeceab8429eabc79be905a19) Importer(815301076,1909f56bfc062723c751e8b465ee728b)
Start importing Assets/PolygonNature/Models/SM_Plant_06.fbx using Guid(57684d6caeceab8429eabc79be905a19) Importer(815301076,1909f56bfc062723c751e8b465ee728b)  -> (artifact id: 'c5e11090b5b83bcce8f6f91e52d2d929') in 0.023240 seconds 
========================================================================
Received Import Request.
  Time since last request: 0.000027 seconds.
  path: Assets/PolygonNature/Models/SM_Plant_Lillypad_Large_03.fbx
  artifactKey: Guid(c24a08eda57aebf4aa45e6f9347cf04a) Importer(815301076,1909f56bfc062723c751e8b465ee728b)
Start importing Assets/PolygonNature/Models/SM_Plant_Lillypad_Large_03.fbx using Guid(c24a08eda57aebf4aa45e6f9347cf04a) Importer(815301076,1909f56bfc062723c751e8b465ee728b)  -> (artifact id: '9025115cbb1973e26bb31c287802a2a1') in 0.022721 seconds 
========================================================================
Received Import Request.
  Time since last request: 0.038920 seconds.
  path: Assets/PolygonNature/Materials/PolygonNature_Tree_TrunkDead.mat
  artifactKey: Guid(b291e3a6f626bc24d918f721ab101467) Importer(815301076,1909f56bfc062723c751e8b465ee728b)
Start importing Assets/PolygonNature/Materials/PolygonNature_Tree_TrunkDead.mat using Guid(b291e3a6f626bc24d918f721ab101467) Importer(815301076,1909f56bfc062723c751e8b465ee728b)  -> (artifact id: 'fc28586d4b59a34bcea36fe601952b11') in 0.078164 seconds 
========================================================================
Received Import Request.
  Time since last request: 42.642626 seconds.
  path: Assets/PolygonNature/FX/FX_Prefabs/Fire_FX.prefab
  artifactKey: Guid(b99ce17d2a62f164698110549e49b762) Importer(815301076,1909f56bfc062723c751e8b465ee728b)
Start importing Assets/PolygonNature/FX/FX_Prefabs/Fire_FX.prefab using Guid(b99ce17d2a62f164698110549e49b762) Importer(815301076,1909f56bfc062723c751e8b465ee728b)  -> (artifact id: '9e86adeea54f32eed07c1469790010c8') in 0.041748 seconds 
========================================================================
Received Import Request.
  Time since last request: 0.000042 seconds.
  path: Assets/PolygonNature/FX/FX_Prefabs/SM_Generic_SkyDome.prefab
  artifactKey: Guid(1db8601c97565c84084b5b490940fae6) Importer(815301076,1909f56bfc062723c751e8b465ee728b)
Start importing Assets/PolygonNature/FX/FX_Prefabs/SM_Generic_SkyDome.prefab using Guid(1db8601c97565c84084b5b490940fae6) Importer(815301076,1909f56bfc062723c751e8b465ee728b)  -> (artifact id: '9343f3df8ff7fc79c00c950465dc666f') in 0.013421 seconds 
========================================================================
Received Import Request.
  Time since last request: 0.000023 seconds.
  path: Assets/PolygonNature/FX/FX_Prefabs/SM_Waterfall_Foam.prefab
  artifactKey: Guid(e5e11fad68074894b9c22df9090f7f61) Importer(815301076,1909f56bfc062723c751e8b465ee728b)
Start importing Assets/PolygonNature/FX/FX_Prefabs/SM_Waterfall_Foam.prefab using Guid(e5e11fad68074894b9c22df9090f7f61) Importer(815301076,1909f56bfc062723c751e8b465ee728b)  -> (artifact id: 'a7b72a7f4187f0b21bf759f7d35beba3') in 0.017337 seconds 
========================================================================
Received Import Request.
  Time since last request: 0.000028 seconds.
  path: Assets/PolygonNature/FX/FX_Prefabs/Glowing_Dust_01.prefab
  artifactKey: Guid(e62fe7588430d264ab316d646f76d61d) Importer(815301076,1909f56bfc062723c751e8b465ee728b)
Start importing Assets/PolygonNature/FX/FX_Prefabs/Glowing_Dust_01.prefab using Guid(e62fe7588430d264ab316d646f76d61d) Importer(815301076,1909f56bfc062723c751e8b465ee728b)  -> (artifact id: 'ca81886b2bcdf0d2ca9d8be08567c12b') in 0.016144 seconds 
Editor requested this worker to shutdown with reason: Scaling down because of idle timeout
AssetImportWorker is now disconnected from the server
Process exiting
Exiting without the bug reporter. Application will terminate with return code 0