Using pre-set license
Built from '2021.3/staging' branch; Version is '2021.3.0f1 (6eacc8284459) revision 7253192'; Using compiler version '192829333'; Build Type 'Release'
OS: 'Windows 11  (10.0.22000) 64bit Core' Language: 'en' Physical Memory: 32682 MB
BatchMode: 1, IsHumanControllingUs: 0, StartBugReporterOnCrash: 0, Is64bit: 1, IsPro: 1

COMMAND LINE ARGUMENTS:
C:\Program Files\Unity\Hub\Editor\2021.3.0f1\Editor\Unity.exe
-adb2
-batchMode
-noUpm
-name
AssetImportWorker13
-projectPath
C:/Users/justi/OneDrive/Games/RageQuit/Office
-logFile
Logs/AssetImportWorker13.log
-srvPort
60267
Successfully changed project path to: C:/Users/justi/OneDrive/Games/RageQuit/Office
C:/Users/justi/OneDrive/Games/RageQuit/Office
[UnityMemory] Configuration Parameters - Can be set up in boot.config
    "memorysetup-bucket-allocator-granularity=16"
    "memorysetup-bucket-allocator-bucket-count=8"
    "memorysetup-bucket-allocator-block-size=33554432"
    "memorysetup-bucket-allocator-block-count=8"
    "memorysetup-main-allocator-block-size=16777216"
    "memorysetup-thread-allocator-block-size=16777216"
    "memorysetup-gfx-main-allocator-block-size=16777216"
    "memorysetup-gfx-thread-allocator-block-size=16777216"
    "memorysetup-cache-allocator-block-size=4194304"
    "memorysetup-typetree-allocator-block-size=2097152"
    "memorysetup-profiler-bucket-allocator-granularity=16"
    "memorysetup-profiler-bucket-allocator-bucket-count=8"
    "memorysetup-profiler-bucket-allocator-block-size=33554432"
    "memorysetup-profiler-bucket-allocator-block-count=8"
    "memorysetup-profiler-allocator-block-size=16777216"
    "memorysetup-profiler-editor-allocator-block-size=1048576"
    "memorysetup-temp-allocator-size-main=16777216"
    "memorysetup-job-temp-allocator-block-size=2097152"
    "memorysetup-job-temp-allocator-block-size-background=1048576"
    "memorysetup-job-temp-allocator-reduction-small-platforms=262144"
    "memorysetup-temp-allocator-size-background-worker=32768"
    "memorysetup-temp-allocator-size-job-worker=262144"
    "memorysetup-temp-allocator-size-preload-manager=33554432"
    "memorysetup-temp-allocator-size-nav-mesh-worker=65536"
    "memorysetup-temp-allocator-size-audio-worker=65536"
    "memorysetup-temp-allocator-size-cloud-worker=32768"
    "memorysetup-temp-allocator-size-gi-baking-worker=262144"
    "memorysetup-temp-allocator-size-gfx=262144"
Refreshing native plugins compatible for Editor in 109.03 ms, found 6 plugins.
Preloading 0 native plugins for Editor in 0.00 ms.
Initialize engine version: 2021.3.0f1 (6eacc8284459)
[Subsystems] Discovering subsystems at path C:/Program Files/Unity/Hub/Editor/2021.3.0f1/Editor/Data/Resources/UnitySubsystems
[Subsystems] Discovering subsystems at path C:/Users/justi/OneDrive/Games/RageQuit/Office/Assets
GfxDevice: creating device client; threaded=0; jobified=0
Direct3D:
    Version:  Direct3D 11.0 [level 11.1]
    Renderer: NVIDIA GeForce GTX 1080 Ti (ID=0x1b06)
    Vendor:   NVIDIA
    VRAM:     11128 MB
    Driver:   30.0.15.1215
Initialize mono
Mono path[0] = 'C:/Program Files/Unity/Hub/Editor/2021.3.0f1/Editor/Data/Managed'
Mono path[1] = 'C:/Program Files/Unity/Hub/Editor/2021.3.0f1/Editor/Data/MonoBleedingEdge/lib/mono/unityjit-win32'
Mono config path = 'C:/Program Files/Unity/Hub/Editor/2021.3.0f1/Editor/Data/MonoBleedingEdge/etc'
Using monoOptions --debugger-agent=transport=dt_socket,embedding=1,server=y,suspend=n,address=127.0.0.1:56956
Begin MonoManager ReloadAssembly
Registering precompiled unity dll's ...
Register platform support module: C:/Program Files/Unity/Hub/Editor/2021.3.0f1/Editor/Data/PlaybackEngines/WindowsStandaloneSupport/UnityEditor.WindowsStandalone.Extensions.dll
Registered in 0.004296 seconds.
Native extension for WindowsStandalone target not found
Refreshing native plugins compatible for Editor in 82.32 ms, found 6 plugins.
Preloading 0 native plugins for Editor in 0.00 ms.
Mono: successfully reloaded assembly
- Completed reload, in  0.593 seconds
Domain Reload Profiling:
	ReloadAssembly (594ms)
		BeginReloadAssembly (77ms)
			ExecutionOrderSort (0ms)
			DisableScriptedObjects (0ms)
			BackupInstance (0ms)
			ReleaseScriptingObjects (0ms)
			CreateAndSetChildDomain (1ms)
		EndReloadAssembly (411ms)
			LoadAssemblies (74ms)
			RebuildTransferFunctionScriptingTraits (0ms)
			SetupTypeCache (92ms)
			ReleaseScriptCaches (0ms)
			RebuildScriptCaches (25ms)
			SetupLoadedEditorAssemblies (246ms)
				LogAssemblyErrors (0ms)
				InitializePlatformSupportModulesInManaged (6ms)
				SetLoadedEditorAssemblies (0ms)
				RefreshPlugins (82ms)
				BeforeProcessingInitializeOnLoad (1ms)
				ProcessInitializeOnLoadAttributes (117ms)
				ProcessInitializeOnLoadMethodAttributes (38ms)
				AfterProcessingInitializeOnLoad (0ms)
				EditorAssembliesLoaded (0ms)
			ExecutionOrderSort2 (0ms)
			AwakeInstancesAfterBackupRestoration (0ms)
Platform modules already initialized, skipping
Registering precompiled user dll's ...
Registered in 0.005553 seconds.
Begin MonoManager ReloadAssembly
Symbol file LoadedFromMemory is not a mono symbol file
Native extension for WindowsStandalone target not found
Refreshing native plugins compatible for Editor in 90.13 ms, found 6 plugins.
Preloading 0 native plugins for Editor in 0.00 ms.
Mono: successfully reloaded assembly
- Completed reload, in  1.473 seconds
Domain Reload Profiling:
	ReloadAssembly (1474ms)
		BeginReloadAssembly (112ms)
			ExecutionOrderSort (0ms)
			DisableScriptedObjects (5ms)
			BackupInstance (0ms)
			ReleaseScriptingObjects (0ms)
			CreateAndSetChildDomain (23ms)
		EndReloadAssembly (1236ms)
			LoadAssemblies (124ms)
			RebuildTransferFunctionScriptingTraits (0ms)
			SetupTypeCache (279ms)
			ReleaseScriptCaches (1ms)
			RebuildScriptCaches (67ms)
			SetupLoadedEditorAssemblies (720ms)
				LogAssemblyErrors (0ms)
				InitializePlatformSupportModulesInManaged (4ms)
				SetLoadedEditorAssemblies (0ms)
				RefreshPlugins (90ms)
				BeforeProcessingInitializeOnLoad (84ms)
				ProcessInitializeOnLoadAttributes (471ms)
				ProcessInitializeOnLoadMethodAttributes (64ms)
				AfterProcessingInitializeOnLoad (6ms)
				EditorAssembliesLoaded (0ms)
			ExecutionOrderSort2 (0ms)
			AwakeInstancesAfterBackupRestoration (6ms)
Platform modules already initialized, skipping
========================================================================
Worker process is ready to serve import requests
Launched and connected shader compiler UnityShaderCompiler.exe after 0.05 seconds
Refreshing native plugins compatible for Editor in 2.72 ms, found 6 plugins.
Preloading 0 native plugins for Editor in 0.00 ms.
Unloading 4202 Unused Serialized files (Serialized files now loaded: 0)
Unloading 142 unused Assets / (0.8 MB). Loaded Objects now: 4636.
Memory consumption went from 196.5 MB to 195.7 MB.
Total: 6.236300 ms (FindLiveObjects: 0.528600 ms CreateObjectMapping: 0.105300 ms MarkObjects: 4.913100 ms  DeleteObjects: 0.686700 ms)

AssetImportParameters requested are different than current active one (requested -> active):
  custom:video-decoder-ogg-theora: a1e56fd34408186e4bbccfd4996cb3dc -> 
  custom:container-muxer-webm: aa71ff27fc2769a1b78a27578f13a17b -> 
  custom:container-demuxer-webm: 4f35f7cbe854078d1ac9338744f61a02 -> 
  custom:video-encoder-webm-vp8: eb34c28f22e8b96e1ab97ce403110664 -> 
  custom:audio-encoder-webm-vorbis: bf7c407c2cedff20999df2af8eb42d56 -> 
  custom:framework-win-MediaFoundation: 216162199b28c13a410421893ffa2e32 -> 
  custom:container-demuxer-ogg: 62fdf1f143b41e24485cea50d1cbac27 -> 
  custom:video-decoder-webm-vp8: 9c59270c3fd7afecdb556c50c9e8de78 -> 
  custom:audio-decoder-ogg-vorbis: bf7c407c2cedff20999df2af8eb42d56 -> 
========================================================================
Received Import Request.
  Time since last request: 30233.185262 seconds.
  path: Assets/PolygonOffice/Prefabs/Props/Desk Props/SM_Prop_Monitor_Crt_01.prefab
  artifactKey: Guid(c412a8683a23cb341a5deb3d81330d77) Importer(815301076,1909f56bfc062723c751e8b465ee728b)
Start importing Assets/PolygonOffice/Prefabs/Props/Desk Props/SM_Prop_Monitor_Crt_01.prefab using Guid(c412a8683a23cb341a5deb3d81330d77) Importer(815301076,1909f56bfc062723c751e8b465ee728b)  -> (artifact id: 'eaf0b2e302c26e1a5ceb2faf955c5080') in 0.376058 seconds 
========================================================================
Received Import Request.
  Time since last request: 1.664413 seconds.
  path: Assets/PolygonOffice/Prefabs/Props/Desk Props/SM_Prop_Paper_02.prefab
  artifactKey: Guid(15cfd98a895e7524bba7588eae600966) Importer(815301076,1909f56bfc062723c751e8b465ee728b)
Start importing Assets/PolygonOffice/Prefabs/Props/Desk Props/SM_Prop_Paper_02.prefab using Guid(15cfd98a895e7524bba7588eae600966) Importer(815301076,1909f56bfc062723c751e8b465ee728b)  -> (artifact id: '887a0289132f6fafe5f74a27f7eac098') in 0.069280 seconds 
========================================================================
Received Import Request.
  Time since last request: 0.000062 seconds.
  path: Assets/PolygonOffice/Prefabs/Props/Desk Props/SM_Prop_PaperTray_01_Empty_01.prefab
  artifactKey: Guid(40132e0a6ee54b1479e6cdac30c97d51) Importer(815301076,1909f56bfc062723c751e8b465ee728b)
Start importing Assets/PolygonOffice/Prefabs/Props/Desk Props/SM_Prop_PaperTray_01_Empty_01.prefab using Guid(40132e0a6ee54b1479e6cdac30c97d51) Importer(815301076,1909f56bfc062723c751e8b465ee728b)  -> (artifact id: '91f6463b5334bdf3752cd3d7a79b2319') in 0.109077 seconds 
========================================================================
Received Import Request.
  Time since last request: 5.728231 seconds.
  path: Assets/PolygonOffice/Prefabs/Props/Desk Props/SM_Prop_Pen_05.prefab
  artifactKey: Guid(b3ca64a2a5a7fc841a25716baa8deb91) Importer(815301076,1909f56bfc062723c751e8b465ee728b)
Start importing Assets/PolygonOffice/Prefabs/Props/Desk Props/SM_Prop_Pen_05.prefab using Guid(b3ca64a2a5a7fc841a25716baa8deb91) Importer(815301076,1909f56bfc062723c751e8b465ee728b)  -> (artifact id: 'b2ef1f3a285a2f6cf8790c69e59c0f24') in 0.058358 seconds 
========================================================================
Received Import Request.
  Time since last request: 0.000045 seconds.
  path: Assets/PolygonOffice/Prefabs/Props/Desk Props/SM_Prop_Phone_Conference_01.prefab
  artifactKey: Guid(fc683ae4b662fb64d9d4bce826dadd66) Importer(815301076,1909f56bfc062723c751e8b465ee728b)
Start importing Assets/PolygonOffice/Prefabs/Props/Desk Props/SM_Prop_Phone_Conference_01.prefab using Guid(fc683ae4b662fb64d9d4bce826dadd66) Importer(815301076,1909f56bfc062723c751e8b465ee728b)  -> (artifact id: '57481220e0c5305ae79bb2f0ae23006b') in 0.079185 seconds 
========================================================================
Received Import Request.
  Time since last request: 0.000081 seconds.
  path: Assets/PolygonOffice/Prefabs/Props/Desk Props/SM_Prop_Photo_01.prefab
  artifactKey: Guid(35505cb3e0dfce64aadad26e05202b18) Importer(815301076,1909f56bfc062723c751e8b465ee728b)
Start importing Assets/PolygonOffice/Prefabs/Props/Desk Props/SM_Prop_Photo_01.prefab using Guid(35505cb3e0dfce64aadad26e05202b18) Importer(815301076,1909f56bfc062723c751e8b465ee728b)  -> (artifact id: '7a4b7bd431e6349886f59a95678cd354') in 0.058565 seconds 
========================================================================
Received Import Request.
  Time since last request: 1.714065 seconds.
  path: Assets/PolygonOffice/Prefabs/Props/Desk Props/SM_Prop_Pills_01.prefab
  artifactKey: Guid(82dd8c5e46c6b554baa4f9c212571fd8) Importer(815301076,1909f56bfc062723c751e8b465ee728b)
Start importing Assets/PolygonOffice/Prefabs/Props/Desk Props/SM_Prop_Pills_01.prefab using Guid(82dd8c5e46c6b554baa4f9c212571fd8) Importer(815301076,1909f56bfc062723c751e8b465ee728b)  -> (artifact id: 'd0be51bb8d4952e085f7fd2892e8e767') in 0.057577 seconds 
========================================================================
Received Import Request.
  Time since last request: 0.000052 seconds.
  path: Assets/PolygonOffice/Prefabs/Props/Desk Props/SM_Prop_Radio_01.prefab
  artifactKey: Guid(c03580229dd1ac64c8eebe8250ae0120) Importer(815301076,1909f56bfc062723c751e8b465ee728b)
Start importing Assets/PolygonOffice/Prefabs/Props/Desk Props/SM_Prop_Radio_01.prefab using Guid(c03580229dd1ac64c8eebe8250ae0120) Importer(815301076,1909f56bfc062723c751e8b465ee728b)  -> (artifact id: '35b76a96084a6df5f9ea36e58f1e0a5a') in 0.063828 seconds 
========================================================================
Received Import Request.
  Time since last request: 0.000044 seconds.
  path: Assets/PolygonOffice/Prefabs/Props/Desk Props/SM_Prop_PuzzleCube_01.prefab
  artifactKey: Guid(9ae86463748b88b43bf387c7ceb93c78) Importer(815301076,1909f56bfc062723c751e8b465ee728b)
Start importing Assets/PolygonOffice/Prefabs/Props/Desk Props/SM_Prop_PuzzleCube_01.prefab using Guid(9ae86463748b88b43bf387c7ceb93c78) Importer(815301076,1909f56bfc062723c751e8b465ee728b)  -> (artifact id: 'bc284ff6a1ab036ee56dfdbc58756ed5') in 0.063818 seconds 
========================================================================
Received Import Request.
  Time since last request: 0.542788 seconds.
  path: Assets/PolygonOffice/Prefabs/Props/Desk Props/SM_Prop_Speaker_Bluetooth_01.prefab
  artifactKey: Guid(44143184a4762be449bc699a2ceda0cb) Importer(815301076,1909f56bfc062723c751e8b465ee728b)
Start importing Assets/PolygonOffice/Prefabs/Props/Desk Props/SM_Prop_Speaker_Bluetooth_01.prefab using Guid(44143184a4762be449bc699a2ceda0cb) Importer(815301076,1909f56bfc062723c751e8b465ee728b)  -> (artifact id: 'c27c3aa6266ccee4d30e28885612f580') in 0.053503 seconds 
========================================================================
Received Import Request.
  Time since last request: 0.000081 seconds.
  path: Assets/PolygonOffice/Prefabs/Props/Desk Props/SM_Prop_Typewriter_01.prefab
  artifactKey: Guid(48a6ddfee14000741b9ae76a1931d17f) Importer(815301076,1909f56bfc062723c751e8b465ee728b)
Start importing Assets/PolygonOffice/Prefabs/Props/Desk Props/SM_Prop_Typewriter_01.prefab using Guid(48a6ddfee14000741b9ae76a1931d17f) Importer(815301076,1909f56bfc062723c751e8b465ee728b)  -> (artifact id: '5f8d4989b20dcb6e7931b057f5551498') in 0.058912 seconds 
Editor requested this worker to shutdown with reason: Scaling down because of idle timeout
AssetImportWorker is now disconnected from the server
Process exiting
Exiting without the bug reporter. Application will terminate with return code 0